<?xml version="1.0" encoding="UTF-8"?>
<testsuite xmlns:xsi="http://www.w3.org/2001/XMLSchema-instance" xsi:noNamespaceSchemaLocation="https://maven.apache.org/surefire/maven-surefire-plugin/xsd/surefire-test-report-3.0.xsd" version="3.0" name="TestSuite" time="1241.703" tests="196" errors="0" skipped="91" failures="9">
  <properties>
    <property name="java.specification.version" value="20"/>
    <property name="sun.cpu.isalist" value="amd64"/>
    <property name="sun.jnu.encoding" value="Cp1252"/>
    <property name="sun.awt.enableExtraMouseButtons" value="true"/>
    <property name="java.class.path" value="D:\Eclipse\MT-01447\EmpireHome\target\test-classes;D:\Eclipse\MT-01447\EmpireHome\target\classes;C:\Users\Admin\.m2\repository\org\seleniumhq\selenium\selenium-java\4.11.0\selenium-java-4.11.0.jar;C:\Users\Admin\.m2\repository\org\seleniumhq\selenium\selenium-api\4.11.0\selenium-api-4.11.0.jar;C:\Users\Admin\.m2\repository\org\seleniumhq\selenium\selenium-chrome-driver\4.11.0\selenium-chrome-driver-4.11.0.jar;C:\Users\Admin\.m2\repository\com\google\auto\service\auto-service-annotations\1.0.1\auto-service-annotations-1.0.1.jar;C:\Users\Admin\.m2\repository\com\google\guava\guava\31.1-jre\guava-31.1-jre.jar;C:\Users\Admin\.m2\repository\com\google\guava\failureaccess\1.0.1\failureaccess-1.0.1.jar;C:\Users\Admin\.m2\repository\com\google\guava\listenablefuture\9999.0-empty-to-avoid-conflict-with-guava\listenablefuture-9999.0-empty-to-avoid-conflict-with-guava.jar;C:\Users\Admin\.m2\repository\com\google\code\findbugs\jsr305\3.0.2\jsr305-3.0.2.jar;C:\Users\Admin\.m2\repository\org\checkerframework\checker-qual\3.12.0\checker-qual-3.12.0.jar;C:\Users\Admin\.m2\repository\com\google\errorprone\error_prone_annotations\2.11.0\error_prone_annotations-2.11.0.jar;C:\Users\Admin\.m2\repository\com\google\j2objc\j2objc-annotations\1.3\j2objc-annotations-1.3.jar;C:\Users\Admin\.m2\repository\org\seleniumhq\selenium\selenium-chromium-driver\4.11.0\selenium-chromium-driver-4.11.0.jar;C:\Users\Admin\.m2\repository\org\seleniumhq\selenium\selenium-json\4.11.0\selenium-json-4.11.0.jar;C:\Users\Admin\.m2\repository\org\seleniumhq\selenium\selenium-manager\4.11.0\selenium-manager-4.11.0.jar;C:\Users\Admin\.m2\repository\org\seleniumhq\selenium\selenium-devtools-v113\4.11.0\selenium-devtools-v113-4.11.0.jar;C:\Users\Admin\.m2\repository\org\seleniumhq\selenium\selenium-devtools-v114\4.11.0\selenium-devtools-v114-4.11.0.jar;C:\Users\Admin\.m2\repository\org\seleniumhq\selenium\selenium-devtools-v115\4.11.0\selenium-devtools-v115-4.11.0.jar;C:\Users\Admin\.m2\repository\org\seleniumhq\selenium\selenium-devtools-v85\4.11.0\selenium-devtools-v85-4.11.0.jar;C:\Users\Admin\.m2\repository\org\seleniumhq\selenium\selenium-edge-driver\4.11.0\selenium-edge-driver-4.11.0.jar;C:\Users\Admin\.m2\repository\org\seleniumhq\selenium\selenium-firefox-driver\4.11.0\selenium-firefox-driver-4.11.0.jar;C:\Users\Admin\.m2\repository\org\seleniumhq\selenium\selenium-http\4.11.0\selenium-http-4.11.0.jar;C:\Users\Admin\.m2\repository\dev\failsafe\failsafe\3.3.1\failsafe-3.3.1.jar;C:\Users\Admin\.m2\repository\org\seleniumhq\selenium\selenium-ie-driver\4.11.0\selenium-ie-driver-4.11.0.jar;C:\Users\Admin\.m2\repository\org\seleniumhq\selenium\selenium-remote-driver\4.11.0\selenium-remote-driver-4.11.0.jar;C:\Users\Admin\.m2\repository\io\netty\netty-buffer\4.1.92.Final\netty-buffer-4.1.92.Final.jar;C:\Users\Admin\.m2\repository\io\netty\netty-codec-http\4.1.92.Final\netty-codec-http-4.1.92.Final.jar;C:\Users\Admin\.m2\repository\io\netty\netty-codec\4.1.92.Final\netty-codec-4.1.92.Final.jar;C:\Users\Admin\.m2\repository\io\netty\netty-handler\4.1.92.Final\netty-handler-4.1.92.Final.jar;C:\Users\Admin\.m2\repository\io\netty\netty-common\4.1.92.Final\netty-common-4.1.92.Final.jar;C:\Users\Admin\.m2\repository\io\netty\netty-transport-classes-epoll\4.1.92.Final\netty-transport-classes-epoll-4.1.92.Final.jar;C:\Users\Admin\.m2\repository\io\netty\netty-transport-classes-kqueue\4.1.92.Final\netty-transport-classes-kqueue-4.1.92.Final.jar;C:\Users\Admin\.m2\repository\io\netty\netty-transport-native-epoll\4.1.92.Final\netty-transport-native-epoll-4.1.92.Final.jar;C:\Users\Admin\.m2\repository\io\netty\netty-transport-native-kqueue\4.1.92.Final\netty-transport-native-kqueue-4.1.92.Final.jar;C:\Users\Admin\.m2\repository\io\netty\netty-transport-native-unix-common\4.1.92.Final\netty-transport-native-unix-common-4.1.92.Final.jar;C:\Users\Admin\.m2\repository\io\netty\netty-transport\4.1.92.Final\netty-transport-4.1.92.Final.jar;C:\Users\Admin\.m2\repository\io\netty\netty-resolver\4.1.92.Final\netty-resolver-4.1.92.Final.jar;C:\Users\Admin\.m2\repository\io\opentelemetry\opentelemetry-api\1.26.0\opentelemetry-api-1.26.0.jar;C:\Users\Admin\.m2\repository\io\opentelemetry\opentelemetry-context\1.26.0\opentelemetry-context-1.26.0.jar;C:\Users\Admin\.m2\repository\io\opentelemetry\opentelemetry-exporter-logging\1.26.0\opentelemetry-exporter-logging-1.26.0.jar;C:\Users\Admin\.m2\repository\io\opentelemetry\opentelemetry-sdk-metrics\1.26.0\opentelemetry-sdk-metrics-1.26.0.jar;C:\Users\Admin\.m2\repository\io\opentelemetry\opentelemetry-extension-incubator\1.26.0-alpha\opentelemetry-extension-incubator-1.26.0-alpha.jar;C:\Users\Admin\.m2\repository\io\opentelemetry\opentelemetry-sdk-logs\1.26.0-alpha\opentelemetry-sdk-logs-1.26.0-alpha.jar;C:\Users\Admin\.m2\repository\io\opentelemetry\opentelemetry-api-logs\1.26.0-alpha\opentelemetry-api-logs-1.26.0-alpha.jar;C:\Users\Admin\.m2\repository\io\opentelemetry\opentelemetry-api-events\1.26.0-alpha\opentelemetry-api-events-1.26.0-alpha.jar;C:\Users\Admin\.m2\repository\io\opentelemetry\opentelemetry-sdk-common\1.26.0\opentelemetry-sdk-common-1.26.0.jar;C:\Users\Admin\.m2\repository\io\opentelemetry\opentelemetry-sdk-extension-autoconfigure-spi\1.26.0\opentelemetry-sdk-extension-autoconfigure-spi-1.26.0.jar;C:\Users\Admin\.m2\repository\io\opentelemetry\opentelemetry-sdk-extension-autoconfigure\1.26.0-alpha\opentelemetry-sdk-extension-autoconfigure-1.26.0-alpha.jar;C:\Users\Admin\.m2\repository\io\opentelemetry\opentelemetry-sdk-trace\1.26.0\opentelemetry-sdk-trace-1.26.0.jar;C:\Users\Admin\.m2\repository\io\opentelemetry\opentelemetry-sdk\1.26.0\opentelemetry-sdk-1.26.0.jar;C:\Users\Admin\.m2\repository\io\opentelemetry\opentelemetry-semconv\1.26.0-alpha\opentelemetry-semconv-1.26.0-alpha.jar;C:\Users\Admin\.m2\repository\net\bytebuddy\byte-buddy\1.14.4\byte-buddy-1.14.4.jar;C:\Users\Admin\.m2\repository\org\apache\commons\commons-exec\1.3\commons-exec-1.3.jar;C:\Users\Admin\.m2\repository\org\asynchttpclient\async-http-client\2.12.3\async-http-client-2.12.3.jar;C:\Users\Admin\.m2\repository\org\asynchttpclient\async-http-client-netty-utils\2.12.3\async-http-client-netty-utils-2.12.3.jar;C:\Users\Admin\.m2\repository\io\netty\netty-codec-socks\4.1.60.Final\netty-codec-socks-4.1.60.Final.jar;C:\Users\Admin\.m2\repository\io\netty\netty-handler-proxy\4.1.60.Final\netty-handler-proxy-4.1.60.Final.jar;C:\Users\Admin\.m2\repository\io\netty\netty-transport-native-epoll\4.1.60.Final\netty-transport-native-epoll-4.1.60.Final-linux-x86_64.jar;C:\Users\Admin\.m2\repository\io\netty\netty-transport-native-kqueue\4.1.60.Final\netty-transport-native-kqueue-4.1.60.Final-osx-x86_64.jar;C:\Users\Admin\.m2\repository\com\typesafe\netty\netty-reactive-streams\2.0.4\netty-reactive-streams-2.0.4.jar;C:\Users\Admin\.m2\repository\com\sun\activation\jakarta.activation\1.2.2\jakarta.activation-1.2.2.jar;C:\Users\Admin\.m2\repository\org\seleniumhq\selenium\selenium-safari-driver\4.11.0\selenium-safari-driver-4.11.0.jar;C:\Users\Admin\.m2\repository\org\seleniumhq\selenium\selenium-support\4.11.0\selenium-support-4.11.0.jar;C:\Users\Admin\.m2\repository\junit\junit\4.12\junit-4.12.jar;C:\Users\Admin\.m2\repository\org\hamcrest\hamcrest-core\1.3\hamcrest-core-1.3.jar;C:\Users\Admin\.m2\repository\org\testng\testng\7.4.0\testng-7.4.0.jar;C:\Users\Admin\.m2\repository\com\beust\jcommander\1.78\jcommander-1.78.jar;C:\Users\Admin\.m2\repository\org\webjars\jquery\3.5.1\jquery-3.5.1.jar;C:\Users\Admin\.m2\repository\org\apache\logging\log4j\log4j-slf4j-impl\2.19.0\log4j-slf4j-impl-2.19.0.jar;C:\Users\Admin\.m2\repository\org\slf4j\slf4j-api\1.7.25\slf4j-api-1.7.25.jar;C:\Users\Admin\.m2\repository\org\apache\logging\log4j\log4j-api\2.19.0\log4j-api-2.19.0.jar;C:\Users\Admin\.m2\repository\org\apache\logging\log4j\log4j-core\2.19.0\log4j-core-2.19.0.jar;C:\Users\Admin\.m2\repository\commons-io\commons-io\2.4\commons-io-2.4.jar;C:\Users\Admin\.m2\repository\org\apache\poi\poi-ooxml\4.1.2\poi-ooxml-4.1.2.jar;C:\Users\Admin\.m2\repository\org\apache\poi\poi-ooxml-schemas\4.1.2\poi-ooxml-schemas-4.1.2.jar;C:\Users\Admin\.m2\repository\org\apache\xmlbeans\xmlbeans\3.1.0\xmlbeans-3.1.0.jar;C:\Users\Admin\.m2\repository\org\apache\commons\commons-compress\1.19\commons-compress-1.19.jar;C:\Users\Admin\.m2\repository\com\github\virtuald\curvesapi\1.06\curvesapi-1.06.jar;C:\Users\Admin\.m2\repository\org\apache\poi\poi\4.1.2\poi-4.1.2.jar;C:\Users\Admin\.m2\repository\commons-codec\commons-codec\1.13\commons-codec-1.13.jar;C:\Users\Admin\.m2\repository\org\apache\commons\commons-collections4\4.4\commons-collections4-4.4.jar;C:\Users\Admin\.m2\repository\org\apache\commons\commons-math3\3.6.1\commons-math3-3.6.1.jar;C:\Users\Admin\.m2\repository\com\zaxxer\SparseBitSet\1.2\SparseBitSet-1.2.jar;C:\Users\Admin\.m2\repository\com\aventstack\extentreports\5.0.9\extentreports-5.0.9.jar;C:\Users\Admin\.m2\repository\io\reactivex\rxjava3\rxjava\3.0.4\rxjava-3.0.4.jar;C:\Users\Admin\.m2\repository\org\reactivestreams\reactive-streams\1.0.3\reactive-streams-1.0.3.jar;C:\Users\Admin\.m2\repository\org\freemarker\freemarker\2.3.30\freemarker-2.3.30.jar;C:\Users\Admin\.m2\repository\org\projectlombok\lombok\1.18.12\lombok-1.18.12.jar;C:\Users\Admin\.m2\repository\com\google\code\gson\gson\2.8.6\gson-2.8.6.jar;C:\Users\Admin\.m2\repository\com\relevantcodes\extentreports\2.41.2\extentreports-2.41.2.jar;C:\Users\Admin\.m2\repository\org\jsoup\jsoup\1.8.3\jsoup-1.8.3.jar;C:\Users\Admin\.m2\repository\org\xerial\sqlite-jdbc\3.8.11.1\sqlite-jdbc-3.8.11.1.jar;C:\Users\Admin\.m2\repository\org\mongodb\mongodb-driver\3.0.4\mongodb-driver-3.0.4.jar;C:\Users\Admin\.m2\repository\org\mongodb\bson\3.0.4\bson-3.0.4.jar;C:\Users\Admin\.m2\repository\org\mongodb\mongodb-driver-core\3.0.4\mongodb-driver-core-3.0.4.jar;C:\Users\Admin\.m2\repository\com\mysql\mysql-connector-j\8.0.33\mysql-connector-j-8.0.33.jar;C:\Users\Admin\.m2\repository\com\google\protobuf\protobuf-java\3.21.9\protobuf-java-3.21.9.jar;C:\Users\Admin\.m2\repository\org\apache\maven\plugins\maven-compiler-plugin\3.11.0\maven-compiler-plugin-3.11.0.jar;C:\Users\Admin\.m2\repository\org\apache\maven\shared\maven-shared-utils\3.3.4\maven-shared-utils-3.3.4.jar;C:\Users\Admin\.m2\repository\org\apache\maven\shared\maven-shared-incremental\1.1\maven-shared-incremental-1.1.jar;C:\Users\Admin\.m2\repository\org\codehaus\plexus\plexus-component-annotations\1.5.5\plexus-component-annotations-1.5.5.jar;C:\Users\Admin\.m2\repository\org\codehaus\plexus\plexus-java\1.1.2\plexus-java-1.1.2.jar;C:\Users\Admin\.m2\repository\org\ow2\asm\asm\9.4\asm-9.4.jar;C:\Users\Admin\.m2\repository\com\thoughtworks\qdox\qdox\2.0.3\qdox-2.0.3.jar;C:\Users\Admin\.m2\repository\org\codehaus\plexus\plexus-compiler-api\2.13.0\plexus-compiler-api-2.13.0.jar;C:\Users\Admin\.m2\repository\org\codehaus\plexus\plexus-utils\3.4.2\plexus-utils-3.4.2.jar;C:\Users\Admin\.m2\repository\org\codehaus\plexus\plexus-compiler-manager\2.13.0\plexus-compiler-manager-2.13.0.jar;C:\Users\Admin\.m2\repository\org\codehaus\plexus\plexus-compiler-javac\2.13.0\plexus-compiler-javac-2.13.0.jar;"/>
    <property name="java.vm.vendor" value="Oracle Corporation"/>
    <property name="sun.arch.data.model" value="64"/>
    <property name="user.variant" value=""/>
    <property name="java.vendor.url" value="https://java.oracle.com/"/>
    <property name="user.timezone" value="Asia/Calcutta"/>
    <property name="os.name" value="Windows 11"/>
    <property name="java.vm.specification.version" value="20"/>
    <property name="sun.java.launcher" value="SUN_STANDARD"/>
    <property name="user.country" value="US"/>
    <property name="sun.boot.library.path" value="C:\Program Files\Java\jdk-20\bin"/>
    <property name="sun.java.command" value="C:\Users\Admin\AppData\Local\Temp\surefire49542388555355599\surefirebooter-20231103135605362_3.jar C:\Users\Admin\AppData\Local\Temp\surefire49542388555355599 2023-11-03T13-56-05_175-jvmRun1 surefire-20231103135605362_1tmp surefire_0-20231103135605362_2tmp"/>
    <property name="jdk.debug" value="release"/>
    <property name="surefire.test.class.path" value="D:\Eclipse\MT-01447\EmpireHome\target\test-classes;D:\Eclipse\MT-01447\EmpireHome\target\classes;C:\Users\Admin\.m2\repository\org\seleniumhq\selenium\selenium-java\4.11.0\selenium-java-4.11.0.jar;C:\Users\Admin\.m2\repository\org\seleniumhq\selenium\selenium-api\4.11.0\selenium-api-4.11.0.jar;C:\Users\Admin\.m2\repository\org\seleniumhq\selenium\selenium-chrome-driver\4.11.0\selenium-chrome-driver-4.11.0.jar;C:\Users\Admin\.m2\repository\com\google\auto\service\auto-service-annotations\1.0.1\auto-service-annotations-1.0.1.jar;C:\Users\Admin\.m2\repository\com\google\guava\guava\31.1-jre\guava-31.1-jre.jar;C:\Users\Admin\.m2\repository\com\google\guava\failureaccess\1.0.1\failureaccess-1.0.1.jar;C:\Users\Admin\.m2\repository\com\google\guava\listenablefuture\9999.0-empty-to-avoid-conflict-with-guava\listenablefuture-9999.0-empty-to-avoid-conflict-with-guava.jar;C:\Users\Admin\.m2\repository\com\google\code\findbugs\jsr305\3.0.2\jsr305-3.0.2.jar;C:\Users\Admin\.m2\repository\org\checkerframework\checker-qual\3.12.0\checker-qual-3.12.0.jar;C:\Users\Admin\.m2\repository\com\google\errorprone\error_prone_annotations\2.11.0\error_prone_annotations-2.11.0.jar;C:\Users\Admin\.m2\repository\com\google\j2objc\j2objc-annotations\1.3\j2objc-annotations-1.3.jar;C:\Users\Admin\.m2\repository\org\seleniumhq\selenium\selenium-chromium-driver\4.11.0\selenium-chromium-driver-4.11.0.jar;C:\Users\Admin\.m2\repository\org\seleniumhq\selenium\selenium-json\4.11.0\selenium-json-4.11.0.jar;C:\Users\Admin\.m2\repository\org\seleniumhq\selenium\selenium-manager\4.11.0\selenium-manager-4.11.0.jar;C:\Users\Admin\.m2\repository\org\seleniumhq\selenium\selenium-devtools-v113\4.11.0\selenium-devtools-v113-4.11.0.jar;C:\Users\Admin\.m2\repository\org\seleniumhq\selenium\selenium-devtools-v114\4.11.0\selenium-devtools-v114-4.11.0.jar;C:\Users\Admin\.m2\repository\org\seleniumhq\selenium\selenium-devtools-v115\4.11.0\selenium-devtools-v115-4.11.0.jar;C:\Users\Admin\.m2\repository\org\seleniumhq\selenium\selenium-devtools-v85\4.11.0\selenium-devtools-v85-4.11.0.jar;C:\Users\Admin\.m2\repository\org\seleniumhq\selenium\selenium-edge-driver\4.11.0\selenium-edge-driver-4.11.0.jar;C:\Users\Admin\.m2\repository\org\seleniumhq\selenium\selenium-firefox-driver\4.11.0\selenium-firefox-driver-4.11.0.jar;C:\Users\Admin\.m2\repository\org\seleniumhq\selenium\selenium-http\4.11.0\selenium-http-4.11.0.jar;C:\Users\Admin\.m2\repository\dev\failsafe\failsafe\3.3.1\failsafe-3.3.1.jar;C:\Users\Admin\.m2\repository\org\seleniumhq\selenium\selenium-ie-driver\4.11.0\selenium-ie-driver-4.11.0.jar;C:\Users\Admin\.m2\repository\org\seleniumhq\selenium\selenium-remote-driver\4.11.0\selenium-remote-driver-4.11.0.jar;C:\Users\Admin\.m2\repository\io\netty\netty-buffer\4.1.92.Final\netty-buffer-4.1.92.Final.jar;C:\Users\Admin\.m2\repository\io\netty\netty-codec-http\4.1.92.Final\netty-codec-http-4.1.92.Final.jar;C:\Users\Admin\.m2\repository\io\netty\netty-codec\4.1.92.Final\netty-codec-4.1.92.Final.jar;C:\Users\Admin\.m2\repository\io\netty\netty-handler\4.1.92.Final\netty-handler-4.1.92.Final.jar;C:\Users\Admin\.m2\repository\io\netty\netty-common\4.1.92.Final\netty-common-4.1.92.Final.jar;C:\Users\Admin\.m2\repository\io\netty\netty-transport-classes-epoll\4.1.92.Final\netty-transport-classes-epoll-4.1.92.Final.jar;C:\Users\Admin\.m2\repository\io\netty\netty-transport-classes-kqueue\4.1.92.Final\netty-transport-classes-kqueue-4.1.92.Final.jar;C:\Users\Admin\.m2\repository\io\netty\netty-transport-native-epoll\4.1.92.Final\netty-transport-native-epoll-4.1.92.Final.jar;C:\Users\Admin\.m2\repository\io\netty\netty-transport-native-kqueue\4.1.92.Final\netty-transport-native-kqueue-4.1.92.Final.jar;C:\Users\Admin\.m2\repository\io\netty\netty-transport-native-unix-common\4.1.92.Final\netty-transport-native-unix-common-4.1.92.Final.jar;C:\Users\Admin\.m2\repository\io\netty\netty-transport\4.1.92.Final\netty-transport-4.1.92.Final.jar;C:\Users\Admin\.m2\repository\io\netty\netty-resolver\4.1.92.Final\netty-resolver-4.1.92.Final.jar;C:\Users\Admin\.m2\repository\io\opentelemetry\opentelemetry-api\1.26.0\opentelemetry-api-1.26.0.jar;C:\Users\Admin\.m2\repository\io\opentelemetry\opentelemetry-context\1.26.0\opentelemetry-context-1.26.0.jar;C:\Users\Admin\.m2\repository\io\opentelemetry\opentelemetry-exporter-logging\1.26.0\opentelemetry-exporter-logging-1.26.0.jar;C:\Users\Admin\.m2\repository\io\opentelemetry\opentelemetry-sdk-metrics\1.26.0\opentelemetry-sdk-metrics-1.26.0.jar;C:\Users\Admin\.m2\repository\io\opentelemetry\opentelemetry-extension-incubator\1.26.0-alpha\opentelemetry-extension-incubator-1.26.0-alpha.jar;C:\Users\Admin\.m2\repository\io\opentelemetry\opentelemetry-sdk-logs\1.26.0-alpha\opentelemetry-sdk-logs-1.26.0-alpha.jar;C:\Users\Admin\.m2\repository\io\opentelemetry\opentelemetry-api-logs\1.26.0-alpha\opentelemetry-api-logs-1.26.0-alpha.jar;C:\Users\Admin\.m2\repository\io\opentelemetry\opentelemetry-api-events\1.26.0-alpha\opentelemetry-api-events-1.26.0-alpha.jar;C:\Users\Admin\.m2\repository\io\opentelemetry\opentelemetry-sdk-common\1.26.0\opentelemetry-sdk-common-1.26.0.jar;C:\Users\Admin\.m2\repository\io\opentelemetry\opentelemetry-sdk-extension-autoconfigure-spi\1.26.0\opentelemetry-sdk-extension-autoconfigure-spi-1.26.0.jar;C:\Users\Admin\.m2\repository\io\opentelemetry\opentelemetry-sdk-extension-autoconfigure\1.26.0-alpha\opentelemetry-sdk-extension-autoconfigure-1.26.0-alpha.jar;C:\Users\Admin\.m2\repository\io\opentelemetry\opentelemetry-sdk-trace\1.26.0\opentelemetry-sdk-trace-1.26.0.jar;C:\Users\Admin\.m2\repository\io\opentelemetry\opentelemetry-sdk\1.26.0\opentelemetry-sdk-1.26.0.jar;C:\Users\Admin\.m2\repository\io\opentelemetry\opentelemetry-semconv\1.26.0-alpha\opentelemetry-semconv-1.26.0-alpha.jar;C:\Users\Admin\.m2\repository\net\bytebuddy\byte-buddy\1.14.4\byte-buddy-1.14.4.jar;C:\Users\Admin\.m2\repository\org\apache\commons\commons-exec\1.3\commons-exec-1.3.jar;C:\Users\Admin\.m2\repository\org\asynchttpclient\async-http-client\2.12.3\async-http-client-2.12.3.jar;C:\Users\Admin\.m2\repository\org\asynchttpclient\async-http-client-netty-utils\2.12.3\async-http-client-netty-utils-2.12.3.jar;C:\Users\Admin\.m2\repository\io\netty\netty-codec-socks\4.1.60.Final\netty-codec-socks-4.1.60.Final.jar;C:\Users\Admin\.m2\repository\io\netty\netty-handler-proxy\4.1.60.Final\netty-handler-proxy-4.1.60.Final.jar;C:\Users\Admin\.m2\repository\io\netty\netty-transport-native-epoll\4.1.60.Final\netty-transport-native-epoll-4.1.60.Final-linux-x86_64.jar;C:\Users\Admin\.m2\repository\io\netty\netty-transport-native-kqueue\4.1.60.Final\netty-transport-native-kqueue-4.1.60.Final-osx-x86_64.jar;C:\Users\Admin\.m2\repository\com\typesafe\netty\netty-reactive-streams\2.0.4\netty-reactive-streams-2.0.4.jar;C:\Users\Admin\.m2\repository\com\sun\activation\jakarta.activation\1.2.2\jakarta.activation-1.2.2.jar;C:\Users\Admin\.m2\repository\org\seleniumhq\selenium\selenium-safari-driver\4.11.0\selenium-safari-driver-4.11.0.jar;C:\Users\Admin\.m2\repository\org\seleniumhq\selenium\selenium-support\4.11.0\selenium-support-4.11.0.jar;C:\Users\Admin\.m2\repository\junit\junit\4.12\junit-4.12.jar;C:\Users\Admin\.m2\repository\org\hamcrest\hamcrest-core\1.3\hamcrest-core-1.3.jar;C:\Users\Admin\.m2\repository\org\testng\testng\7.4.0\testng-7.4.0.jar;C:\Users\Admin\.m2\repository\com\beust\jcommander\1.78\jcommander-1.78.jar;C:\Users\Admin\.m2\repository\org\webjars\jquery\3.5.1\jquery-3.5.1.jar;C:\Users\Admin\.m2\repository\org\apache\logging\log4j\log4j-slf4j-impl\2.19.0\log4j-slf4j-impl-2.19.0.jar;C:\Users\Admin\.m2\repository\org\slf4j\slf4j-api\1.7.25\slf4j-api-1.7.25.jar;C:\Users\Admin\.m2\repository\org\apache\logging\log4j\log4j-api\2.19.0\log4j-api-2.19.0.jar;C:\Users\Admin\.m2\repository\org\apache\logging\log4j\log4j-core\2.19.0\log4j-core-2.19.0.jar;C:\Users\Admin\.m2\repository\commons-io\commons-io\2.4\commons-io-2.4.jar;C:\Users\Admin\.m2\repository\org\apache\poi\poi-ooxml\4.1.2\poi-ooxml-4.1.2.jar;C:\Users\Admin\.m2\repository\org\apache\poi\poi-ooxml-schemas\4.1.2\poi-ooxml-schemas-4.1.2.jar;C:\Users\Admin\.m2\repository\org\apache\xmlbeans\xmlbeans\3.1.0\xmlbeans-3.1.0.jar;C:\Users\Admin\.m2\repository\org\apache\commons\commons-compress\1.19\commons-compress-1.19.jar;C:\Users\Admin\.m2\repository\com\github\virtuald\curvesapi\1.06\curvesapi-1.06.jar;C:\Users\Admin\.m2\repository\org\apache\poi\poi\4.1.2\poi-4.1.2.jar;C:\Users\Admin\.m2\repository\commons-codec\commons-codec\1.13\commons-codec-1.13.jar;C:\Users\Admin\.m2\repository\org\apache\commons\commons-collections4\4.4\commons-collections4-4.4.jar;C:\Users\Admin\.m2\repository\org\apache\commons\commons-math3\3.6.1\commons-math3-3.6.1.jar;C:\Users\Admin\.m2\repository\com\zaxxer\SparseBitSet\1.2\SparseBitSet-1.2.jar;C:\Users\Admin\.m2\repository\com\aventstack\extentreports\5.0.9\extentreports-5.0.9.jar;C:\Users\Admin\.m2\repository\io\reactivex\rxjava3\rxjava\3.0.4\rxjava-3.0.4.jar;C:\Users\Admin\.m2\repository\org\reactivestreams\reactive-streams\1.0.3\reactive-streams-1.0.3.jar;C:\Users\Admin\.m2\repository\org\freemarker\freemarker\2.3.30\freemarker-2.3.30.jar;C:\Users\Admin\.m2\repository\org\projectlombok\lombok\1.18.12\lombok-1.18.12.jar;C:\Users\Admin\.m2\repository\com\google\code\gson\gson\2.8.6\gson-2.8.6.jar;C:\Users\Admin\.m2\repository\com\relevantcodes\extentreports\2.41.2\extentreports-2.41.2.jar;C:\Users\Admin\.m2\repository\org\jsoup\jsoup\1.8.3\jsoup-1.8.3.jar;C:\Users\Admin\.m2\repository\org\xerial\sqlite-jdbc\3.8.11.1\sqlite-jdbc-3.8.11.1.jar;C:\Users\Admin\.m2\repository\org\mongodb\mongodb-driver\3.0.4\mongodb-driver-3.0.4.jar;C:\Users\Admin\.m2\repository\org\mongodb\bson\3.0.4\bson-3.0.4.jar;C:\Users\Admin\.m2\repository\org\mongodb\mongodb-driver-core\3.0.4\mongodb-driver-core-3.0.4.jar;C:\Users\Admin\.m2\repository\com\mysql\mysql-connector-j\8.0.33\mysql-connector-j-8.0.33.jar;C:\Users\Admin\.m2\repository\com\google\protobuf\protobuf-java\3.21.9\protobuf-java-3.21.9.jar;C:\Users\Admin\.m2\repository\org\apache\maven\plugins\maven-compiler-plugin\3.11.0\maven-compiler-plugin-3.11.0.jar;C:\Users\Admin\.m2\repository\org\apache\maven\shared\maven-shared-utils\3.3.4\maven-shared-utils-3.3.4.jar;C:\Users\Admin\.m2\repository\org\apache\maven\shared\maven-shared-incremental\1.1\maven-shared-incremental-1.1.jar;C:\Users\Admin\.m2\repository\org\codehaus\plexus\plexus-component-annotations\1.5.5\plexus-component-annotations-1.5.5.jar;C:\Users\Admin\.m2\repository\org\codehaus\plexus\plexus-java\1.1.2\plexus-java-1.1.2.jar;C:\Users\Admin\.m2\repository\org\ow2\asm\asm\9.4\asm-9.4.jar;C:\Users\Admin\.m2\repository\com\thoughtworks\qdox\qdox\2.0.3\qdox-2.0.3.jar;C:\Users\Admin\.m2\repository\org\codehaus\plexus\plexus-compiler-api\2.13.0\plexus-compiler-api-2.13.0.jar;C:\Users\Admin\.m2\repository\org\codehaus\plexus\plexus-utils\3.4.2\plexus-utils-3.4.2.jar;C:\Users\Admin\.m2\repository\org\codehaus\plexus\plexus-compiler-manager\2.13.0\plexus-compiler-manager-2.13.0.jar;C:\Users\Admin\.m2\repository\org\codehaus\plexus\plexus-compiler-javac\2.13.0\plexus-compiler-javac-2.13.0.jar;"/>
    <property name="sun.cpu.endian" value="little"/>
    <property name="user.home" value="C:\Users\Admin"/>
    <property name="user.language" value="en"/>
    <property name="java.specification.vendor" value="Oracle Corporation"/>
    <property name="java.version.date" value="2023-04-18"/>
    <property name="java.home" value="C:\Program Files\Java\jdk-20"/>
    <property name="file.separator" value="\"/>
    <property name="basedir" value="D:\Eclipse\MT-01447\EmpireHome"/>
    <property name="style.color" value="always"/>
    <property name="java.vm.compressedOopsMode" value="32-bit"/>
    <property name="line.separator" value="&#10;"/>
    <property name="java.vm.specification.vendor" value="Oracle Corporation"/>
    <property name="java.specification.name" value="Java Platform API Specification"/>
    <property name="surefire.real.class.path" value="C:\Users\Admin\AppData\Local\Temp\surefire49542388555355599\surefirebooter-20231103135605362_3.jar"/>
    <property name="user.script" value=""/>
    <property name="sun.management.compiler" value="HotSpot 64-Bit Tiered Compilers"/>
    <property name="java.runtime.version" value="20.0.1+9-29"/>
    <property name="user.name" value="Admin"/>
    <property name="stdout.encoding" value="Cp1252"/>
    <property name="path.separator" value=";"/>
    <property name="os.version" value="10.0"/>
    <property name="java.runtime.name" value="Java(TM) SE Runtime Environment"/>
    <property name="file.encoding" value="UTF-8"/>
    <property name="java.vm.name" value="Java HotSpot(TM) 64-Bit Server VM"/>
    <property name="localRepository" value="C:\Users\Admin\.m2\repository"/>
    <property name="java.vendor.url.bug" value="https://bugreport.java.com/bugreport/"/>
    <property name="java.io.tmpdir" value="C:\Users\Admin\AppData\Local\Temp\"/>
    <property name="java.version" value="20.0.1"/>
    <property name="user.dir" value="D:\Eclipse\MT-01447\EmpireHome"/>
    <property name="os.arch" value="amd64"/>
    <property name="java.vm.specification.name" value="Java Virtual Machine Specification"/>
    <property name="sun.os.patch.level" value=""/>
    <property name="native.encoding" value="Cp1252"/>
    <property name="java.library.path" value="C:\Program Files\Java\jdk-20\bin;C:\WINDOWS\Sun\Java\bin;C:\WINDOWS\system32;C:\WINDOWS;C:/Users/Admin/.p2/pool/plugins/org.eclipse.justj.openjdk.hotspot.jre.full.win32.x86_64_17.0.7.v20230425-1502/jre/bin/server;C:/Users/Admin/.p2/pool/plugins/org.eclipse.justj.openjdk.hotspot.jre.full.win32.x86_64_17.0.7.v20230425-1502/jre/bin;C:\Program Files\Common Files\Oracle\Java\javapath;C:\WINDOWS\system32;C:\WINDOWS;C:\WINDOWS\System32\Wbem;C:\WINDOWS\System32\WindowsPowerShell\v1.0\;C:\WINDOWS\System32\OpenSSH\;C:\Program Files\Java\jdk-20\bin;C:\Users\Admin\AppData\Local\Microsoft\WindowsApps;;C:\WINDOWS\System32;;."/>
    <property name="java.vm.info" value="mixed mode, sharing"/>
    <property name="stderr.encoding" value="Cp1252"/>
    <property name="java.vendor" value="Oracle Corporation"/>
    <property name="java.vm.version" value="20.0.1+9-29"/>
    <property name="sun.io.unicode.encoding" value="UnicodeLittle"/>
    <property name="java.class.version" value="64.0"/>
  </properties>
  <testcase name="VerifyBackBtnTest" classname="com.empire.qa.testcases.UserTypesPageTest" time="1.258">
    <system-out><![CDATA[Navigated to:'http://empirehome.myprojectsonline.co.in/'
Trying to find Element By : By.name: emailid
Found Element By : By.name: emailid
Trying to find Element By : By.id: pword
Found Element By : By.id: pword
Trying to find Element By : By.xpath: //button[text()='Login']
Found Element By : By.xpath: //button[text()='Login']
Trying to click on: [[ChromeDriver: chrome on windows (af9de70a16918bc20957aabff9944c0f)] -> xpath: //button[text()='Login']]
Clicked on: [[ChromeDriver: chrome on windows (af9de70a16918bc20957aabff9944c0f)] -> xpath: //button[text()='Login']]
Trying to find Element By : By.xpath: //i[@class='fa fa-database']
Found Element By : By.xpath: //i[@class='fa fa-database']
Trying to click on: [[ChromeDriver: chrome on windows (af9de70a16918bc20957aabff9944c0f)] -> xpath: //i[@class='fa fa-database']]
Clicked on: [[ChromeDriver: chrome on windows (af9de70a16918bc20957aabff9944c0f)] -> xpath: //i[@class='fa fa-database']]
Trying to find Element By : By.xpath: //a[text()='User Types']
Found Element By : By.xpath: //a[text()='User Types']
Trying to click on: [[ChromeDriver: chrome on windows (af9de70a16918bc20957aabff9944c0f)] -> xpath: //a[text()='User Types']]
Clicked on: [[ChromeDriver: chrome on windows (af9de70a16918bc20957aabff9944c0f)] -> xpath: //a[text()='User Types']]
Trying to find Element By : By.xpath: //i[@class='fa fa-reply mr-2']
Found Element By : By.xpath: //i[@class='fa fa-reply mr-2']
Trying to click on: [[ChromeDriver: chrome on windows (af9de70a16918bc20957aabff9944c0f)] -> xpath: //i[@class='fa fa-reply mr-2']]
Clicked on: [[ChromeDriver: chrome on windows (af9de70a16918bc20957aabff9944c0f)] -> xpath: //i[@class='fa fa-reply mr-2']]
]]></system-out>
    <system-err><![CDATA[Nov 03, 2023 1:56:09 PM org.openqa.selenium.devtools.CdpVersionFinder findNearestMatch
WARNING: Unable to find an exact match for CDP version 118, so returning the closest version found: 115
]]></system-err>
  </testcase>
  <testcase name="VerifyNextPageBtnTest" classname="com.empire.qa.testcases.UserTypesPageTest" time="0.441">
    <system-out><![CDATA[Navigated to:'http://empirehome.myprojectsonline.co.in/'
Trying to find Element By : By.name: emailid
Found Element By : By.name: emailid
Trying to find Element By : By.id: pword
Found Element By : By.id: pword
Trying to find Element By : By.xpath: //button[text()='Login']
Found Element By : By.xpath: //button[text()='Login']
Trying to click on: [[ChromeDriver: chrome on windows (786a070f4e06e559ed016bd90ff55994)] -> xpath: //button[text()='Login']]
Clicked on: [[ChromeDriver: chrome on windows (786a070f4e06e559ed016bd90ff55994)] -> xpath: //button[text()='Login']]
Trying to find Element By : By.xpath: //i[@class='fa fa-database']
Found Element By : By.xpath: //i[@class='fa fa-database']
Trying to click on: [[ChromeDriver: chrome on windows (786a070f4e06e559ed016bd90ff55994)] -> xpath: //i[@class='fa fa-database']]
Clicked on: [[ChromeDriver: chrome on windows (786a070f4e06e559ed016bd90ff55994)] -> xpath: //i[@class='fa fa-database']]
Trying to find Element By : By.xpath: //a[text()='User Types']
Found Element By : By.xpath: //a[text()='User Types']
Trying to click on: [[ChromeDriver: chrome on windows (786a070f4e06e559ed016bd90ff55994)] -> xpath: //a[text()='User Types']]
Clicked on: [[ChromeDriver: chrome on windows (786a070f4e06e559ed016bd90ff55994)] -> xpath: //a[text()='User Types']]
Trying to find Element By : By.xpath: //a[normalize-space()='Next']
Found Element By : By.xpath: //a[normalize-space()='Next']
Trying to click on: [[ChromeDriver: chrome on windows (786a070f4e06e559ed016bd90ff55994)] -> xpath: //a[normalize-space()='Next']]
Clicked on: [[ChromeDriver: chrome on windows (786a070f4e06e559ed016bd90ff55994)] -> xpath: //a[normalize-space()='Next']]
]]></system-out>
    <system-err><![CDATA[Nov 03, 2023 1:56:19 PM org.openqa.selenium.devtools.CdpVersionFinder findNearestMatch
WARNING: Unable to find an exact match for CDP version 118, so returning the closest version found: 115
]]></system-err>
  </testcase>
  <testcase name="VerifyPage2BtnTest" classname="com.empire.qa.testcases.UserTypesPageTest" time="0.444">
    <system-out><![CDATA[Navigated to:'http://empirehome.myprojectsonline.co.in/'
Trying to find Element By : By.name: emailid
Found Element By : By.name: emailid
Trying to find Element By : By.id: pword
Found Element By : By.id: pword
Trying to find Element By : By.xpath: //button[text()='Login']
Found Element By : By.xpath: //button[text()='Login']
Trying to click on: [[ChromeDriver: chrome on windows (769c5799a10d792b0afecfee598724d2)] -> xpath: //button[text()='Login']]
Clicked on: [[ChromeDriver: chrome on windows (769c5799a10d792b0afecfee598724d2)] -> xpath: //button[text()='Login']]
Trying to find Element By : By.xpath: //i[@class='fa fa-database']
Found Element By : By.xpath: //i[@class='fa fa-database']
Trying to click on: [[ChromeDriver: chrome on windows (769c5799a10d792b0afecfee598724d2)] -> xpath: //i[@class='fa fa-database']]
Clicked on: [[ChromeDriver: chrome on windows (769c5799a10d792b0afecfee598724d2)] -> xpath: //i[@class='fa fa-database']]
Trying to find Element By : By.xpath: //a[text()='User Types']
Found Element By : By.xpath: //a[text()='User Types']
Trying to click on: [[ChromeDriver: chrome on windows (769c5799a10d792b0afecfee598724d2)] -> xpath: //a[text()='User Types']]
Clicked on: [[ChromeDriver: chrome on windows (769c5799a10d792b0afecfee598724d2)] -> xpath: //a[text()='User Types']]
Trying to find Element By : By.xpath: //a[normalize-space()='2']
Found Element By : By.xpath: //a[normalize-space()='2']
Trying to click on: [[ChromeDriver: chrome on windows (769c5799a10d792b0afecfee598724d2)] -> xpath: //a[normalize-space()='2']]
Clicked on: [[ChromeDriver: chrome on windows (769c5799a10d792b0afecfee598724d2)] -> xpath: //a[normalize-space()='2']]
]]></system-out>
    <system-err><![CDATA[Nov 03, 2023 1:56:29 PM org.openqa.selenium.devtools.CdpVersionFinder findNearestMatch
WARNING: Unable to find an exact match for CDP version 118, so returning the closest version found: 115
]]></system-err>
  </testcase>
  <testcase name="VerifyPage3BtnTest" classname="com.empire.qa.testcases.UserTypesPageTest" time="0.446">
    <system-out><![CDATA[Navigated to:'http://empirehome.myprojectsonline.co.in/'
Trying to find Element By : By.name: emailid
Found Element By : By.name: emailid
Trying to find Element By : By.id: pword
Found Element By : By.id: pword
Trying to find Element By : By.xpath: //button[text()='Login']
Found Element By : By.xpath: //button[text()='Login']
Trying to click on: [[ChromeDriver: chrome on windows (ee7ac56d4034ead8cef8467de499441c)] -> xpath: //button[text()='Login']]
Clicked on: [[ChromeDriver: chrome on windows (ee7ac56d4034ead8cef8467de499441c)] -> xpath: //button[text()='Login']]
Trying to find Element By : By.xpath: //i[@class='fa fa-database']
Found Element By : By.xpath: //i[@class='fa fa-database']
Trying to click on: [[ChromeDriver: chrome on windows (ee7ac56d4034ead8cef8467de499441c)] -> xpath: //i[@class='fa fa-database']]
Clicked on: [[ChromeDriver: chrome on windows (ee7ac56d4034ead8cef8467de499441c)] -> xpath: //i[@class='fa fa-database']]
Trying to find Element By : By.xpath: //a[text()='User Types']
Found Element By : By.xpath: //a[text()='User Types']
Trying to click on: [[ChromeDriver: chrome on windows (ee7ac56d4034ead8cef8467de499441c)] -> xpath: //a[text()='User Types']]
Clicked on: [[ChromeDriver: chrome on windows (ee7ac56d4034ead8cef8467de499441c)] -> xpath: //a[text()='User Types']]
Trying to find Element By : By.xpath: //a[normalize-space()='3']
Found Element By : By.xpath: //a[normalize-space()='3']
Trying to click on: [[ChromeDriver: chrome on windows (ee7ac56d4034ead8cef8467de499441c)] -> xpath: //a[normalize-space()='3']]
Clicked on: [[ChromeDriver: chrome on windows (ee7ac56d4034ead8cef8467de499441c)] -> xpath: //a[normalize-space()='3']]
]]></system-out>
    <system-err><![CDATA[Nov 03, 2023 1:56:39 PM org.openqa.selenium.devtools.CdpVersionFinder findNearestMatch
WARNING: Unable to find an exact match for CDP version 118, so returning the closest version found: 115
]]></system-err>
  </testcase>
  <testcase name="VerifyPreviousPageBtnTest" classname="com.empire.qa.testcases.UserTypesPageTest" time="0.515">
    <system-out><![CDATA[Navigated to:'http://empirehome.myprojectsonline.co.in/'
Trying to find Element By : By.name: emailid
Found Element By : By.name: emailid
Trying to find Element By : By.id: pword
Found Element By : By.id: pword
Trying to find Element By : By.xpath: //button[text()='Login']
Found Element By : By.xpath: //button[text()='Login']
Trying to click on: [[ChromeDriver: chrome on windows (9ebe7cab744911dc46c88d85a6906fc2)] -> xpath: //button[text()='Login']]
Clicked on: [[ChromeDriver: chrome on windows (9ebe7cab744911dc46c88d85a6906fc2)] -> xpath: //button[text()='Login']]
Trying to find Element By : By.xpath: //i[@class='fa fa-database']
Found Element By : By.xpath: //i[@class='fa fa-database']
Trying to click on: [[ChromeDriver: chrome on windows (9ebe7cab744911dc46c88d85a6906fc2)] -> xpath: //i[@class='fa fa-database']]
Clicked on: [[ChromeDriver: chrome on windows (9ebe7cab744911dc46c88d85a6906fc2)] -> xpath: //i[@class='fa fa-database']]
Trying to find Element By : By.xpath: //a[text()='User Types']
Found Element By : By.xpath: //a[text()='User Types']
Trying to click on: [[ChromeDriver: chrome on windows (9ebe7cab744911dc46c88d85a6906fc2)] -> xpath: //a[text()='User Types']]
Clicked on: [[ChromeDriver: chrome on windows (9ebe7cab744911dc46c88d85a6906fc2)] -> xpath: //a[text()='User Types']]
Trying to find Element By : By.xpath: //a[normalize-space()='Next']
Found Element By : By.xpath: //a[normalize-space()='Next']
Trying to click on: [[ChromeDriver: chrome on windows (9ebe7cab744911dc46c88d85a6906fc2)] -> xpath: //a[normalize-space()='Next']]
Clicked on: [[ChromeDriver: chrome on windows (9ebe7cab744911dc46c88d85a6906fc2)] -> xpath: //a[normalize-space()='Next']]
Trying to find Element By : By.xpath: //a[normalize-space()='Previous']
Found Element By : By.xpath: //a[normalize-space()='Previous']
Trying to click on: [[ChromeDriver: chrome on windows (9ebe7cab744911dc46c88d85a6906fc2)] -> xpath: //a[normalize-space()='Previous']]
Clicked on: [[ChromeDriver: chrome on windows (9ebe7cab744911dc46c88d85a6906fc2)] -> xpath: //a[normalize-space()='Previous']]
]]></system-out>
    <system-err><![CDATA[Nov 03, 2023 1:56:49 PM org.openqa.selenium.devtools.CdpVersionFinder findNearestMatch
WARNING: Unable to find an exact match for CDP version 118, so returning the closest version found: 115
]]></system-err>
  </testcase>
  <testcase name="VerifySearchTextFieldTest" classname="com.empire.qa.testcases.UserTypesPageTest" time="15.764">
    <system-out><![CDATA[Navigated to:'http://empirehome.myprojectsonline.co.in/'
Trying to find Element By : By.name: emailid
Found Element By : By.name: emailid
Trying to find Element By : By.id: pword
Found Element By : By.id: pword
Trying to find Element By : By.xpath: //button[text()='Login']
Found Element By : By.xpath: //button[text()='Login']
Trying to click on: [[ChromeDriver: chrome on windows (ea476a595a10a2c7eb86a4539f278a3a)] -> xpath: //button[text()='Login']]
Clicked on: [[ChromeDriver: chrome on windows (ea476a595a10a2c7eb86a4539f278a3a)] -> xpath: //button[text()='Login']]
Trying to find Element By : By.xpath: //i[@class='fa fa-database']
Found Element By : By.xpath: //i[@class='fa fa-database']
Trying to click on: [[ChromeDriver: chrome on windows (ea476a595a10a2c7eb86a4539f278a3a)] -> xpath: //i[@class='fa fa-database']]
Clicked on: [[ChromeDriver: chrome on windows (ea476a595a10a2c7eb86a4539f278a3a)] -> xpath: //i[@class='fa fa-database']]
Trying to find Element By : By.xpath: //a[text()='User Types']
Found Element By : By.xpath: //a[text()='User Types']
Trying to click on: [[ChromeDriver: chrome on windows (ea476a595a10a2c7eb86a4539f278a3a)] -> xpath: //a[text()='User Types']]
Clicked on: [[ChromeDriver: chrome on windows (ea476a595a10a2c7eb86a4539f278a3a)] -> xpath: //a[text()='User Types']]
Trying to find Element By : By.xpath: //input[@class='form-control form-control-sm']
Found Element By : By.xpath: //input[@class='form-control form-control-sm']
Trying to find Element By : By.xpath: //table[@id='mydatatable']
Found Element By : By.xpath: //table[@id='mydatatable']
Trying to find Element By : By.tagName: tr
Found Element By : By.tagName: tr
Trying to find Element By : By.tagName: td
Found Element By : By.tagName: td
Trying to find Element By : By.tagName: td
Found Element By : By.tagName: td
1	Emp1	1		Trying to find Element By : By.tagName: td
Found Element By : By.tagName: td
3	Emp1	1		Trying to find Element By : By.tagName: td
Found Element By : By.tagName: td
111	emp1	123		Trying to find Element By : By.tagName: td
Found Element By : By.tagName: td
133	emp112	1237		Trying to find Element By : By.tagName: td
Found Element By : By.tagName: td
134	emp113	506		Trying to find Element By : By.tagName: td
Found Element By : By.tagName: td
164	emp112	1237		Trying to find Element By : By.tagName: td
Found Element By : By.tagName: td
165	emp113	506		Trying to find Element By : By.tagName: td
Found Element By : By.tagName: td
231	emp112	1237		Trying to find Element By : By.tagName: td
Found Element By : By.tagName: td
232	emp113	506		Trying to find Element By : By.tagName: td
Found Element By : By.tagName: td
233	emp112	1237		]]></system-out>
    <system-err><![CDATA[Nov 03, 2023 1:56:59 PM org.openqa.selenium.devtools.CdpVersionFinder findNearestMatch
WARNING: Unable to find an exact match for CDP version 118, so returning the closest version found: 115











]]></system-err>
  </testcase>
  <testcase name="VerifySearchTextFieldWithInvalidDataTest" classname="com.empire.qa.testcases.UserTypesPageTest" time="0.239">
    <system-out><![CDATA[Navigated to:'http://empirehome.myprojectsonline.co.in/'
Trying to find Element By : By.name: emailid
Found Element By : By.name: emailid
Trying to find Element By : By.id: pword
Found Element By : By.id: pword
Trying to find Element By : By.xpath: //button[text()='Login']
Found Element By : By.xpath: //button[text()='Login']
Trying to click on: [[ChromeDriver: chrome on windows (b9a2314c2c8ca300e4dd99c81f2a8235)] -> xpath: //button[text()='Login']]
Clicked on: [[ChromeDriver: chrome on windows (b9a2314c2c8ca300e4dd99c81f2a8235)] -> xpath: //button[text()='Login']]
Trying to find Element By : By.xpath: //i[@class='fa fa-database']
Found Element By : By.xpath: //i[@class='fa fa-database']
Trying to click on: [[ChromeDriver: chrome on windows (b9a2314c2c8ca300e4dd99c81f2a8235)] -> xpath: //i[@class='fa fa-database']]
Clicked on: [[ChromeDriver: chrome on windows (b9a2314c2c8ca300e4dd99c81f2a8235)] -> xpath: //i[@class='fa fa-database']]
Trying to find Element By : By.xpath: //a[text()='User Types']
Found Element By : By.xpath: //a[text()='User Types']
Trying to click on: [[ChromeDriver: chrome on windows (b9a2314c2c8ca300e4dd99c81f2a8235)] -> xpath: //a[text()='User Types']]
Clicked on: [[ChromeDriver: chrome on windows (b9a2314c2c8ca300e4dd99c81f2a8235)] -> xpath: //a[text()='User Types']]
Trying to find Element By : By.xpath: //input[@class='form-control form-control-sm']
Found Element By : By.xpath: //input[@class='form-control form-control-sm']
Trying to find Element By : By.xpath: //td[text()='No matching records found']
Found Element By : By.xpath: //td[text()='No matching records found']
No matching records found
]]></system-out>
    <system-err><![CDATA[Nov 03, 2023 1:57:24 PM org.openqa.selenium.devtools.CdpVersionFinder findNearestMatch
WARNING: Unable to find an exact match for CDP version 118, so returning the closest version found: 115
]]></system-err>
  </testcase>
  <testcase name="VerifyShowEntriesDropdownTest" classname="com.empire.qa.testcases.UserTypesPageTest" time="0.24">
    <system-out><![CDATA[Navigated to:'http://empirehome.myprojectsonline.co.in/'
Trying to find Element By : By.name: emailid
Found Element By : By.name: emailid
Trying to find Element By : By.id: pword
Found Element By : By.id: pword
Trying to find Element By : By.xpath: //button[text()='Login']
Found Element By : By.xpath: //button[text()='Login']
Trying to click on: [[ChromeDriver: chrome on windows (196c433737159ebd304839ee6c3e13c6)] -> xpath: //button[text()='Login']]
Clicked on: [[ChromeDriver: chrome on windows (196c433737159ebd304839ee6c3e13c6)] -> xpath: //button[text()='Login']]
Trying to find Element By : By.xpath: //i[@class='fa fa-database']
Found Element By : By.xpath: //i[@class='fa fa-database']
Trying to click on: [[ChromeDriver: chrome on windows (196c433737159ebd304839ee6c3e13c6)] -> xpath: //i[@class='fa fa-database']]
Clicked on: [[ChromeDriver: chrome on windows (196c433737159ebd304839ee6c3e13c6)] -> xpath: //i[@class='fa fa-database']]
Trying to find Element By : By.xpath: //a[text()='User Types']
Found Element By : By.xpath: //a[text()='User Types']
Trying to click on: [[ChromeDriver: chrome on windows (196c433737159ebd304839ee6c3e13c6)] -> xpath: //a[text()='User Types']]
Clicked on: [[ChromeDriver: chrome on windows (196c433737159ebd304839ee6c3e13c6)] -> xpath: //a[text()='User Types']]
Trying to find Element By : By.xpath: //select[@name='mydatatable_length']
Found Element By : By.xpath: //select[@name='mydatatable_length']
Trying to find Element By : By.xpath: //select[@name='mydatatable_length']
Found Element By : By.xpath: //select[@name='mydatatable_length']
Trying to find Element By : By.xpath: //select[@name='mydatatable_length']
Found Element By : By.xpath: //select[@name='mydatatable_length']
Trying to find Element By : By.xpath: //select[@name='mydatatable_length']
Found Element By : By.xpath: //select[@name='mydatatable_length']
Trying to find Element By : By.xpath: .//option[normalize-space(.) = "25"]
Found Element By : By.xpath: .//option[normalize-space(.) = "25"]
Trying to click on: [[[[ChromeDriver: chrome on windows (196c433737159ebd304839ee6c3e13c6)] -> xpath: //select[@name='mydatatable_length']]] -> xpath: .//option[normalize-space(.) = "25"]]
Clicked on: [[[[ChromeDriver: chrome on windows (196c433737159ebd304839ee6c3e13c6)] -> xpath: //select[@name='mydatatable_length']]] -> xpath: .//option[normalize-space(.) = "25"]]
]]></system-out>
    <system-err><![CDATA[Nov 03, 2023 1:57:33 PM org.openqa.selenium.devtools.CdpVersionFinder findNearestMatch
WARNING: Unable to find an exact match for CDP version 118, so returning the closest version found: 115
]]></system-err>
  </testcase>
  <testcase name="VerifySnoSortingTest" classname="com.empire.qa.testcases.UserTypesPageTest" time="0.493">
    <system-out><![CDATA[Navigated to:'http://empirehome.myprojectsonline.co.in/'
Trying to find Element By : By.name: emailid
Found Element By : By.name: emailid
Trying to find Element By : By.id: pword
Found Element By : By.id: pword
Trying to find Element By : By.xpath: //button[text()='Login']
Found Element By : By.xpath: //button[text()='Login']
Trying to click on: [[ChromeDriver: chrome on windows (9b74e41dc47975a9e6288dfa467e2556)] -> xpath: //button[text()='Login']]
Clicked on: [[ChromeDriver: chrome on windows (9b74e41dc47975a9e6288dfa467e2556)] -> xpath: //button[text()='Login']]
Trying to find Element By : By.xpath: //i[@class='fa fa-database']
Found Element By : By.xpath: //i[@class='fa fa-database']
Trying to click on: [[ChromeDriver: chrome on windows (9b74e41dc47975a9e6288dfa467e2556)] -> xpath: //i[@class='fa fa-database']]
Clicked on: [[ChromeDriver: chrome on windows (9b74e41dc47975a9e6288dfa467e2556)] -> xpath: //i[@class='fa fa-database']]
Trying to find Element By : By.xpath: //a[text()='User Types']
Found Element By : By.xpath: //a[text()='User Types']
Trying to click on: [[ChromeDriver: chrome on windows (9b74e41dc47975a9e6288dfa467e2556)] -> xpath: //a[text()='User Types']]
Clicked on: [[ChromeDriver: chrome on windows (9b74e41dc47975a9e6288dfa467e2556)] -> xpath: //a[text()='User Types']]
Trying to find Element By : By.xpath: //th[@aria-label='#.: activate to sort column descending']
Found Element By : By.xpath: //th[@aria-label='#.: activate to sort column descending']
Trying to click on: [[ChromeDriver: chrome on windows (9b74e41dc47975a9e6288dfa467e2556)] -> xpath: //th[@aria-label='#.: activate to sort column descending']]
Clicked on: [[ChromeDriver: chrome on windows (9b74e41dc47975a9e6288dfa467e2556)] -> xpath: //th[@aria-label='#.: activate to sort column descending']]
]]></system-out>
    <system-err><![CDATA[Nov 03, 2023 1:57:43 PM org.openqa.selenium.devtools.CdpVersionFinder findNearestMatch
WARNING: Unable to find an exact match for CDP version 118, so returning the closest version found: 115
]]></system-err>
  </testcase>
  <testcase name="VerifyToTopArrowBtnTest" classname="com.empire.qa.testcases.UserTypesPageTest" time="0.454">
    <system-out><![CDATA[Navigated to:'http://empirehome.myprojectsonline.co.in/'
Trying to find Element By : By.name: emailid
Found Element By : By.name: emailid
Trying to find Element By : By.id: pword
Found Element By : By.id: pword
Trying to find Element By : By.xpath: //button[text()='Login']
Found Element By : By.xpath: //button[text()='Login']
Trying to click on: [[ChromeDriver: chrome on windows (8176a258bad71f569632232352ff9ca4)] -> xpath: //button[text()='Login']]
Clicked on: [[ChromeDriver: chrome on windows (8176a258bad71f569632232352ff9ca4)] -> xpath: //button[text()='Login']]
Trying to find Element By : By.xpath: //i[@class='fa fa-database']
Found Element By : By.xpath: //i[@class='fa fa-database']
Trying to click on: [[ChromeDriver: chrome on windows (8176a258bad71f569632232352ff9ca4)] -> xpath: //i[@class='fa fa-database']]
Clicked on: [[ChromeDriver: chrome on windows (8176a258bad71f569632232352ff9ca4)] -> xpath: //i[@class='fa fa-database']]
Trying to find Element By : By.xpath: //a[text()='User Types']
Found Element By : By.xpath: //a[text()='User Types']
Trying to click on: [[ChromeDriver: chrome on windows (8176a258bad71f569632232352ff9ca4)] -> xpath: //a[text()='User Types']]
Clicked on: [[ChromeDriver: chrome on windows (8176a258bad71f569632232352ff9ca4)] -> xpath: //a[text()='User Types']]
Trying to find Element By : By.xpath: //span[@class='ti-arrow-up']
Found Element By : By.xpath: //span[@class='ti-arrow-up']
Trying to click on: [[ChromeDriver: chrome on windows (8176a258bad71f569632232352ff9ca4)] -> xpath: //span[@class='ti-arrow-up']]
Clicked on: [[ChromeDriver: chrome on windows (8176a258bad71f569632232352ff9ca4)] -> xpath: //span[@class='ti-arrow-up']]
]]></system-out>
    <system-err><![CDATA[Nov 03, 2023 1:57:53 PM org.openqa.selenium.devtools.CdpVersionFinder findNearestMatch
WARNING: Unable to find an exact match for CDP version 118, so returning the closest version found: 115
]]></system-err>
  </testcase>
  <testcase name="VerifyTypeCodeSortingTest" classname="com.empire.qa.testcases.UserTypesPageTest" time="0.447">
    <system-out><![CDATA[Navigated to:'http://empirehome.myprojectsonline.co.in/'
Trying to find Element By : By.name: emailid
Found Element By : By.name: emailid
Trying to find Element By : By.id: pword
Found Element By : By.id: pword
Trying to find Element By : By.xpath: //button[text()='Login']
Found Element By : By.xpath: //button[text()='Login']
Trying to click on: [[ChromeDriver: chrome on windows (e9a6d016e1cc5986be86f9dbfad04ebf)] -> xpath: //button[text()='Login']]
Clicked on: [[ChromeDriver: chrome on windows (e9a6d016e1cc5986be86f9dbfad04ebf)] -> xpath: //button[text()='Login']]
Trying to find Element By : By.xpath: //i[@class='fa fa-database']
Found Element By : By.xpath: //i[@class='fa fa-database']
Trying to click on: [[ChromeDriver: chrome on windows (e9a6d016e1cc5986be86f9dbfad04ebf)] -> xpath: //i[@class='fa fa-database']]
Clicked on: [[ChromeDriver: chrome on windows (e9a6d016e1cc5986be86f9dbfad04ebf)] -> xpath: //i[@class='fa fa-database']]
Trying to find Element By : By.xpath: //a[text()='User Types']
Found Element By : By.xpath: //a[text()='User Types']
Trying to click on: [[ChromeDriver: chrome on windows (e9a6d016e1cc5986be86f9dbfad04ebf)] -> xpath: //a[text()='User Types']]
Clicked on: [[ChromeDriver: chrome on windows (e9a6d016e1cc5986be86f9dbfad04ebf)] -> xpath: //a[text()='User Types']]
Trying to find Element By : By.xpath: //th[@aria-label='Type Code: activate to sort column ascending']
Found Element By : By.xpath: //th[@aria-label='Type Code: activate to sort column ascending']
Trying to click on: [[ChromeDriver: chrome on windows (e9a6d016e1cc5986be86f9dbfad04ebf)] -> xpath: //th[@aria-label='Type Code: activate to sort column ascending']]
Clicked on: [[ChromeDriver: chrome on windows (e9a6d016e1cc5986be86f9dbfad04ebf)] -> xpath: //th[@aria-label='Type Code: activate to sort column ascending']]
]]></system-out>
    <system-err><![CDATA[Nov 03, 2023 1:58:03 PM org.openqa.selenium.devtools.CdpVersionFinder findNearestMatch
WARNING: Unable to find an exact match for CDP version 118, so returning the closest version found: 115
]]></system-err>
  </testcase>
  <testcase name="VerifyTypeNameSortingTest" classname="com.empire.qa.testcases.UserTypesPageTest" time="0.44">
    <system-out><![CDATA[Navigated to:'http://empirehome.myprojectsonline.co.in/'
Trying to find Element By : By.name: emailid
Found Element By : By.name: emailid
Trying to find Element By : By.id: pword
Found Element By : By.id: pword
Trying to find Element By : By.xpath: //button[text()='Login']
Found Element By : By.xpath: //button[text()='Login']
Trying to click on: [[ChromeDriver: chrome on windows (fc60a88d737091efc0d500178f79fb48)] -> xpath: //button[text()='Login']]
Clicked on: [[ChromeDriver: chrome on windows (fc60a88d737091efc0d500178f79fb48)] -> xpath: //button[text()='Login']]
Trying to find Element By : By.xpath: //i[@class='fa fa-database']
Found Element By : By.xpath: //i[@class='fa fa-database']
Trying to click on: [[ChromeDriver: chrome on windows (fc60a88d737091efc0d500178f79fb48)] -> xpath: //i[@class='fa fa-database']]
Clicked on: [[ChromeDriver: chrome on windows (fc60a88d737091efc0d500178f79fb48)] -> xpath: //i[@class='fa fa-database']]
Trying to find Element By : By.xpath: //a[text()='User Types']
Found Element By : By.xpath: //a[text()='User Types']
Trying to click on: [[ChromeDriver: chrome on windows (fc60a88d737091efc0d500178f79fb48)] -> xpath: //a[text()='User Types']]
Clicked on: [[ChromeDriver: chrome on windows (fc60a88d737091efc0d500178f79fb48)] -> xpath: //a[text()='User Types']]
Trying to find Element By : By.xpath: //th[@aria-label='Type Name: activate to sort column ascending']
Found Element By : By.xpath: //th[@aria-label='Type Name: activate to sort column ascending']
Trying to click on: [[ChromeDriver: chrome on windows (fc60a88d737091efc0d500178f79fb48)] -> xpath: //th[@aria-label='Type Name: activate to sort column ascending']]
Clicked on: [[ChromeDriver: chrome on windows (fc60a88d737091efc0d500178f79fb48)] -> xpath: //th[@aria-label='Type Name: activate to sort column ascending']]
]]></system-out>
    <system-err><![CDATA[Nov 03, 2023 1:58:13 PM org.openqa.selenium.devtools.CdpVersionFinder findNearestMatch
WARNING: Unable to find an exact match for CDP version 118, so returning the closest version found: 115
]]></system-err>
  </testcase>
  <testcase name="VerifyUserTypePageTitleTest" classname="com.empire.qa.testcases.UserTypesPageTest" time="0.024">
    <system-out><![CDATA[Navigated to:'http://empirehome.myprojectsonline.co.in/'
Trying to find Element By : By.name: emailid
Found Element By : By.name: emailid
Trying to find Element By : By.id: pword
Found Element By : By.id: pword
Trying to find Element By : By.xpath: //button[text()='Login']
Found Element By : By.xpath: //button[text()='Login']
Trying to click on: [[ChromeDriver: chrome on windows (79640cafd6b67797913b592ee7932bd9)] -> xpath: //button[text()='Login']]
Clicked on: [[ChromeDriver: chrome on windows (79640cafd6b67797913b592ee7932bd9)] -> xpath: //button[text()='Login']]
Trying to find Element By : By.xpath: //i[@class='fa fa-database']
Found Element By : By.xpath: //i[@class='fa fa-database']
Trying to click on: [[ChromeDriver: chrome on windows (79640cafd6b67797913b592ee7932bd9)] -> xpath: //i[@class='fa fa-database']]
Clicked on: [[ChromeDriver: chrome on windows (79640cafd6b67797913b592ee7932bd9)] -> xpath: //i[@class='fa fa-database']]
Trying to find Element By : By.xpath: //a[text()='User Types']
Found Element By : By.xpath: //a[text()='User Types']
Trying to click on: [[ChromeDriver: chrome on windows (79640cafd6b67797913b592ee7932bd9)] -> xpath: //a[text()='User Types']]
Clicked on: [[ChromeDriver: chrome on windows (79640cafd6b67797913b592ee7932bd9)] -> xpath: //a[text()='User Types']]
]]></system-out>
    <system-err><![CDATA[Nov 03, 2023 1:58:23 PM org.openqa.selenium.devtools.CdpVersionFinder findNearestMatch
WARNING: Unable to find an exact match for CDP version 118, so returning the closest version found: 115
]]></system-err>
  </testcase>
  <testcase name="VerifyaddNewUserTypePagewithInvalidTypeCodeTest" classname="com.empire.qa.testcases.UserTypesPageTest" time="3.089">
    <system-out><![CDATA[Navigated to:'http://empirehome.myprojectsonline.co.in/'
Trying to find Element By : By.name: emailid
Found Element By : By.name: emailid
Trying to find Element By : By.id: pword
Found Element By : By.id: pword
Trying to find Element By : By.xpath: //button[text()='Login']
Found Element By : By.xpath: //button[text()='Login']
Trying to click on: [[ChromeDriver: chrome on windows (d5e9b29949656dc001c2c430967df8ed)] -> xpath: //button[text()='Login']]
Clicked on: [[ChromeDriver: chrome on windows (d5e9b29949656dc001c2c430967df8ed)] -> xpath: //button[text()='Login']]
Trying to find Element By : By.xpath: //i[@class='fa fa-database']
Found Element By : By.xpath: //i[@class='fa fa-database']
Trying to click on: [[ChromeDriver: chrome on windows (d5e9b29949656dc001c2c430967df8ed)] -> xpath: //i[@class='fa fa-database']]
Clicked on: [[ChromeDriver: chrome on windows (d5e9b29949656dc001c2c430967df8ed)] -> xpath: //i[@class='fa fa-database']]
Trying to find Element By : By.xpath: //a[text()='User Types']
Found Element By : By.xpath: //a[text()='User Types']
Trying to click on: [[ChromeDriver: chrome on windows (d5e9b29949656dc001c2c430967df8ed)] -> xpath: //a[text()='User Types']]
Clicked on: [[ChromeDriver: chrome on windows (d5e9b29949656dc001c2c430967df8ed)] -> xpath: //a[text()='User Types']]
Trying to find Element By : By.xpath: //i[@class='fa fa-plus']
Found Element By : By.xpath: //i[@class='fa fa-plus']
Trying to click on: [[ChromeDriver: chrome on windows (d5e9b29949656dc001c2c430967df8ed)] -> xpath: //i[@class='fa fa-plus']]
Clicked on: [[ChromeDriver: chrome on windows (d5e9b29949656dc001c2c430967df8ed)] -> xpath: //i[@class='fa fa-plus']]
Trying to find Element By : By.xpath: //input[@id='TypeName']
Found Element By : By.xpath: //input[@id='TypeName']
Trying to find Element By : By.xpath: //input[@id='TypeCode']
Found Element By : By.xpath: //input[@id='TypeCode']
Trying to find Element By : By.xpath: //button[text()=' Save']
Found Element By : By.xpath: //button[text()=' Save']
Trying to click on: [[ChromeDriver: chrome on windows (d5e9b29949656dc001c2c430967df8ed)] -> xpath: //button[text()=' Save']]
Clicked on: [[ChromeDriver: chrome on windows (d5e9b29949656dc001c2c430967df8ed)] -> xpath: //button[text()=' Save']]
]]></system-out>
    <system-err><![CDATA[Nov 03, 2023 1:58:32 PM org.openqa.selenium.devtools.CdpVersionFinder findNearestMatch
WARNING: Unable to find an exact match for CDP version 118, so returning the closest version found: 115
]]></system-err>
  </testcase>
  <testcase name="VerifyaddNewUserTypePagewithInvalidTypeNameTest" classname="com.empire.qa.testcases.UserTypesPageTest" time="3.318">
    <system-out><![CDATA[Navigated to:'http://empirehome.myprojectsonline.co.in/'
Trying to find Element By : By.name: emailid
Found Element By : By.name: emailid
Trying to find Element By : By.id: pword
Found Element By : By.id: pword
Trying to find Element By : By.xpath: //button[text()='Login']
Found Element By : By.xpath: //button[text()='Login']
Trying to click on: [[ChromeDriver: chrome on windows (dea1b56396cd1317049ee7b3873da407)] -> xpath: //button[text()='Login']]
Clicked on: [[ChromeDriver: chrome on windows (dea1b56396cd1317049ee7b3873da407)] -> xpath: //button[text()='Login']]
Trying to find Element By : By.xpath: //i[@class='fa fa-database']
Found Element By : By.xpath: //i[@class='fa fa-database']
Trying to click on: [[ChromeDriver: chrome on windows (dea1b56396cd1317049ee7b3873da407)] -> xpath: //i[@class='fa fa-database']]
Clicked on: [[ChromeDriver: chrome on windows (dea1b56396cd1317049ee7b3873da407)] -> xpath: //i[@class='fa fa-database']]
Trying to find Element By : By.xpath: //a[text()='User Types']
Found Element By : By.xpath: //a[text()='User Types']
Trying to click on: [[ChromeDriver: chrome on windows (dea1b56396cd1317049ee7b3873da407)] -> xpath: //a[text()='User Types']]
Clicked on: [[ChromeDriver: chrome on windows (dea1b56396cd1317049ee7b3873da407)] -> xpath: //a[text()='User Types']]
Trying to find Element By : By.xpath: //i[@class='fa fa-plus']
Found Element By : By.xpath: //i[@class='fa fa-plus']
Trying to click on: [[ChromeDriver: chrome on windows (dea1b56396cd1317049ee7b3873da407)] -> xpath: //i[@class='fa fa-plus']]
Clicked on: [[ChromeDriver: chrome on windows (dea1b56396cd1317049ee7b3873da407)] -> xpath: //i[@class='fa fa-plus']]
Trying to find Element By : By.xpath: //input[@id='TypeName']
Found Element By : By.xpath: //input[@id='TypeName']
Trying to find Element By : By.xpath: //input[@id='TypeCode']
Found Element By : By.xpath: //input[@id='TypeCode']
Trying to find Element By : By.xpath: //button[text()=' Save']
Found Element By : By.xpath: //button[text()=' Save']
Trying to click on: [[ChromeDriver: chrome on windows (dea1b56396cd1317049ee7b3873da407)] -> xpath: //button[text()=' Save']]
Clicked on: [[ChromeDriver: chrome on windows (dea1b56396cd1317049ee7b3873da407)] -> xpath: //button[text()=' Save']]
]]></system-out>
    <system-err><![CDATA[Nov 03, 2023 1:58:44 PM org.openqa.selenium.devtools.CdpVersionFinder findNearestMatch
WARNING: Unable to find an exact match for CDP version 118, so returning the closest version found: 115
]]></system-err>
  </testcase>
  <testcase name="VerifyaddNewUserTypePagewithoutData" classname="com.empire.qa.testcases.UserTypesPageTest" time="2.433">
    <system-out><![CDATA[Navigated to:'http://empirehome.myprojectsonline.co.in/'
Trying to find Element By : By.name: emailid
Found Element By : By.name: emailid
Trying to find Element By : By.id: pword
Found Element By : By.id: pword
Trying to find Element By : By.xpath: //button[text()='Login']
Found Element By : By.xpath: //button[text()='Login']
Trying to click on: [[ChromeDriver: chrome on windows (13cf22a5f5328c203366792ae040a1ea)] -> xpath: //button[text()='Login']]
Clicked on: [[ChromeDriver: chrome on windows (13cf22a5f5328c203366792ae040a1ea)] -> xpath: //button[text()='Login']]
Trying to find Element By : By.xpath: //i[@class='fa fa-database']
Found Element By : By.xpath: //i[@class='fa fa-database']
Trying to click on: [[ChromeDriver: chrome on windows (13cf22a5f5328c203366792ae040a1ea)] -> xpath: //i[@class='fa fa-database']]
Clicked on: [[ChromeDriver: chrome on windows (13cf22a5f5328c203366792ae040a1ea)] -> xpath: //i[@class='fa fa-database']]
Trying to find Element By : By.xpath: //a[text()='User Types']
Found Element By : By.xpath: //a[text()='User Types']
Trying to click on: [[ChromeDriver: chrome on windows (13cf22a5f5328c203366792ae040a1ea)] -> xpath: //a[text()='User Types']]
Clicked on: [[ChromeDriver: chrome on windows (13cf22a5f5328c203366792ae040a1ea)] -> xpath: //a[text()='User Types']]
Trying to find Element By : By.xpath: //i[@class='fa fa-plus']
Found Element By : By.xpath: //i[@class='fa fa-plus']
Trying to click on: [[ChromeDriver: chrome on windows (13cf22a5f5328c203366792ae040a1ea)] -> xpath: //i[@class='fa fa-plus']]
Clicked on: [[ChromeDriver: chrome on windows (13cf22a5f5328c203366792ae040a1ea)] -> xpath: //i[@class='fa fa-plus']]
Trying to find Element By : By.xpath: //button[text()=' Save']
Found Element By : By.xpath: //button[text()=' Save']
Trying to click on: [[ChromeDriver: chrome on windows (13cf22a5f5328c203366792ae040a1ea)] -> xpath: //button[text()=' Save']]
Clicked on: [[ChromeDriver: chrome on windows (13cf22a5f5328c203366792ae040a1ea)] -> xpath: //button[text()=' Save']]
]]></system-out>
    <system-err><![CDATA[Nov 03, 2023 1:58:58 PM org.openqa.selenium.devtools.CdpVersionFinder findNearestMatch
WARNING: Unable to find an exact match for CDP version 118, so returning the closest version found: 115
]]></system-err>
  </testcase>
  <testcase name="VerifyaddNewUserTypePagewithValidDataTest" classname="com.empire.qa.testcases.UserTypesPageTest" time="3.413">
    <system-out><![CDATA[Navigated to:'http://empirehome.myprojectsonline.co.in/'
Trying to find Element By : By.name: emailid
Found Element By : By.name: emailid
Trying to find Element By : By.id: pword
Found Element By : By.id: pword
Trying to find Element By : By.xpath: //button[text()='Login']
Found Element By : By.xpath: //button[text()='Login']
Trying to click on: [[ChromeDriver: chrome on windows (a7f8ffd5bf3e01a8d3f48c52e7e4204f)] -> xpath: //button[text()='Login']]
Clicked on: [[ChromeDriver: chrome on windows (a7f8ffd5bf3e01a8d3f48c52e7e4204f)] -> xpath: //button[text()='Login']]
Trying to find Element By : By.xpath: //i[@class='fa fa-database']
Found Element By : By.xpath: //i[@class='fa fa-database']
Trying to click on: [[ChromeDriver: chrome on windows (a7f8ffd5bf3e01a8d3f48c52e7e4204f)] -> xpath: //i[@class='fa fa-database']]
Clicked on: [[ChromeDriver: chrome on windows (a7f8ffd5bf3e01a8d3f48c52e7e4204f)] -> xpath: //i[@class='fa fa-database']]
Trying to find Element By : By.xpath: //a[text()='User Types']
Found Element By : By.xpath: //a[text()='User Types']
Trying to click on: [[ChromeDriver: chrome on windows (a7f8ffd5bf3e01a8d3f48c52e7e4204f)] -> xpath: //a[text()='User Types']]
Clicked on: [[ChromeDriver: chrome on windows (a7f8ffd5bf3e01a8d3f48c52e7e4204f)] -> xpath: //a[text()='User Types']]
Trying to find Element By : By.xpath: //i[@class='fa fa-plus']
Found Element By : By.xpath: //i[@class='fa fa-plus']
Trying to click on: [[ChromeDriver: chrome on windows (a7f8ffd5bf3e01a8d3f48c52e7e4204f)] -> xpath: //i[@class='fa fa-plus']]
Clicked on: [[ChromeDriver: chrome on windows (a7f8ffd5bf3e01a8d3f48c52e7e4204f)] -> xpath: //i[@class='fa fa-plus']]
Trying to find Element By : By.xpath: //input[@id='TypeName']
Found Element By : By.xpath: //input[@id='TypeName']
Trying to find Element By : By.xpath: //input[@id='TypeCode']
Found Element By : By.xpath: //input[@id='TypeCode']
Trying to find Element By : By.xpath: //button[text()=' Save']
Found Element By : By.xpath: //button[text()=' Save']
Trying to click on: [[ChromeDriver: chrome on windows (a7f8ffd5bf3e01a8d3f48c52e7e4204f)] -> xpath: //button[text()=' Save']]
Clicked on: [[ChromeDriver: chrome on windows (a7f8ffd5bf3e01a8d3f48c52e7e4204f)] -> xpath: //button[text()=' Save']]
]]></system-out>
    <system-err><![CDATA[Nov 03, 2023 1:59:10 PM org.openqa.selenium.devtools.CdpVersionFinder findNearestMatch
WARNING: Unable to find an exact match for CDP version 118, so returning the closest version found: 115
]]></system-err>
  </testcase>
  <testcase name="VerifyEditButtonBySearch_TypeNameTest" classname="com.empire.qa.testcases.UserTypesPageTest" time="4.497">
    <system-out><![CDATA[Navigated to:'http://empirehome.myprojectsonline.co.in/'
Trying to find Element By : By.name: emailid
Found Element By : By.name: emailid
Trying to find Element By : By.id: pword
Found Element By : By.id: pword
Trying to find Element By : By.xpath: //button[text()='Login']
Found Element By : By.xpath: //button[text()='Login']
Trying to click on: [[ChromeDriver: chrome on windows (c4ed204084ef5e8ef83ececda2ad3196)] -> xpath: //button[text()='Login']]
Clicked on: [[ChromeDriver: chrome on windows (c4ed204084ef5e8ef83ececda2ad3196)] -> xpath: //button[text()='Login']]
Trying to find Element By : By.xpath: //i[@class='fa fa-database']
Found Element By : By.xpath: //i[@class='fa fa-database']
Trying to click on: [[ChromeDriver: chrome on windows (c4ed204084ef5e8ef83ececda2ad3196)] -> xpath: //i[@class='fa fa-database']]
Clicked on: [[ChromeDriver: chrome on windows (c4ed204084ef5e8ef83ececda2ad3196)] -> xpath: //i[@class='fa fa-database']]
Trying to find Element By : By.xpath: //a[text()='User Types']
Found Element By : By.xpath: //a[text()='User Types']
Trying to click on: [[ChromeDriver: chrome on windows (c4ed204084ef5e8ef83ececda2ad3196)] -> xpath: //a[text()='User Types']]
Clicked on: [[ChromeDriver: chrome on windows (c4ed204084ef5e8ef83ececda2ad3196)] -> xpath: //a[text()='User Types']]
Trying to find Element By : By.xpath: //input[@class='form-control form-control-sm']
Found Element By : By.xpath: //input[@class='form-control form-control-sm']
Trying to find Element By : By.xpath: //i[@class='fa fa-pencil']
Found Element By : By.xpath: //i[@class='fa fa-pencil']
Trying to click on: [[ChromeDriver: chrome on windows (c4ed204084ef5e8ef83ececda2ad3196)] -> xpath: //i[@class='fa fa-pencil']]
Clicked on: [[ChromeDriver: chrome on windows (c4ed204084ef5e8ef83ececda2ad3196)] -> xpath: //i[@class='fa fa-pencil']]
Trying to find Element By : By.xpath: //input[@id='TypeName']
Found Element By : By.xpath: //input[@id='TypeName']
Trying to find Element By : By.xpath: //input[@id='TypeName']
Found Element By : By.xpath: //input[@id='TypeName']
Trying to find Element By : By.xpath: //input[@id='TypeCode']
Found Element By : By.xpath: //input[@id='TypeCode']
Trying to find Element By : By.xpath: //input[@id='TypeCode']
Found Element By : By.xpath: //input[@id='TypeCode']
Trying to find Element By : By.xpath: //button[text()=' Save']
Found Element By : By.xpath: //button[text()=' Save']
Trying to click on: [[ChromeDriver: chrome on windows (c4ed204084ef5e8ef83ececda2ad3196)] -> xpath: //button[text()=' Save']]
Clicked on: [[ChromeDriver: chrome on windows (c4ed204084ef5e8ef83ececda2ad3196)] -> xpath: //button[text()=' Save']]
]]></system-out>
    <system-err><![CDATA[Nov 03, 2023 1:59:22 PM org.openqa.selenium.devtools.CdpVersionFinder findNearestMatch
WARNING: Unable to find an exact match for CDP version 118, so returning the closest version found: 115
]]></system-err>
  </testcase>
  <testcase name="VerifyDeleteButtonBySearch_TypeNameTest" classname="com.empire.qa.testcases.UserTypesPageTest" time="2.364">
    <system-out><![CDATA[Navigated to:'http://empirehome.myprojectsonline.co.in/'
Trying to find Element By : By.name: emailid
Found Element By : By.name: emailid
Trying to find Element By : By.id: pword
Found Element By : By.id: pword
Trying to find Element By : By.xpath: //button[text()='Login']
Found Element By : By.xpath: //button[text()='Login']
Trying to click on: [[ChromeDriver: chrome on windows (ba5651dee3bc25f8df934b53b9ea07df)] -> xpath: //button[text()='Login']]
Clicked on: [[ChromeDriver: chrome on windows (ba5651dee3bc25f8df934b53b9ea07df)] -> xpath: //button[text()='Login']]
Trying to find Element By : By.xpath: //i[@class='fa fa-database']
Found Element By : By.xpath: //i[@class='fa fa-database']
Trying to click on: [[ChromeDriver: chrome on windows (ba5651dee3bc25f8df934b53b9ea07df)] -> xpath: //i[@class='fa fa-database']]
Clicked on: [[ChromeDriver: chrome on windows (ba5651dee3bc25f8df934b53b9ea07df)] -> xpath: //i[@class='fa fa-database']]
Trying to find Element By : By.xpath: //a[text()='User Types']
Found Element By : By.xpath: //a[text()='User Types']
Trying to click on: [[ChromeDriver: chrome on windows (ba5651dee3bc25f8df934b53b9ea07df)] -> xpath: //a[text()='User Types']]
Clicked on: [[ChromeDriver: chrome on windows (ba5651dee3bc25f8df934b53b9ea07df)] -> xpath: //a[text()='User Types']]
Trying to find Element By : By.xpath: //input[@class='form-control form-control-sm']
Found Element By : By.xpath: //input[@class='form-control form-control-sm']
Trying to find Element By : By.xpath: //i[@class='fa fa-trash-o']
Found Element By : By.xpath: //i[@class='fa fa-trash-o']
Trying to click on: [[ChromeDriver: chrome on windows (ba5651dee3bc25f8df934b53b9ea07df)] -> xpath: //i[@class='fa fa-trash-o']]
Clicked on: [[ChromeDriver: chrome on windows (ba5651dee3bc25f8df934b53b9ea07df)] -> xpath: //i[@class='fa fa-trash-o']]
Trying to find Element By : By.xpath: //button[@class='swal-button swal-button--no']
Found Element By : By.xpath: //button[@class='swal-button swal-button--no']
Trying to click on: [[ChromeDriver: chrome on windows (ba5651dee3bc25f8df934b53b9ea07df)] -> xpath: //button[@class='swal-button swal-button--no']]
Clicked on: [[ChromeDriver: chrome on windows (ba5651dee3bc25f8df934b53b9ea07df)] -> xpath: //button[@class='swal-button swal-button--no']]
Trying to find Element By : By.xpath: //div[@class='toast toast-error']
Found Element By : By.xpath: //div[@class='toast toast-error']
]]></system-out>
    <system-err><![CDATA[Nov 03, 2023 1:59:36 PM org.openqa.selenium.devtools.CdpVersionFinder findNearestMatch
WARNING: Unable to find an exact match for CDP version 118, so returning the closest version found: 115
]]></system-err>
  </testcase>
  <testcase name="VerifyDeleteButtonByClickingYesTest" classname="com.empire.qa.testcases.UserTypesPageTest" time="2.332">
    <system-out><![CDATA[Navigated to:'http://empirehome.myprojectsonline.co.in/'
Trying to find Element By : By.name: emailid
Found Element By : By.name: emailid
Trying to find Element By : By.id: pword
Found Element By : By.id: pword
Trying to find Element By : By.xpath: //button[text()='Login']
Found Element By : By.xpath: //button[text()='Login']
Trying to click on: [[ChromeDriver: chrome on windows (44f917b307b2aeb1859c3b4a8286765d)] -> xpath: //button[text()='Login']]
Clicked on: [[ChromeDriver: chrome on windows (44f917b307b2aeb1859c3b4a8286765d)] -> xpath: //button[text()='Login']]
Trying to find Element By : By.xpath: //i[@class='fa fa-database']
Found Element By : By.xpath: //i[@class='fa fa-database']
Trying to click on: [[ChromeDriver: chrome on windows (44f917b307b2aeb1859c3b4a8286765d)] -> xpath: //i[@class='fa fa-database']]
Clicked on: [[ChromeDriver: chrome on windows (44f917b307b2aeb1859c3b4a8286765d)] -> xpath: //i[@class='fa fa-database']]
Trying to find Element By : By.xpath: //a[text()='User Types']
Found Element By : By.xpath: //a[text()='User Types']
Trying to click on: [[ChromeDriver: chrome on windows (44f917b307b2aeb1859c3b4a8286765d)] -> xpath: //a[text()='User Types']]
Clicked on: [[ChromeDriver: chrome on windows (44f917b307b2aeb1859c3b4a8286765d)] -> xpath: //a[text()='User Types']]
Trying to find Element By : By.xpath: //input[@class='form-control form-control-sm']
Found Element By : By.xpath: //input[@class='form-control form-control-sm']
Trying to find Element By : By.xpath: //i[@class='fa fa-trash-o']
Found Element By : By.xpath: //i[@class='fa fa-trash-o']
Trying to click on: [[ChromeDriver: chrome on windows (44f917b307b2aeb1859c3b4a8286765d)] -> xpath: //i[@class='fa fa-trash-o']]
Clicked on: [[ChromeDriver: chrome on windows (44f917b307b2aeb1859c3b4a8286765d)] -> xpath: //i[@class='fa fa-trash-o']]
Trying to find Element By : By.xpath: //button[@class='swal-button swal-button--yes']
Found Element By : By.xpath: //button[@class='swal-button swal-button--yes']
Trying to click on: [[ChromeDriver: chrome on windows (44f917b307b2aeb1859c3b4a8286765d)] -> xpath: //button[@class='swal-button swal-button--yes']]
Clicked on: [[ChromeDriver: chrome on windows (44f917b307b2aeb1859c3b4a8286765d)] -> xpath: //button[@class='swal-button swal-button--yes']]
]]></system-out>
    <system-err><![CDATA[Nov 03, 2023 1:59:48 PM org.openqa.selenium.devtools.CdpVersionFinder findNearestMatch
WARNING: Unable to find an exact match for CDP version 118, so returning the closest version found: 115
]]></system-err>
  </testcase>
  <testcase name="VerifyBackBtnTest" classname="com.empire.qa.testcases.ConditionTypesPageTest" time="0.662">
    <system-out><![CDATA[Navigated to:'http://empirehome.myprojectsonline.co.in/'
Trying to find Element By : By.name: emailid
Found Element By : By.name: emailid
Trying to find Element By : By.id: pword
Found Element By : By.id: pword
Trying to find Element By : By.xpath: //button[text()='Login']
Found Element By : By.xpath: //button[text()='Login']
Trying to click on: [[ChromeDriver: chrome on windows (9b5435e15293043d3f47e5eb2c14972b)] -> xpath: //button[text()='Login']]
Clicked on: [[ChromeDriver: chrome on windows (9b5435e15293043d3f47e5eb2c14972b)] -> xpath: //button[text()='Login']]
Trying to find Element By : By.xpath: //i[@class='fa fa-database']
Found Element By : By.xpath: //i[@class='fa fa-database']
Trying to click on: [[ChromeDriver: chrome on windows (9b5435e15293043d3f47e5eb2c14972b)] -> xpath: //i[@class='fa fa-database']]
Clicked on: [[ChromeDriver: chrome on windows (9b5435e15293043d3f47e5eb2c14972b)] -> xpath: //i[@class='fa fa-database']]
Trying to find Element By : By.xpath: //a[text()='Condition']
Found Element By : By.xpath: //a[text()='Condition']
Trying to click on: [[ChromeDriver: chrome on windows (9b5435e15293043d3f47e5eb2c14972b)] -> xpath: //a[text()='Condition']]
Clicked on: [[ChromeDriver: chrome on windows (9b5435e15293043d3f47e5eb2c14972b)] -> xpath: //a[text()='Condition']]
Trying to find Element By : By.xpath: //i[@class='fa fa-reply mr-2']
Found Element By : By.xpath: //i[@class='fa fa-reply mr-2']
Trying to click on: [[ChromeDriver: chrome on windows (9b5435e15293043d3f47e5eb2c14972b)] -> xpath: //i[@class='fa fa-reply mr-2']]
Clicked on: [[ChromeDriver: chrome on windows (9b5435e15293043d3f47e5eb2c14972b)] -> xpath: //i[@class='fa fa-reply mr-2']]
]]></system-out>
    <system-err><![CDATA[Nov 03, 2023 2:00:00 PM org.openqa.selenium.devtools.CdpVersionFinder findNearestMatch
WARNING: Unable to find an exact match for CDP version 118, so returning the closest version found: 115
]]></system-err>
  </testcase>
  <testcase name="VerifyConditionNameSortingTest" classname="com.empire.qa.testcases.ConditionTypesPageTest" time="0.468">
    <system-out><![CDATA[Navigated to:'http://empirehome.myprojectsonline.co.in/'
Trying to find Element By : By.name: emailid
Found Element By : By.name: emailid
Trying to find Element By : By.id: pword
Found Element By : By.id: pword
Trying to find Element By : By.xpath: //button[text()='Login']
Found Element By : By.xpath: //button[text()='Login']
Trying to click on: [[ChromeDriver: chrome on windows (f9f0b09c6778421e6eca5013b3b6b44a)] -> xpath: //button[text()='Login']]
Clicked on: [[ChromeDriver: chrome on windows (f9f0b09c6778421e6eca5013b3b6b44a)] -> xpath: //button[text()='Login']]
Trying to find Element By : By.xpath: //i[@class='fa fa-database']
Found Element By : By.xpath: //i[@class='fa fa-database']
Trying to click on: [[ChromeDriver: chrome on windows (f9f0b09c6778421e6eca5013b3b6b44a)] -> xpath: //i[@class='fa fa-database']]
Clicked on: [[ChromeDriver: chrome on windows (f9f0b09c6778421e6eca5013b3b6b44a)] -> xpath: //i[@class='fa fa-database']]
Trying to find Element By : By.xpath: //a[text()='Condition']
Found Element By : By.xpath: //a[text()='Condition']
Trying to click on: [[ChromeDriver: chrome on windows (f9f0b09c6778421e6eca5013b3b6b44a)] -> xpath: //a[text()='Condition']]
Clicked on: [[ChromeDriver: chrome on windows (f9f0b09c6778421e6eca5013b3b6b44a)] -> xpath: //a[text()='Condition']]
Trying to find Element By : By.xpath: //th[@aria-label='ConditionName: activate to sort column ascending']
Found Element By : By.xpath: //th[@aria-label='ConditionName: activate to sort column ascending']
Trying to click on: [[ChromeDriver: chrome on windows (f9f0b09c6778421e6eca5013b3b6b44a)] -> xpath: //th[@aria-label='ConditionName: activate to sort column ascending']]
Clicked on: [[ChromeDriver: chrome on windows (f9f0b09c6778421e6eca5013b3b6b44a)] -> xpath: //th[@aria-label='ConditionName: activate to sort column ascending']]
]]></system-out>
    <system-err><![CDATA[Nov 03, 2023 2:00:09 PM org.openqa.selenium.devtools.CdpVersionFinder findNearestMatch
WARNING: Unable to find an exact match for CDP version 118, so returning the closest version found: 115
]]></system-err>
  </testcase>
  <testcase name="VerifyConditionTypesPageTitleTest" classname="com.empire.qa.testcases.ConditionTypesPageTest" time="0.011">
    <system-out><![CDATA[Navigated to:'http://empirehome.myprojectsonline.co.in/'
Trying to find Element By : By.name: emailid
Found Element By : By.name: emailid
Trying to find Element By : By.id: pword
Found Element By : By.id: pword
Trying to find Element By : By.xpath: //button[text()='Login']
Found Element By : By.xpath: //button[text()='Login']
Trying to click on: [[ChromeDriver: chrome on windows (c7bbe565161b74963d7c38468d751ffb)] -> xpath: //button[text()='Login']]
Clicked on: [[ChromeDriver: chrome on windows (c7bbe565161b74963d7c38468d751ffb)] -> xpath: //button[text()='Login']]
Trying to find Element By : By.xpath: //i[@class='fa fa-database']
Found Element By : By.xpath: //i[@class='fa fa-database']
Trying to click on: [[ChromeDriver: chrome on windows (c7bbe565161b74963d7c38468d751ffb)] -> xpath: //i[@class='fa fa-database']]
Clicked on: [[ChromeDriver: chrome on windows (c7bbe565161b74963d7c38468d751ffb)] -> xpath: //i[@class='fa fa-database']]
Trying to find Element By : By.xpath: //a[text()='Condition']
Found Element By : By.xpath: //a[text()='Condition']
Trying to click on: [[ChromeDriver: chrome on windows (c7bbe565161b74963d7c38468d751ffb)] -> xpath: //a[text()='Condition']]
Clicked on: [[ChromeDriver: chrome on windows (c7bbe565161b74963d7c38468d751ffb)] -> xpath: //a[text()='Condition']]
]]></system-out>
    <system-err><![CDATA[Nov 03, 2023 2:00:19 PM org.openqa.selenium.devtools.CdpVersionFinder findNearestMatch
WARNING: Unable to find an exact match for CDP version 118, so returning the closest version found: 115
]]></system-err>
  </testcase>
  <testcase name="VerifyNextPageBtnTest" classname="com.empire.qa.testcases.ConditionTypesPageTest" time="1.087">
    <system-out><![CDATA[Navigated to:'http://empirehome.myprojectsonline.co.in/'
Trying to find Element By : By.name: emailid
Found Element By : By.name: emailid
Trying to find Element By : By.id: pword
Found Element By : By.id: pword
Trying to find Element By : By.xpath: //button[text()='Login']
Found Element By : By.xpath: //button[text()='Login']
Trying to click on: [[ChromeDriver: chrome on windows (5a3eb938b07a2336fddbe220c3519cdc)] -> xpath: //button[text()='Login']]
Clicked on: [[ChromeDriver: chrome on windows (5a3eb938b07a2336fddbe220c3519cdc)] -> xpath: //button[text()='Login']]
Trying to find Element By : By.xpath: //i[@class='fa fa-database']
Found Element By : By.xpath: //i[@class='fa fa-database']
Trying to click on: [[ChromeDriver: chrome on windows (5a3eb938b07a2336fddbe220c3519cdc)] -> xpath: //i[@class='fa fa-database']]
Clicked on: [[ChromeDriver: chrome on windows (5a3eb938b07a2336fddbe220c3519cdc)] -> xpath: //i[@class='fa fa-database']]
Trying to find Element By : By.xpath: //a[text()='Condition']
Found Element By : By.xpath: //a[text()='Condition']
Trying to click on: [[ChromeDriver: chrome on windows (5a3eb938b07a2336fddbe220c3519cdc)] -> xpath: //a[text()='Condition']]
Clicked on: [[ChromeDriver: chrome on windows (5a3eb938b07a2336fddbe220c3519cdc)] -> xpath: //a[text()='Condition']]
Trying to find Element By : By.xpath: //a[normalize-space()='Next']
Found Element By : By.xpath: //a[normalize-space()='Next']
Trying to click on: [[ChromeDriver: chrome on windows (5a3eb938b07a2336fddbe220c3519cdc)] -> xpath: //a[normalize-space()='Next']]
Clicked on: [[ChromeDriver: chrome on windows (5a3eb938b07a2336fddbe220c3519cdc)] -> xpath: //a[normalize-space()='Next']]
]]></system-out>
    <system-err><![CDATA[Nov 03, 2023 2:00:28 PM org.openqa.selenium.devtools.CdpVersionFinder findNearestMatch
WARNING: Unable to find an exact match for CDP version 118, so returning the closest version found: 115
]]></system-err>
  </testcase>
  <testcase name="VerifyPage3BtnTest" classname="com.empire.qa.testcases.ConditionTypesPageTest" time="1.093">
    <system-out><![CDATA[Navigated to:'http://empirehome.myprojectsonline.co.in/'
Trying to find Element By : By.name: emailid
Found Element By : By.name: emailid
Trying to find Element By : By.id: pword
Found Element By : By.id: pword
Trying to find Element By : By.xpath: //button[text()='Login']
Found Element By : By.xpath: //button[text()='Login']
Trying to click on: [[ChromeDriver: chrome on windows (c604559b10a6548b69ce834a3d85eac7)] -> xpath: //button[text()='Login']]
Clicked on: [[ChromeDriver: chrome on windows (c604559b10a6548b69ce834a3d85eac7)] -> xpath: //button[text()='Login']]
Trying to find Element By : By.xpath: //i[@class='fa fa-database']
Found Element By : By.xpath: //i[@class='fa fa-database']
Trying to click on: [[ChromeDriver: chrome on windows (c604559b10a6548b69ce834a3d85eac7)] -> xpath: //i[@class='fa fa-database']]
Clicked on: [[ChromeDriver: chrome on windows (c604559b10a6548b69ce834a3d85eac7)] -> xpath: //i[@class='fa fa-database']]
Trying to find Element By : By.xpath: //a[text()='Condition']
Found Element By : By.xpath: //a[text()='Condition']
Trying to click on: [[ChromeDriver: chrome on windows (c604559b10a6548b69ce834a3d85eac7)] -> xpath: //a[text()='Condition']]
Clicked on: [[ChromeDriver: chrome on windows (c604559b10a6548b69ce834a3d85eac7)] -> xpath: //a[text()='Condition']]
Trying to find Element By : By.xpath: //a[normalize-space()='3']
Found Element By : By.xpath: //a[normalize-space()='3']
Trying to click on: [[ChromeDriver: chrome on windows (c604559b10a6548b69ce834a3d85eac7)] -> xpath: //a[normalize-space()='3']]
Clicked on: [[ChromeDriver: chrome on windows (c604559b10a6548b69ce834a3d85eac7)] -> xpath: //a[normalize-space()='3']]
]]></system-out>
    <system-err><![CDATA[Nov 03, 2023 2:00:39 PM org.openqa.selenium.devtools.CdpVersionFinder findNearestMatch
WARNING: Unable to find an exact match for CDP version 118, so returning the closest version found: 115
]]></system-err>
  </testcase>
  <testcase name="VerifyPreviousPageBtnTest" classname="com.empire.qa.testcases.ConditionTypesPageTest" time="1.175">
    <system-out><![CDATA[Navigated to:'http://empirehome.myprojectsonline.co.in/'
Trying to find Element By : By.name: emailid
Found Element By : By.name: emailid
Trying to find Element By : By.id: pword
Found Element By : By.id: pword
Trying to find Element By : By.xpath: //button[text()='Login']
Found Element By : By.xpath: //button[text()='Login']
Trying to click on: [[ChromeDriver: chrome on windows (7db25109adfa8f889ac14dbec69c4d57)] -> xpath: //button[text()='Login']]
Clicked on: [[ChromeDriver: chrome on windows (7db25109adfa8f889ac14dbec69c4d57)] -> xpath: //button[text()='Login']]
Trying to find Element By : By.xpath: //i[@class='fa fa-database']
Found Element By : By.xpath: //i[@class='fa fa-database']
Trying to click on: [[ChromeDriver: chrome on windows (7db25109adfa8f889ac14dbec69c4d57)] -> xpath: //i[@class='fa fa-database']]
Clicked on: [[ChromeDriver: chrome on windows (7db25109adfa8f889ac14dbec69c4d57)] -> xpath: //i[@class='fa fa-database']]
Trying to find Element By : By.xpath: //a[text()='Condition']
Found Element By : By.xpath: //a[text()='Condition']
Trying to click on: [[ChromeDriver: chrome on windows (7db25109adfa8f889ac14dbec69c4d57)] -> xpath: //a[text()='Condition']]
Clicked on: [[ChromeDriver: chrome on windows (7db25109adfa8f889ac14dbec69c4d57)] -> xpath: //a[text()='Condition']]
Trying to find Element By : By.xpath: //a[normalize-space()='Next']
Found Element By : By.xpath: //a[normalize-space()='Next']
Trying to click on: [[ChromeDriver: chrome on windows (7db25109adfa8f889ac14dbec69c4d57)] -> xpath: //a[normalize-space()='Next']]
Clicked on: [[ChromeDriver: chrome on windows (7db25109adfa8f889ac14dbec69c4d57)] -> xpath: //a[normalize-space()='Next']]
Trying to find Element By : By.xpath: //a[normalize-space()='Previous']
Found Element By : By.xpath: //a[normalize-space()='Previous']
Trying to click on: [[ChromeDriver: chrome on windows (7db25109adfa8f889ac14dbec69c4d57)] -> xpath: //a[normalize-space()='Previous']]
Clicked on: [[ChromeDriver: chrome on windows (7db25109adfa8f889ac14dbec69c4d57)] -> xpath: //a[normalize-space()='Previous']]
]]></system-out>
    <system-err><![CDATA[Nov 03, 2023 2:00:49 PM org.openqa.selenium.devtools.CdpVersionFinder findNearestMatch
WARNING: Unable to find an exact match for CDP version 118, so returning the closest version found: 115
]]></system-err>
  </testcase>
  <testcase name="VerifySearchTextFieldTest" classname="com.empire.qa.testcases.ConditionTypesPageTest" time="15.589">
    <system-out><![CDATA[Navigated to:'http://empirehome.myprojectsonline.co.in/'
Trying to find Element By : By.name: emailid
Found Element By : By.name: emailid
Trying to find Element By : By.id: pword
Found Element By : By.id: pword
Trying to find Element By : By.xpath: //button[text()='Login']
Found Element By : By.xpath: //button[text()='Login']
Trying to click on: [[ChromeDriver: chrome on windows (a3c7b1a5785976abdfcaaffd26778de8)] -> xpath: //button[text()='Login']]
Clicked on: [[ChromeDriver: chrome on windows (a3c7b1a5785976abdfcaaffd26778de8)] -> xpath: //button[text()='Login']]
Trying to find Element By : By.xpath: //i[@class='fa fa-database']
Found Element By : By.xpath: //i[@class='fa fa-database']
Trying to click on: [[ChromeDriver: chrome on windows (a3c7b1a5785976abdfcaaffd26778de8)] -> xpath: //i[@class='fa fa-database']]
Clicked on: [[ChromeDriver: chrome on windows (a3c7b1a5785976abdfcaaffd26778de8)] -> xpath: //i[@class='fa fa-database']]
Trying to find Element By : By.xpath: //a[text()='Condition']
Found Element By : By.xpath: //a[text()='Condition']
Trying to click on: [[ChromeDriver: chrome on windows (a3c7b1a5785976abdfcaaffd26778de8)] -> xpath: //a[text()='Condition']]
Clicked on: [[ChromeDriver: chrome on windows (a3c7b1a5785976abdfcaaffd26778de8)] -> xpath: //a[text()='Condition']]
Trying to find Element By : By.xpath: //input[@class='form-control form-control-sm']
Found Element By : By.xpath: //input[@class='form-control form-control-sm']
Trying to find Element By : By.xpath: //table[@id='mydatatable']
Found Element By : By.xpath: //table[@id='mydatatable']
Trying to find Element By : By.tagName: tr
Found Element By : By.tagName: tr
Trying to find Element By : By.tagName: td
Found Element By : By.tagName: td
Trying to find Element By : By.tagName: td
Found Element By : By.tagName: td
33	Good		Trying to find Element By : By.tagName: td
Found Element By : By.tagName: td
34	Very Good		Trying to find Element By : By.tagName: td
Found Element By : By.tagName: td
35	Good		Trying to find Element By : By.tagName: td
Found Element By : By.tagName: td
36	Very Good		Trying to find Element By : By.tagName: td
Found Element By : By.tagName: td
38	Very Good		Trying to find Element By : By.tagName: td
Found Element By : By.tagName: td
39	Good		Trying to find Element By : By.tagName: td
Found Element By : By.tagName: td
40	Good		Trying to find Element By : By.tagName: td
Found Element By : By.tagName: td
43	Good		Trying to find Element By : By.tagName: td
Found Element By : By.tagName: td
45	Good		Trying to find Element By : By.tagName: td
Found Element By : By.tagName: td
46	Very Good		]]></system-out>
    <system-err><![CDATA[Nov 03, 2023 2:00:59 PM org.openqa.selenium.devtools.CdpVersionFinder findNearestMatch
WARNING: Unable to find an exact match for CDP version 118, so returning the closest version found: 115











]]></system-err>
  </testcase>
  <testcase name="VerifySearchTextFieldWithInvalidDataTest" classname="com.empire.qa.testcases.ConditionTypesPageTest" time="0.232">
    <system-out><![CDATA[Navigated to:'http://empirehome.myprojectsonline.co.in/'
Trying to find Element By : By.name: emailid
Found Element By : By.name: emailid
Trying to find Element By : By.id: pword
Found Element By : By.id: pword
Trying to find Element By : By.xpath: //button[text()='Login']
Found Element By : By.xpath: //button[text()='Login']
Trying to click on: [[ChromeDriver: chrome on windows (88ff2fdadd4e04918abe330db0e8e763)] -> xpath: //button[text()='Login']]
Clicked on: [[ChromeDriver: chrome on windows (88ff2fdadd4e04918abe330db0e8e763)] -> xpath: //button[text()='Login']]
Trying to find Element By : By.xpath: //i[@class='fa fa-database']
Found Element By : By.xpath: //i[@class='fa fa-database']
Trying to click on: [[ChromeDriver: chrome on windows (88ff2fdadd4e04918abe330db0e8e763)] -> xpath: //i[@class='fa fa-database']]
Clicked on: [[ChromeDriver: chrome on windows (88ff2fdadd4e04918abe330db0e8e763)] -> xpath: //i[@class='fa fa-database']]
Trying to find Element By : By.xpath: //a[text()='Condition']
Found Element By : By.xpath: //a[text()='Condition']
Trying to click on: [[ChromeDriver: chrome on windows (88ff2fdadd4e04918abe330db0e8e763)] -> xpath: //a[text()='Condition']]
Clicked on: [[ChromeDriver: chrome on windows (88ff2fdadd4e04918abe330db0e8e763)] -> xpath: //a[text()='Condition']]
Trying to find Element By : By.xpath: //input[@class='form-control form-control-sm']
Found Element By : By.xpath: //input[@class='form-control form-control-sm']
Trying to find Element By : By.xpath: //td[text()='No matching records found']
Found Element By : By.xpath: //td[text()='No matching records found']
No matching records found
]]></system-out>
    <system-err><![CDATA[Nov 03, 2023 2:01:23 PM org.openqa.selenium.devtools.CdpVersionFinder findNearestMatch
WARNING: Unable to find an exact match for CDP version 118, so returning the closest version found: 115
]]></system-err>
  </testcase>
  <testcase name="VerifyShowEntriesDropdownTest" classname="com.empire.qa.testcases.ConditionTypesPageTest" time="0.209">
    <system-out><![CDATA[Navigated to:'http://empirehome.myprojectsonline.co.in/'
Trying to find Element By : By.name: emailid
Found Element By : By.name: emailid
Trying to find Element By : By.id: pword
Found Element By : By.id: pword
Trying to find Element By : By.xpath: //button[text()='Login']
Found Element By : By.xpath: //button[text()='Login']
Trying to click on: [[ChromeDriver: chrome on windows (83c3fe89f67b357a66e0c67c385c106e)] -> xpath: //button[text()='Login']]
Clicked on: [[ChromeDriver: chrome on windows (83c3fe89f67b357a66e0c67c385c106e)] -> xpath: //button[text()='Login']]
Trying to find Element By : By.xpath: //i[@class='fa fa-database']
Found Element By : By.xpath: //i[@class='fa fa-database']
Trying to click on: [[ChromeDriver: chrome on windows (83c3fe89f67b357a66e0c67c385c106e)] -> xpath: //i[@class='fa fa-database']]
Clicked on: [[ChromeDriver: chrome on windows (83c3fe89f67b357a66e0c67c385c106e)] -> xpath: //i[@class='fa fa-database']]
Trying to find Element By : By.xpath: //a[text()='Condition']
Found Element By : By.xpath: //a[text()='Condition']
Trying to click on: [[ChromeDriver: chrome on windows (83c3fe89f67b357a66e0c67c385c106e)] -> xpath: //a[text()='Condition']]
Clicked on: [[ChromeDriver: chrome on windows (83c3fe89f67b357a66e0c67c385c106e)] -> xpath: //a[text()='Condition']]
Trying to find Element By : By.xpath: //select[@name='mydatatable_length']
Found Element By : By.xpath: //select[@name='mydatatable_length']
Trying to find Element By : By.xpath: //select[@name='mydatatable_length']
Found Element By : By.xpath: //select[@name='mydatatable_length']
Trying to find Element By : By.xpath: //select[@name='mydatatable_length']
Found Element By : By.xpath: //select[@name='mydatatable_length']
Trying to find Element By : By.xpath: //select[@name='mydatatable_length']
Found Element By : By.xpath: //select[@name='mydatatable_length']
Trying to find Element By : By.xpath: .//option[normalize-space(.) = "25"]
Found Element By : By.xpath: .//option[normalize-space(.) = "25"]
Trying to click on: [[[[ChromeDriver: chrome on windows (83c3fe89f67b357a66e0c67c385c106e)] -> xpath: //select[@name='mydatatable_length']]] -> xpath: .//option[normalize-space(.) = "25"]]
Clicked on: [[[[ChromeDriver: chrome on windows (83c3fe89f67b357a66e0c67c385c106e)] -> xpath: //select[@name='mydatatable_length']]] -> xpath: .//option[normalize-space(.) = "25"]]
]]></system-out>
    <system-err><![CDATA[Nov 03, 2023 2:01:33 PM org.openqa.selenium.devtools.CdpVersionFinder findNearestMatch
WARNING: Unable to find an exact match for CDP version 118, so returning the closest version found: 115
]]></system-err>
  </testcase>
  <testcase name="VerifySnoSortingTest" classname="com.empire.qa.testcases.ConditionTypesPageTest" time="0.463">
    <system-out><![CDATA[Navigated to:'http://empirehome.myprojectsonline.co.in/'
Trying to find Element By : By.name: emailid
Found Element By : By.name: emailid
Trying to find Element By : By.id: pword
Found Element By : By.id: pword
Trying to find Element By : By.xpath: //button[text()='Login']
Found Element By : By.xpath: //button[text()='Login']
Trying to click on: [[ChromeDriver: chrome on windows (26fa3fa5d9a25f92955289736c5d9e94)] -> xpath: //button[text()='Login']]
Clicked on: [[ChromeDriver: chrome on windows (26fa3fa5d9a25f92955289736c5d9e94)] -> xpath: //button[text()='Login']]
Trying to find Element By : By.xpath: //i[@class='fa fa-database']
Found Element By : By.xpath: //i[@class='fa fa-database']
Trying to click on: [[ChromeDriver: chrome on windows (26fa3fa5d9a25f92955289736c5d9e94)] -> xpath: //i[@class='fa fa-database']]
Clicked on: [[ChromeDriver: chrome on windows (26fa3fa5d9a25f92955289736c5d9e94)] -> xpath: //i[@class='fa fa-database']]
Trying to find Element By : By.xpath: //a[text()='Condition']
Found Element By : By.xpath: //a[text()='Condition']
Trying to click on: [[ChromeDriver: chrome on windows (26fa3fa5d9a25f92955289736c5d9e94)] -> xpath: //a[text()='Condition']]
Clicked on: [[ChromeDriver: chrome on windows (26fa3fa5d9a25f92955289736c5d9e94)] -> xpath: //a[text()='Condition']]
Trying to find Element By : By.xpath: //th[@aria-label='#.: activate to sort column descending']
Found Element By : By.xpath: //th[@aria-label='#.: activate to sort column descending']
Trying to click on: [[ChromeDriver: chrome on windows (26fa3fa5d9a25f92955289736c5d9e94)] -> xpath: //th[@aria-label='#.: activate to sort column descending']]
Clicked on: [[ChromeDriver: chrome on windows (26fa3fa5d9a25f92955289736c5d9e94)] -> xpath: //th[@aria-label='#.: activate to sort column descending']]
]]></system-out>
    <system-err><![CDATA[Nov 03, 2023 2:01:42 PM org.openqa.selenium.devtools.CdpVersionFinder findNearestMatch
WARNING: Unable to find an exact match for CDP version 118, so returning the closest version found: 115
]]></system-err>
  </testcase>
  <testcase name="VerifyToTopArrowBtnTest" classname="com.empire.qa.testcases.ConditionTypesPageTest" time="0.42">
    <system-out><![CDATA[Navigated to:'http://empirehome.myprojectsonline.co.in/'
Trying to find Element By : By.name: emailid
Found Element By : By.name: emailid
Trying to find Element By : By.id: pword
Found Element By : By.id: pword
Trying to find Element By : By.xpath: //button[text()='Login']
Found Element By : By.xpath: //button[text()='Login']
Trying to click on: [[ChromeDriver: chrome on windows (62be7a39e15b9059c18a3c51b1679635)] -> xpath: //button[text()='Login']]
Clicked on: [[ChromeDriver: chrome on windows (62be7a39e15b9059c18a3c51b1679635)] -> xpath: //button[text()='Login']]
Trying to find Element By : By.xpath: //i[@class='fa fa-database']
Found Element By : By.xpath: //i[@class='fa fa-database']
Trying to click on: [[ChromeDriver: chrome on windows (62be7a39e15b9059c18a3c51b1679635)] -> xpath: //i[@class='fa fa-database']]
Clicked on: [[ChromeDriver: chrome on windows (62be7a39e15b9059c18a3c51b1679635)] -> xpath: //i[@class='fa fa-database']]
Trying to find Element By : By.xpath: //a[text()='Condition']
Found Element By : By.xpath: //a[text()='Condition']
Trying to click on: [[ChromeDriver: chrome on windows (62be7a39e15b9059c18a3c51b1679635)] -> xpath: //a[text()='Condition']]
Clicked on: [[ChromeDriver: chrome on windows (62be7a39e15b9059c18a3c51b1679635)] -> xpath: //a[text()='Condition']]
Trying to find Element By : By.xpath: //span[@class='ti-arrow-up']
Found Element By : By.xpath: //span[@class='ti-arrow-up']
Trying to click on: [[ChromeDriver: chrome on windows (62be7a39e15b9059c18a3c51b1679635)] -> xpath: //span[@class='ti-arrow-up']]
Clicked on: [[ChromeDriver: chrome on windows (62be7a39e15b9059c18a3c51b1679635)] -> xpath: //span[@class='ti-arrow-up']]
]]></system-out>
    <system-err><![CDATA[Nov 03, 2023 2:01:51 PM org.openqa.selenium.devtools.CdpVersionFinder findNearestMatch
WARNING: Unable to find an exact match for CDP version 118, so returning the closest version found: 115
]]></system-err>
  </testcase>
  <testcase name="VerifyaddNewConditionwithInvalidLocationNameTest" classname="com.empire.qa.testcases.ConditionTypesPageTest" time="2.536">
    <system-out><![CDATA[Navigated to:'http://empirehome.myprojectsonline.co.in/'
Trying to find Element By : By.name: emailid
Found Element By : By.name: emailid
Trying to find Element By : By.id: pword
Found Element By : By.id: pword
Trying to find Element By : By.xpath: //button[text()='Login']
Found Element By : By.xpath: //button[text()='Login']
Trying to click on: [[ChromeDriver: chrome on windows (56bd27648df4c21f9493bbf3449670de)] -> xpath: //button[text()='Login']]
Clicked on: [[ChromeDriver: chrome on windows (56bd27648df4c21f9493bbf3449670de)] -> xpath: //button[text()='Login']]
Trying to find Element By : By.xpath: //i[@class='fa fa-database']
Found Element By : By.xpath: //i[@class='fa fa-database']
Trying to click on: [[ChromeDriver: chrome on windows (56bd27648df4c21f9493bbf3449670de)] -> xpath: //i[@class='fa fa-database']]
Clicked on: [[ChromeDriver: chrome on windows (56bd27648df4c21f9493bbf3449670de)] -> xpath: //i[@class='fa fa-database']]
Trying to find Element By : By.xpath: //a[text()='Condition']
Found Element By : By.xpath: //a[text()='Condition']
Trying to click on: [[ChromeDriver: chrome on windows (56bd27648df4c21f9493bbf3449670de)] -> xpath: //a[text()='Condition']]
Clicked on: [[ChromeDriver: chrome on windows (56bd27648df4c21f9493bbf3449670de)] -> xpath: //a[text()='Condition']]
Trying to find Element By : By.xpath: //i[@class='fa fa-plus']
Found Element By : By.xpath: //i[@class='fa fa-plus']
Trying to click on: [[ChromeDriver: chrome on windows (56bd27648df4c21f9493bbf3449670de)] -> xpath: //i[@class='fa fa-plus']]
Clicked on: [[ChromeDriver: chrome on windows (56bd27648df4c21f9493bbf3449670de)] -> xpath: //i[@class='fa fa-plus']]
Trying to find Element By : By.xpath: //input[@id='ConditionName']
Found Element By : By.xpath: //input[@id='ConditionName']
Trying to find Element By : By.xpath: //button[text()=' Save']
Found Element By : By.xpath: //button[text()=' Save']
Trying to click on: [[ChromeDriver: chrome on windows (56bd27648df4c21f9493bbf3449670de)] -> xpath: //button[text()=' Save']]
Clicked on: [[ChromeDriver: chrome on windows (56bd27648df4c21f9493bbf3449670de)] -> xpath: //button[text()=' Save']]
]]></system-out>
    <system-err><![CDATA[Nov 03, 2023 2:02:01 PM org.openqa.selenium.devtools.CdpVersionFinder findNearestMatch
WARNING: Unable to find an exact match for CDP version 118, so returning the closest version found: 115
]]></system-err>
  </testcase>
  <testcase name="VerifyaddNewConditionwithoutDataTest" classname="com.empire.qa.testcases.ConditionTypesPageTest" time="2.337">
    <system-out><![CDATA[Navigated to:'http://empirehome.myprojectsonline.co.in/'
Trying to find Element By : By.name: emailid
Found Element By : By.name: emailid
Trying to find Element By : By.id: pword
Found Element By : By.id: pword
Trying to find Element By : By.xpath: //button[text()='Login']
Found Element By : By.xpath: //button[text()='Login']
Trying to click on: [[ChromeDriver: chrome on windows (48e819b984a1e3dc087f1325ebb0ae9b)] -> xpath: //button[text()='Login']]
Clicked on: [[ChromeDriver: chrome on windows (48e819b984a1e3dc087f1325ebb0ae9b)] -> xpath: //button[text()='Login']]
Trying to find Element By : By.xpath: //i[@class='fa fa-database']
Found Element By : By.xpath: //i[@class='fa fa-database']
Trying to click on: [[ChromeDriver: chrome on windows (48e819b984a1e3dc087f1325ebb0ae9b)] -> xpath: //i[@class='fa fa-database']]
Clicked on: [[ChromeDriver: chrome on windows (48e819b984a1e3dc087f1325ebb0ae9b)] -> xpath: //i[@class='fa fa-database']]
Trying to find Element By : By.xpath: //a[text()='Condition']
Found Element By : By.xpath: //a[text()='Condition']
Trying to click on: [[ChromeDriver: chrome on windows (48e819b984a1e3dc087f1325ebb0ae9b)] -> xpath: //a[text()='Condition']]
Clicked on: [[ChromeDriver: chrome on windows (48e819b984a1e3dc087f1325ebb0ae9b)] -> xpath: //a[text()='Condition']]
Trying to find Element By : By.xpath: //i[@class='fa fa-plus']
Found Element By : By.xpath: //i[@class='fa fa-plus']
Trying to click on: [[ChromeDriver: chrome on windows (48e819b984a1e3dc087f1325ebb0ae9b)] -> xpath: //i[@class='fa fa-plus']]
Clicked on: [[ChromeDriver: chrome on windows (48e819b984a1e3dc087f1325ebb0ae9b)] -> xpath: //i[@class='fa fa-plus']]
Trying to find Element By : By.xpath: //button[text()=' Save']
Found Element By : By.xpath: //button[text()=' Save']
Trying to click on: [[ChromeDriver: chrome on windows (48e819b984a1e3dc087f1325ebb0ae9b)] -> xpath: //button[text()=' Save']]
Clicked on: [[ChromeDriver: chrome on windows (48e819b984a1e3dc087f1325ebb0ae9b)] -> xpath: //button[text()=' Save']]
]]></system-out>
    <system-err><![CDATA[Nov 03, 2023 2:02:12 PM org.openqa.selenium.devtools.CdpVersionFinder findNearestMatch
WARNING: Unable to find an exact match for CDP version 118, so returning the closest version found: 115
]]></system-err>
  </testcase>
  <testcase name="VerifyaddNewConditionwithValidDataTest" classname="com.empire.qa.testcases.ConditionTypesPageTest" time="2.549">
    <system-out><![CDATA[Navigated to:'http://empirehome.myprojectsonline.co.in/'
Trying to find Element By : By.name: emailid
Found Element By : By.name: emailid
Trying to find Element By : By.id: pword
Found Element By : By.id: pword
Trying to find Element By : By.xpath: //button[text()='Login']
Found Element By : By.xpath: //button[text()='Login']
Trying to click on: [[ChromeDriver: chrome on windows (ce4fec6c59731a8a5c4d52dad66e010a)] -> xpath: //button[text()='Login']]
Clicked on: [[ChromeDriver: chrome on windows (ce4fec6c59731a8a5c4d52dad66e010a)] -> xpath: //button[text()='Login']]
Trying to find Element By : By.xpath: //i[@class='fa fa-database']
Found Element By : By.xpath: //i[@class='fa fa-database']
Trying to click on: [[ChromeDriver: chrome on windows (ce4fec6c59731a8a5c4d52dad66e010a)] -> xpath: //i[@class='fa fa-database']]
Clicked on: [[ChromeDriver: chrome on windows (ce4fec6c59731a8a5c4d52dad66e010a)] -> xpath: //i[@class='fa fa-database']]
Trying to find Element By : By.xpath: //a[text()='Condition']
Found Element By : By.xpath: //a[text()='Condition']
Trying to click on: [[ChromeDriver: chrome on windows (ce4fec6c59731a8a5c4d52dad66e010a)] -> xpath: //a[text()='Condition']]
Clicked on: [[ChromeDriver: chrome on windows (ce4fec6c59731a8a5c4d52dad66e010a)] -> xpath: //a[text()='Condition']]
Trying to find Element By : By.xpath: //i[@class='fa fa-plus']
Found Element By : By.xpath: //i[@class='fa fa-plus']
Trying to click on: [[ChromeDriver: chrome on windows (ce4fec6c59731a8a5c4d52dad66e010a)] -> xpath: //i[@class='fa fa-plus']]
Clicked on: [[ChromeDriver: chrome on windows (ce4fec6c59731a8a5c4d52dad66e010a)] -> xpath: //i[@class='fa fa-plus']]
Trying to find Element By : By.xpath: //input[@id='ConditionName']
Found Element By : By.xpath: //input[@id='ConditionName']
Trying to find Element By : By.xpath: //button[text()=' Save']
Found Element By : By.xpath: //button[text()=' Save']
Trying to click on: [[ChromeDriver: chrome on windows (ce4fec6c59731a8a5c4d52dad66e010a)] -> xpath: //button[text()=' Save']]
Clicked on: [[ChromeDriver: chrome on windows (ce4fec6c59731a8a5c4d52dad66e010a)] -> xpath: //button[text()=' Save']]
]]></system-out>
    <system-err><![CDATA[Nov 03, 2023 2:02:24 PM org.openqa.selenium.devtools.CdpVersionFinder findNearestMatch
WARNING: Unable to find an exact match for CDP version 118, so returning the closest version found: 115
]]></system-err>
  </testcase>
  <testcase name="VerifyEditButtonBySearchConditionNameTest" classname="com.empire.qa.testcases.ConditionTypesPageTest" time="3.401">
    <system-out><![CDATA[Navigated to:'http://empirehome.myprojectsonline.co.in/'
Trying to find Element By : By.name: emailid
Found Element By : By.name: emailid
Trying to find Element By : By.id: pword
Found Element By : By.id: pword
Trying to find Element By : By.xpath: //button[text()='Login']
Found Element By : By.xpath: //button[text()='Login']
Trying to click on: [[ChromeDriver: chrome on windows (dbd18d75aa13a9cb11bf6ce4982f1c76)] -> xpath: //button[text()='Login']]
Clicked on: [[ChromeDriver: chrome on windows (dbd18d75aa13a9cb11bf6ce4982f1c76)] -> xpath: //button[text()='Login']]
Trying to find Element By : By.xpath: //i[@class='fa fa-database']
Found Element By : By.xpath: //i[@class='fa fa-database']
Trying to click on: [[ChromeDriver: chrome on windows (dbd18d75aa13a9cb11bf6ce4982f1c76)] -> xpath: //i[@class='fa fa-database']]
Clicked on: [[ChromeDriver: chrome on windows (dbd18d75aa13a9cb11bf6ce4982f1c76)] -> xpath: //i[@class='fa fa-database']]
Trying to find Element By : By.xpath: //a[text()='Condition']
Found Element By : By.xpath: //a[text()='Condition']
Trying to click on: [[ChromeDriver: chrome on windows (dbd18d75aa13a9cb11bf6ce4982f1c76)] -> xpath: //a[text()='Condition']]
Clicked on: [[ChromeDriver: chrome on windows (dbd18d75aa13a9cb11bf6ce4982f1c76)] -> xpath: //a[text()='Condition']]
Trying to find Element By : By.xpath: //input[@class='form-control form-control-sm']
Found Element By : By.xpath: //input[@class='form-control form-control-sm']
Trying to find Element By : By.xpath: //i[@class='fa fa-pencil']
Found Element By : By.xpath: //i[@class='fa fa-pencil']
Trying to click on: [[ChromeDriver: chrome on windows (dbd18d75aa13a9cb11bf6ce4982f1c76)] -> xpath: //i[@class='fa fa-pencil']]
Clicked on: [[ChromeDriver: chrome on windows (dbd18d75aa13a9cb11bf6ce4982f1c76)] -> xpath: //i[@class='fa fa-pencil']]
Trying to find Element By : By.xpath: //input[@id='ConditionName']
Found Element By : By.xpath: //input[@id='ConditionName']
Trying to find Element By : By.xpath: //input[@id='ConditionName']
Found Element By : By.xpath: //input[@id='ConditionName']
Trying to find Element By : By.xpath: //button[text()=' Save']
Found Element By : By.xpath: //button[text()=' Save']
Trying to click on: [[ChromeDriver: chrome on windows (dbd18d75aa13a9cb11bf6ce4982f1c76)] -> xpath: //button[text()=' Save']]
Clicked on: [[ChromeDriver: chrome on windows (dbd18d75aa13a9cb11bf6ce4982f1c76)] -> xpath: //button[text()=' Save']]
]]></system-out>
    <system-err><![CDATA[Nov 03, 2023 2:02:36 PM org.openqa.selenium.devtools.CdpVersionFinder findNearestMatch
WARNING: Unable to find an exact match for CDP version 118, so returning the closest version found: 115
]]></system-err>
  </testcase>
  <testcase name="VerifyDeleteButtonBySearchConditionNameTest" classname="com.empire.qa.testcases.ConditionTypesPageTest" time="2.456">
    <system-out><![CDATA[Navigated to:'http://empirehome.myprojectsonline.co.in/'
Trying to find Element By : By.name: emailid
Found Element By : By.name: emailid
Trying to find Element By : By.id: pword
Found Element By : By.id: pword
Trying to find Element By : By.xpath: //button[text()='Login']
Found Element By : By.xpath: //button[text()='Login']
Trying to click on: [[ChromeDriver: chrome on windows (65f5d901f288805f550d9099a65b355b)] -> xpath: //button[text()='Login']]
Clicked on: [[ChromeDriver: chrome on windows (65f5d901f288805f550d9099a65b355b)] -> xpath: //button[text()='Login']]
Trying to find Element By : By.xpath: //i[@class='fa fa-database']
Found Element By : By.xpath: //i[@class='fa fa-database']
Trying to click on: [[ChromeDriver: chrome on windows (65f5d901f288805f550d9099a65b355b)] -> xpath: //i[@class='fa fa-database']]
Clicked on: [[ChromeDriver: chrome on windows (65f5d901f288805f550d9099a65b355b)] -> xpath: //i[@class='fa fa-database']]
Trying to find Element By : By.xpath: //a[text()='Condition']
Found Element By : By.xpath: //a[text()='Condition']
Trying to click on: [[ChromeDriver: chrome on windows (65f5d901f288805f550d9099a65b355b)] -> xpath: //a[text()='Condition']]
Clicked on: [[ChromeDriver: chrome on windows (65f5d901f288805f550d9099a65b355b)] -> xpath: //a[text()='Condition']]
Trying to find Element By : By.xpath: //input[@class='form-control form-control-sm']
Found Element By : By.xpath: //input[@class='form-control form-control-sm']
Trying to find Element By : By.xpath: //i[@class='fa fa-trash-o']
Found Element By : By.xpath: //i[@class='fa fa-trash-o']
Trying to click on: [[ChromeDriver: chrome on windows (65f5d901f288805f550d9099a65b355b)] -> xpath: //i[@class='fa fa-trash-o']]
Clicked on: [[ChromeDriver: chrome on windows (65f5d901f288805f550d9099a65b355b)] -> xpath: //i[@class='fa fa-trash-o']]
Trying to find Element By : By.xpath: //button[@class='swal-button swal-button--no']
Found Element By : By.xpath: //button[@class='swal-button swal-button--no']
Trying to click on: [[ChromeDriver: chrome on windows (65f5d901f288805f550d9099a65b355b)] -> xpath: //button[@class='swal-button swal-button--no']]
Clicked on: [[ChromeDriver: chrome on windows (65f5d901f288805f550d9099a65b355b)] -> xpath: //button[@class='swal-button swal-button--no']]
Trying to find Element By : By.xpath: //div[@class='toast toast-error']
Found Element By : By.xpath: //div[@class='toast toast-error']
]]></system-out>
    <system-err><![CDATA[Nov 03, 2023 2:02:48 PM org.openqa.selenium.devtools.CdpVersionFinder findNearestMatch
WARNING: Unable to find an exact match for CDP version 118, so returning the closest version found: 115
]]></system-err>
  </testcase>
  <testcase name="VerifyDeleteButtonByClickingYesTest" classname="com.empire.qa.testcases.ConditionTypesPageTest" time="2.362">
    <system-out><![CDATA[Navigated to:'http://empirehome.myprojectsonline.co.in/'
Trying to find Element By : By.name: emailid
Found Element By : By.name: emailid
Trying to find Element By : By.id: pword
Found Element By : By.id: pword
Trying to find Element By : By.xpath: //button[text()='Login']
Found Element By : By.xpath: //button[text()='Login']
Trying to click on: [[ChromeDriver: chrome on windows (74dd1114020f78d9ec5e49f10b0c7611)] -> xpath: //button[text()='Login']]
Clicked on: [[ChromeDriver: chrome on windows (74dd1114020f78d9ec5e49f10b0c7611)] -> xpath: //button[text()='Login']]
Trying to find Element By : By.xpath: //i[@class='fa fa-database']
Found Element By : By.xpath: //i[@class='fa fa-database']
Trying to click on: [[ChromeDriver: chrome on windows (74dd1114020f78d9ec5e49f10b0c7611)] -> xpath: //i[@class='fa fa-database']]
Clicked on: [[ChromeDriver: chrome on windows (74dd1114020f78d9ec5e49f10b0c7611)] -> xpath: //i[@class='fa fa-database']]
Trying to find Element By : By.xpath: //a[text()='Condition']
Found Element By : By.xpath: //a[text()='Condition']
Trying to click on: [[ChromeDriver: chrome on windows (74dd1114020f78d9ec5e49f10b0c7611)] -> xpath: //a[text()='Condition']]
Clicked on: [[ChromeDriver: chrome on windows (74dd1114020f78d9ec5e49f10b0c7611)] -> xpath: //a[text()='Condition']]
Trying to find Element By : By.xpath: //input[@class='form-control form-control-sm']
Found Element By : By.xpath: //input[@class='form-control form-control-sm']
Trying to find Element By : By.xpath: //i[@class='fa fa-trash-o']
Found Element By : By.xpath: //i[@class='fa fa-trash-o']
Trying to click on: [[ChromeDriver: chrome on windows (74dd1114020f78d9ec5e49f10b0c7611)] -> xpath: //i[@class='fa fa-trash-o']]
Clicked on: [[ChromeDriver: chrome on windows (74dd1114020f78d9ec5e49f10b0c7611)] -> xpath: //i[@class='fa fa-trash-o']]
Trying to find Element By : By.xpath: //button[@class='swal-button swal-button--yes']
Found Element By : By.xpath: //button[@class='swal-button swal-button--yes']
Trying to click on: [[ChromeDriver: chrome on windows (74dd1114020f78d9ec5e49f10b0c7611)] -> xpath: //button[@class='swal-button swal-button--yes']]
Clicked on: [[ChromeDriver: chrome on windows (74dd1114020f78d9ec5e49f10b0c7611)] -> xpath: //button[@class='swal-button swal-button--yes']]
]]></system-out>
    <system-err><![CDATA[Nov 03, 2023 2:03:00 PM org.openqa.selenium.devtools.CdpVersionFinder findNearestMatch
WARNING: Unable to find an exact match for CDP version 118, so returning the closest version found: 115
]]></system-err>
  </testcase>
  <testcase name="VerifyBackBtnTest" classname="com.empire.qa.testcases.InventoryStatusPageTest" time="0.727">
    <system-out><![CDATA[Navigated to:'http://empirehome.myprojectsonline.co.in/'
Trying to find Element By : By.name: emailid
Found Element By : By.name: emailid
Trying to find Element By : By.id: pword
Found Element By : By.id: pword
Trying to find Element By : By.xpath: //button[text()='Login']
Found Element By : By.xpath: //button[text()='Login']
Trying to click on: [[ChromeDriver: chrome on windows (6aaded515cf68e8527ad6618f0791023)] -> xpath: //button[text()='Login']]
Clicked on: [[ChromeDriver: chrome on windows (6aaded515cf68e8527ad6618f0791023)] -> xpath: //button[text()='Login']]
Trying to find Element By : By.xpath: //i[@class='fa fa-database']
Found Element By : By.xpath: //i[@class='fa fa-database']
Trying to click on: [[ChromeDriver: chrome on windows (6aaded515cf68e8527ad6618f0791023)] -> xpath: //i[@class='fa fa-database']]
Clicked on: [[ChromeDriver: chrome on windows (6aaded515cf68e8527ad6618f0791023)] -> xpath: //i[@class='fa fa-database']]
Trying to find Element By : By.xpath: //a[text()='Inventory Status']
Found Element By : By.xpath: //a[text()='Inventory Status']
Trying to click on: [[ChromeDriver: chrome on windows (6aaded515cf68e8527ad6618f0791023)] -> xpath: //a[text()='Inventory Status']]
Clicked on: [[ChromeDriver: chrome on windows (6aaded515cf68e8527ad6618f0791023)] -> xpath: //a[text()='Inventory Status']]
Trying to find Element By : By.xpath: //i[@class='fa fa-reply mr-2']
Found Element By : By.xpath: //i[@class='fa fa-reply mr-2']
Trying to click on: [[ChromeDriver: chrome on windows (6aaded515cf68e8527ad6618f0791023)] -> xpath: //i[@class='fa fa-reply mr-2']]
Clicked on: [[ChromeDriver: chrome on windows (6aaded515cf68e8527ad6618f0791023)] -> xpath: //i[@class='fa fa-reply mr-2']]
]]></system-out>
    <system-err><![CDATA[Nov 03, 2023 2:03:11 PM org.openqa.selenium.devtools.CdpVersionFinder findNearestMatch
WARNING: Unable to find an exact match for CDP version 118, so returning the closest version found: 115
]]></system-err>
  </testcase>
  <testcase name="VerifyNextPageBtnTest" classname="com.empire.qa.testcases.InventoryStatusPageTest" time="0.496">
    <system-out><![CDATA[Navigated to:'http://empirehome.myprojectsonline.co.in/'
Trying to find Element By : By.name: emailid
Found Element By : By.name: emailid
Trying to find Element By : By.id: pword
Found Element By : By.id: pword
Trying to find Element By : By.xpath: //button[text()='Login']
Found Element By : By.xpath: //button[text()='Login']
Trying to click on: [[ChromeDriver: chrome on windows (db421d551cce435067bee4904dd0be4e)] -> xpath: //button[text()='Login']]
Clicked on: [[ChromeDriver: chrome on windows (db421d551cce435067bee4904dd0be4e)] -> xpath: //button[text()='Login']]
Trying to find Element By : By.xpath: //i[@class='fa fa-database']
Found Element By : By.xpath: //i[@class='fa fa-database']
Trying to click on: [[ChromeDriver: chrome on windows (db421d551cce435067bee4904dd0be4e)] -> xpath: //i[@class='fa fa-database']]
Clicked on: [[ChromeDriver: chrome on windows (db421d551cce435067bee4904dd0be4e)] -> xpath: //i[@class='fa fa-database']]
Trying to find Element By : By.xpath: //a[text()='Inventory Status']
Found Element By : By.xpath: //a[text()='Inventory Status']
Trying to click on: [[ChromeDriver: chrome on windows (db421d551cce435067bee4904dd0be4e)] -> xpath: //a[text()='Inventory Status']]
Clicked on: [[ChromeDriver: chrome on windows (db421d551cce435067bee4904dd0be4e)] -> xpath: //a[text()='Inventory Status']]
Trying to find Element By : By.xpath: //a[normalize-space()='Next']
Found Element By : By.xpath: //a[normalize-space()='Next']
Trying to click on: [[ChromeDriver: chrome on windows (db421d551cce435067bee4904dd0be4e)] -> xpath: //a[normalize-space()='Next']]
Clicked on: [[ChromeDriver: chrome on windows (db421d551cce435067bee4904dd0be4e)] -> xpath: //a[normalize-space()='Next']]
]]></system-out>
    <system-err><![CDATA[Nov 03, 2023 2:03:21 PM org.openqa.selenium.devtools.CdpVersionFinder findNearestMatch
WARNING: Unable to find an exact match for CDP version 118, so returning the closest version found: 115
]]></system-err>
  </testcase>
  <testcase name="VerifyPage3BtnTest" classname="com.empire.qa.testcases.InventoryStatusPageTest" time="0.524">
    <system-out><![CDATA[Navigated to:'http://empirehome.myprojectsonline.co.in/'
Trying to find Element By : By.name: emailid
Found Element By : By.name: emailid
Trying to find Element By : By.id: pword
Found Element By : By.id: pword
Trying to find Element By : By.xpath: //button[text()='Login']
Found Element By : By.xpath: //button[text()='Login']
Trying to click on: [[ChromeDriver: chrome on windows (86e47a54ebbcb976e58b0cb48ae3b56b)] -> xpath: //button[text()='Login']]
Clicked on: [[ChromeDriver: chrome on windows (86e47a54ebbcb976e58b0cb48ae3b56b)] -> xpath: //button[text()='Login']]
Trying to find Element By : By.xpath: //i[@class='fa fa-database']
Found Element By : By.xpath: //i[@class='fa fa-database']
Trying to click on: [[ChromeDriver: chrome on windows (86e47a54ebbcb976e58b0cb48ae3b56b)] -> xpath: //i[@class='fa fa-database']]
Clicked on: [[ChromeDriver: chrome on windows (86e47a54ebbcb976e58b0cb48ae3b56b)] -> xpath: //i[@class='fa fa-database']]
Trying to find Element By : By.xpath: //a[text()='Inventory Status']
Found Element By : By.xpath: //a[text()='Inventory Status']
Trying to click on: [[ChromeDriver: chrome on windows (86e47a54ebbcb976e58b0cb48ae3b56b)] -> xpath: //a[text()='Inventory Status']]
Clicked on: [[ChromeDriver: chrome on windows (86e47a54ebbcb976e58b0cb48ae3b56b)] -> xpath: //a[text()='Inventory Status']]
Trying to find Element By : By.xpath: //a[normalize-space()='3']
Found Element By : By.xpath: //a[normalize-space()='3']
Trying to click on: [[ChromeDriver: chrome on windows (86e47a54ebbcb976e58b0cb48ae3b56b)] -> xpath: //a[normalize-space()='3']]
Clicked on: [[ChromeDriver: chrome on windows (86e47a54ebbcb976e58b0cb48ae3b56b)] -> xpath: //a[normalize-space()='3']]
]]></system-out>
    <system-err><![CDATA[Nov 03, 2023 2:03:31 PM org.openqa.selenium.devtools.CdpVersionFinder findNearestMatch
WARNING: Unable to find an exact match for CDP version 118, so returning the closest version found: 115
]]></system-err>
  </testcase>
  <testcase name="VerifyPreviousPageBtnTest" classname="com.empire.qa.testcases.InventoryStatusPageTest" time="0.581">
    <system-out><![CDATA[Navigated to:'http://empirehome.myprojectsonline.co.in/'
Trying to find Element By : By.name: emailid
Found Element By : By.name: emailid
Trying to find Element By : By.id: pword
Found Element By : By.id: pword
Trying to find Element By : By.xpath: //button[text()='Login']
Found Element By : By.xpath: //button[text()='Login']
Trying to click on: [[ChromeDriver: chrome on windows (36da3dffa82fa20c44d31245943aeef1)] -> xpath: //button[text()='Login']]
Clicked on: [[ChromeDriver: chrome on windows (36da3dffa82fa20c44d31245943aeef1)] -> xpath: //button[text()='Login']]
Trying to find Element By : By.xpath: //i[@class='fa fa-database']
Found Element By : By.xpath: //i[@class='fa fa-database']
Trying to click on: [[ChromeDriver: chrome on windows (36da3dffa82fa20c44d31245943aeef1)] -> xpath: //i[@class='fa fa-database']]
Clicked on: [[ChromeDriver: chrome on windows (36da3dffa82fa20c44d31245943aeef1)] -> xpath: //i[@class='fa fa-database']]
Trying to find Element By : By.xpath: //a[text()='Inventory Status']
Found Element By : By.xpath: //a[text()='Inventory Status']
Trying to click on: [[ChromeDriver: chrome on windows (36da3dffa82fa20c44d31245943aeef1)] -> xpath: //a[text()='Inventory Status']]
Clicked on: [[ChromeDriver: chrome on windows (36da3dffa82fa20c44d31245943aeef1)] -> xpath: //a[text()='Inventory Status']]
Trying to find Element By : By.xpath: //a[normalize-space()='Next']
Found Element By : By.xpath: //a[normalize-space()='Next']
Trying to click on: [[ChromeDriver: chrome on windows (36da3dffa82fa20c44d31245943aeef1)] -> xpath: //a[normalize-space()='Next']]
Clicked on: [[ChromeDriver: chrome on windows (36da3dffa82fa20c44d31245943aeef1)] -> xpath: //a[normalize-space()='Next']]
Trying to find Element By : By.xpath: //a[normalize-space()='Previous']
Found Element By : By.xpath: //a[normalize-space()='Previous']
Trying to click on: [[ChromeDriver: chrome on windows (36da3dffa82fa20c44d31245943aeef1)] -> xpath: //a[normalize-space()='Previous']]
Clicked on: [[ChromeDriver: chrome on windows (36da3dffa82fa20c44d31245943aeef1)] -> xpath: //a[normalize-space()='Previous']]
]]></system-out>
    <system-err><![CDATA[Nov 03, 2023 2:03:40 PM org.openqa.selenium.devtools.CdpVersionFinder findNearestMatch
WARNING: Unable to find an exact match for CDP version 118, so returning the closest version found: 115
]]></system-err>
  </testcase>
  <testcase name="VerifySearchTextFieldTest" classname="com.empire.qa.testcases.InventoryStatusPageTest" time="15.306">
    <system-out><![CDATA[Navigated to:'http://empirehome.myprojectsonline.co.in/'
Trying to find Element By : By.name: emailid
Found Element By : By.name: emailid
Trying to find Element By : By.id: pword
Found Element By : By.id: pword
Trying to find Element By : By.xpath: //button[text()='Login']
Found Element By : By.xpath: //button[text()='Login']
Trying to click on: [[ChromeDriver: chrome on windows (b181257087169aa6bbeb1895742d58f5)] -> xpath: //button[text()='Login']]
Clicked on: [[ChromeDriver: chrome on windows (b181257087169aa6bbeb1895742d58f5)] -> xpath: //button[text()='Login']]
Trying to find Element By : By.xpath: //i[@class='fa fa-database']
Found Element By : By.xpath: //i[@class='fa fa-database']
Trying to click on: [[ChromeDriver: chrome on windows (b181257087169aa6bbeb1895742d58f5)] -> xpath: //i[@class='fa fa-database']]
Clicked on: [[ChromeDriver: chrome on windows (b181257087169aa6bbeb1895742d58f5)] -> xpath: //i[@class='fa fa-database']]
Trying to find Element By : By.xpath: //a[text()='Inventory Status']
Found Element By : By.xpath: //a[text()='Inventory Status']
Trying to click on: [[ChromeDriver: chrome on windows (b181257087169aa6bbeb1895742d58f5)] -> xpath: //a[text()='Inventory Status']]
Clicked on: [[ChromeDriver: chrome on windows (b181257087169aa6bbeb1895742d58f5)] -> xpath: //a[text()='Inventory Status']]
Trying to find Element By : By.xpath: //input[@class='form-control form-control-sm']
Found Element By : By.xpath: //input[@class='form-control form-control-sm']
Trying to find Element By : By.xpath: //table[@id='mydatatable']
Found Element By : By.xpath: //table[@id='mydatatable']
Trying to find Element By : By.tagName: tr
Found Element By : By.tagName: tr
Trying to find Element By : By.tagName: td
Found Element By : By.tagName: td
Trying to find Element By : By.tagName: td
Found Element By : By.tagName: td
27	good		Trying to find Element By : By.tagName: td
Found Element By : By.tagName: td
56	very good		]]></system-out>
    <system-err><![CDATA[Nov 03, 2023 2:03:50 PM org.openqa.selenium.devtools.CdpVersionFinder findNearestMatch
WARNING: Unable to find an exact match for CDP version 118, so returning the closest version found: 115



]]></system-err>
  </testcase>
  <testcase name="VerifySearchTextFieldWithInvalidDataTest" classname="com.empire.qa.testcases.InventoryStatusPageTest" time="0.198">
    <system-out><![CDATA[Navigated to:'http://empirehome.myprojectsonline.co.in/'
Trying to find Element By : By.name: emailid
Found Element By : By.name: emailid
Trying to find Element By : By.id: pword
Found Element By : By.id: pword
Trying to find Element By : By.xpath: //button[text()='Login']
Found Element By : By.xpath: //button[text()='Login']
Trying to click on: [[ChromeDriver: chrome on windows (402ef9ece3effc54f0494f0007114576)] -> xpath: //button[text()='Login']]
Clicked on: [[ChromeDriver: chrome on windows (402ef9ece3effc54f0494f0007114576)] -> xpath: //button[text()='Login']]
Trying to find Element By : By.xpath: //i[@class='fa fa-database']
Found Element By : By.xpath: //i[@class='fa fa-database']
Trying to click on: [[ChromeDriver: chrome on windows (402ef9ece3effc54f0494f0007114576)] -> xpath: //i[@class='fa fa-database']]
Clicked on: [[ChromeDriver: chrome on windows (402ef9ece3effc54f0494f0007114576)] -> xpath: //i[@class='fa fa-database']]
Trying to find Element By : By.xpath: //a[text()='Inventory Status']
Found Element By : By.xpath: //a[text()='Inventory Status']
Trying to click on: [[ChromeDriver: chrome on windows (402ef9ece3effc54f0494f0007114576)] -> xpath: //a[text()='Inventory Status']]
Clicked on: [[ChromeDriver: chrome on windows (402ef9ece3effc54f0494f0007114576)] -> xpath: //a[text()='Inventory Status']]
Trying to find Element By : By.xpath: //input[@class='form-control form-control-sm']
Found Element By : By.xpath: //input[@class='form-control form-control-sm']
Trying to find Element By : By.xpath: //td[text()='No matching records found']
Found Element By : By.xpath: //td[text()='No matching records found']
No matching records found
]]></system-out>
    <system-err><![CDATA[Nov 03, 2023 2:04:14 PM org.openqa.selenium.devtools.CdpVersionFinder findNearestMatch
WARNING: Unable to find an exact match for CDP version 118, so returning the closest version found: 115
]]></system-err>
  </testcase>
  <testcase name="VerifyShowEntriesDropdownTest" classname="com.empire.qa.testcases.InventoryStatusPageTest" time="0.211">
    <system-out><![CDATA[Navigated to:'http://empirehome.myprojectsonline.co.in/'
Trying to find Element By : By.name: emailid
Found Element By : By.name: emailid
Trying to find Element By : By.id: pword
Found Element By : By.id: pword
Trying to find Element By : By.xpath: //button[text()='Login']
Found Element By : By.xpath: //button[text()='Login']
Trying to click on: [[ChromeDriver: chrome on windows (660da648f15fa48f49d7e9ab95116ca8)] -> xpath: //button[text()='Login']]
Clicked on: [[ChromeDriver: chrome on windows (660da648f15fa48f49d7e9ab95116ca8)] -> xpath: //button[text()='Login']]
Trying to find Element By : By.xpath: //i[@class='fa fa-database']
Found Element By : By.xpath: //i[@class='fa fa-database']
Trying to click on: [[ChromeDriver: chrome on windows (660da648f15fa48f49d7e9ab95116ca8)] -> xpath: //i[@class='fa fa-database']]
Clicked on: [[ChromeDriver: chrome on windows (660da648f15fa48f49d7e9ab95116ca8)] -> xpath: //i[@class='fa fa-database']]
Trying to find Element By : By.xpath: //a[text()='Inventory Status']
Found Element By : By.xpath: //a[text()='Inventory Status']
Trying to click on: [[ChromeDriver: chrome on windows (660da648f15fa48f49d7e9ab95116ca8)] -> xpath: //a[text()='Inventory Status']]
Clicked on: [[ChromeDriver: chrome on windows (660da648f15fa48f49d7e9ab95116ca8)] -> xpath: //a[text()='Inventory Status']]
Trying to find Element By : By.xpath: //select[@name='mydatatable_length']
Found Element By : By.xpath: //select[@name='mydatatable_length']
Trying to find Element By : By.xpath: //select[@name='mydatatable_length']
Found Element By : By.xpath: //select[@name='mydatatable_length']
Trying to find Element By : By.xpath: //select[@name='mydatatable_length']
Found Element By : By.xpath: //select[@name='mydatatable_length']
Trying to find Element By : By.xpath: //select[@name='mydatatable_length']
Found Element By : By.xpath: //select[@name='mydatatable_length']
Trying to find Element By : By.xpath: .//option[normalize-space(.) = "25"]
Found Element By : By.xpath: .//option[normalize-space(.) = "25"]
Trying to click on: [[[[ChromeDriver: chrome on windows (660da648f15fa48f49d7e9ab95116ca8)] -> xpath: //select[@name='mydatatable_length']]] -> xpath: .//option[normalize-space(.) = "25"]]
Clicked on: [[[[ChromeDriver: chrome on windows (660da648f15fa48f49d7e9ab95116ca8)] -> xpath: //select[@name='mydatatable_length']]] -> xpath: .//option[normalize-space(.) = "25"]]
]]></system-out>
    <system-err><![CDATA[Nov 03, 2023 2:04:24 PM org.openqa.selenium.devtools.CdpVersionFinder findNearestMatch
WARNING: Unable to find an exact match for CDP version 118, so returning the closest version found: 115
]]></system-err>
  </testcase>
  <testcase name="VerifySnoSortingTest" classname="com.empire.qa.testcases.InventoryStatusPageTest" time="0.438">
    <system-out><![CDATA[Navigated to:'http://empirehome.myprojectsonline.co.in/'
Trying to find Element By : By.name: emailid
Found Element By : By.name: emailid
Trying to find Element By : By.id: pword
Found Element By : By.id: pword
Trying to find Element By : By.xpath: //button[text()='Login']
Found Element By : By.xpath: //button[text()='Login']
Trying to click on: [[ChromeDriver: chrome on windows (0396b034335fadd90e92ea4256d2ba73)] -> xpath: //button[text()='Login']]
Clicked on: [[ChromeDriver: chrome on windows (0396b034335fadd90e92ea4256d2ba73)] -> xpath: //button[text()='Login']]
Trying to find Element By : By.xpath: //i[@class='fa fa-database']
Found Element By : By.xpath: //i[@class='fa fa-database']
Trying to click on: [[ChromeDriver: chrome on windows (0396b034335fadd90e92ea4256d2ba73)] -> xpath: //i[@class='fa fa-database']]
Clicked on: [[ChromeDriver: chrome on windows (0396b034335fadd90e92ea4256d2ba73)] -> xpath: //i[@class='fa fa-database']]
Trying to find Element By : By.xpath: //a[text()='Inventory Status']
Found Element By : By.xpath: //a[text()='Inventory Status']
Trying to click on: [[ChromeDriver: chrome on windows (0396b034335fadd90e92ea4256d2ba73)] -> xpath: //a[text()='Inventory Status']]
Clicked on: [[ChromeDriver: chrome on windows (0396b034335fadd90e92ea4256d2ba73)] -> xpath: //a[text()='Inventory Status']]
Trying to find Element By : By.xpath: //th[@aria-label='#.: activate to sort column descending']
Found Element By : By.xpath: //th[@aria-label='#.: activate to sort column descending']
Trying to click on: [[ChromeDriver: chrome on windows (0396b034335fadd90e92ea4256d2ba73)] -> xpath: //th[@aria-label='#.: activate to sort column descending']]
Clicked on: [[ChromeDriver: chrome on windows (0396b034335fadd90e92ea4256d2ba73)] -> xpath: //th[@aria-label='#.: activate to sort column descending']]
]]></system-out>
    <system-err><![CDATA[Nov 03, 2023 2:04:33 PM org.openqa.selenium.devtools.CdpVersionFinder findNearestMatch
WARNING: Unable to find an exact match for CDP version 118, so returning the closest version found: 115
]]></system-err>
  </testcase>
  <testcase name="VerifyStatusNameSortingTest" classname="com.empire.qa.testcases.InventoryStatusPageTest" time="0.464">
    <system-out><![CDATA[Navigated to:'http://empirehome.myprojectsonline.co.in/'
Trying to find Element By : By.name: emailid
Found Element By : By.name: emailid
Trying to find Element By : By.id: pword
Found Element By : By.id: pword
Trying to find Element By : By.xpath: //button[text()='Login']
Found Element By : By.xpath: //button[text()='Login']
Trying to click on: [[ChromeDriver: chrome on windows (75051841dfef164a703274934d206cca)] -> xpath: //button[text()='Login']]
Clicked on: [[ChromeDriver: chrome on windows (75051841dfef164a703274934d206cca)] -> xpath: //button[text()='Login']]
Trying to find Element By : By.xpath: //i[@class='fa fa-database']
Found Element By : By.xpath: //i[@class='fa fa-database']
Trying to click on: [[ChromeDriver: chrome on windows (75051841dfef164a703274934d206cca)] -> xpath: //i[@class='fa fa-database']]
Clicked on: [[ChromeDriver: chrome on windows (75051841dfef164a703274934d206cca)] -> xpath: //i[@class='fa fa-database']]
Trying to find Element By : By.xpath: //a[text()='Inventory Status']
Found Element By : By.xpath: //a[text()='Inventory Status']
Trying to click on: [[ChromeDriver: chrome on windows (75051841dfef164a703274934d206cca)] -> xpath: //a[text()='Inventory Status']]
Clicked on: [[ChromeDriver: chrome on windows (75051841dfef164a703274934d206cca)] -> xpath: //a[text()='Inventory Status']]
Trying to find Element By : By.xpath: //th[@aria-label='Status Name: activate to sort column ascending']
Found Element By : By.xpath: //th[@aria-label='Status Name: activate to sort column ascending']
Trying to click on: [[ChromeDriver: chrome on windows (75051841dfef164a703274934d206cca)] -> xpath: //th[@aria-label='Status Name: activate to sort column ascending']]
Clicked on: [[ChromeDriver: chrome on windows (75051841dfef164a703274934d206cca)] -> xpath: //th[@aria-label='Status Name: activate to sort column ascending']]
]]></system-out>
    <system-err><![CDATA[Nov 03, 2023 2:04:43 PM org.openqa.selenium.devtools.CdpVersionFinder findNearestMatch
WARNING: Unable to find an exact match for CDP version 118, so returning the closest version found: 115
]]></system-err>
  </testcase>
  <testcase name="VerifyToTopArrowBtnTest" classname="com.empire.qa.testcases.InventoryStatusPageTest" time="0.433">
    <system-out><![CDATA[Navigated to:'http://empirehome.myprojectsonline.co.in/'
Trying to find Element By : By.name: emailid
Found Element By : By.name: emailid
Trying to find Element By : By.id: pword
Found Element By : By.id: pword
Trying to find Element By : By.xpath: //button[text()='Login']
Found Element By : By.xpath: //button[text()='Login']
Trying to click on: [[ChromeDriver: chrome on windows (9aeab3e39259e161f84b7495bc478b33)] -> xpath: //button[text()='Login']]
Clicked on: [[ChromeDriver: chrome on windows (9aeab3e39259e161f84b7495bc478b33)] -> xpath: //button[text()='Login']]
Trying to find Element By : By.xpath: //i[@class='fa fa-database']
Found Element By : By.xpath: //i[@class='fa fa-database']
Trying to click on: [[ChromeDriver: chrome on windows (9aeab3e39259e161f84b7495bc478b33)] -> xpath: //i[@class='fa fa-database']]
Clicked on: [[ChromeDriver: chrome on windows (9aeab3e39259e161f84b7495bc478b33)] -> xpath: //i[@class='fa fa-database']]
Trying to find Element By : By.xpath: //a[text()='Inventory Status']
Found Element By : By.xpath: //a[text()='Inventory Status']
Trying to click on: [[ChromeDriver: chrome on windows (9aeab3e39259e161f84b7495bc478b33)] -> xpath: //a[text()='Inventory Status']]
Clicked on: [[ChromeDriver: chrome on windows (9aeab3e39259e161f84b7495bc478b33)] -> xpath: //a[text()='Inventory Status']]
Trying to find Element By : By.xpath: //span[@class='ti-arrow-up']
Found Element By : By.xpath: //span[@class='ti-arrow-up']
Trying to click on: [[ChromeDriver: chrome on windows (9aeab3e39259e161f84b7495bc478b33)] -> xpath: //span[@class='ti-arrow-up']]
Clicked on: [[ChromeDriver: chrome on windows (9aeab3e39259e161f84b7495bc478b33)] -> xpath: //span[@class='ti-arrow-up']]
]]></system-out>
    <system-err><![CDATA[Nov 03, 2023 2:04:52 PM org.openqa.selenium.devtools.CdpVersionFinder findNearestMatch
WARNING: Unable to find an exact match for CDP version 118, so returning the closest version found: 115
]]></system-err>
  </testcase>
  <testcase name="VerifyaddNewStatusTypewithInvalidLocationNameTest" classname="com.empire.qa.testcases.InventoryStatusPageTest" time="2.487">
    <system-out><![CDATA[Navigated to:'http://empirehome.myprojectsonline.co.in/'
Trying to find Element By : By.name: emailid
Found Element By : By.name: emailid
Trying to find Element By : By.id: pword
Found Element By : By.id: pword
Trying to find Element By : By.xpath: //button[text()='Login']
Found Element By : By.xpath: //button[text()='Login']
Trying to click on: [[ChromeDriver: chrome on windows (a529dede75a4911a8aa2e77ef5f83a7f)] -> xpath: //button[text()='Login']]
Clicked on: [[ChromeDriver: chrome on windows (a529dede75a4911a8aa2e77ef5f83a7f)] -> xpath: //button[text()='Login']]
Trying to find Element By : By.xpath: //i[@class='fa fa-database']
Found Element By : By.xpath: //i[@class='fa fa-database']
Trying to click on: [[ChromeDriver: chrome on windows (a529dede75a4911a8aa2e77ef5f83a7f)] -> xpath: //i[@class='fa fa-database']]
Clicked on: [[ChromeDriver: chrome on windows (a529dede75a4911a8aa2e77ef5f83a7f)] -> xpath: //i[@class='fa fa-database']]
Trying to find Element By : By.xpath: //a[text()='Inventory Status']
Found Element By : By.xpath: //a[text()='Inventory Status']
Trying to click on: [[ChromeDriver: chrome on windows (a529dede75a4911a8aa2e77ef5f83a7f)] -> xpath: //a[text()='Inventory Status']]
Clicked on: [[ChromeDriver: chrome on windows (a529dede75a4911a8aa2e77ef5f83a7f)] -> xpath: //a[text()='Inventory Status']]
Trying to find Element By : By.xpath: //i[@class='fa fa-plus']
Found Element By : By.xpath: //i[@class='fa fa-plus']
Trying to click on: [[ChromeDriver: chrome on windows (a529dede75a4911a8aa2e77ef5f83a7f)] -> xpath: //i[@class='fa fa-plus']]
Clicked on: [[ChromeDriver: chrome on windows (a529dede75a4911a8aa2e77ef5f83a7f)] -> xpath: //i[@class='fa fa-plus']]
Trying to find Element By : By.xpath: //input[@id='StatusName']
Found Element By : By.xpath: //input[@id='StatusName']
Trying to find Element By : By.xpath: //button[text()=' Save']
Found Element By : By.xpath: //button[text()=' Save']
Trying to click on: [[ChromeDriver: chrome on windows (a529dede75a4911a8aa2e77ef5f83a7f)] -> xpath: //button[text()=' Save']]
Clicked on: [[ChromeDriver: chrome on windows (a529dede75a4911a8aa2e77ef5f83a7f)] -> xpath: //button[text()=' Save']]
]]></system-out>
    <system-err><![CDATA[Nov 03, 2023 2:05:02 PM org.openqa.selenium.devtools.CdpVersionFinder findNearestMatch
WARNING: Unable to find an exact match for CDP version 118, so returning the closest version found: 115
]]></system-err>
  </testcase>
  <testcase name="VerifyaddStatusTypewithoutDataTest" classname="com.empire.qa.testcases.InventoryStatusPageTest" time="2.381">
    <system-out><![CDATA[Navigated to:'http://empirehome.myprojectsonline.co.in/'
Trying to find Element By : By.name: emailid
Found Element By : By.name: emailid
Trying to find Element By : By.id: pword
Found Element By : By.id: pword
Trying to find Element By : By.xpath: //button[text()='Login']
Found Element By : By.xpath: //button[text()='Login']
Trying to click on: [[ChromeDriver: chrome on windows (e5af8accf67f7db9c6866f8881b66896)] -> xpath: //button[text()='Login']]
Clicked on: [[ChromeDriver: chrome on windows (e5af8accf67f7db9c6866f8881b66896)] -> xpath: //button[text()='Login']]
Trying to find Element By : By.xpath: //i[@class='fa fa-database']
Found Element By : By.xpath: //i[@class='fa fa-database']
Trying to click on: [[ChromeDriver: chrome on windows (e5af8accf67f7db9c6866f8881b66896)] -> xpath: //i[@class='fa fa-database']]
Clicked on: [[ChromeDriver: chrome on windows (e5af8accf67f7db9c6866f8881b66896)] -> xpath: //i[@class='fa fa-database']]
Trying to find Element By : By.xpath: //a[text()='Inventory Status']
Found Element By : By.xpath: //a[text()='Inventory Status']
Trying to click on: [[ChromeDriver: chrome on windows (e5af8accf67f7db9c6866f8881b66896)] -> xpath: //a[text()='Inventory Status']]
Clicked on: [[ChromeDriver: chrome on windows (e5af8accf67f7db9c6866f8881b66896)] -> xpath: //a[text()='Inventory Status']]
Trying to find Element By : By.xpath: //i[@class='fa fa-plus']
Found Element By : By.xpath: //i[@class='fa fa-plus']
Trying to click on: [[ChromeDriver: chrome on windows (e5af8accf67f7db9c6866f8881b66896)] -> xpath: //i[@class='fa fa-plus']]
Clicked on: [[ChromeDriver: chrome on windows (e5af8accf67f7db9c6866f8881b66896)] -> xpath: //i[@class='fa fa-plus']]
Trying to find Element By : By.xpath: //button[text()=' Save']
Found Element By : By.xpath: //button[text()=' Save']
Trying to click on: [[ChromeDriver: chrome on windows (e5af8accf67f7db9c6866f8881b66896)] -> xpath: //button[text()=' Save']]
Clicked on: [[ChromeDriver: chrome on windows (e5af8accf67f7db9c6866f8881b66896)] -> xpath: //button[text()=' Save']]
]]></system-out>
    <system-err><![CDATA[Nov 03, 2023 2:05:14 PM org.openqa.selenium.devtools.CdpVersionFinder findNearestMatch
WARNING: Unable to find an exact match for CDP version 118, so returning the closest version found: 115
]]></system-err>
  </testcase>
  <testcase name="VerifyinventorystatuspageTitleTest" classname="com.empire.qa.testcases.InventoryStatusPageTest" time="0.018">
    <system-out><![CDATA[Navigated to:'http://empirehome.myprojectsonline.co.in/'
Trying to find Element By : By.name: emailid
Found Element By : By.name: emailid
Trying to find Element By : By.id: pword
Found Element By : By.id: pword
Trying to find Element By : By.xpath: //button[text()='Login']
Found Element By : By.xpath: //button[text()='Login']
Trying to click on: [[ChromeDriver: chrome on windows (8e0c08b47ada7067b62e7c2f49d26a29)] -> xpath: //button[text()='Login']]
Clicked on: [[ChromeDriver: chrome on windows (8e0c08b47ada7067b62e7c2f49d26a29)] -> xpath: //button[text()='Login']]
Trying to find Element By : By.xpath: //i[@class='fa fa-database']
Found Element By : By.xpath: //i[@class='fa fa-database']
Trying to click on: [[ChromeDriver: chrome on windows (8e0c08b47ada7067b62e7c2f49d26a29)] -> xpath: //i[@class='fa fa-database']]
Clicked on: [[ChromeDriver: chrome on windows (8e0c08b47ada7067b62e7c2f49d26a29)] -> xpath: //i[@class='fa fa-database']]
Trying to find Element By : By.xpath: //a[text()='Inventory Status']
Found Element By : By.xpath: //a[text()='Inventory Status']
Trying to click on: [[ChromeDriver: chrome on windows (8e0c08b47ada7067b62e7c2f49d26a29)] -> xpath: //a[text()='Inventory Status']]
Clicked on: [[ChromeDriver: chrome on windows (8e0c08b47ada7067b62e7c2f49d26a29)] -> xpath: //a[text()='Inventory Status']]
]]></system-out>
    <system-err><![CDATA[Nov 03, 2023 2:05:25 PM org.openqa.selenium.devtools.CdpVersionFinder findNearestMatch
WARNING: Unable to find an exact match for CDP version 118, so returning the closest version found: 115
]]></system-err>
  </testcase>
  <testcase name="VerifyaddStatusTypewithValidDataTest" classname="com.empire.qa.testcases.InventoryStatusPageTest" time="2.463">
    <system-out><![CDATA[Navigated to:'http://empirehome.myprojectsonline.co.in/'
Trying to find Element By : By.name: emailid
Found Element By : By.name: emailid
Trying to find Element By : By.id: pword
Found Element By : By.id: pword
Trying to find Element By : By.xpath: //button[text()='Login']
Found Element By : By.xpath: //button[text()='Login']
Trying to click on: [[ChromeDriver: chrome on windows (20a3d2df06fb1cbad9734e7053adfab2)] -> xpath: //button[text()='Login']]
Clicked on: [[ChromeDriver: chrome on windows (20a3d2df06fb1cbad9734e7053adfab2)] -> xpath: //button[text()='Login']]
Trying to find Element By : By.xpath: //i[@class='fa fa-database']
Found Element By : By.xpath: //i[@class='fa fa-database']
Trying to click on: [[ChromeDriver: chrome on windows (20a3d2df06fb1cbad9734e7053adfab2)] -> xpath: //i[@class='fa fa-database']]
Clicked on: [[ChromeDriver: chrome on windows (20a3d2df06fb1cbad9734e7053adfab2)] -> xpath: //i[@class='fa fa-database']]
Trying to find Element By : By.xpath: //a[text()='Inventory Status']
Found Element By : By.xpath: //a[text()='Inventory Status']
Trying to click on: [[ChromeDriver: chrome on windows (20a3d2df06fb1cbad9734e7053adfab2)] -> xpath: //a[text()='Inventory Status']]
Clicked on: [[ChromeDriver: chrome on windows (20a3d2df06fb1cbad9734e7053adfab2)] -> xpath: //a[text()='Inventory Status']]
Trying to find Element By : By.xpath: //i[@class='fa fa-plus']
Found Element By : By.xpath: //i[@class='fa fa-plus']
Trying to click on: [[ChromeDriver: chrome on windows (20a3d2df06fb1cbad9734e7053adfab2)] -> xpath: //i[@class='fa fa-plus']]
Clicked on: [[ChromeDriver: chrome on windows (20a3d2df06fb1cbad9734e7053adfab2)] -> xpath: //i[@class='fa fa-plus']]
Trying to find Element By : By.xpath: //input[@id='StatusName']
Found Element By : By.xpath: //input[@id='StatusName']
Trying to find Element By : By.xpath: //button[text()=' Save']
Found Element By : By.xpath: //button[text()=' Save']
Trying to click on: [[ChromeDriver: chrome on windows (20a3d2df06fb1cbad9734e7053adfab2)] -> xpath: //button[text()=' Save']]
Clicked on: [[ChromeDriver: chrome on windows (20a3d2df06fb1cbad9734e7053adfab2)] -> xpath: //button[text()=' Save']]
]]></system-out>
    <system-err><![CDATA[Nov 03, 2023 2:05:34 PM org.openqa.selenium.devtools.CdpVersionFinder findNearestMatch
WARNING: Unable to find an exact match for CDP version 118, so returning the closest version found: 115
]]></system-err>
  </testcase>
  <testcase name="VerifyEditButtonBySearchStatusNameTest" classname="com.empire.qa.testcases.InventoryStatusPageTest" time="3.515">
    <system-out><![CDATA[Navigated to:'http://empirehome.myprojectsonline.co.in/'
Trying to find Element By : By.name: emailid
Found Element By : By.name: emailid
Trying to find Element By : By.id: pword
Found Element By : By.id: pword
Trying to find Element By : By.xpath: //button[text()='Login']
Found Element By : By.xpath: //button[text()='Login']
Trying to click on: [[ChromeDriver: chrome on windows (353b4ccbf01a9f0b30ccc97deb387d2f)] -> xpath: //button[text()='Login']]
Clicked on: [[ChromeDriver: chrome on windows (353b4ccbf01a9f0b30ccc97deb387d2f)] -> xpath: //button[text()='Login']]
Trying to find Element By : By.xpath: //i[@class='fa fa-database']
Found Element By : By.xpath: //i[@class='fa fa-database']
Trying to click on: [[ChromeDriver: chrome on windows (353b4ccbf01a9f0b30ccc97deb387d2f)] -> xpath: //i[@class='fa fa-database']]
Clicked on: [[ChromeDriver: chrome on windows (353b4ccbf01a9f0b30ccc97deb387d2f)] -> xpath: //i[@class='fa fa-database']]
Trying to find Element By : By.xpath: //a[text()='Inventory Status']
Found Element By : By.xpath: //a[text()='Inventory Status']
Trying to click on: [[ChromeDriver: chrome on windows (353b4ccbf01a9f0b30ccc97deb387d2f)] -> xpath: //a[text()='Inventory Status']]
Clicked on: [[ChromeDriver: chrome on windows (353b4ccbf01a9f0b30ccc97deb387d2f)] -> xpath: //a[text()='Inventory Status']]
Trying to find Element By : By.xpath: //input[@class='form-control form-control-sm']
Found Element By : By.xpath: //input[@class='form-control form-control-sm']
Trying to find Element By : By.xpath: //i[@class='fa fa-pencil']
Found Element By : By.xpath: //i[@class='fa fa-pencil']
Trying to click on: [[ChromeDriver: chrome on windows (353b4ccbf01a9f0b30ccc97deb387d2f)] -> xpath: //i[@class='fa fa-pencil']]
Clicked on: [[ChromeDriver: chrome on windows (353b4ccbf01a9f0b30ccc97deb387d2f)] -> xpath: //i[@class='fa fa-pencil']]
Trying to find Element By : By.xpath: //input[@id='StatusName']
Found Element By : By.xpath: //input[@id='StatusName']
Trying to find Element By : By.xpath: //input[@id='StatusName']
Found Element By : By.xpath: //input[@id='StatusName']
Trying to find Element By : By.xpath: //button[text()=' Save']
Found Element By : By.xpath: //button[text()=' Save']
Trying to click on: [[ChromeDriver: chrome on windows (353b4ccbf01a9f0b30ccc97deb387d2f)] -> xpath: //button[text()=' Save']]
Clicked on: [[ChromeDriver: chrome on windows (353b4ccbf01a9f0b30ccc97deb387d2f)] -> xpath: //button[text()=' Save']]
]]></system-out>
    <system-err><![CDATA[Nov 03, 2023 2:05:46 PM org.openqa.selenium.devtools.CdpVersionFinder findNearestMatch
WARNING: Unable to find an exact match for CDP version 118, so returning the closest version found: 115
]]></system-err>
  </testcase>
  <testcase name="VerifyDeleteButtonBySearchStatusNameTest" classname="com.empire.qa.testcases.InventoryStatusPageTest" time="2.376">
    <system-out><![CDATA[Navigated to:'http://empirehome.myprojectsonline.co.in/'
Trying to find Element By : By.name: emailid
Found Element By : By.name: emailid
Trying to find Element By : By.id: pword
Found Element By : By.id: pword
Trying to find Element By : By.xpath: //button[text()='Login']
Found Element By : By.xpath: //button[text()='Login']
Trying to click on: [[ChromeDriver: chrome on windows (392d1a99c8430aea78f4c99c76e0b249)] -> xpath: //button[text()='Login']]
Clicked on: [[ChromeDriver: chrome on windows (392d1a99c8430aea78f4c99c76e0b249)] -> xpath: //button[text()='Login']]
Trying to find Element By : By.xpath: //i[@class='fa fa-database']
Found Element By : By.xpath: //i[@class='fa fa-database']
Trying to click on: [[ChromeDriver: chrome on windows (392d1a99c8430aea78f4c99c76e0b249)] -> xpath: //i[@class='fa fa-database']]
Clicked on: [[ChromeDriver: chrome on windows (392d1a99c8430aea78f4c99c76e0b249)] -> xpath: //i[@class='fa fa-database']]
Trying to find Element By : By.xpath: //a[text()='Inventory Status']
Found Element By : By.xpath: //a[text()='Inventory Status']
Trying to click on: [[ChromeDriver: chrome on windows (392d1a99c8430aea78f4c99c76e0b249)] -> xpath: //a[text()='Inventory Status']]
Clicked on: [[ChromeDriver: chrome on windows (392d1a99c8430aea78f4c99c76e0b249)] -> xpath: //a[text()='Inventory Status']]
Trying to find Element By : By.xpath: //input[@class='form-control form-control-sm']
Found Element By : By.xpath: //input[@class='form-control form-control-sm']
Trying to find Element By : By.xpath: //i[@class='fa fa-trash-o']
Found Element By : By.xpath: //i[@class='fa fa-trash-o']
Trying to click on: [[ChromeDriver: chrome on windows (392d1a99c8430aea78f4c99c76e0b249)] -> xpath: //i[@class='fa fa-trash-o']]
Clicked on: [[ChromeDriver: chrome on windows (392d1a99c8430aea78f4c99c76e0b249)] -> xpath: //i[@class='fa fa-trash-o']]
Trying to find Element By : By.xpath: //button[@class='swal-button swal-button--no']
Found Element By : By.xpath: //button[@class='swal-button swal-button--no']
Trying to click on: [[ChromeDriver: chrome on windows (392d1a99c8430aea78f4c99c76e0b249)] -> xpath: //button[@class='swal-button swal-button--no']]
Clicked on: [[ChromeDriver: chrome on windows (392d1a99c8430aea78f4c99c76e0b249)] -> xpath: //button[@class='swal-button swal-button--no']]
Trying to find Element By : By.xpath: //div[@class='toast toast-error']
Found Element By : By.xpath: //div[@class='toast toast-error']
]]></system-out>
    <system-err><![CDATA[Nov 03, 2023 2:05:59 PM org.openqa.selenium.devtools.CdpVersionFinder findNearestMatch
WARNING: Unable to find an exact match for CDP version 118, so returning the closest version found: 115
]]></system-err>
  </testcase>
  <testcase name="VerifyDeleteButtonByClickingYesTest" classname="com.empire.qa.testcases.InventoryStatusPageTest" time="2.449">
    <system-out><![CDATA[Navigated to:'http://empirehome.myprojectsonline.co.in/'
Trying to find Element By : By.name: emailid
Found Element By : By.name: emailid
Trying to find Element By : By.id: pword
Found Element By : By.id: pword
Trying to find Element By : By.xpath: //button[text()='Login']
Found Element By : By.xpath: //button[text()='Login']
Trying to click on: [[ChromeDriver: chrome on windows (e02549fa5839762394dea60d6f86ae1d)] -> xpath: //button[text()='Login']]
Clicked on: [[ChromeDriver: chrome on windows (e02549fa5839762394dea60d6f86ae1d)] -> xpath: //button[text()='Login']]
Trying to find Element By : By.xpath: //i[@class='fa fa-database']
Found Element By : By.xpath: //i[@class='fa fa-database']
Trying to click on: [[ChromeDriver: chrome on windows (e02549fa5839762394dea60d6f86ae1d)] -> xpath: //i[@class='fa fa-database']]
Clicked on: [[ChromeDriver: chrome on windows (e02549fa5839762394dea60d6f86ae1d)] -> xpath: //i[@class='fa fa-database']]
Trying to find Element By : By.xpath: //a[text()='Inventory Status']
Found Element By : By.xpath: //a[text()='Inventory Status']
Trying to click on: [[ChromeDriver: chrome on windows (e02549fa5839762394dea60d6f86ae1d)] -> xpath: //a[text()='Inventory Status']]
Clicked on: [[ChromeDriver: chrome on windows (e02549fa5839762394dea60d6f86ae1d)] -> xpath: //a[text()='Inventory Status']]
Trying to find Element By : By.xpath: //input[@class='form-control form-control-sm']
Found Element By : By.xpath: //input[@class='form-control form-control-sm']
Trying to find Element By : By.xpath: //i[@class='fa fa-trash-o']
Found Element By : By.xpath: //i[@class='fa fa-trash-o']
Trying to click on: [[ChromeDriver: chrome on windows (e02549fa5839762394dea60d6f86ae1d)] -> xpath: //i[@class='fa fa-trash-o']]
Clicked on: [[ChromeDriver: chrome on windows (e02549fa5839762394dea60d6f86ae1d)] -> xpath: //i[@class='fa fa-trash-o']]
Trying to find Element By : By.xpath: //button[@class='swal-button swal-button--yes']
Found Element By : By.xpath: //button[@class='swal-button swal-button--yes']
Trying to click on: [[ChromeDriver: chrome on windows (e02549fa5839762394dea60d6f86ae1d)] -> xpath: //button[@class='swal-button swal-button--yes']]
Clicked on: [[ChromeDriver: chrome on windows (e02549fa5839762394dea60d6f86ae1d)] -> xpath: //button[@class='swal-button swal-button--yes']]
]]></system-out>
    <system-err><![CDATA[Nov 03, 2023 2:06:10 PM org.openqa.selenium.devtools.CdpVersionFinder findNearestMatch
WARNING: Unable to find an exact match for CDP version 118, so returning the closest version found: 115
]]></system-err>
  </testcase>
  <testcase name="VerifyBackBtnTest" classname="com.empire.qa.testcases.HolidaysPageTest" time="0.622">
    <system-out><![CDATA[Navigated to:'http://empirehome.myprojectsonline.co.in/'
Trying to find Element By : By.name: emailid
Found Element By : By.name: emailid
Trying to find Element By : By.id: pword
Found Element By : By.id: pword
Trying to find Element By : By.xpath: //button[text()='Login']
Found Element By : By.xpath: //button[text()='Login']
Trying to click on: [[ChromeDriver: chrome on windows (0c192ccaa5ec77fa23fdd4c7b609a6b6)] -> xpath: //button[text()='Login']]
Clicked on: [[ChromeDriver: chrome on windows (0c192ccaa5ec77fa23fdd4c7b609a6b6)] -> xpath: //button[text()='Login']]
Trying to find Element By : By.xpath: //i[@class='fa fa-database']
Found Element By : By.xpath: //i[@class='fa fa-database']
Trying to click on: [[ChromeDriver: chrome on windows (0c192ccaa5ec77fa23fdd4c7b609a6b6)] -> xpath: //i[@class='fa fa-database']]
Clicked on: [[ChromeDriver: chrome on windows (0c192ccaa5ec77fa23fdd4c7b609a6b6)] -> xpath: //i[@class='fa fa-database']]
Trying to find Element By : By.xpath: //a[text()='Holidays']
Found Element By : By.xpath: //a[text()='Holidays']
Trying to click on: [[ChromeDriver: chrome on windows (0c192ccaa5ec77fa23fdd4c7b609a6b6)] -> xpath: //a[text()='Holidays']]
Clicked on: [[ChromeDriver: chrome on windows (0c192ccaa5ec77fa23fdd4c7b609a6b6)] -> xpath: //a[text()='Holidays']]
Trying to find Element By : By.xpath: //i[@class='fa fa-reply mr-2']
Found Element By : By.xpath: //i[@class='fa fa-reply mr-2']
Trying to click on: [[ChromeDriver: chrome on windows (0c192ccaa5ec77fa23fdd4c7b609a6b6)] -> xpath: //i[@class='fa fa-reply mr-2']]
Clicked on: [[ChromeDriver: chrome on windows (0c192ccaa5ec77fa23fdd4c7b609a6b6)] -> xpath: //i[@class='fa fa-reply mr-2']]
]]></system-out>
    <system-err><![CDATA[Nov 03, 2023 2:06:22 PM org.openqa.selenium.devtools.CdpVersionFinder findNearestMatch
WARNING: Unable to find an exact match for CDP version 118, so returning the closest version found: 115
]]></system-err>
  </testcase>
  <testcase name="VerifyaddNewolidayswithInvalidDataTest" classname="com.empire.qa.testcases.HolidaysPageTest" time="18.589">
    <failure message="no such element: Unable to locate element: {&quot;method&quot;:&quot;xpath&quot;,&quot;selector&quot;:&quot;//h1[text()=&apos;Holidays&apos;]&quot;}&#10;  (Session info: chrome=118.0.5993.120)&#10;For documentation on this error, please visit: https://www.selenium.dev/documentation/webdriver/troubleshooting/errors#no-such-element-exception&#10;Build info: version: &apos;4.11.0&apos;, revision: &apos;040bc5406b&apos;&#10;System info: os.name: &apos;Windows 11&apos;, os.arch: &apos;amd64&apos;, os.version: &apos;10.0&apos;, java.version: &apos;20.0.1&apos;&#10;Driver info: org.openqa.selenium.chrome.ChromeDriver&#10;Command: [911b31c261f2ec01bba76f83e76ba27b, findElement {using=xpath, value=//h1[text()=&apos;Holidays&apos;]}]&#10;Capabilities {acceptInsecureCerts: false, browserName: chrome, browserVersion: 118.0.5993.120, chrome: {chromedriverVersion: 118.0.5993.70 (e52f33f30b91..., userDataDir: C:\Users\Admin\AppData\Loca...}, fedcm:accounts: true, goog:chromeOptions: {debuggerAddress: localhost:60579}, networkConnectionEnabled: false, pageLoadStrategy: normal, platformName: windows, proxy: Proxy(), se:cdp: ws://localhost:60579/devtoo..., se:cdpVersion: 118.0.5993.120, setWindowRect: true, strictFileInteractability: false, timeouts: {implicit: 0, pageLoad: 300000, script: 30000}, unhandledPromptBehavior: dismiss and notify, webauthn:extension:credBlob: true, webauthn:extension:largeBlob: true, webauthn:extension:minPinLength: true, webauthn:extension:prf: true, webauthn:virtualAuthenticators: true}&#10;Session ID: 911b31c261f2ec01bba76f83e76ba27b" type="org.openqa.selenium.NoSuchElementException"><![CDATA[org.openqa.selenium.NoSuchElementException: 
no such element: Unable to locate element: {"method":"xpath","selector":"//h1[text()='Holidays']"}
  (Session info: chrome=118.0.5993.120)
For documentation on this error, please visit: https://www.selenium.dev/documentation/webdriver/troubleshooting/errors#no-such-element-exception
Build info: version: '4.11.0', revision: '040bc5406b'
System info: os.name: 'Windows 11', os.arch: 'amd64', os.version: '10.0', java.version: '20.0.1'
Driver info: org.openqa.selenium.chrome.ChromeDriver
Command: [911b31c261f2ec01bba76f83e76ba27b, findElement {using=xpath, value=//h1[text()='Holidays']}]
Capabilities {acceptInsecureCerts: false, browserName: chrome, browserVersion: 118.0.5993.120, chrome: {chromedriverVersion: 118.0.5993.70 (e52f33f30b91..., userDataDir: C:\Users\Admin\AppData\Loca...}, fedcm:accounts: true, goog:chromeOptions: {debuggerAddress: localhost:60579}, networkConnectionEnabled: false, pageLoadStrategy: normal, platformName: windows, proxy: Proxy(), se:cdp: ws://localhost:60579/devtoo..., se:cdpVersion: 118.0.5993.120, setWindowRect: true, strictFileInteractability: false, timeouts: {implicit: 0, pageLoad: 300000, script: 30000}, unhandledPromptBehavior: dismiss and notify, webauthn:extension:credBlob: true, webauthn:extension:largeBlob: true, webauthn:extension:minPinLength: true, webauthn:extension:prf: true, webauthn:virtualAuthenticators: true}
Session ID: 911b31c261f2ec01bba76f83e76ba27b
	at java.base/jdk.internal.reflect.DirectConstructorHandleAccessor.newInstance(DirectConstructorHandleAccessor.java:67)
	at java.base/java.lang.reflect.Constructor.newInstanceWithCaller(Constructor.java:500)
	at java.base/java.lang.reflect.Constructor.newInstance(Constructor.java:484)
	at org.openqa.selenium.remote.codec.w3c.W3CHttpResponseCodec.createException(W3CHttpResponseCodec.java:200)
	at org.openqa.selenium.remote.codec.w3c.W3CHttpResponseCodec.decode(W3CHttpResponseCodec.java:133)
	at org.openqa.selenium.remote.codec.w3c.W3CHttpResponseCodec.decode(W3CHttpResponseCodec.java:52)
	at org.openqa.selenium.remote.HttpCommandExecutor.execute(HttpCommandExecutor.java:191)
	at org.openqa.selenium.remote.service.DriverCommandExecutor.invokeExecute(DriverCommandExecutor.java:196)
	at org.openqa.selenium.remote.service.DriverCommandExecutor.execute(DriverCommandExecutor.java:171)
	at org.openqa.selenium.remote.RemoteWebDriver.execute(RemoteWebDriver.java:518)
	at org.openqa.selenium.remote.ElementLocation$ElementFinder$2.findElement(ElementLocation.java:165)
	at org.openqa.selenium.remote.ElementLocation.findElement(ElementLocation.java:59)
	at org.openqa.selenium.remote.RemoteWebDriver.findElement(RemoteWebDriver.java:355)
	at org.openqa.selenium.remote.RemoteWebDriver.findElement(RemoteWebDriver.java:349)
	at java.base/jdk.internal.reflect.DirectMethodHandleAccessor.invoke(DirectMethodHandleAccessor.java:104)
	at java.base/java.lang.reflect.Method.invoke(Method.java:578)
	at org.openqa.selenium.support.events.EventFiringWebDriver.lambda$new$1(EventFiringWebDriver.java:107)
	at jdk.proxy2/jdk.proxy2.$Proxy15.findElement(Unknown Source)
	at org.openqa.selenium.support.events.EventFiringWebDriver.findElement(EventFiringWebDriver.java:194)
	at org.openqa.selenium.support.pagefactory.DefaultElementLocator.findElement(DefaultElementLocator.java:68)
	at org.openqa.selenium.support.pagefactory.internal.LocatingElementHandler.invoke(LocatingElementHandler.java:38)
	at jdk.proxy2/jdk.proxy2.$Proxy19.isDisplayed(Unknown Source)
	at com.empire.qa.pages.HolidaysPage.VerifyaddNewolidayswithInvalidData(HolidaysPage.java:109)
	at com.empire.qa.testcases.HolidaysPageTest.VerifyaddNewolidayswithInvalidDataTest(HolidaysPageTest.java:63)
	at java.base/jdk.internal.reflect.DirectMethodHandleAccessor.invoke(DirectMethodHandleAccessor.java:104)
	at java.base/java.lang.reflect.Method.invoke(Method.java:578)
	at org.testng.internal.MethodInvocationHelper.invokeMethod(MethodInvocationHelper.java:133)
	at org.testng.internal.TestInvoker.invokeMethod(TestInvoker.java:598)
	at org.testng.internal.TestInvoker.invokeTestMethod(TestInvoker.java:173)
	at org.testng.internal.MethodRunner.runInSequence(MethodRunner.java:46)
	at org.testng.internal.TestInvoker$MethodInvocationAgent.invoke(TestInvoker.java:824)
	at org.testng.internal.TestInvoker.invokeTestMethods(TestInvoker.java:146)
	at org.testng.internal.TestMethodWorker.invokeTestMethods(TestMethodWorker.java:146)
	at org.testng.internal.TestMethodWorker.run(TestMethodWorker.java:128)
	at java.base/java.util.ArrayList.forEach(ArrayList.java:1511)
	at org.testng.TestRunner.privateRun(TestRunner.java:794)
	at org.testng.TestRunner.run(TestRunner.java:596)
	at org.testng.SuiteRunner.runTest(SuiteRunner.java:377)
	at org.testng.SuiteRunner.runSequentially(SuiteRunner.java:371)
	at org.testng.SuiteRunner.privateRun(SuiteRunner.java:332)
	at org.testng.SuiteRunner.run(SuiteRunner.java:276)
	at org.testng.SuiteRunnerWorker.runSuite(SuiteRunnerWorker.java:53)
	at org.testng.SuiteRunnerWorker.run(SuiteRunnerWorker.java:96)
	at org.testng.TestNG.runSuitesSequentially(TestNG.java:1212)
	at org.testng.TestNG.runSuitesLocally(TestNG.java:1134)
	at org.testng.TestNG.runSuites(TestNG.java:1063)
	at org.testng.TestNG.run(TestNG.java:1031)
	at org.apache.maven.surefire.testng.TestNGExecutor.run(TestNGExecutor.java:308)
	at org.apache.maven.surefire.testng.TestNGXmlTestSuite.execute(TestNGXmlTestSuite.java:71)
	at org.apache.maven.surefire.testng.TestNGProvider.invoke(TestNGProvider.java:113)
	at org.apache.maven.surefire.booter.ForkedBooter.runSuitesInProcess(ForkedBooter.java:385)
	at org.apache.maven.surefire.booter.ForkedBooter.execute(ForkedBooter.java:162)
	at org.apache.maven.surefire.booter.ForkedBooter.run(ForkedBooter.java:507)
	at org.apache.maven.surefire.booter.ForkedBooter.main(ForkedBooter.java:495)
]]></failure>
    <system-out><![CDATA[Navigated to:'http://empirehome.myprojectsonline.co.in/'
Trying to find Element By : By.name: emailid
Found Element By : By.name: emailid
Trying to find Element By : By.id: pword
Found Element By : By.id: pword
Trying to find Element By : By.xpath: //button[text()='Login']
Found Element By : By.xpath: //button[text()='Login']
Trying to click on: [[ChromeDriver: chrome on windows (911b31c261f2ec01bba76f83e76ba27b)] -> xpath: //button[text()='Login']]
Clicked on: [[ChromeDriver: chrome on windows (911b31c261f2ec01bba76f83e76ba27b)] -> xpath: //button[text()='Login']]
Trying to find Element By : By.xpath: //i[@class='fa fa-database']
Found Element By : By.xpath: //i[@class='fa fa-database']
Trying to click on: [[ChromeDriver: chrome on windows (911b31c261f2ec01bba76f83e76ba27b)] -> xpath: //i[@class='fa fa-database']]
Clicked on: [[ChromeDriver: chrome on windows (911b31c261f2ec01bba76f83e76ba27b)] -> xpath: //i[@class='fa fa-database']]
Trying to find Element By : By.xpath: //a[text()='Holidays']
Found Element By : By.xpath: //a[text()='Holidays']
Trying to click on: [[ChromeDriver: chrome on windows (911b31c261f2ec01bba76f83e76ba27b)] -> xpath: //a[text()='Holidays']]
Clicked on: [[ChromeDriver: chrome on windows (911b31c261f2ec01bba76f83e76ba27b)] -> xpath: //a[text()='Holidays']]
Trying to find Element By : By.xpath: //i[@class='fa fa-plus']
Found Element By : By.xpath: //i[@class='fa fa-plus']
Trying to click on: [[ChromeDriver: chrome on windows (911b31c261f2ec01bba76f83e76ba27b)] -> xpath: //i[@class='fa fa-plus']]
Clicked on: [[ChromeDriver: chrome on windows (911b31c261f2ec01bba76f83e76ba27b)] -> xpath: //i[@class='fa fa-plus']]
Trying to find Element By : By.xpath: //input[@class='form-control']
Found Element By : By.xpath: //input[@class='form-control']
Trying to find Element By : By.xpath: //input[@class='form-control']
Found Element By : By.xpath: //input[@class='form-control']
Trying to find Element By : By.xpath: //input[@class='form-control']
Found Element By : By.xpath: //input[@class='form-control']
Trying to find Element By : By.xpath: //input[@name='HolidayName']
Found Element By : By.xpath: //input[@name='HolidayName']
Trying to find Element By : By.xpath: //input[@name='HolidayDesc']
Found Element By : By.xpath: //input[@name='HolidayDesc']
Trying to find Element By : By.xpath: //h1[text()='Holidays']
Exception occured: org.openqa.selenium.NoSuchElementException: no such element: Unable to locate element: {"method":"xpath","selector":"//h1[text()='Holidays']"}
  (Session info: chrome=118.0.5993.120)
For documentation on this error, please visit: https://www.selenium.dev/documentation/webdriver/troubleshooting/errors#no-such-element-exception
Build info: version: '4.11.0', revision: '040bc5406b'
System info: os.name: 'Windows 11', os.arch: 'amd64', os.version: '10.0', java.version: '20.0.1'
Driver info: org.openqa.selenium.chrome.ChromeDriver
Command: [911b31c261f2ec01bba76f83e76ba27b, findElement {using=xpath, value=//h1[text()='Holidays']}]
Capabilities {acceptInsecureCerts: false, browserName: chrome, browserVersion: 118.0.5993.120, chrome: {chromedriverVersion: 118.0.5993.70 (e52f33f30b91..., userDataDir: C:\Users\Admin\AppData\Loca...}, fedcm:accounts: true, goog:chromeOptions: {debuggerAddress: localhost:60579}, networkConnectionEnabled: false, pageLoadStrategy: normal, platformName: windows, proxy: Proxy(), se:cdp: ws://localhost:60579/devtoo..., se:cdpVersion: 118.0.5993.120, setWindowRect: true, strictFileInteractability: false, timeouts: {implicit: 0, pageLoad: 300000, script: 30000}, unhandledPromptBehavior: dismiss and notify, webauthn:extension:credBlob: true, webauthn:extension:largeBlob: true, webauthn:extension:minPinLength: true, webauthn:extension:prf: true, webauthn:virtualAuthenticators: true}
Session ID: 911b31c261f2ec01bba76f83e76ba27b
]]></system-out>
    <system-err><![CDATA[Nov 03, 2023 2:06:31 PM org.openqa.selenium.devtools.CdpVersionFinder findNearestMatch
WARNING: Unable to find an exact match for CDP version 118, so returning the closest version found: 115
]]></system-err>
  </testcase>
  <testcase name="VerifyaddNewolidayswithoutDataTest" classname="com.empire.qa.testcases.HolidaysPageTest" time="3.603">
    <system-out><![CDATA[Navigated to:'http://empirehome.myprojectsonline.co.in/'
Trying to find Element By : By.name: emailid
Found Element By : By.name: emailid
Trying to find Element By : By.id: pword
Found Element By : By.id: pword
Trying to find Element By : By.xpath: //button[text()='Login']
Found Element By : By.xpath: //button[text()='Login']
Trying to click on: [[ChromeDriver: chrome on windows (336ec4e6076dbcd057180c4f2777f74e)] -> xpath: //button[text()='Login']]
Clicked on: [[ChromeDriver: chrome on windows (336ec4e6076dbcd057180c4f2777f74e)] -> xpath: //button[text()='Login']]
Trying to find Element By : By.xpath: //i[@class='fa fa-database']
Found Element By : By.xpath: //i[@class='fa fa-database']
Trying to click on: [[ChromeDriver: chrome on windows (336ec4e6076dbcd057180c4f2777f74e)] -> xpath: //i[@class='fa fa-database']]
Clicked on: [[ChromeDriver: chrome on windows (336ec4e6076dbcd057180c4f2777f74e)] -> xpath: //i[@class='fa fa-database']]
Trying to find Element By : By.xpath: //a[text()='Holidays']
Found Element By : By.xpath: //a[text()='Holidays']
Trying to click on: [[ChromeDriver: chrome on windows (336ec4e6076dbcd057180c4f2777f74e)] -> xpath: //a[text()='Holidays']]
Clicked on: [[ChromeDriver: chrome on windows (336ec4e6076dbcd057180c4f2777f74e)] -> xpath: //a[text()='Holidays']]
Trying to find Element By : By.xpath: //i[@class='fa fa-plus']
Found Element By : By.xpath: //i[@class='fa fa-plus']
Trying to click on: [[ChromeDriver: chrome on windows (336ec4e6076dbcd057180c4f2777f74e)] -> xpath: //i[@class='fa fa-plus']]
Clicked on: [[ChromeDriver: chrome on windows (336ec4e6076dbcd057180c4f2777f74e)] -> xpath: //i[@class='fa fa-plus']]
Trying to find Element By : By.xpath: //button[text()=' Save']
Found Element By : By.xpath: //button[text()=' Save']
Trying to click on: [[ChromeDriver: chrome on windows (336ec4e6076dbcd057180c4f2777f74e)] -> xpath: //button[text()=' Save']]
Clicked on: [[ChromeDriver: chrome on windows (336ec4e6076dbcd057180c4f2777f74e)] -> xpath: //button[text()=' Save']]
Trying to find Element By : By.xpath: //span[text()='Holiday Name Required']
Found Element By : By.xpath: //span[text()='Holiday Name Required']
Test passed
]]></system-out>
    <system-err><![CDATA[Nov 03, 2023 2:06:59 PM org.openqa.selenium.devtools.CdpVersionFinder findNearestMatch
WARNING: Unable to find an exact match for CDP version 118, so returning the closest version found: 115
]]></system-err>
  </testcase>
  <testcase name="VerifyholidayspageTitleTest" classname="com.empire.qa.testcases.HolidaysPageTest" time="0.228">
    <system-out><![CDATA[Navigated to:'http://empirehome.myprojectsonline.co.in/'
Trying to find Element By : By.name: emailid
Found Element By : By.name: emailid
Trying to find Element By : By.id: pword
Found Element By : By.id: pword
Trying to find Element By : By.xpath: //button[text()='Login']
Found Element By : By.xpath: //button[text()='Login']
Trying to click on: [[ChromeDriver: chrome on windows (c4926ceca476107baee9ae4f4eaccb23)] -> xpath: //button[text()='Login']]
Clicked on: [[ChromeDriver: chrome on windows (c4926ceca476107baee9ae4f4eaccb23)] -> xpath: //button[text()='Login']]
Trying to find Element By : By.xpath: //i[@class='fa fa-database']
Found Element By : By.xpath: //i[@class='fa fa-database']
Trying to click on: [[ChromeDriver: chrome on windows (c4926ceca476107baee9ae4f4eaccb23)] -> xpath: //i[@class='fa fa-database']]
Clicked on: [[ChromeDriver: chrome on windows (c4926ceca476107baee9ae4f4eaccb23)] -> xpath: //i[@class='fa fa-database']]
Trying to find Element By : By.xpath: //a[text()='Holidays']
Found Element By : By.xpath: //a[text()='Holidays']
Trying to click on: [[ChromeDriver: chrome on windows (c4926ceca476107baee9ae4f4eaccb23)] -> xpath: //a[text()='Holidays']]
Clicked on: [[ChromeDriver: chrome on windows (c4926ceca476107baee9ae4f4eaccb23)] -> xpath: //a[text()='Holidays']]
]]></system-out>
    <system-err><![CDATA[Nov 03, 2023 2:07:12 PM org.openqa.selenium.devtools.CdpVersionFinder findNearestMatch
WARNING: Unable to find an exact match for CDP version 118, so returning the closest version found: 115
]]></system-err>
  </testcase>
  <testcase name="VerifyaddNewolidayswithValidDataTest" classname="com.empire.qa.testcases.HolidaysPageTest" time="20.371">
    <failure message="no such element: Unable to locate element: {&quot;method&quot;:&quot;xpath&quot;,&quot;selector&quot;:&quot;//h1[text()=&apos;Holidays&apos;]&quot;}&#10;  (Session info: chrome=118.0.5993.120)&#10;For documentation on this error, please visit: https://www.selenium.dev/documentation/webdriver/troubleshooting/errors#no-such-element-exception&#10;Build info: version: &apos;4.11.0&apos;, revision: &apos;040bc5406b&apos;&#10;System info: os.name: &apos;Windows 11&apos;, os.arch: &apos;amd64&apos;, os.version: &apos;10.0&apos;, java.version: &apos;20.0.1&apos;&#10;Driver info: org.openqa.selenium.chrome.ChromeDriver&#10;Command: [3ad5c067fd5cb3fbb4ad52ac0b0a3296, findElement {using=xpath, value=//h1[text()=&apos;Holidays&apos;]}]&#10;Capabilities {acceptInsecureCerts: false, browserName: chrome, browserVersion: 118.0.5993.120, chrome: {chromedriverVersion: 118.0.5993.70 (e52f33f30b91..., userDataDir: C:\Users\Admin\AppData\Loca...}, fedcm:accounts: true, goog:chromeOptions: {debuggerAddress: localhost:60729}, networkConnectionEnabled: false, pageLoadStrategy: normal, platformName: windows, proxy: Proxy(), se:cdp: ws://localhost:60729/devtoo..., se:cdpVersion: 118.0.5993.120, setWindowRect: true, strictFileInteractability: false, timeouts: {implicit: 0, pageLoad: 300000, script: 30000}, unhandledPromptBehavior: dismiss and notify, webauthn:extension:credBlob: true, webauthn:extension:largeBlob: true, webauthn:extension:minPinLength: true, webauthn:extension:prf: true, webauthn:virtualAuthenticators: true}&#10;Session ID: 3ad5c067fd5cb3fbb4ad52ac0b0a3296" type="org.openqa.selenium.NoSuchElementException"><![CDATA[org.openqa.selenium.NoSuchElementException: 
no such element: Unable to locate element: {"method":"xpath","selector":"//h1[text()='Holidays']"}
  (Session info: chrome=118.0.5993.120)
For documentation on this error, please visit: https://www.selenium.dev/documentation/webdriver/troubleshooting/errors#no-such-element-exception
Build info: version: '4.11.0', revision: '040bc5406b'
System info: os.name: 'Windows 11', os.arch: 'amd64', os.version: '10.0', java.version: '20.0.1'
Driver info: org.openqa.selenium.chrome.ChromeDriver
Command: [3ad5c067fd5cb3fbb4ad52ac0b0a3296, findElement {using=xpath, value=//h1[text()='Holidays']}]
Capabilities {acceptInsecureCerts: false, browserName: chrome, browserVersion: 118.0.5993.120, chrome: {chromedriverVersion: 118.0.5993.70 (e52f33f30b91..., userDataDir: C:\Users\Admin\AppData\Loca...}, fedcm:accounts: true, goog:chromeOptions: {debuggerAddress: localhost:60729}, networkConnectionEnabled: false, pageLoadStrategy: normal, platformName: windows, proxy: Proxy(), se:cdp: ws://localhost:60729/devtoo..., se:cdpVersion: 118.0.5993.120, setWindowRect: true, strictFileInteractability: false, timeouts: {implicit: 0, pageLoad: 300000, script: 30000}, unhandledPromptBehavior: dismiss and notify, webauthn:extension:credBlob: true, webauthn:extension:largeBlob: true, webauthn:extension:minPinLength: true, webauthn:extension:prf: true, webauthn:virtualAuthenticators: true}
Session ID: 3ad5c067fd5cb3fbb4ad52ac0b0a3296
	at java.base/jdk.internal.reflect.DirectConstructorHandleAccessor.newInstance(DirectConstructorHandleAccessor.java:67)
	at java.base/java.lang.reflect.Constructor.newInstanceWithCaller(Constructor.java:500)
	at java.base/java.lang.reflect.Constructor.newInstance(Constructor.java:484)
	at org.openqa.selenium.remote.codec.w3c.W3CHttpResponseCodec.createException(W3CHttpResponseCodec.java:200)
	at org.openqa.selenium.remote.codec.w3c.W3CHttpResponseCodec.decode(W3CHttpResponseCodec.java:133)
	at org.openqa.selenium.remote.codec.w3c.W3CHttpResponseCodec.decode(W3CHttpResponseCodec.java:52)
	at org.openqa.selenium.remote.HttpCommandExecutor.execute(HttpCommandExecutor.java:191)
	at org.openqa.selenium.remote.service.DriverCommandExecutor.invokeExecute(DriverCommandExecutor.java:196)
	at org.openqa.selenium.remote.service.DriverCommandExecutor.execute(DriverCommandExecutor.java:171)
	at org.openqa.selenium.remote.RemoteWebDriver.execute(RemoteWebDriver.java:518)
	at org.openqa.selenium.remote.ElementLocation$ElementFinder$2.findElement(ElementLocation.java:165)
	at org.openqa.selenium.remote.ElementLocation.findElement(ElementLocation.java:59)
	at org.openqa.selenium.remote.RemoteWebDriver.findElement(RemoteWebDriver.java:355)
	at org.openqa.selenium.remote.RemoteWebDriver.findElement(RemoteWebDriver.java:349)
	at java.base/jdk.internal.reflect.DirectMethodHandleAccessor.invoke(DirectMethodHandleAccessor.java:104)
	at java.base/java.lang.reflect.Method.invoke(Method.java:578)
	at org.openqa.selenium.support.events.EventFiringWebDriver.lambda$new$1(EventFiringWebDriver.java:107)
	at jdk.proxy2/jdk.proxy2.$Proxy15.findElement(Unknown Source)
	at org.openqa.selenium.support.events.EventFiringWebDriver.findElement(EventFiringWebDriver.java:194)
	at org.openqa.selenium.support.pagefactory.DefaultElementLocator.findElement(DefaultElementLocator.java:68)
	at org.openqa.selenium.support.pagefactory.internal.LocatingElementHandler.invoke(LocatingElementHandler.java:38)
	at jdk.proxy2/jdk.proxy2.$Proxy19.isDisplayed(Unknown Source)
	at com.empire.qa.pages.HolidaysPage.VerifyaddNewolidayswithValidData(HolidaysPage.java:77)
	at com.empire.qa.testcases.HolidaysPageTest.VerifyaddNewolidayswithValidDataTest(HolidaysPageTest.java:53)
	at java.base/jdk.internal.reflect.DirectMethodHandleAccessor.invoke(DirectMethodHandleAccessor.java:104)
	at java.base/java.lang.reflect.Method.invoke(Method.java:578)
	at org.testng.internal.MethodInvocationHelper.invokeMethod(MethodInvocationHelper.java:133)
	at org.testng.internal.TestInvoker.invokeMethod(TestInvoker.java:598)
	at org.testng.internal.TestInvoker.invokeTestMethod(TestInvoker.java:173)
	at org.testng.internal.MethodRunner.runInSequence(MethodRunner.java:46)
	at org.testng.internal.TestInvoker$MethodInvocationAgent.invoke(TestInvoker.java:824)
	at org.testng.internal.TestInvoker.invokeTestMethods(TestInvoker.java:146)
	at org.testng.internal.TestMethodWorker.invokeTestMethods(TestMethodWorker.java:146)
	at org.testng.internal.TestMethodWorker.run(TestMethodWorker.java:128)
	at java.base/java.util.ArrayList.forEach(ArrayList.java:1511)
	at org.testng.TestRunner.privateRun(TestRunner.java:794)
	at org.testng.TestRunner.run(TestRunner.java:596)
	at org.testng.SuiteRunner.runTest(SuiteRunner.java:377)
	at org.testng.SuiteRunner.runSequentially(SuiteRunner.java:371)
	at org.testng.SuiteRunner.privateRun(SuiteRunner.java:332)
	at org.testng.SuiteRunner.run(SuiteRunner.java:276)
	at org.testng.SuiteRunnerWorker.runSuite(SuiteRunnerWorker.java:53)
	at org.testng.SuiteRunnerWorker.run(SuiteRunnerWorker.java:96)
	at org.testng.TestNG.runSuitesSequentially(TestNG.java:1212)
	at org.testng.TestNG.runSuitesLocally(TestNG.java:1134)
	at org.testng.TestNG.runSuites(TestNG.java:1063)
	at org.testng.TestNG.run(TestNG.java:1031)
	at org.apache.maven.surefire.testng.TestNGExecutor.run(TestNGExecutor.java:308)
	at org.apache.maven.surefire.testng.TestNGXmlTestSuite.execute(TestNGXmlTestSuite.java:71)
	at org.apache.maven.surefire.testng.TestNGProvider.invoke(TestNGProvider.java:113)
	at org.apache.maven.surefire.booter.ForkedBooter.runSuitesInProcess(ForkedBooter.java:385)
	at org.apache.maven.surefire.booter.ForkedBooter.execute(ForkedBooter.java:162)
	at org.apache.maven.surefire.booter.ForkedBooter.run(ForkedBooter.java:507)
	at org.apache.maven.surefire.booter.ForkedBooter.main(ForkedBooter.java:495)
]]></failure>
    <system-out><![CDATA[Navigated to:'http://empirehome.myprojectsonline.co.in/'
Trying to find Element By : By.name: emailid
Found Element By : By.name: emailid
Trying to find Element By : By.id: pword
Found Element By : By.id: pword
Trying to find Element By : By.xpath: //button[text()='Login']
Found Element By : By.xpath: //button[text()='Login']
Trying to click on: [[ChromeDriver: chrome on windows (3ad5c067fd5cb3fbb4ad52ac0b0a3296)] -> xpath: //button[text()='Login']]
Clicked on: [[ChromeDriver: chrome on windows (3ad5c067fd5cb3fbb4ad52ac0b0a3296)] -> xpath: //button[text()='Login']]
Trying to find Element By : By.xpath: //i[@class='fa fa-database']
Found Element By : By.xpath: //i[@class='fa fa-database']
Trying to click on: [[ChromeDriver: chrome on windows (3ad5c067fd5cb3fbb4ad52ac0b0a3296)] -> xpath: //i[@class='fa fa-database']]
Clicked on: [[ChromeDriver: chrome on windows (3ad5c067fd5cb3fbb4ad52ac0b0a3296)] -> xpath: //i[@class='fa fa-database']]
Trying to find Element By : By.xpath: //a[text()='Holidays']
Found Element By : By.xpath: //a[text()='Holidays']
Trying to click on: [[ChromeDriver: chrome on windows (3ad5c067fd5cb3fbb4ad52ac0b0a3296)] -> xpath: //a[text()='Holidays']]
Clicked on: [[ChromeDriver: chrome on windows (3ad5c067fd5cb3fbb4ad52ac0b0a3296)] -> xpath: //a[text()='Holidays']]
Trying to find Element By : By.xpath: //i[@class='fa fa-plus']
Found Element By : By.xpath: //i[@class='fa fa-plus']
Trying to click on: [[ChromeDriver: chrome on windows (3ad5c067fd5cb3fbb4ad52ac0b0a3296)] -> xpath: //i[@class='fa fa-plus']]
Clicked on: [[ChromeDriver: chrome on windows (3ad5c067fd5cb3fbb4ad52ac0b0a3296)] -> xpath: //i[@class='fa fa-plus']]
Trying to find Element By : By.xpath: //input[@class='form-control']
Found Element By : By.xpath: //input[@class='form-control']
Trying to find Element By : By.xpath: //input[@class='form-control']
Found Element By : By.xpath: //input[@class='form-control']
Trying to find Element By : By.xpath: //input[@class='form-control']
Found Element By : By.xpath: //input[@class='form-control']
Trying to find Element By : By.xpath: //input[@name='HolidayName']
Found Element By : By.xpath: //input[@name='HolidayName']
Trying to find Element By : By.xpath: //input[@name='HolidayDesc']
Found Element By : By.xpath: //input[@name='HolidayDesc']
Trying to find Element By : By.xpath: //h1[text()='Holidays']
Exception occured: org.openqa.selenium.NoSuchElementException: no such element: Unable to locate element: {"method":"xpath","selector":"//h1[text()='Holidays']"}
  (Session info: chrome=118.0.5993.120)
For documentation on this error, please visit: https://www.selenium.dev/documentation/webdriver/troubleshooting/errors#no-such-element-exception
Build info: version: '4.11.0', revision: '040bc5406b'
System info: os.name: 'Windows 11', os.arch: 'amd64', os.version: '10.0', java.version: '20.0.1'
Driver info: org.openqa.selenium.chrome.ChromeDriver
Command: [3ad5c067fd5cb3fbb4ad52ac0b0a3296, findElement {using=xpath, value=//h1[text()='Holidays']}]
Capabilities {acceptInsecureCerts: false, browserName: chrome, browserVersion: 118.0.5993.120, chrome: {chromedriverVersion: 118.0.5993.70 (e52f33f30b91..., userDataDir: C:\Users\Admin\AppData\Loca...}, fedcm:accounts: true, goog:chromeOptions: {debuggerAddress: localhost:60729}, networkConnectionEnabled: false, pageLoadStrategy: normal, platformName: windows, proxy: Proxy(), se:cdp: ws://localhost:60729/devtoo..., se:cdpVersion: 118.0.5993.120, setWindowRect: true, strictFileInteractability: false, timeouts: {implicit: 0, pageLoad: 300000, script: 30000}, unhandledPromptBehavior: dismiss and notify, webauthn:extension:credBlob: true, webauthn:extension:largeBlob: true, webauthn:extension:minPinLength: true, webauthn:extension:prf: true, webauthn:virtualAuthenticators: true}
Session ID: 3ad5c067fd5cb3fbb4ad52ac0b0a3296
]]></system-out>
    <system-err><![CDATA[Nov 03, 2023 2:07:21 PM org.openqa.selenium.devtools.CdpVersionFinder findNearestMatch
WARNING: Unable to find an exact match for CDP version 118, so returning the closest version found: 115
]]></system-err>
  </testcase>
  <testcase name="VerifyEditButtonBySelectingHolidaysNameTest" classname="com.empire.qa.testcases.HolidaysPageTest" time="2.335">
    <system-out><![CDATA[Navigated to:'http://empirehome.myprojectsonline.co.in/'
Trying to find Element By : By.name: emailid
Found Element By : By.name: emailid
Trying to find Element By : By.id: pword
Found Element By : By.id: pword
Trying to find Element By : By.xpath: //button[text()='Login']
Found Element By : By.xpath: //button[text()='Login']
Trying to click on: [[ChromeDriver: chrome on windows (6cf0634c647c456997775b92b6ce2e64)] -> xpath: //button[text()='Login']]
Clicked on: [[ChromeDriver: chrome on windows (6cf0634c647c456997775b92b6ce2e64)] -> xpath: //button[text()='Login']]
Trying to find Element By : By.xpath: //i[@class='fa fa-database']
Found Element By : By.xpath: //i[@class='fa fa-database']
Trying to click on: [[ChromeDriver: chrome on windows (6cf0634c647c456997775b92b6ce2e64)] -> xpath: //i[@class='fa fa-database']]
Clicked on: [[ChromeDriver: chrome on windows (6cf0634c647c456997775b92b6ce2e64)] -> xpath: //i[@class='fa fa-database']]
Trying to find Element By : By.xpath: //a[text()='Holidays']
Found Element By : By.xpath: //a[text()='Holidays']
Trying to click on: [[ChromeDriver: chrome on windows (6cf0634c647c456997775b92b6ce2e64)] -> xpath: //a[text()='Holidays']]
Clicked on: [[ChromeDriver: chrome on windows (6cf0634c647c456997775b92b6ce2e64)] -> xpath: //a[text()='Holidays']]
Trying to find Element By : By.xpath: //i[@class='fa fa-pencil']
Found Element By : By.xpath: //i[@class='fa fa-pencil']
Trying to click on: [[ChromeDriver: chrome on windows (6cf0634c647c456997775b92b6ce2e64)] -> xpath: //i[@class='fa fa-pencil']]
Clicked on: [[ChromeDriver: chrome on windows (6cf0634c647c456997775b92b6ce2e64)] -> xpath: //i[@class='fa fa-pencil']]
Trying to find Element By : By.xpath: //input[@class='form-control']
Found Element By : By.xpath: //input[@class='form-control']
Trying to find Element By : By.xpath: //input[@name='HolidayName']
Found Element By : By.xpath: //input[@name='HolidayName']
Trying to find Element By : By.xpath: //input[@name='HolidayName']
Found Element By : By.xpath: //input[@name='HolidayName']
Trying to find Element By : By.xpath: //input[@name='HolidayDesc']
Found Element By : By.xpath: //input[@name='HolidayDesc']
Trying to find Element By : By.xpath: //input[@name='HolidayDesc']
Found Element By : By.xpath: //input[@name='HolidayDesc']
Trying to find Element By : By.xpath: //button[text()=' Save']
Found Element By : By.xpath: //button[text()=' Save']
Trying to click on: [[ChromeDriver: chrome on windows (6cf0634c647c456997775b92b6ce2e64)] -> xpath: //button[text()=' Save']]
Clicked on: [[ChromeDriver: chrome on windows (6cf0634c647c456997775b92b6ce2e64)] -> xpath: //button[text()=' Save']]
]]></system-out>
    <system-err><![CDATA[Nov 03, 2023 2:07:51 PM org.openqa.selenium.devtools.CdpVersionFinder findNearestMatch
WARNING: Unable to find an exact match for CDP version 118, so returning the closest version found: 115
]]></system-err>
  </testcase>
  <testcase name="VerifyDeleteButtonBySelectingHolidaysNameTest" classname="com.empire.qa.testcases.HolidaysPageTest" time="1.649">
    <system-out><![CDATA[Navigated to:'http://empirehome.myprojectsonline.co.in/'
Trying to find Element By : By.name: emailid
Found Element By : By.name: emailid
Trying to find Element By : By.id: pword
Found Element By : By.id: pword
Trying to find Element By : By.xpath: //button[text()='Login']
Found Element By : By.xpath: //button[text()='Login']
Trying to click on: [[ChromeDriver: chrome on windows (93fb745b6d0b32918ed2ff154cfaabde)] -> xpath: //button[text()='Login']]
Clicked on: [[ChromeDriver: chrome on windows (93fb745b6d0b32918ed2ff154cfaabde)] -> xpath: //button[text()='Login']]
Trying to find Element By : By.xpath: //i[@class='fa fa-database']
Found Element By : By.xpath: //i[@class='fa fa-database']
Trying to click on: [[ChromeDriver: chrome on windows (93fb745b6d0b32918ed2ff154cfaabde)] -> xpath: //i[@class='fa fa-database']]
Clicked on: [[ChromeDriver: chrome on windows (93fb745b6d0b32918ed2ff154cfaabde)] -> xpath: //i[@class='fa fa-database']]
Trying to find Element By : By.xpath: //a[text()='Holidays']
Found Element By : By.xpath: //a[text()='Holidays']
Trying to click on: [[ChromeDriver: chrome on windows (93fb745b6d0b32918ed2ff154cfaabde)] -> xpath: //a[text()='Holidays']]
Clicked on: [[ChromeDriver: chrome on windows (93fb745b6d0b32918ed2ff154cfaabde)] -> xpath: //a[text()='Holidays']]
Trying to find Element By : By.xpath: //i[@class='fa fa-trash-o']
Found Element By : By.xpath: //i[@class='fa fa-trash-o']
Trying to click on: [[ChromeDriver: chrome on windows (93fb745b6d0b32918ed2ff154cfaabde)] -> xpath: //i[@class='fa fa-trash-o']]
Clicked on: [[ChromeDriver: chrome on windows (93fb745b6d0b32918ed2ff154cfaabde)] -> xpath: //i[@class='fa fa-trash-o']]
Trying to find Element By : By.xpath: //button[@class='swal-button swal-button--no']
Found Element By : By.xpath: //button[@class='swal-button swal-button--no']
Trying to click on: [[ChromeDriver: chrome on windows (93fb745b6d0b32918ed2ff154cfaabde)] -> xpath: //button[@class='swal-button swal-button--no']]
Clicked on: [[ChromeDriver: chrome on windows (93fb745b6d0b32918ed2ff154cfaabde)] -> xpath: //button[@class='swal-button swal-button--no']]
Trying to find Element By : By.xpath: //div[@class='toast toast-error']
Found Element By : By.xpath: //div[@class='toast toast-error']
]]></system-out>
    <system-err><![CDATA[Nov 03, 2023 2:08:03 PM org.openqa.selenium.devtools.CdpVersionFinder findNearestMatch
WARNING: Unable to find an exact match for CDP version 118, so returning the closest version found: 115
]]></system-err>
  </testcase>
  <testcase name="VerifyDeleteButtonBySelectingHolidaysNameAndClickingYesTest" classname="com.empire.qa.testcases.HolidaysPageTest" time="1.482">
    <system-out><![CDATA[Navigated to:'http://empirehome.myprojectsonline.co.in/'
Trying to find Element By : By.name: emailid
Found Element By : By.name: emailid
Trying to find Element By : By.id: pword
Found Element By : By.id: pword
Trying to find Element By : By.xpath: //button[text()='Login']
Found Element By : By.xpath: //button[text()='Login']
Trying to click on: [[ChromeDriver: chrome on windows (c0541b132820f922531331ec64d8896b)] -> xpath: //button[text()='Login']]
Clicked on: [[ChromeDriver: chrome on windows (c0541b132820f922531331ec64d8896b)] -> xpath: //button[text()='Login']]
Trying to find Element By : By.xpath: //i[@class='fa fa-database']
Found Element By : By.xpath: //i[@class='fa fa-database']
Trying to click on: [[ChromeDriver: chrome on windows (c0541b132820f922531331ec64d8896b)] -> xpath: //i[@class='fa fa-database']]
Clicked on: [[ChromeDriver: chrome on windows (c0541b132820f922531331ec64d8896b)] -> xpath: //i[@class='fa fa-database']]
Trying to find Element By : By.xpath: //a[text()='Holidays']
Found Element By : By.xpath: //a[text()='Holidays']
Trying to click on: [[ChromeDriver: chrome on windows (c0541b132820f922531331ec64d8896b)] -> xpath: //a[text()='Holidays']]
Clicked on: [[ChromeDriver: chrome on windows (c0541b132820f922531331ec64d8896b)] -> xpath: //a[text()='Holidays']]
Trying to find Element By : By.xpath: //i[@class='fa fa-trash-o']
Found Element By : By.xpath: //i[@class='fa fa-trash-o']
Trying to click on: [[ChromeDriver: chrome on windows (c0541b132820f922531331ec64d8896b)] -> xpath: //i[@class='fa fa-trash-o']]
Clicked on: [[ChromeDriver: chrome on windows (c0541b132820f922531331ec64d8896b)] -> xpath: //i[@class='fa fa-trash-o']]
Trying to find Element By : By.xpath: //button[@class='swal-button swal-button--yes']
Found Element By : By.xpath: //button[@class='swal-button swal-button--yes']
Trying to click on: [[ChromeDriver: chrome on windows (c0541b132820f922531331ec64d8896b)] -> xpath: //button[@class='swal-button swal-button--yes']]
Clicked on: [[ChromeDriver: chrome on windows (c0541b132820f922531331ec64d8896b)] -> xpath: //button[@class='swal-button swal-button--yes']]
]]></system-out>
    <system-err><![CDATA[Nov 03, 2023 2:08:14 PM org.openqa.selenium.devtools.CdpVersionFinder findNearestMatch
WARNING: Unable to find an exact match for CDP version 118, so returning the closest version found: 115
]]></system-err>
  </testcase>
  <testcase name="VerifyBackBtnTest" classname="com.empire.qa.testcases.SubCategoriesPageTest" time="0.649">
    <system-out><![CDATA[Navigated to:'http://empirehome.myprojectsonline.co.in/'
Trying to find Element By : By.name: emailid
Found Element By : By.name: emailid
Trying to find Element By : By.id: pword
Found Element By : By.id: pword
Trying to find Element By : By.xpath: //button[text()='Login']
Found Element By : By.xpath: //button[text()='Login']
Trying to click on: [[ChromeDriver: chrome on windows (d9ec30df5a8afd6db7118956543a3fa8)] -> xpath: //button[text()='Login']]
Clicked on: [[ChromeDriver: chrome on windows (d9ec30df5a8afd6db7118956543a3fa8)] -> xpath: //button[text()='Login']]
Trying to find Element By : By.xpath: //i[@class='fa fa-database']
Found Element By : By.xpath: //i[@class='fa fa-database']
Trying to click on: [[ChromeDriver: chrome on windows (d9ec30df5a8afd6db7118956543a3fa8)] -> xpath: //i[@class='fa fa-database']]
Clicked on: [[ChromeDriver: chrome on windows (d9ec30df5a8afd6db7118956543a3fa8)] -> xpath: //i[@class='fa fa-database']]
Trying to find Element By : By.xpath: //a[text()='Sub Categories']
Found Element By : By.xpath: //a[text()='Sub Categories']
Trying to click on: [[ChromeDriver: chrome on windows (d9ec30df5a8afd6db7118956543a3fa8)] -> xpath: //a[text()='Sub Categories']]
Clicked on: [[ChromeDriver: chrome on windows (d9ec30df5a8afd6db7118956543a3fa8)] -> xpath: //a[text()='Sub Categories']]
Trying to find Element By : By.xpath: //i[@class='fa fa-reply mr-2']
Found Element By : By.xpath: //i[@class='fa fa-reply mr-2']
Trying to click on: [[ChromeDriver: chrome on windows (d9ec30df5a8afd6db7118956543a3fa8)] -> xpath: //i[@class='fa fa-reply mr-2']]
Clicked on: [[ChromeDriver: chrome on windows (d9ec30df5a8afd6db7118956543a3fa8)] -> xpath: //i[@class='fa fa-reply mr-2']]
]]></system-out>
    <system-err><![CDATA[Nov 03, 2023 2:08:26 PM org.openqa.selenium.devtools.CdpVersionFinder findNearestMatch
WARNING: Unable to find an exact match for CDP version 118, so returning the closest version found: 115
]]></system-err>
  </testcase>
  <testcase name="VerifySearchTextFieldTest" classname="com.empire.qa.testcases.SubCategoriesPageTest" time="1.828">
    <failure message="stale element reference: stale element not found&#10;  (Session info: chrome=118.0.5993.120)&#10;For documentation on this error, please visit: https://www.selenium.dev/documentation/webdriver/troubleshooting/errors#stale-element-reference-exception&#10;Build info: version: &apos;4.11.0&apos;, revision: &apos;040bc5406b&apos;&#10;System info: os.name: &apos;Windows 11&apos;, os.arch: &apos;amd64&apos;, os.version: &apos;10.0&apos;, java.version: &apos;20.0.1&apos;&#10;Driver info: org.openqa.selenium.chrome.ChromeDriver&#10;Command: [00d89aeb9ac1575144913b05ac6d990b, getElementText {id=D4C83FCEA0C5382546F13A9C7D508940_element_78}]&#10;Capabilities {acceptInsecureCerts: false, browserName: chrome, browserVersion: 118.0.5993.120, chrome: {chromedriverVersion: 118.0.5993.70 (e52f33f30b91..., userDataDir: C:\Users\Admin\AppData\Loca...}, fedcm:accounts: true, goog:chromeOptions: {debuggerAddress: localhost:60991}, networkConnectionEnabled: false, pageLoadStrategy: normal, platformName: windows, proxy: Proxy(), se:cdp: ws://localhost:60991/devtoo..., se:cdpVersion: 118.0.5993.120, setWindowRect: true, strictFileInteractability: false, timeouts: {implicit: 0, pageLoad: 300000, script: 30000}, unhandledPromptBehavior: dismiss and notify, webauthn:extension:credBlob: true, webauthn:extension:largeBlob: true, webauthn:extension:minPinLength: true, webauthn:extension:prf: true, webauthn:virtualAuthenticators: true}&#10;Element: [[ChromeDriver: chrome on windows (00d89aeb9ac1575144913b05ac6d990b)] -&gt; xpath: //ul[@id=&apos;select2-subcatDD-results&apos;]//li]&#10;Session ID: 00d89aeb9ac1575144913b05ac6d990b" type="org.openqa.selenium.StaleElementReferenceException"><![CDATA[org.openqa.selenium.StaleElementReferenceException: 
stale element reference: stale element not found
  (Session info: chrome=118.0.5993.120)
For documentation on this error, please visit: https://www.selenium.dev/documentation/webdriver/troubleshooting/errors#stale-element-reference-exception
Build info: version: '4.11.0', revision: '040bc5406b'
System info: os.name: 'Windows 11', os.arch: 'amd64', os.version: '10.0', java.version: '20.0.1'
Driver info: org.openqa.selenium.chrome.ChromeDriver
Command: [00d89aeb9ac1575144913b05ac6d990b, getElementText {id=D4C83FCEA0C5382546F13A9C7D508940_element_78}]
Capabilities {acceptInsecureCerts: false, browserName: chrome, browserVersion: 118.0.5993.120, chrome: {chromedriverVersion: 118.0.5993.70 (e52f33f30b91..., userDataDir: C:\Users\Admin\AppData\Loca...}, fedcm:accounts: true, goog:chromeOptions: {debuggerAddress: localhost:60991}, networkConnectionEnabled: false, pageLoadStrategy: normal, platformName: windows, proxy: Proxy(), se:cdp: ws://localhost:60991/devtoo..., se:cdpVersion: 118.0.5993.120, setWindowRect: true, strictFileInteractability: false, timeouts: {implicit: 0, pageLoad: 300000, script: 30000}, unhandledPromptBehavior: dismiss and notify, webauthn:extension:credBlob: true, webauthn:extension:largeBlob: true, webauthn:extension:minPinLength: true, webauthn:extension:prf: true, webauthn:virtualAuthenticators: true}
Element: [[ChromeDriver: chrome on windows (00d89aeb9ac1575144913b05ac6d990b)] -> xpath: //ul[@id='select2-subcatDD-results']//li]
Session ID: 00d89aeb9ac1575144913b05ac6d990b
	at java.base/jdk.internal.reflect.DirectConstructorHandleAccessor.newInstance(DirectConstructorHandleAccessor.java:67)
	at java.base/java.lang.reflect.Constructor.newInstanceWithCaller(Constructor.java:500)
	at java.base/java.lang.reflect.Constructor.newInstance(Constructor.java:484)
	at org.openqa.selenium.remote.codec.w3c.W3CHttpResponseCodec.createException(W3CHttpResponseCodec.java:200)
	at org.openqa.selenium.remote.codec.w3c.W3CHttpResponseCodec.decode(W3CHttpResponseCodec.java:133)
	at org.openqa.selenium.remote.codec.w3c.W3CHttpResponseCodec.decode(W3CHttpResponseCodec.java:52)
	at org.openqa.selenium.remote.HttpCommandExecutor.execute(HttpCommandExecutor.java:191)
	at org.openqa.selenium.remote.service.DriverCommandExecutor.invokeExecute(DriverCommandExecutor.java:196)
	at org.openqa.selenium.remote.service.DriverCommandExecutor.execute(DriverCommandExecutor.java:171)
	at org.openqa.selenium.remote.RemoteWebDriver.execute(RemoteWebDriver.java:518)
	at org.openqa.selenium.remote.RemoteWebElement.execute(RemoteWebElement.java:224)
	at org.openqa.selenium.remote.RemoteWebElement.getText(RemoteWebElement.java:192)
	at java.base/jdk.internal.reflect.DirectMethodHandleAccessor.invoke(DirectMethodHandleAccessor.java:104)
	at java.base/java.lang.reflect.Method.invoke(Method.java:578)
	at org.openqa.selenium.support.events.EventFiringWebDriver$EventFiringWebElement.lambda$new$0(EventFiringWebDriver.java:375)
	at jdk.proxy2/jdk.proxy2.$Proxy20.getText(Unknown Source)
	at org.openqa.selenium.support.events.EventFiringWebDriver$EventFiringWebElement.getText(EventFiringWebDriver.java:453)
	at com.empire.qa.pages.SubCategoriesPage.VerifySearchTextField(SubCategoriesPage.java:234)
	at com.empire.qa.testcases.SubCategoriesPageTest.VerifySearchTextFieldTest(SubCategoriesPageTest.java:114)
	at java.base/jdk.internal.reflect.DirectMethodHandleAccessor.invoke(DirectMethodHandleAccessor.java:104)
	at java.base/java.lang.reflect.Method.invoke(Method.java:578)
	at org.testng.internal.MethodInvocationHelper.invokeMethod(MethodInvocationHelper.java:133)
	at org.testng.internal.TestInvoker.invokeMethod(TestInvoker.java:598)
	at org.testng.internal.TestInvoker.invokeTestMethod(TestInvoker.java:173)
	at org.testng.internal.MethodRunner.runInSequence(MethodRunner.java:46)
	at org.testng.internal.TestInvoker$MethodInvocationAgent.invoke(TestInvoker.java:824)
	at org.testng.internal.TestInvoker.invokeTestMethods(TestInvoker.java:146)
	at org.testng.internal.TestMethodWorker.invokeTestMethods(TestMethodWorker.java:146)
	at org.testng.internal.TestMethodWorker.run(TestMethodWorker.java:128)
	at java.base/java.util.ArrayList.forEach(ArrayList.java:1511)
	at org.testng.TestRunner.privateRun(TestRunner.java:794)
	at org.testng.TestRunner.run(TestRunner.java:596)
	at org.testng.SuiteRunner.runTest(SuiteRunner.java:377)
	at org.testng.SuiteRunner.runSequentially(SuiteRunner.java:371)
	at org.testng.SuiteRunner.privateRun(SuiteRunner.java:332)
	at org.testng.SuiteRunner.run(SuiteRunner.java:276)
	at org.testng.SuiteRunnerWorker.runSuite(SuiteRunnerWorker.java:53)
	at org.testng.SuiteRunnerWorker.run(SuiteRunnerWorker.java:96)
	at org.testng.TestNG.runSuitesSequentially(TestNG.java:1212)
	at org.testng.TestNG.runSuitesLocally(TestNG.java:1134)
	at org.testng.TestNG.runSuites(TestNG.java:1063)
	at org.testng.TestNG.run(TestNG.java:1031)
	at org.apache.maven.surefire.testng.TestNGExecutor.run(TestNGExecutor.java:308)
	at org.apache.maven.surefire.testng.TestNGXmlTestSuite.execute(TestNGXmlTestSuite.java:71)
	at org.apache.maven.surefire.testng.TestNGProvider.invoke(TestNGProvider.java:113)
	at org.apache.maven.surefire.booter.ForkedBooter.runSuitesInProcess(ForkedBooter.java:385)
	at org.apache.maven.surefire.booter.ForkedBooter.execute(ForkedBooter.java:162)
	at org.apache.maven.surefire.booter.ForkedBooter.run(ForkedBooter.java:507)
	at org.apache.maven.surefire.booter.ForkedBooter.main(ForkedBooter.java:495)
]]></failure>
    <system-out><![CDATA[Navigated to:'http://empirehome.myprojectsonline.co.in/'
Trying to find Element By : By.name: emailid
Found Element By : By.name: emailid
Trying to find Element By : By.id: pword
Found Element By : By.id: pword
Trying to find Element By : By.xpath: //button[text()='Login']
Found Element By : By.xpath: //button[text()='Login']
Trying to click on: [[ChromeDriver: chrome on windows (00d89aeb9ac1575144913b05ac6d990b)] -> xpath: //button[text()='Login']]
Clicked on: [[ChromeDriver: chrome on windows (00d89aeb9ac1575144913b05ac6d990b)] -> xpath: //button[text()='Login']]
Trying to find Element By : By.xpath: //i[@class='fa fa-database']
Found Element By : By.xpath: //i[@class='fa fa-database']
Trying to click on: [[ChromeDriver: chrome on windows (00d89aeb9ac1575144913b05ac6d990b)] -> xpath: //i[@class='fa fa-database']]
Clicked on: [[ChromeDriver: chrome on windows (00d89aeb9ac1575144913b05ac6d990b)] -> xpath: //i[@class='fa fa-database']]
Trying to find Element By : By.xpath: //a[text()='Sub Categories']
Found Element By : By.xpath: //a[text()='Sub Categories']
Trying to click on: [[ChromeDriver: chrome on windows (00d89aeb9ac1575144913b05ac6d990b)] -> xpath: //a[text()='Sub Categories']]
Clicked on: [[ChromeDriver: chrome on windows (00d89aeb9ac1575144913b05ac6d990b)] -> xpath: //a[text()='Sub Categories']]
Trying to find Element By : By.xpath: //span[@id='select2-subcatDD-container']
Found Element By : By.xpath: //span[@id='select2-subcatDD-container']
Trying to click on: [[ChromeDriver: chrome on windows (00d89aeb9ac1575144913b05ac6d990b)] -> xpath: //span[@id='select2-subcatDD-container']]
Clicked on: [[ChromeDriver: chrome on windows (00d89aeb9ac1575144913b05ac6d990b)] -> xpath: //span[@id='select2-subcatDD-container']]
Trying to find Element By : By.xpath: //ul[@id='select2-subcatDD-results']//li
Found Element By : By.xpath: //ul[@id='select2-subcatDD-results']//li
Store Room
Showpieces & Idols
Home Application
hall
Furniture
bed room
Trying to click on: [[ChromeDriver: chrome on windows (00d89aeb9ac1575144913b05ac6d990b)] -> xpath: //ul[@id='select2-subcatDD-results']//li]
Clicked on: [[ChromeDriver: chrome on windows (00d89aeb9ac1575144913b05ac6d990b)] -> xpath: //ul[@id='select2-subcatDD-results']//li]
Exception occured: org.openqa.selenium.StaleElementReferenceException: stale element reference: stale element not found
  (Session info: chrome=118.0.5993.120)
For documentation on this error, please visit: https://www.selenium.dev/documentation/webdriver/troubleshooting/errors#stale-element-reference-exception
Build info: version: '4.11.0', revision: '040bc5406b'
System info: os.name: 'Windows 11', os.arch: 'amd64', os.version: '10.0', java.version: '20.0.1'
Driver info: org.openqa.selenium.chrome.ChromeDriver
Command: [00d89aeb9ac1575144913b05ac6d990b, getElementText {id=D4C83FCEA0C5382546F13A9C7D508940_element_78}]
Capabilities {acceptInsecureCerts: false, browserName: chrome, browserVersion: 118.0.5993.120, chrome: {chromedriverVersion: 118.0.5993.70 (e52f33f30b91..., userDataDir: C:\Users\Admin\AppData\Loca...}, fedcm:accounts: true, goog:chromeOptions: {debuggerAddress: localhost:60991}, networkConnectionEnabled: false, pageLoadStrategy: normal, platformName: windows, proxy: Proxy(), se:cdp: ws://localhost:60991/devtoo..., se:cdpVersion: 118.0.5993.120, setWindowRect: true, strictFileInteractability: false, timeouts: {implicit: 0, pageLoad: 300000, script: 30000}, unhandledPromptBehavior: dismiss and notify, webauthn:extension:credBlob: true, webauthn:extension:largeBlob: true, webauthn:extension:minPinLength: true, webauthn:extension:prf: true, webauthn:virtualAuthenticators: true}
Element: [[ChromeDriver: chrome on windows (00d89aeb9ac1575144913b05ac6d990b)] -> xpath: //ul[@id='select2-subcatDD-results']//li]
Session ID: 00d89aeb9ac1575144913b05ac6d990b
]]></system-out>
    <system-err><![CDATA[Nov 03, 2023 2:08:37 PM org.openqa.selenium.devtools.CdpVersionFinder findNearestMatch
WARNING: Unable to find an exact match for CDP version 118, so returning the closest version found: 115
]]></system-err>
  </testcase>
  <testcase name="VerifySearchTextFieldWithInvalidDataTest" classname="com.empire.qa.testcases.SubCategoriesPageTest" time="1.936">
    <failure message="stale element reference: stale element not found&#10;  (Session info: chrome=118.0.5993.120)&#10;For documentation on this error, please visit: https://www.selenium.dev/documentation/webdriver/troubleshooting/errors#stale-element-reference-exception&#10;Build info: version: &apos;4.11.0&apos;, revision: &apos;040bc5406b&apos;&#10;System info: os.name: &apos;Windows 11&apos;, os.arch: &apos;amd64&apos;, os.version: &apos;10.0&apos;, java.version: &apos;20.0.1&apos;&#10;Driver info: org.openqa.selenium.chrome.ChromeDriver&#10;Command: [ad548b67c33db78f9e418911661cb8c3, getElementText {id=732233B45353F68D17D9F8743E26D88E_element_78}]&#10;Capabilities {acceptInsecureCerts: false, browserName: chrome, browserVersion: 118.0.5993.120, chrome: {chromedriverVersion: 118.0.5993.70 (e52f33f30b91..., userDataDir: C:\Users\Admin\AppData\Loca...}, fedcm:accounts: true, goog:chromeOptions: {debuggerAddress: localhost:61029}, networkConnectionEnabled: false, pageLoadStrategy: normal, platformName: windows, proxy: Proxy(), se:cdp: ws://localhost:61029/devtoo..., se:cdpVersion: 118.0.5993.120, setWindowRect: true, strictFileInteractability: false, timeouts: {implicit: 0, pageLoad: 300000, script: 30000}, unhandledPromptBehavior: dismiss and notify, webauthn:extension:credBlob: true, webauthn:extension:largeBlob: true, webauthn:extension:minPinLength: true, webauthn:extension:prf: true, webauthn:virtualAuthenticators: true}&#10;Element: [[ChromeDriver: chrome on windows (ad548b67c33db78f9e418911661cb8c3)] -&gt; xpath: //ul[@id=&apos;select2-subcatDD-results&apos;]//li]&#10;Session ID: ad548b67c33db78f9e418911661cb8c3" type="org.openqa.selenium.StaleElementReferenceException"><![CDATA[org.openqa.selenium.StaleElementReferenceException: 
stale element reference: stale element not found
  (Session info: chrome=118.0.5993.120)
For documentation on this error, please visit: https://www.selenium.dev/documentation/webdriver/troubleshooting/errors#stale-element-reference-exception
Build info: version: '4.11.0', revision: '040bc5406b'
System info: os.name: 'Windows 11', os.arch: 'amd64', os.version: '10.0', java.version: '20.0.1'
Driver info: org.openqa.selenium.chrome.ChromeDriver
Command: [ad548b67c33db78f9e418911661cb8c3, getElementText {id=732233B45353F68D17D9F8743E26D88E_element_78}]
Capabilities {acceptInsecureCerts: false, browserName: chrome, browserVersion: 118.0.5993.120, chrome: {chromedriverVersion: 118.0.5993.70 (e52f33f30b91..., userDataDir: C:\Users\Admin\AppData\Loca...}, fedcm:accounts: true, goog:chromeOptions: {debuggerAddress: localhost:61029}, networkConnectionEnabled: false, pageLoadStrategy: normal, platformName: windows, proxy: Proxy(), se:cdp: ws://localhost:61029/devtoo..., se:cdpVersion: 118.0.5993.120, setWindowRect: true, strictFileInteractability: false, timeouts: {implicit: 0, pageLoad: 300000, script: 30000}, unhandledPromptBehavior: dismiss and notify, webauthn:extension:credBlob: true, webauthn:extension:largeBlob: true, webauthn:extension:minPinLength: true, webauthn:extension:prf: true, webauthn:virtualAuthenticators: true}
Element: [[ChromeDriver: chrome on windows (ad548b67c33db78f9e418911661cb8c3)] -> xpath: //ul[@id='select2-subcatDD-results']//li]
Session ID: ad548b67c33db78f9e418911661cb8c3
	at java.base/jdk.internal.reflect.DirectConstructorHandleAccessor.newInstance(DirectConstructorHandleAccessor.java:67)
	at java.base/java.lang.reflect.Constructor.newInstanceWithCaller(Constructor.java:500)
	at java.base/java.lang.reflect.Constructor.newInstance(Constructor.java:484)
	at org.openqa.selenium.remote.codec.w3c.W3CHttpResponseCodec.createException(W3CHttpResponseCodec.java:200)
	at org.openqa.selenium.remote.codec.w3c.W3CHttpResponseCodec.decode(W3CHttpResponseCodec.java:133)
	at org.openqa.selenium.remote.codec.w3c.W3CHttpResponseCodec.decode(W3CHttpResponseCodec.java:52)
	at org.openqa.selenium.remote.HttpCommandExecutor.execute(HttpCommandExecutor.java:191)
	at org.openqa.selenium.remote.service.DriverCommandExecutor.invokeExecute(DriverCommandExecutor.java:196)
	at org.openqa.selenium.remote.service.DriverCommandExecutor.execute(DriverCommandExecutor.java:171)
	at org.openqa.selenium.remote.RemoteWebDriver.execute(RemoteWebDriver.java:518)
	at org.openqa.selenium.remote.RemoteWebElement.execute(RemoteWebElement.java:224)
	at org.openqa.selenium.remote.RemoteWebElement.getText(RemoteWebElement.java:192)
	at java.base/jdk.internal.reflect.DirectMethodHandleAccessor.invoke(DirectMethodHandleAccessor.java:104)
	at java.base/java.lang.reflect.Method.invoke(Method.java:578)
	at org.openqa.selenium.support.events.EventFiringWebDriver$EventFiringWebElement.lambda$new$0(EventFiringWebDriver.java:375)
	at jdk.proxy2/jdk.proxy2.$Proxy20.getText(Unknown Source)
	at org.openqa.selenium.support.events.EventFiringWebDriver$EventFiringWebElement.getText(EventFiringWebDriver.java:453)
	at com.empire.qa.pages.SubCategoriesPage.VerifySearchTextFieldWithInvalidData(SubCategoriesPage.java:268)
	at com.empire.qa.testcases.SubCategoriesPageTest.VerifySearchTextFieldWithInvalidDataTest(SubCategoriesPageTest.java:119)
	at java.base/jdk.internal.reflect.DirectMethodHandleAccessor.invoke(DirectMethodHandleAccessor.java:104)
	at java.base/java.lang.reflect.Method.invoke(Method.java:578)
	at org.testng.internal.MethodInvocationHelper.invokeMethod(MethodInvocationHelper.java:133)
	at org.testng.internal.TestInvoker.invokeMethod(TestInvoker.java:598)
	at org.testng.internal.TestInvoker.invokeTestMethod(TestInvoker.java:173)
	at org.testng.internal.MethodRunner.runInSequence(MethodRunner.java:46)
	at org.testng.internal.TestInvoker$MethodInvocationAgent.invoke(TestInvoker.java:824)
	at org.testng.internal.TestInvoker.invokeTestMethods(TestInvoker.java:146)
	at org.testng.internal.TestMethodWorker.invokeTestMethods(TestMethodWorker.java:146)
	at org.testng.internal.TestMethodWorker.run(TestMethodWorker.java:128)
	at java.base/java.util.ArrayList.forEach(ArrayList.java:1511)
	at org.testng.TestRunner.privateRun(TestRunner.java:794)
	at org.testng.TestRunner.run(TestRunner.java:596)
	at org.testng.SuiteRunner.runTest(SuiteRunner.java:377)
	at org.testng.SuiteRunner.runSequentially(SuiteRunner.java:371)
	at org.testng.SuiteRunner.privateRun(SuiteRunner.java:332)
	at org.testng.SuiteRunner.run(SuiteRunner.java:276)
	at org.testng.SuiteRunnerWorker.runSuite(SuiteRunnerWorker.java:53)
	at org.testng.SuiteRunnerWorker.run(SuiteRunnerWorker.java:96)
	at org.testng.TestNG.runSuitesSequentially(TestNG.java:1212)
	at org.testng.TestNG.runSuitesLocally(TestNG.java:1134)
	at org.testng.TestNG.runSuites(TestNG.java:1063)
	at org.testng.TestNG.run(TestNG.java:1031)
	at org.apache.maven.surefire.testng.TestNGExecutor.run(TestNGExecutor.java:308)
	at org.apache.maven.surefire.testng.TestNGXmlTestSuite.execute(TestNGXmlTestSuite.java:71)
	at org.apache.maven.surefire.testng.TestNGProvider.invoke(TestNGProvider.java:113)
	at org.apache.maven.surefire.booter.ForkedBooter.runSuitesInProcess(ForkedBooter.java:385)
	at org.apache.maven.surefire.booter.ForkedBooter.execute(ForkedBooter.java:162)
	at org.apache.maven.surefire.booter.ForkedBooter.run(ForkedBooter.java:507)
	at org.apache.maven.surefire.booter.ForkedBooter.main(ForkedBooter.java:495)
]]></failure>
    <system-out><![CDATA[Navigated to:'http://empirehome.myprojectsonline.co.in/'
Trying to find Element By : By.name: emailid
Found Element By : By.name: emailid
Trying to find Element By : By.id: pword
Found Element By : By.id: pword
Trying to find Element By : By.xpath: //button[text()='Login']
Found Element By : By.xpath: //button[text()='Login']
Trying to click on: [[ChromeDriver: chrome on windows (ad548b67c33db78f9e418911661cb8c3)] -> xpath: //button[text()='Login']]
Clicked on: [[ChromeDriver: chrome on windows (ad548b67c33db78f9e418911661cb8c3)] -> xpath: //button[text()='Login']]
Trying to find Element By : By.xpath: //i[@class='fa fa-database']
Found Element By : By.xpath: //i[@class='fa fa-database']
Trying to click on: [[ChromeDriver: chrome on windows (ad548b67c33db78f9e418911661cb8c3)] -> xpath: //i[@class='fa fa-database']]
Clicked on: [[ChromeDriver: chrome on windows (ad548b67c33db78f9e418911661cb8c3)] -> xpath: //i[@class='fa fa-database']]
Trying to find Element By : By.xpath: //a[text()='Sub Categories']
Found Element By : By.xpath: //a[text()='Sub Categories']
Trying to click on: [[ChromeDriver: chrome on windows (ad548b67c33db78f9e418911661cb8c3)] -> xpath: //a[text()='Sub Categories']]
Clicked on: [[ChromeDriver: chrome on windows (ad548b67c33db78f9e418911661cb8c3)] -> xpath: //a[text()='Sub Categories']]
Trying to find Element By : By.xpath: //span[@id='select2-subcatDD-container']
Found Element By : By.xpath: //span[@id='select2-subcatDD-container']
Trying to click on: [[ChromeDriver: chrome on windows (ad548b67c33db78f9e418911661cb8c3)] -> xpath: //span[@id='select2-subcatDD-container']]
Clicked on: [[ChromeDriver: chrome on windows (ad548b67c33db78f9e418911661cb8c3)] -> xpath: //span[@id='select2-subcatDD-container']]
Trying to find Element By : By.xpath: //ul[@id='select2-subcatDD-results']//li
Found Element By : By.xpath: //ul[@id='select2-subcatDD-results']//li
Store Room
Showpieces & Idols
Home Application
hall
Furniture
bed room
Trying to click on: [[ChromeDriver: chrome on windows (ad548b67c33db78f9e418911661cb8c3)] -> xpath: //ul[@id='select2-subcatDD-results']//li]
Clicked on: [[ChromeDriver: chrome on windows (ad548b67c33db78f9e418911661cb8c3)] -> xpath: //ul[@id='select2-subcatDD-results']//li]
Exception occured: org.openqa.selenium.StaleElementReferenceException: stale element reference: stale element not found
  (Session info: chrome=118.0.5993.120)
For documentation on this error, please visit: https://www.selenium.dev/documentation/webdriver/troubleshooting/errors#stale-element-reference-exception
Build info: version: '4.11.0', revision: '040bc5406b'
System info: os.name: 'Windows 11', os.arch: 'amd64', os.version: '10.0', java.version: '20.0.1'
Driver info: org.openqa.selenium.chrome.ChromeDriver
Command: [ad548b67c33db78f9e418911661cb8c3, getElementText {id=732233B45353F68D17D9F8743E26D88E_element_78}]
Capabilities {acceptInsecureCerts: false, browserName: chrome, browserVersion: 118.0.5993.120, chrome: {chromedriverVersion: 118.0.5993.70 (e52f33f30b91..., userDataDir: C:\Users\Admin\AppData\Loca...}, fedcm:accounts: true, goog:chromeOptions: {debuggerAddress: localhost:61029}, networkConnectionEnabled: false, pageLoadStrategy: normal, platformName: windows, proxy: Proxy(), se:cdp: ws://localhost:61029/devtoo..., se:cdpVersion: 118.0.5993.120, setWindowRect: true, strictFileInteractability: false, timeouts: {implicit: 0, pageLoad: 300000, script: 30000}, unhandledPromptBehavior: dismiss and notify, webauthn:extension:credBlob: true, webauthn:extension:largeBlob: true, webauthn:extension:minPinLength: true, webauthn:extension:prf: true, webauthn:virtualAuthenticators: true}
Element: [[ChromeDriver: chrome on windows (ad548b67c33db78f9e418911661cb8c3)] -> xpath: //ul[@id='select2-subcatDD-results']//li]
Session ID: ad548b67c33db78f9e418911661cb8c3
]]></system-out>
    <system-err><![CDATA[Nov 03, 2023 2:08:49 PM org.openqa.selenium.devtools.CdpVersionFinder findNearestMatch
WARNING: Unable to find an exact match for CDP version 118, so returning the closest version found: 115
]]></system-err>
  </testcase>
  <testcase name="VerifyShowEntriesDropdownTest" classname="com.empire.qa.testcases.SubCategoriesPageTest" time="0.159">
    <system-out><![CDATA[Navigated to:'http://empirehome.myprojectsonline.co.in/'
Trying to find Element By : By.name: emailid
Found Element By : By.name: emailid
Trying to find Element By : By.id: pword
Found Element By : By.id: pword
Trying to find Element By : By.xpath: //button[text()='Login']
Found Element By : By.xpath: //button[text()='Login']
Trying to click on: [[ChromeDriver: chrome on windows (80cc9a88e7e24af9cb77c09eb1cf8e86)] -> xpath: //button[text()='Login']]
Clicked on: [[ChromeDriver: chrome on windows (80cc9a88e7e24af9cb77c09eb1cf8e86)] -> xpath: //button[text()='Login']]
Trying to find Element By : By.xpath: //i[@class='fa fa-database']
Found Element By : By.xpath: //i[@class='fa fa-database']
Trying to click on: [[ChromeDriver: chrome on windows (80cc9a88e7e24af9cb77c09eb1cf8e86)] -> xpath: //i[@class='fa fa-database']]
Clicked on: [[ChromeDriver: chrome on windows (80cc9a88e7e24af9cb77c09eb1cf8e86)] -> xpath: //i[@class='fa fa-database']]
Trying to find Element By : By.xpath: //a[text()='Sub Categories']
Found Element By : By.xpath: //a[text()='Sub Categories']
Trying to click on: [[ChromeDriver: chrome on windows (80cc9a88e7e24af9cb77c09eb1cf8e86)] -> xpath: //a[text()='Sub Categories']]
Clicked on: [[ChromeDriver: chrome on windows (80cc9a88e7e24af9cb77c09eb1cf8e86)] -> xpath: //a[text()='Sub Categories']]
Trying to find Element By : By.xpath: //select[@name='mydatatable_length']
Found Element By : By.xpath: //select[@name='mydatatable_length']
Trying to find Element By : By.xpath: //select[@name='mydatatable_length']
Found Element By : By.xpath: //select[@name='mydatatable_length']
Trying to find Element By : By.xpath: //select[@name='mydatatable_length']
Found Element By : By.xpath: //select[@name='mydatatable_length']
Trying to find Element By : By.xpath: //select[@name='mydatatable_length']
Found Element By : By.xpath: //select[@name='mydatatable_length']
Trying to find Element By : By.xpath: .//option[normalize-space(.) = "10"]
Found Element By : By.xpath: .//option[normalize-space(.) = "10"]
]]></system-out>
    <system-err><![CDATA[Nov 03, 2023 2:09:00 PM org.openqa.selenium.devtools.CdpVersionFinder findNearestMatch
WARNING: Unable to find an exact match for CDP version 118, so returning the closest version found: 115
]]></system-err>
  </testcase>
  <testcase name="VerifySnoSortingTest" classname="com.empire.qa.testcases.SubCategoriesPageTest" time="0.435">
    <system-out><![CDATA[Navigated to:'http://empirehome.myprojectsonline.co.in/'
Trying to find Element By : By.name: emailid
Found Element By : By.name: emailid
Trying to find Element By : By.id: pword
Found Element By : By.id: pword
Trying to find Element By : By.xpath: //button[text()='Login']
Found Element By : By.xpath: //button[text()='Login']
Trying to click on: [[ChromeDriver: chrome on windows (d110fa5b680689721f2e93137bbca1dd)] -> xpath: //button[text()='Login']]
Clicked on: [[ChromeDriver: chrome on windows (d110fa5b680689721f2e93137bbca1dd)] -> xpath: //button[text()='Login']]
Trying to find Element By : By.xpath: //i[@class='fa fa-database']
Found Element By : By.xpath: //i[@class='fa fa-database']
Trying to click on: [[ChromeDriver: chrome on windows (d110fa5b680689721f2e93137bbca1dd)] -> xpath: //i[@class='fa fa-database']]
Clicked on: [[ChromeDriver: chrome on windows (d110fa5b680689721f2e93137bbca1dd)] -> xpath: //i[@class='fa fa-database']]
Trying to find Element By : By.xpath: //a[text()='Sub Categories']
Found Element By : By.xpath: //a[text()='Sub Categories']
Trying to click on: [[ChromeDriver: chrome on windows (d110fa5b680689721f2e93137bbca1dd)] -> xpath: //a[text()='Sub Categories']]
Clicked on: [[ChromeDriver: chrome on windows (d110fa5b680689721f2e93137bbca1dd)] -> xpath: //a[text()='Sub Categories']]
Trying to find Element By : By.xpath: //th[@aria-label='#.: activate to sort column descending']
Found Element By : By.xpath: //th[@aria-label='#.: activate to sort column descending']
Trying to click on: [[ChromeDriver: chrome on windows (d110fa5b680689721f2e93137bbca1dd)] -> xpath: //th[@aria-label='#.: activate to sort column descending']]
Clicked on: [[ChromeDriver: chrome on windows (d110fa5b680689721f2e93137bbca1dd)] -> xpath: //th[@aria-label='#.: activate to sort column descending']]
]]></system-out>
    <system-err><![CDATA[Nov 03, 2023 2:09:10 PM org.openqa.selenium.devtools.CdpVersionFinder findNearestMatch
WARNING: Unable to find an exact match for CDP version 118, so returning the closest version found: 115
]]></system-err>
  </testcase>
  <testcase name="VerifySubCategoriesPageTitleTest" classname="com.empire.qa.testcases.SubCategoriesPageTest" time="0.01">
    <system-out><![CDATA[Navigated to:'http://empirehome.myprojectsonline.co.in/'
Trying to find Element By : By.name: emailid
Found Element By : By.name: emailid
Trying to find Element By : By.id: pword
Found Element By : By.id: pword
Trying to find Element By : By.xpath: //button[text()='Login']
Found Element By : By.xpath: //button[text()='Login']
Trying to click on: [[ChromeDriver: chrome on windows (937819c638a25dd8bef5ddec65e1aa95)] -> xpath: //button[text()='Login']]
Clicked on: [[ChromeDriver: chrome on windows (937819c638a25dd8bef5ddec65e1aa95)] -> xpath: //button[text()='Login']]
Trying to find Element By : By.xpath: //i[@class='fa fa-database']
Found Element By : By.xpath: //i[@class='fa fa-database']
Trying to click on: [[ChromeDriver: chrome on windows (937819c638a25dd8bef5ddec65e1aa95)] -> xpath: //i[@class='fa fa-database']]
Clicked on: [[ChromeDriver: chrome on windows (937819c638a25dd8bef5ddec65e1aa95)] -> xpath: //i[@class='fa fa-database']]
Trying to find Element By : By.xpath: //a[text()='Sub Categories']
Found Element By : By.xpath: //a[text()='Sub Categories']
Trying to click on: [[ChromeDriver: chrome on windows (937819c638a25dd8bef5ddec65e1aa95)] -> xpath: //a[text()='Sub Categories']]
Clicked on: [[ChromeDriver: chrome on windows (937819c638a25dd8bef5ddec65e1aa95)] -> xpath: //a[text()='Sub Categories']]
]]></system-out>
    <system-err><![CDATA[Nov 03, 2023 2:09:20 PM org.openqa.selenium.devtools.CdpVersionFinder findNearestMatch
WARNING: Unable to find an exact match for CDP version 118, so returning the closest version found: 115
]]></system-err>
  </testcase>
  <testcase name="VerifySubCategoriesTitleTextTest" classname="com.empire.qa.testcases.SubCategoriesPageTest" time="0.055">
    <system-out><![CDATA[Navigated to:'http://empirehome.myprojectsonline.co.in/'
Trying to find Element By : By.name: emailid
Found Element By : By.name: emailid
Trying to find Element By : By.id: pword
Found Element By : By.id: pword
Trying to find Element By : By.xpath: //button[text()='Login']
Found Element By : By.xpath: //button[text()='Login']
Trying to click on: [[ChromeDriver: chrome on windows (ce9091ddad4b6eb84eed58803f6dcdc6)] -> xpath: //button[text()='Login']]
Clicked on: [[ChromeDriver: chrome on windows (ce9091ddad4b6eb84eed58803f6dcdc6)] -> xpath: //button[text()='Login']]
Trying to find Element By : By.xpath: //i[@class='fa fa-database']
Found Element By : By.xpath: //i[@class='fa fa-database']
Trying to click on: [[ChromeDriver: chrome on windows (ce9091ddad4b6eb84eed58803f6dcdc6)] -> xpath: //i[@class='fa fa-database']]
Clicked on: [[ChromeDriver: chrome on windows (ce9091ddad4b6eb84eed58803f6dcdc6)] -> xpath: //i[@class='fa fa-database']]
Trying to find Element By : By.xpath: //a[text()='Sub Categories']
Found Element By : By.xpath: //a[text()='Sub Categories']
Trying to click on: [[ChromeDriver: chrome on windows (ce9091ddad4b6eb84eed58803f6dcdc6)] -> xpath: //a[text()='Sub Categories']]
Clicked on: [[ChromeDriver: chrome on windows (ce9091ddad4b6eb84eed58803f6dcdc6)] -> xpath: //a[text()='Sub Categories']]
Trying to find Element By : By.xpath: //h1[text()='Subcategories']
Found Element By : By.xpath: //h1[text()='Subcategories']
Subcategories
]]></system-out>
    <system-err><![CDATA[Nov 03, 2023 2:09:29 PM org.openqa.selenium.devtools.CdpVersionFinder findNearestMatch
WARNING: Unable to find an exact match for CDP version 118, so returning the closest version found: 115
]]></system-err>
  </testcase>
  <testcase name="VerifySubCategoryNameSortingTest" classname="com.empire.qa.testcases.SubCategoriesPageTest" time="0.468">
    <system-out><![CDATA[Navigated to:'http://empirehome.myprojectsonline.co.in/'
Trying to find Element By : By.name: emailid
Found Element By : By.name: emailid
Trying to find Element By : By.id: pword
Found Element By : By.id: pword
Trying to find Element By : By.xpath: //button[text()='Login']
Found Element By : By.xpath: //button[text()='Login']
Trying to click on: [[ChromeDriver: chrome on windows (c3e473a92f39762bbef3d39e41d420a8)] -> xpath: //button[text()='Login']]
Clicked on: [[ChromeDriver: chrome on windows (c3e473a92f39762bbef3d39e41d420a8)] -> xpath: //button[text()='Login']]
Trying to find Element By : By.xpath: //i[@class='fa fa-database']
Found Element By : By.xpath: //i[@class='fa fa-database']
Trying to click on: [[ChromeDriver: chrome on windows (c3e473a92f39762bbef3d39e41d420a8)] -> xpath: //i[@class='fa fa-database']]
Clicked on: [[ChromeDriver: chrome on windows (c3e473a92f39762bbef3d39e41d420a8)] -> xpath: //i[@class='fa fa-database']]
Trying to find Element By : By.xpath: //a[text()='Sub Categories']
Found Element By : By.xpath: //a[text()='Sub Categories']
Trying to click on: [[ChromeDriver: chrome on windows (c3e473a92f39762bbef3d39e41d420a8)] -> xpath: //a[text()='Sub Categories']]
Clicked on: [[ChromeDriver: chrome on windows (c3e473a92f39762bbef3d39e41d420a8)] -> xpath: //a[text()='Sub Categories']]
Trying to find Element By : By.xpath: //th[@aria-label='Sub Category Name: activate to sort column ascending']
Found Element By : By.xpath: //th[@aria-label='Sub Category Name: activate to sort column ascending']
Trying to click on: [[ChromeDriver: chrome on windows (c3e473a92f39762bbef3d39e41d420a8)] -> xpath: //th[@aria-label='Sub Category Name: activate to sort column ascending']]
Clicked on: [[ChromeDriver: chrome on windows (c3e473a92f39762bbef3d39e41d420a8)] -> xpath: //th[@aria-label='Sub Category Name: activate to sort column ascending']]
]]></system-out>
    <system-err><![CDATA[Nov 03, 2023 2:09:39 PM org.openqa.selenium.devtools.CdpVersionFinder findNearestMatch
WARNING: Unable to find an exact match for CDP version 118, so returning the closest version found: 115
]]></system-err>
  </testcase>
  <testcase name="VerifyaddSubCategoryPagewithInvalidSubCategoryNameTest" classname="com.empire.qa.testcases.SubCategoriesPageTest" time="3.14">
    <system-out><![CDATA[Navigated to:'http://empirehome.myprojectsonline.co.in/'
Trying to find Element By : By.name: emailid
Found Element By : By.name: emailid
Trying to find Element By : By.id: pword
Found Element By : By.id: pword
Trying to find Element By : By.xpath: //button[text()='Login']
Found Element By : By.xpath: //button[text()='Login']
Trying to click on: [[ChromeDriver: chrome on windows (f45150ca65cced50124a28fde38c8b1f)] -> xpath: //button[text()='Login']]
Clicked on: [[ChromeDriver: chrome on windows (f45150ca65cced50124a28fde38c8b1f)] -> xpath: //button[text()='Login']]
Trying to find Element By : By.xpath: //i[@class='fa fa-database']
Found Element By : By.xpath: //i[@class='fa fa-database']
Trying to click on: [[ChromeDriver: chrome on windows (f45150ca65cced50124a28fde38c8b1f)] -> xpath: //i[@class='fa fa-database']]
Clicked on: [[ChromeDriver: chrome on windows (f45150ca65cced50124a28fde38c8b1f)] -> xpath: //i[@class='fa fa-database']]
Trying to find Element By : By.xpath: //a[text()='Sub Categories']
Found Element By : By.xpath: //a[text()='Sub Categories']
Trying to click on: [[ChromeDriver: chrome on windows (f45150ca65cced50124a28fde38c8b1f)] -> xpath: //a[text()='Sub Categories']]
Clicked on: [[ChromeDriver: chrome on windows (f45150ca65cced50124a28fde38c8b1f)] -> xpath: //a[text()='Sub Categories']]
Trying to find Element By : By.xpath: //i[@class='fa fa-plus']
Found Element By : By.xpath: //i[@class='fa fa-plus']
Trying to click on: [[ChromeDriver: chrome on windows (f45150ca65cced50124a28fde38c8b1f)] -> xpath: //i[@class='fa fa-plus']]
Clicked on: [[ChromeDriver: chrome on windows (f45150ca65cced50124a28fde38c8b1f)] -> xpath: //i[@class='fa fa-plus']]
Trying to find Element By : By.xpath: //select[@id='subcatDD']
Found Element By : By.xpath: //select[@id='subcatDD']
Trying to find Element By : By.xpath: //select[@id='subcatDD']
Found Element By : By.xpath: //select[@id='subcatDD']
Trying to find Element By : By.xpath: //select[@id='subcatDD']
Found Element By : By.xpath: //select[@id='subcatDD']
Trying to find Element By : By.xpath: //select[@id='subcatDD']
Found Element By : By.xpath: //select[@id='subcatDD']
Trying to find Element By : By.xpath: .//option[normalize-space(.) = "bed room"]
Found Element By : By.xpath: .//option[normalize-space(.) = "bed room"]
Trying to click on: [[[[ChromeDriver: chrome on windows (f45150ca65cced50124a28fde38c8b1f)] -> xpath: //select[@id='subcatDD']]] -> xpath: .//option[normalize-space(.) = "bed room"]]
Clicked on: [[[[ChromeDriver: chrome on windows (f45150ca65cced50124a28fde38c8b1f)] -> xpath: //select[@id='subcatDD']]] -> xpath: .//option[normalize-space(.) = "bed room"]]
Trying to find Element By : By.xpath: //input[@id='SubCategoryName']
Found Element By : By.xpath: //input[@id='SubCategoryName']
Trying to find Element By : By.xpath: //button[text()=' Save']
Found Element By : By.xpath: //button[text()=' Save']
Trying to click on: [[ChromeDriver: chrome on windows (f45150ca65cced50124a28fde38c8b1f)] -> xpath: //button[text()=' Save']]
Clicked on: [[ChromeDriver: chrome on windows (f45150ca65cced50124a28fde38c8b1f)] -> xpath: //button[text()=' Save']]
]]></system-out>
    <system-err><![CDATA[Nov 03, 2023 2:09:49 PM org.openqa.selenium.devtools.CdpVersionFinder findNearestMatch
WARNING: Unable to find an exact match for CDP version 118, so returning the closest version found: 115
]]></system-err>
  </testcase>
  <testcase name="VerifyaddSubCategoryPagewithoutDataTest" classname="com.empire.qa.testcases.SubCategoriesPageTest" time="2.481">
    <system-out><![CDATA[Navigated to:'http://empirehome.myprojectsonline.co.in/'
Trying to find Element By : By.name: emailid
Found Element By : By.name: emailid
Trying to find Element By : By.id: pword
Found Element By : By.id: pword
Trying to find Element By : By.xpath: //button[text()='Login']
Found Element By : By.xpath: //button[text()='Login']
Trying to click on: [[ChromeDriver: chrome on windows (ed39640e165e01ea0925d1e1a9810de5)] -> xpath: //button[text()='Login']]
Clicked on: [[ChromeDriver: chrome on windows (ed39640e165e01ea0925d1e1a9810de5)] -> xpath: //button[text()='Login']]
Trying to find Element By : By.xpath: //i[@class='fa fa-database']
Found Element By : By.xpath: //i[@class='fa fa-database']
Trying to click on: [[ChromeDriver: chrome on windows (ed39640e165e01ea0925d1e1a9810de5)] -> xpath: //i[@class='fa fa-database']]
Clicked on: [[ChromeDriver: chrome on windows (ed39640e165e01ea0925d1e1a9810de5)] -> xpath: //i[@class='fa fa-database']]
Trying to find Element By : By.xpath: //a[text()='Sub Categories']
Found Element By : By.xpath: //a[text()='Sub Categories']
Trying to click on: [[ChromeDriver: chrome on windows (ed39640e165e01ea0925d1e1a9810de5)] -> xpath: //a[text()='Sub Categories']]
Clicked on: [[ChromeDriver: chrome on windows (ed39640e165e01ea0925d1e1a9810de5)] -> xpath: //a[text()='Sub Categories']]
Trying to find Element By : By.xpath: //i[@class='fa fa-plus']
Found Element By : By.xpath: //i[@class='fa fa-plus']
Trying to click on: [[ChromeDriver: chrome on windows (ed39640e165e01ea0925d1e1a9810de5)] -> xpath: //i[@class='fa fa-plus']]
Clicked on: [[ChromeDriver: chrome on windows (ed39640e165e01ea0925d1e1a9810de5)] -> xpath: //i[@class='fa fa-plus']]
Trying to find Element By : By.xpath: //button[text()=' Save']
Found Element By : By.xpath: //button[text()=' Save']
Trying to click on: [[ChromeDriver: chrome on windows (ed39640e165e01ea0925d1e1a9810de5)] -> xpath: //button[text()=' Save']]
Clicked on: [[ChromeDriver: chrome on windows (ed39640e165e01ea0925d1e1a9810de5)] -> xpath: //button[text()=' Save']]
]]></system-out>
    <system-err><![CDATA[Nov 03, 2023 2:10:02 PM org.openqa.selenium.devtools.CdpVersionFinder findNearestMatch
WARNING: Unable to find an exact match for CDP version 118, so returning the closest version found: 115
]]></system-err>
  </testcase>
  <testcase name="VerifyaddSubCategoryPagewithValidDataTest" classname="com.empire.qa.testcases.SubCategoriesPageTest" time="3.197">
    <system-out><![CDATA[Navigated to:'http://empirehome.myprojectsonline.co.in/'
Trying to find Element By : By.name: emailid
Found Element By : By.name: emailid
Trying to find Element By : By.id: pword
Found Element By : By.id: pword
Trying to find Element By : By.xpath: //button[text()='Login']
Found Element By : By.xpath: //button[text()='Login']
Trying to click on: [[ChromeDriver: chrome on windows (8568da6a42c1da2c4372366536b963c8)] -> xpath: //button[text()='Login']]
Clicked on: [[ChromeDriver: chrome on windows (8568da6a42c1da2c4372366536b963c8)] -> xpath: //button[text()='Login']]
Trying to find Element By : By.xpath: //i[@class='fa fa-database']
Found Element By : By.xpath: //i[@class='fa fa-database']
Trying to click on: [[ChromeDriver: chrome on windows (8568da6a42c1da2c4372366536b963c8)] -> xpath: //i[@class='fa fa-database']]
Clicked on: [[ChromeDriver: chrome on windows (8568da6a42c1da2c4372366536b963c8)] -> xpath: //i[@class='fa fa-database']]
Trying to find Element By : By.xpath: //a[text()='Sub Categories']
Found Element By : By.xpath: //a[text()='Sub Categories']
Trying to click on: [[ChromeDriver: chrome on windows (8568da6a42c1da2c4372366536b963c8)] -> xpath: //a[text()='Sub Categories']]
Clicked on: [[ChromeDriver: chrome on windows (8568da6a42c1da2c4372366536b963c8)] -> xpath: //a[text()='Sub Categories']]
Trying to find Element By : By.xpath: //i[@class='fa fa-plus']
Found Element By : By.xpath: //i[@class='fa fa-plus']
Trying to click on: [[ChromeDriver: chrome on windows (8568da6a42c1da2c4372366536b963c8)] -> xpath: //i[@class='fa fa-plus']]
Clicked on: [[ChromeDriver: chrome on windows (8568da6a42c1da2c4372366536b963c8)] -> xpath: //i[@class='fa fa-plus']]
Trying to find Element By : By.xpath: //select[@id='subcatDD']
Found Element By : By.xpath: //select[@id='subcatDD']
Trying to find Element By : By.xpath: //select[@id='subcatDD']
Found Element By : By.xpath: //select[@id='subcatDD']
Trying to find Element By : By.xpath: //select[@id='subcatDD']
Found Element By : By.xpath: //select[@id='subcatDD']
Trying to find Element By : By.xpath: //select[@id='subcatDD']
Found Element By : By.xpath: //select[@id='subcatDD']
Trying to find Element By : By.xpath: .//option[normalize-space(.) = "bed room"]
Found Element By : By.xpath: .//option[normalize-space(.) = "bed room"]
Trying to click on: [[[[ChromeDriver: chrome on windows (8568da6a42c1da2c4372366536b963c8)] -> xpath: //select[@id='subcatDD']]] -> xpath: .//option[normalize-space(.) = "bed room"]]
Clicked on: [[[[ChromeDriver: chrome on windows (8568da6a42c1da2c4372366536b963c8)] -> xpath: //select[@id='subcatDD']]] -> xpath: .//option[normalize-space(.) = "bed room"]]
Trying to find Element By : By.xpath: //input[@id='SubCategoryName']
Found Element By : By.xpath: //input[@id='SubCategoryName']
Trying to find Element By : By.xpath: //button[text()=' Save']
Found Element By : By.xpath: //button[text()=' Save']
Trying to click on: [[ChromeDriver: chrome on windows (8568da6a42c1da2c4372366536b963c8)] -> xpath: //button[text()=' Save']]
Clicked on: [[ChromeDriver: chrome on windows (8568da6a42c1da2c4372366536b963c8)] -> xpath: //button[text()=' Save']]
]]></system-out>
    <system-err><![CDATA[Nov 03, 2023 2:10:14 PM org.openqa.selenium.devtools.CdpVersionFinder findNearestMatch
WARNING: Unable to find an exact match for CDP version 118, so returning the closest version found: 115
]]></system-err>
  </testcase>
  <testcase name="VerifyEditButtonBySearchSubCategoryNameTest" classname="com.empire.qa.testcases.SubCategoriesPageTest" time="1.873">
    <failure message="stale element reference: stale element not found&#10;  (Session info: chrome=118.0.5993.120)&#10;For documentation on this error, please visit: https://www.selenium.dev/documentation/webdriver/troubleshooting/errors#stale-element-reference-exception&#10;Build info: version: &apos;4.11.0&apos;, revision: &apos;040bc5406b&apos;&#10;System info: os.name: &apos;Windows 11&apos;, os.arch: &apos;amd64&apos;, os.version: &apos;10.0&apos;, java.version: &apos;20.0.1&apos;&#10;Driver info: org.openqa.selenium.chrome.ChromeDriver&#10;Command: [89fa2ae2bdd313d2404e71e532ae00ff, getElementText {id=38F81E5901937C73F270F461EDEA0F7A_element_53}]&#10;Capabilities {acceptInsecureCerts: false, browserName: chrome, browserVersion: 118.0.5993.120, chrome: {chromedriverVersion: 118.0.5993.70 (e52f33f30b91..., userDataDir: C:\Users\Admin\AppData\Loca...}, fedcm:accounts: true, goog:chromeOptions: {debuggerAddress: localhost:61431}, networkConnectionEnabled: false, pageLoadStrategy: normal, platformName: windows, proxy: Proxy(), se:cdp: ws://localhost:61431/devtoo..., se:cdpVersion: 118.0.5993.120, setWindowRect: true, strictFileInteractability: false, timeouts: {implicit: 0, pageLoad: 300000, script: 30000}, unhandledPromptBehavior: dismiss and notify, webauthn:extension:credBlob: true, webauthn:extension:largeBlob: true, webauthn:extension:minPinLength: true, webauthn:extension:prf: true, webauthn:virtualAuthenticators: true}&#10;Element: [[ChromeDriver: chrome on windows (89fa2ae2bdd313d2404e71e532ae00ff)] -&gt; xpath: //ul[@id=&apos;select2-subcatDD-results&apos;]//li]&#10;Session ID: 89fa2ae2bdd313d2404e71e532ae00ff" type="org.openqa.selenium.StaleElementReferenceException"><![CDATA[org.openqa.selenium.StaleElementReferenceException: 
stale element reference: stale element not found
  (Session info: chrome=118.0.5993.120)
For documentation on this error, please visit: https://www.selenium.dev/documentation/webdriver/troubleshooting/errors#stale-element-reference-exception
Build info: version: '4.11.0', revision: '040bc5406b'
System info: os.name: 'Windows 11', os.arch: 'amd64', os.version: '10.0', java.version: '20.0.1'
Driver info: org.openqa.selenium.chrome.ChromeDriver
Command: [89fa2ae2bdd313d2404e71e532ae00ff, getElementText {id=38F81E5901937C73F270F461EDEA0F7A_element_53}]
Capabilities {acceptInsecureCerts: false, browserName: chrome, browserVersion: 118.0.5993.120, chrome: {chromedriverVersion: 118.0.5993.70 (e52f33f30b91..., userDataDir: C:\Users\Admin\AppData\Loca...}, fedcm:accounts: true, goog:chromeOptions: {debuggerAddress: localhost:61431}, networkConnectionEnabled: false, pageLoadStrategy: normal, platformName: windows, proxy: Proxy(), se:cdp: ws://localhost:61431/devtoo..., se:cdpVersion: 118.0.5993.120, setWindowRect: true, strictFileInteractability: false, timeouts: {implicit: 0, pageLoad: 300000, script: 30000}, unhandledPromptBehavior: dismiss and notify, webauthn:extension:credBlob: true, webauthn:extension:largeBlob: true, webauthn:extension:minPinLength: true, webauthn:extension:prf: true, webauthn:virtualAuthenticators: true}
Element: [[ChromeDriver: chrome on windows (89fa2ae2bdd313d2404e71e532ae00ff)] -> xpath: //ul[@id='select2-subcatDD-results']//li]
Session ID: 89fa2ae2bdd313d2404e71e532ae00ff
	at java.base/jdk.internal.reflect.DirectConstructorHandleAccessor.newInstance(DirectConstructorHandleAccessor.java:67)
	at java.base/java.lang.reflect.Constructor.newInstanceWithCaller(Constructor.java:500)
	at java.base/java.lang.reflect.Constructor.newInstance(Constructor.java:484)
	at org.openqa.selenium.remote.codec.w3c.W3CHttpResponseCodec.createException(W3CHttpResponseCodec.java:200)
	at org.openqa.selenium.remote.codec.w3c.W3CHttpResponseCodec.decode(W3CHttpResponseCodec.java:133)
	at org.openqa.selenium.remote.codec.w3c.W3CHttpResponseCodec.decode(W3CHttpResponseCodec.java:52)
	at org.openqa.selenium.remote.HttpCommandExecutor.execute(HttpCommandExecutor.java:191)
	at org.openqa.selenium.remote.service.DriverCommandExecutor.invokeExecute(DriverCommandExecutor.java:196)
	at org.openqa.selenium.remote.service.DriverCommandExecutor.execute(DriverCommandExecutor.java:171)
	at org.openqa.selenium.remote.RemoteWebDriver.execute(RemoteWebDriver.java:518)
	at org.openqa.selenium.remote.RemoteWebElement.execute(RemoteWebElement.java:224)
	at org.openqa.selenium.remote.RemoteWebElement.getText(RemoteWebElement.java:192)
	at java.base/jdk.internal.reflect.DirectMethodHandleAccessor.invoke(DirectMethodHandleAccessor.java:104)
	at java.base/java.lang.reflect.Method.invoke(Method.java:578)
	at org.openqa.selenium.support.events.EventFiringWebDriver$EventFiringWebElement.lambda$new$0(EventFiringWebDriver.java:375)
	at jdk.proxy2/jdk.proxy2.$Proxy20.getText(Unknown Source)
	at org.openqa.selenium.support.events.EventFiringWebDriver$EventFiringWebElement.getText(EventFiringWebDriver.java:453)
	at com.empire.qa.pages.SubCategoriesPage.VerifyEditButtonBySearchSubCategoryName(SubCategoriesPage.java:163)
	at com.empire.qa.testcases.SubCategoriesPageTest.VerifyEditButtonBySearchSubCategoryNameTest(SubCategoriesPageTest.java:99)
	at java.base/jdk.internal.reflect.DirectMethodHandleAccessor.invoke(DirectMethodHandleAccessor.java:104)
	at java.base/java.lang.reflect.Method.invoke(Method.java:578)
	at org.testng.internal.MethodInvocationHelper.invokeMethod(MethodInvocationHelper.java:133)
	at org.testng.internal.TestInvoker.invokeMethod(TestInvoker.java:598)
	at org.testng.internal.TestInvoker.invokeTestMethod(TestInvoker.java:173)
	at org.testng.internal.MethodRunner.runInSequence(MethodRunner.java:46)
	at org.testng.internal.TestInvoker$MethodInvocationAgent.invoke(TestInvoker.java:824)
	at org.testng.internal.TestInvoker.invokeTestMethods(TestInvoker.java:146)
	at org.testng.internal.TestMethodWorker.invokeTestMethods(TestMethodWorker.java:146)
	at org.testng.internal.TestMethodWorker.run(TestMethodWorker.java:128)
	at java.base/java.util.ArrayList.forEach(ArrayList.java:1511)
	at org.testng.TestRunner.privateRun(TestRunner.java:794)
	at org.testng.TestRunner.run(TestRunner.java:596)
	at org.testng.SuiteRunner.runTest(SuiteRunner.java:377)
	at org.testng.SuiteRunner.runSequentially(SuiteRunner.java:371)
	at org.testng.SuiteRunner.privateRun(SuiteRunner.java:332)
	at org.testng.SuiteRunner.run(SuiteRunner.java:276)
	at org.testng.SuiteRunnerWorker.runSuite(SuiteRunnerWorker.java:53)
	at org.testng.SuiteRunnerWorker.run(SuiteRunnerWorker.java:96)
	at org.testng.TestNG.runSuitesSequentially(TestNG.java:1212)
	at org.testng.TestNG.runSuitesLocally(TestNG.java:1134)
	at org.testng.TestNG.runSuites(TestNG.java:1063)
	at org.testng.TestNG.run(TestNG.java:1031)
	at org.apache.maven.surefire.testng.TestNGExecutor.run(TestNGExecutor.java:308)
	at org.apache.maven.surefire.testng.TestNGXmlTestSuite.execute(TestNGXmlTestSuite.java:71)
	at org.apache.maven.surefire.testng.TestNGProvider.invoke(TestNGProvider.java:113)
	at org.apache.maven.surefire.booter.ForkedBooter.runSuitesInProcess(ForkedBooter.java:385)
	at org.apache.maven.surefire.booter.ForkedBooter.execute(ForkedBooter.java:162)
	at org.apache.maven.surefire.booter.ForkedBooter.run(ForkedBooter.java:507)
	at org.apache.maven.surefire.booter.ForkedBooter.main(ForkedBooter.java:495)
]]></failure>
    <system-out><![CDATA[Navigated to:'http://empirehome.myprojectsonline.co.in/'
Trying to find Element By : By.name: emailid
Found Element By : By.name: emailid
Trying to find Element By : By.id: pword
Found Element By : By.id: pword
Trying to find Element By : By.xpath: //button[text()='Login']
Found Element By : By.xpath: //button[text()='Login']
Trying to click on: [[ChromeDriver: chrome on windows (89fa2ae2bdd313d2404e71e532ae00ff)] -> xpath: //button[text()='Login']]
Clicked on: [[ChromeDriver: chrome on windows (89fa2ae2bdd313d2404e71e532ae00ff)] -> xpath: //button[text()='Login']]
Trying to find Element By : By.xpath: //i[@class='fa fa-database']
Found Element By : By.xpath: //i[@class='fa fa-database']
Trying to click on: [[ChromeDriver: chrome on windows (89fa2ae2bdd313d2404e71e532ae00ff)] -> xpath: //i[@class='fa fa-database']]
Clicked on: [[ChromeDriver: chrome on windows (89fa2ae2bdd313d2404e71e532ae00ff)] -> xpath: //i[@class='fa fa-database']]
Trying to find Element By : By.xpath: //a[text()='Sub Categories']
Found Element By : By.xpath: //a[text()='Sub Categories']
Trying to click on: [[ChromeDriver: chrome on windows (89fa2ae2bdd313d2404e71e532ae00ff)] -> xpath: //a[text()='Sub Categories']]
Clicked on: [[ChromeDriver: chrome on windows (89fa2ae2bdd313d2404e71e532ae00ff)] -> xpath: //a[text()='Sub Categories']]
Trying to find Element By : By.xpath: //span[@id='select2-subcatDD-container']
Found Element By : By.xpath: //span[@id='select2-subcatDD-container']
Trying to click on: [[ChromeDriver: chrome on windows (89fa2ae2bdd313d2404e71e532ae00ff)] -> xpath: //span[@id='select2-subcatDD-container']]
Clicked on: [[ChromeDriver: chrome on windows (89fa2ae2bdd313d2404e71e532ae00ff)] -> xpath: //span[@id='select2-subcatDD-container']]
Trying to find Element By : By.xpath: //ul[@id='select2-subcatDD-results']//li
Found Element By : By.xpath: //ul[@id='select2-subcatDD-results']//li
Store Room
Showpieces & Idols
Home Application
hall
Furniture
bed room
Trying to click on: [[ChromeDriver: chrome on windows (89fa2ae2bdd313d2404e71e532ae00ff)] -> xpath: //ul[@id='select2-subcatDD-results']//li]
Clicked on: [[ChromeDriver: chrome on windows (89fa2ae2bdd313d2404e71e532ae00ff)] -> xpath: //ul[@id='select2-subcatDD-results']//li]
Exception occured: org.openqa.selenium.StaleElementReferenceException: stale element reference: stale element not found
  (Session info: chrome=118.0.5993.120)
For documentation on this error, please visit: https://www.selenium.dev/documentation/webdriver/troubleshooting/errors#stale-element-reference-exception
Build info: version: '4.11.0', revision: '040bc5406b'
System info: os.name: 'Windows 11', os.arch: 'amd64', os.version: '10.0', java.version: '20.0.1'
Driver info: org.openqa.selenium.chrome.ChromeDriver
Command: [89fa2ae2bdd313d2404e71e532ae00ff, getElementText {id=38F81E5901937C73F270F461EDEA0F7A_element_53}]
Capabilities {acceptInsecureCerts: false, browserName: chrome, browserVersion: 118.0.5993.120, chrome: {chromedriverVersion: 118.0.5993.70 (e52f33f30b91..., userDataDir: C:\Users\Admin\AppData\Loca...}, fedcm:accounts: true, goog:chromeOptions: {debuggerAddress: localhost:61431}, networkConnectionEnabled: false, pageLoadStrategy: normal, platformName: windows, proxy: Proxy(), se:cdp: ws://localhost:61431/devtoo..., se:cdpVersion: 118.0.5993.120, setWindowRect: true, strictFileInteractability: false, timeouts: {implicit: 0, pageLoad: 300000, script: 30000}, unhandledPromptBehavior: dismiss and notify, webauthn:extension:credBlob: true, webauthn:extension:largeBlob: true, webauthn:extension:minPinLength: true, webauthn:extension:prf: true, webauthn:virtualAuthenticators: true}
Element: [[ChromeDriver: chrome on windows (89fa2ae2bdd313d2404e71e532ae00ff)] -> xpath: //ul[@id='select2-subcatDD-results']//li]
Session ID: 89fa2ae2bdd313d2404e71e532ae00ff
]]></system-out>
    <system-err><![CDATA[Nov 03, 2023 2:10:26 PM org.openqa.selenium.devtools.CdpVersionFinder findNearestMatch
WARNING: Unable to find an exact match for CDP version 118, so returning the closest version found: 115
]]></system-err>
  </testcase>
  <testcase name="VerifyDeleteButtonBySearchSubCategoryNameTest" classname="com.empire.qa.testcases.SubCategoriesPageTest" time="1.908">
    <failure message="stale element reference: stale element not found&#10;  (Session info: chrome=118.0.5993.120)&#10;For documentation on this error, please visit: https://www.selenium.dev/documentation/webdriver/troubleshooting/errors#stale-element-reference-exception&#10;Build info: version: &apos;4.11.0&apos;, revision: &apos;040bc5406b&apos;&#10;System info: os.name: &apos;Windows 11&apos;, os.arch: &apos;amd64&apos;, os.version: &apos;10.0&apos;, java.version: &apos;20.0.1&apos;&#10;Driver info: org.openqa.selenium.chrome.ChromeDriver&#10;Command: [46b2d70fa5b9e9d3b6e412b06ce582f9, getElementText {id=2722B63A78A3D67A94C21643E13DDE35_element_60}]&#10;Capabilities {acceptInsecureCerts: false, browserName: chrome, browserVersion: 118.0.5993.120, chrome: {chromedriverVersion: 118.0.5993.70 (e52f33f30b91..., userDataDir: C:\Users\Admin\AppData\Loca...}, fedcm:accounts: true, goog:chromeOptions: {debuggerAddress: localhost:61471}, networkConnectionEnabled: false, pageLoadStrategy: normal, platformName: windows, proxy: Proxy(), se:cdp: ws://localhost:61471/devtoo..., se:cdpVersion: 118.0.5993.120, setWindowRect: true, strictFileInteractability: false, timeouts: {implicit: 0, pageLoad: 300000, script: 30000}, unhandledPromptBehavior: dismiss and notify, webauthn:extension:credBlob: true, webauthn:extension:largeBlob: true, webauthn:extension:minPinLength: true, webauthn:extension:prf: true, webauthn:virtualAuthenticators: true}&#10;Element: [[ChromeDriver: chrome on windows (46b2d70fa5b9e9d3b6e412b06ce582f9)] -&gt; xpath: //ul[@id=&apos;select2-subcatDD-results&apos;]//li]&#10;Session ID: 46b2d70fa5b9e9d3b6e412b06ce582f9" type="org.openqa.selenium.StaleElementReferenceException"><![CDATA[org.openqa.selenium.StaleElementReferenceException: 
stale element reference: stale element not found
  (Session info: chrome=118.0.5993.120)
For documentation on this error, please visit: https://www.selenium.dev/documentation/webdriver/troubleshooting/errors#stale-element-reference-exception
Build info: version: '4.11.0', revision: '040bc5406b'
System info: os.name: 'Windows 11', os.arch: 'amd64', os.version: '10.0', java.version: '20.0.1'
Driver info: org.openqa.selenium.chrome.ChromeDriver
Command: [46b2d70fa5b9e9d3b6e412b06ce582f9, getElementText {id=2722B63A78A3D67A94C21643E13DDE35_element_60}]
Capabilities {acceptInsecureCerts: false, browserName: chrome, browserVersion: 118.0.5993.120, chrome: {chromedriverVersion: 118.0.5993.70 (e52f33f30b91..., userDataDir: C:\Users\Admin\AppData\Loca...}, fedcm:accounts: true, goog:chromeOptions: {debuggerAddress: localhost:61471}, networkConnectionEnabled: false, pageLoadStrategy: normal, platformName: windows, proxy: Proxy(), se:cdp: ws://localhost:61471/devtoo..., se:cdpVersion: 118.0.5993.120, setWindowRect: true, strictFileInteractability: false, timeouts: {implicit: 0, pageLoad: 300000, script: 30000}, unhandledPromptBehavior: dismiss and notify, webauthn:extension:credBlob: true, webauthn:extension:largeBlob: true, webauthn:extension:minPinLength: true, webauthn:extension:prf: true, webauthn:virtualAuthenticators: true}
Element: [[ChromeDriver: chrome on windows (46b2d70fa5b9e9d3b6e412b06ce582f9)] -> xpath: //ul[@id='select2-subcatDD-results']//li]
Session ID: 46b2d70fa5b9e9d3b6e412b06ce582f9
	at java.base/jdk.internal.reflect.DirectConstructorHandleAccessor.newInstance(DirectConstructorHandleAccessor.java:67)
	at java.base/java.lang.reflect.Constructor.newInstanceWithCaller(Constructor.java:500)
	at java.base/java.lang.reflect.Constructor.newInstance(Constructor.java:484)
	at org.openqa.selenium.remote.codec.w3c.W3CHttpResponseCodec.createException(W3CHttpResponseCodec.java:200)
	at org.openqa.selenium.remote.codec.w3c.W3CHttpResponseCodec.decode(W3CHttpResponseCodec.java:133)
	at org.openqa.selenium.remote.codec.w3c.W3CHttpResponseCodec.decode(W3CHttpResponseCodec.java:52)
	at org.openqa.selenium.remote.HttpCommandExecutor.execute(HttpCommandExecutor.java:191)
	at org.openqa.selenium.remote.service.DriverCommandExecutor.invokeExecute(DriverCommandExecutor.java:196)
	at org.openqa.selenium.remote.service.DriverCommandExecutor.execute(DriverCommandExecutor.java:171)
	at org.openqa.selenium.remote.RemoteWebDriver.execute(RemoteWebDriver.java:518)
	at org.openqa.selenium.remote.RemoteWebElement.execute(RemoteWebElement.java:224)
	at org.openqa.selenium.remote.RemoteWebElement.getText(RemoteWebElement.java:192)
	at java.base/jdk.internal.reflect.DirectMethodHandleAccessor.invoke(DirectMethodHandleAccessor.java:104)
	at java.base/java.lang.reflect.Method.invoke(Method.java:578)
	at org.openqa.selenium.support.events.EventFiringWebDriver$EventFiringWebElement.lambda$new$0(EventFiringWebDriver.java:375)
	at jdk.proxy2/jdk.proxy2.$Proxy20.getText(Unknown Source)
	at org.openqa.selenium.support.events.EventFiringWebDriver$EventFiringWebElement.getText(EventFiringWebDriver.java:453)
	at com.empire.qa.pages.SubCategoriesPage.VerifyDeleteButtonBySearchSubCategoryName(SubCategoriesPage.java:186)
	at com.empire.qa.testcases.SubCategoriesPageTest.VerifyDeleteButtonBySearchSubCategoryNameTest(SubCategoriesPageTest.java:104)
	at java.base/jdk.internal.reflect.DirectMethodHandleAccessor.invoke(DirectMethodHandleAccessor.java:104)
	at java.base/java.lang.reflect.Method.invoke(Method.java:578)
	at org.testng.internal.MethodInvocationHelper.invokeMethod(MethodInvocationHelper.java:133)
	at org.testng.internal.TestInvoker.invokeMethod(TestInvoker.java:598)
	at org.testng.internal.TestInvoker.invokeTestMethod(TestInvoker.java:173)
	at org.testng.internal.MethodRunner.runInSequence(MethodRunner.java:46)
	at org.testng.internal.TestInvoker$MethodInvocationAgent.invoke(TestInvoker.java:824)
	at org.testng.internal.TestInvoker.invokeTestMethods(TestInvoker.java:146)
	at org.testng.internal.TestMethodWorker.invokeTestMethods(TestMethodWorker.java:146)
	at org.testng.internal.TestMethodWorker.run(TestMethodWorker.java:128)
	at java.base/java.util.ArrayList.forEach(ArrayList.java:1511)
	at org.testng.TestRunner.privateRun(TestRunner.java:794)
	at org.testng.TestRunner.run(TestRunner.java:596)
	at org.testng.SuiteRunner.runTest(SuiteRunner.java:377)
	at org.testng.SuiteRunner.runSequentially(SuiteRunner.java:371)
	at org.testng.SuiteRunner.privateRun(SuiteRunner.java:332)
	at org.testng.SuiteRunner.run(SuiteRunner.java:276)
	at org.testng.SuiteRunnerWorker.runSuite(SuiteRunnerWorker.java:53)
	at org.testng.SuiteRunnerWorker.run(SuiteRunnerWorker.java:96)
	at org.testng.TestNG.runSuitesSequentially(TestNG.java:1212)
	at org.testng.TestNG.runSuitesLocally(TestNG.java:1134)
	at org.testng.TestNG.runSuites(TestNG.java:1063)
	at org.testng.TestNG.run(TestNG.java:1031)
	at org.apache.maven.surefire.testng.TestNGExecutor.run(TestNGExecutor.java:308)
	at org.apache.maven.surefire.testng.TestNGXmlTestSuite.execute(TestNGXmlTestSuite.java:71)
	at org.apache.maven.surefire.testng.TestNGProvider.invoke(TestNGProvider.java:113)
	at org.apache.maven.surefire.booter.ForkedBooter.runSuitesInProcess(ForkedBooter.java:385)
	at org.apache.maven.surefire.booter.ForkedBooter.execute(ForkedBooter.java:162)
	at org.apache.maven.surefire.booter.ForkedBooter.run(ForkedBooter.java:507)
	at org.apache.maven.surefire.booter.ForkedBooter.main(ForkedBooter.java:495)
]]></failure>
    <system-out><![CDATA[Navigated to:'http://empirehome.myprojectsonline.co.in/'
Trying to find Element By : By.name: emailid
Found Element By : By.name: emailid
Trying to find Element By : By.id: pword
Found Element By : By.id: pword
Trying to find Element By : By.xpath: //button[text()='Login']
Found Element By : By.xpath: //button[text()='Login']
Trying to click on: [[ChromeDriver: chrome on windows (46b2d70fa5b9e9d3b6e412b06ce582f9)] -> xpath: //button[text()='Login']]
Clicked on: [[ChromeDriver: chrome on windows (46b2d70fa5b9e9d3b6e412b06ce582f9)] -> xpath: //button[text()='Login']]
Trying to find Element By : By.xpath: //i[@class='fa fa-database']
Found Element By : By.xpath: //i[@class='fa fa-database']
Trying to click on: [[ChromeDriver: chrome on windows (46b2d70fa5b9e9d3b6e412b06ce582f9)] -> xpath: //i[@class='fa fa-database']]
Clicked on: [[ChromeDriver: chrome on windows (46b2d70fa5b9e9d3b6e412b06ce582f9)] -> xpath: //i[@class='fa fa-database']]
Trying to find Element By : By.xpath: //a[text()='Sub Categories']
Found Element By : By.xpath: //a[text()='Sub Categories']
Trying to click on: [[ChromeDriver: chrome on windows (46b2d70fa5b9e9d3b6e412b06ce582f9)] -> xpath: //a[text()='Sub Categories']]
Clicked on: [[ChromeDriver: chrome on windows (46b2d70fa5b9e9d3b6e412b06ce582f9)] -> xpath: //a[text()='Sub Categories']]
Trying to find Element By : By.xpath: //span[@id='select2-subcatDD-container']
Found Element By : By.xpath: //span[@id='select2-subcatDD-container']
Trying to click on: [[ChromeDriver: chrome on windows (46b2d70fa5b9e9d3b6e412b06ce582f9)] -> xpath: //span[@id='select2-subcatDD-container']]
Clicked on: [[ChromeDriver: chrome on windows (46b2d70fa5b9e9d3b6e412b06ce582f9)] -> xpath: //span[@id='select2-subcatDD-container']]
Trying to find Element By : By.xpath: //ul[@id='select2-subcatDD-results']//li
Found Element By : By.xpath: //ul[@id='select2-subcatDD-results']//li
Store Room
Showpieces & Idols
Home Application
hall
Furniture
bed room
Trying to click on: [[ChromeDriver: chrome on windows (46b2d70fa5b9e9d3b6e412b06ce582f9)] -> xpath: //ul[@id='select2-subcatDD-results']//li]
Clicked on: [[ChromeDriver: chrome on windows (46b2d70fa5b9e9d3b6e412b06ce582f9)] -> xpath: //ul[@id='select2-subcatDD-results']//li]
Exception occured: org.openqa.selenium.StaleElementReferenceException: stale element reference: stale element not found
  (Session info: chrome=118.0.5993.120)
For documentation on this error, please visit: https://www.selenium.dev/documentation/webdriver/troubleshooting/errors#stale-element-reference-exception
Build info: version: '4.11.0', revision: '040bc5406b'
System info: os.name: 'Windows 11', os.arch: 'amd64', os.version: '10.0', java.version: '20.0.1'
Driver info: org.openqa.selenium.chrome.ChromeDriver
Command: [46b2d70fa5b9e9d3b6e412b06ce582f9, getElementText {id=2722B63A78A3D67A94C21643E13DDE35_element_60}]
Capabilities {acceptInsecureCerts: false, browserName: chrome, browserVersion: 118.0.5993.120, chrome: {chromedriverVersion: 118.0.5993.70 (e52f33f30b91..., userDataDir: C:\Users\Admin\AppData\Loca...}, fedcm:accounts: true, goog:chromeOptions: {debuggerAddress: localhost:61471}, networkConnectionEnabled: false, pageLoadStrategy: normal, platformName: windows, proxy: Proxy(), se:cdp: ws://localhost:61471/devtoo..., se:cdpVersion: 118.0.5993.120, setWindowRect: true, strictFileInteractability: false, timeouts: {implicit: 0, pageLoad: 300000, script: 30000}, unhandledPromptBehavior: dismiss and notify, webauthn:extension:credBlob: true, webauthn:extension:largeBlob: true, webauthn:extension:minPinLength: true, webauthn:extension:prf: true, webauthn:virtualAuthenticators: true}
Element: [[ChromeDriver: chrome on windows (46b2d70fa5b9e9d3b6e412b06ce582f9)] -> xpath: //ul[@id='select2-subcatDD-results']//li]
Session ID: 46b2d70fa5b9e9d3b6e412b06ce582f9
]]></system-out>
    <system-err><![CDATA[Nov 03, 2023 2:10:37 PM org.openqa.selenium.devtools.CdpVersionFinder findNearestMatch
WARNING: Unable to find an exact match for CDP version 118, so returning the closest version found: 115
]]></system-err>
  </testcase>
  <testcase name="VerifyDeleteButtonByClickingYesTest" classname="com.empire.qa.testcases.SubCategoriesPageTest" time="1.834">
    <failure message="stale element reference: stale element not found&#10;  (Session info: chrome=118.0.5993.120)&#10;For documentation on this error, please visit: https://www.selenium.dev/documentation/webdriver/troubleshooting/errors#stale-element-reference-exception&#10;Build info: version: &apos;4.11.0&apos;, revision: &apos;040bc5406b&apos;&#10;System info: os.name: &apos;Windows 11&apos;, os.arch: &apos;amd64&apos;, os.version: &apos;10.0&apos;, java.version: &apos;20.0.1&apos;&#10;Driver info: org.openqa.selenium.chrome.ChromeDriver&#10;Command: [6ea61254a4cca55bced0644c3a469d48, getElementText {id=56AD7BF09DCF4BED62F22A5EF9D2FAAF_element_53}]&#10;Capabilities {acceptInsecureCerts: false, browserName: chrome, browserVersion: 118.0.5993.120, chrome: {chromedriverVersion: 118.0.5993.70 (e52f33f30b91..., userDataDir: C:\Users\Admin\AppData\Loca...}, fedcm:accounts: true, goog:chromeOptions: {debuggerAddress: localhost:61514}, networkConnectionEnabled: false, pageLoadStrategy: normal, platformName: windows, proxy: Proxy(), se:cdp: ws://localhost:61514/devtoo..., se:cdpVersion: 118.0.5993.120, setWindowRect: true, strictFileInteractability: false, timeouts: {implicit: 0, pageLoad: 300000, script: 30000}, unhandledPromptBehavior: dismiss and notify, webauthn:extension:credBlob: true, webauthn:extension:largeBlob: true, webauthn:extension:minPinLength: true, webauthn:extension:prf: true, webauthn:virtualAuthenticators: true}&#10;Element: [[ChromeDriver: chrome on windows (6ea61254a4cca55bced0644c3a469d48)] -&gt; xpath: //ul[@id=&apos;select2-subcatDD-results&apos;]//li]&#10;Session ID: 6ea61254a4cca55bced0644c3a469d48" type="org.openqa.selenium.StaleElementReferenceException"><![CDATA[org.openqa.selenium.StaleElementReferenceException: 
stale element reference: stale element not found
  (Session info: chrome=118.0.5993.120)
For documentation on this error, please visit: https://www.selenium.dev/documentation/webdriver/troubleshooting/errors#stale-element-reference-exception
Build info: version: '4.11.0', revision: '040bc5406b'
System info: os.name: 'Windows 11', os.arch: 'amd64', os.version: '10.0', java.version: '20.0.1'
Driver info: org.openqa.selenium.chrome.ChromeDriver
Command: [6ea61254a4cca55bced0644c3a469d48, getElementText {id=56AD7BF09DCF4BED62F22A5EF9D2FAAF_element_53}]
Capabilities {acceptInsecureCerts: false, browserName: chrome, browserVersion: 118.0.5993.120, chrome: {chromedriverVersion: 118.0.5993.70 (e52f33f30b91..., userDataDir: C:\Users\Admin\AppData\Loca...}, fedcm:accounts: true, goog:chromeOptions: {debuggerAddress: localhost:61514}, networkConnectionEnabled: false, pageLoadStrategy: normal, platformName: windows, proxy: Proxy(), se:cdp: ws://localhost:61514/devtoo..., se:cdpVersion: 118.0.5993.120, setWindowRect: true, strictFileInteractability: false, timeouts: {implicit: 0, pageLoad: 300000, script: 30000}, unhandledPromptBehavior: dismiss and notify, webauthn:extension:credBlob: true, webauthn:extension:largeBlob: true, webauthn:extension:minPinLength: true, webauthn:extension:prf: true, webauthn:virtualAuthenticators: true}
Element: [[ChromeDriver: chrome on windows (6ea61254a4cca55bced0644c3a469d48)] -> xpath: //ul[@id='select2-subcatDD-results']//li]
Session ID: 6ea61254a4cca55bced0644c3a469d48
	at java.base/jdk.internal.reflect.DirectConstructorHandleAccessor.newInstance(DirectConstructorHandleAccessor.java:67)
	at java.base/java.lang.reflect.Constructor.newInstanceWithCaller(Constructor.java:500)
	at java.base/java.lang.reflect.Constructor.newInstance(Constructor.java:484)
	at org.openqa.selenium.remote.codec.w3c.W3CHttpResponseCodec.createException(W3CHttpResponseCodec.java:200)
	at org.openqa.selenium.remote.codec.w3c.W3CHttpResponseCodec.decode(W3CHttpResponseCodec.java:133)
	at org.openqa.selenium.remote.codec.w3c.W3CHttpResponseCodec.decode(W3CHttpResponseCodec.java:52)
	at org.openqa.selenium.remote.HttpCommandExecutor.execute(HttpCommandExecutor.java:191)
	at org.openqa.selenium.remote.service.DriverCommandExecutor.invokeExecute(DriverCommandExecutor.java:196)
	at org.openqa.selenium.remote.service.DriverCommandExecutor.execute(DriverCommandExecutor.java:171)
	at org.openqa.selenium.remote.RemoteWebDriver.execute(RemoteWebDriver.java:518)
	at org.openqa.selenium.remote.RemoteWebElement.execute(RemoteWebElement.java:224)
	at org.openqa.selenium.remote.RemoteWebElement.getText(RemoteWebElement.java:192)
	at java.base/jdk.internal.reflect.DirectMethodHandleAccessor.invoke(DirectMethodHandleAccessor.java:104)
	at java.base/java.lang.reflect.Method.invoke(Method.java:578)
	at org.openqa.selenium.support.events.EventFiringWebDriver$EventFiringWebElement.lambda$new$0(EventFiringWebDriver.java:375)
	at jdk.proxy2/jdk.proxy2.$Proxy20.getText(Unknown Source)
	at org.openqa.selenium.support.events.EventFiringWebDriver$EventFiringWebElement.getText(EventFiringWebDriver.java:453)
	at com.empire.qa.pages.SubCategoriesPage.VerifyDeleteButtonByClickingYes(SubCategoriesPage.java:212)
	at com.empire.qa.testcases.SubCategoriesPageTest.VerifyDeleteButtonByClickingYesTest(SubCategoriesPageTest.java:109)
	at java.base/jdk.internal.reflect.DirectMethodHandleAccessor.invoke(DirectMethodHandleAccessor.java:104)
	at java.base/java.lang.reflect.Method.invoke(Method.java:578)
	at org.testng.internal.MethodInvocationHelper.invokeMethod(MethodInvocationHelper.java:133)
	at org.testng.internal.TestInvoker.invokeMethod(TestInvoker.java:598)
	at org.testng.internal.TestInvoker.invokeTestMethod(TestInvoker.java:173)
	at org.testng.internal.MethodRunner.runInSequence(MethodRunner.java:46)
	at org.testng.internal.TestInvoker$MethodInvocationAgent.invoke(TestInvoker.java:824)
	at org.testng.internal.TestInvoker.invokeTestMethods(TestInvoker.java:146)
	at org.testng.internal.TestMethodWorker.invokeTestMethods(TestMethodWorker.java:146)
	at org.testng.internal.TestMethodWorker.run(TestMethodWorker.java:128)
	at java.base/java.util.ArrayList.forEach(ArrayList.java:1511)
	at org.testng.TestRunner.privateRun(TestRunner.java:794)
	at org.testng.TestRunner.run(TestRunner.java:596)
	at org.testng.SuiteRunner.runTest(SuiteRunner.java:377)
	at org.testng.SuiteRunner.runSequentially(SuiteRunner.java:371)
	at org.testng.SuiteRunner.privateRun(SuiteRunner.java:332)
	at org.testng.SuiteRunner.run(SuiteRunner.java:276)
	at org.testng.SuiteRunnerWorker.runSuite(SuiteRunnerWorker.java:53)
	at org.testng.SuiteRunnerWorker.run(SuiteRunnerWorker.java:96)
	at org.testng.TestNG.runSuitesSequentially(TestNG.java:1212)
	at org.testng.TestNG.runSuitesLocally(TestNG.java:1134)
	at org.testng.TestNG.runSuites(TestNG.java:1063)
	at org.testng.TestNG.run(TestNG.java:1031)
	at org.apache.maven.surefire.testng.TestNGExecutor.run(TestNGExecutor.java:308)
	at org.apache.maven.surefire.testng.TestNGXmlTestSuite.execute(TestNGXmlTestSuite.java:71)
	at org.apache.maven.surefire.testng.TestNGProvider.invoke(TestNGProvider.java:113)
	at org.apache.maven.surefire.booter.ForkedBooter.runSuitesInProcess(ForkedBooter.java:385)
	at org.apache.maven.surefire.booter.ForkedBooter.execute(ForkedBooter.java:162)
	at org.apache.maven.surefire.booter.ForkedBooter.run(ForkedBooter.java:507)
	at org.apache.maven.surefire.booter.ForkedBooter.main(ForkedBooter.java:495)
]]></failure>
    <system-out><![CDATA[Navigated to:'http://empirehome.myprojectsonline.co.in/'
Trying to find Element By : By.name: emailid
Found Element By : By.name: emailid
Trying to find Element By : By.id: pword
Found Element By : By.id: pword
Trying to find Element By : By.xpath: //button[text()='Login']
Found Element By : By.xpath: //button[text()='Login']
Trying to click on: [[ChromeDriver: chrome on windows (6ea61254a4cca55bced0644c3a469d48)] -> xpath: //button[text()='Login']]
Clicked on: [[ChromeDriver: chrome on windows (6ea61254a4cca55bced0644c3a469d48)] -> xpath: //button[text()='Login']]
Trying to find Element By : By.xpath: //i[@class='fa fa-database']
Found Element By : By.xpath: //i[@class='fa fa-database']
Trying to click on: [[ChromeDriver: chrome on windows (6ea61254a4cca55bced0644c3a469d48)] -> xpath: //i[@class='fa fa-database']]
Clicked on: [[ChromeDriver: chrome on windows (6ea61254a4cca55bced0644c3a469d48)] -> xpath: //i[@class='fa fa-database']]
Trying to find Element By : By.xpath: //a[text()='Sub Categories']
Found Element By : By.xpath: //a[text()='Sub Categories']
Trying to click on: [[ChromeDriver: chrome on windows (6ea61254a4cca55bced0644c3a469d48)] -> xpath: //a[text()='Sub Categories']]
Clicked on: [[ChromeDriver: chrome on windows (6ea61254a4cca55bced0644c3a469d48)] -> xpath: //a[text()='Sub Categories']]
Trying to find Element By : By.xpath: //span[@id='select2-subcatDD-container']
Found Element By : By.xpath: //span[@id='select2-subcatDD-container']
Trying to click on: [[ChromeDriver: chrome on windows (6ea61254a4cca55bced0644c3a469d48)] -> xpath: //span[@id='select2-subcatDD-container']]
Clicked on: [[ChromeDriver: chrome on windows (6ea61254a4cca55bced0644c3a469d48)] -> xpath: //span[@id='select2-subcatDD-container']]
Trying to find Element By : By.xpath: //ul[@id='select2-subcatDD-results']//li
Found Element By : By.xpath: //ul[@id='select2-subcatDD-results']//li
Store Room
Showpieces & Idols
Home Application
hall
Furniture
bed room
Trying to click on: [[ChromeDriver: chrome on windows (6ea61254a4cca55bced0644c3a469d48)] -> xpath: //ul[@id='select2-subcatDD-results']//li]
Clicked on: [[ChromeDriver: chrome on windows (6ea61254a4cca55bced0644c3a469d48)] -> xpath: //ul[@id='select2-subcatDD-results']//li]
Exception occured: org.openqa.selenium.StaleElementReferenceException: stale element reference: stale element not found
  (Session info: chrome=118.0.5993.120)
For documentation on this error, please visit: https://www.selenium.dev/documentation/webdriver/troubleshooting/errors#stale-element-reference-exception
Build info: version: '4.11.0', revision: '040bc5406b'
System info: os.name: 'Windows 11', os.arch: 'amd64', os.version: '10.0', java.version: '20.0.1'
Driver info: org.openqa.selenium.chrome.ChromeDriver
Command: [6ea61254a4cca55bced0644c3a469d48, getElementText {id=56AD7BF09DCF4BED62F22A5EF9D2FAAF_element_53}]
Capabilities {acceptInsecureCerts: false, browserName: chrome, browserVersion: 118.0.5993.120, chrome: {chromedriverVersion: 118.0.5993.70 (e52f33f30b91..., userDataDir: C:\Users\Admin\AppData\Loca...}, fedcm:accounts: true, goog:chromeOptions: {debuggerAddress: localhost:61514}, networkConnectionEnabled: false, pageLoadStrategy: normal, platformName: windows, proxy: Proxy(), se:cdp: ws://localhost:61514/devtoo..., se:cdpVersion: 118.0.5993.120, setWindowRect: true, strictFileInteractability: false, timeouts: {implicit: 0, pageLoad: 300000, script: 30000}, unhandledPromptBehavior: dismiss and notify, webauthn:extension:credBlob: true, webauthn:extension:largeBlob: true, webauthn:extension:minPinLength: true, webauthn:extension:prf: true, webauthn:virtualAuthenticators: true}
Element: [[ChromeDriver: chrome on windows (6ea61254a4cca55bced0644c3a469d48)] -> xpath: //ul[@id='select2-subcatDD-results']//li]
Session ID: 6ea61254a4cca55bced0644c3a469d48
]]></system-out>
    <system-err><![CDATA[Nov 03, 2023 2:10:49 PM org.openqa.selenium.devtools.CdpVersionFinder findNearestMatch
WARNING: Unable to find an exact match for CDP version 118, so returning the closest version found: 115
]]></system-err>
  </testcase>
  <testcase name="VerifyBackBtnTest" classname="com.empire.qa.testcases.ShiftsPageTest" time="0.669">
    <system-out><![CDATA[Navigated to:'http://empirehome.myprojectsonline.co.in/'
Trying to find Element By : By.name: emailid
Found Element By : By.name: emailid
Trying to find Element By : By.id: pword
Found Element By : By.id: pword
Trying to find Element By : By.xpath: //button[text()='Login']
Found Element By : By.xpath: //button[text()='Login']
Trying to click on: [[ChromeDriver: chrome on windows (af6c99692afec7d0924df44ad11296e2)] -> xpath: //button[text()='Login']]
Clicked on: [[ChromeDriver: chrome on windows (af6c99692afec7d0924df44ad11296e2)] -> xpath: //button[text()='Login']]
Trying to find Element By : By.xpath: //i[@class='fa fa-database']
Found Element By : By.xpath: //i[@class='fa fa-database']
Trying to click on: [[ChromeDriver: chrome on windows (af6c99692afec7d0924df44ad11296e2)] -> xpath: //i[@class='fa fa-database']]
Clicked on: [[ChromeDriver: chrome on windows (af6c99692afec7d0924df44ad11296e2)] -> xpath: //i[@class='fa fa-database']]
Trying to find Element By : By.xpath: //a[text()='Shifts']
Found Element By : By.xpath: //a[text()='Shifts']
Trying to click on: [[ChromeDriver: chrome on windows (af6c99692afec7d0924df44ad11296e2)] -> xpath: //a[text()='Shifts']]
Clicked on: [[ChromeDriver: chrome on windows (af6c99692afec7d0924df44ad11296e2)] -> xpath: //a[text()='Shifts']]
Trying to find Element By : By.xpath: //i[@class='fa fa-reply mr-2']
Found Element By : By.xpath: //i[@class='fa fa-reply mr-2']
Trying to click on: [[ChromeDriver: chrome on windows (af6c99692afec7d0924df44ad11296e2)] -> xpath: //i[@class='fa fa-reply mr-2']]
Clicked on: [[ChromeDriver: chrome on windows (af6c99692afec7d0924df44ad11296e2)] -> xpath: //i[@class='fa fa-reply mr-2']]
]]></system-out>
    <system-err><![CDATA[Nov 03, 2023 2:11:00 PM org.openqa.selenium.devtools.CdpVersionFinder findNearestMatch
WARNING: Unable to find an exact match for CDP version 118, so returning the closest version found: 115
]]></system-err>
  </testcase>
  <testcase name="VerifyNextPageBtnTest" classname="com.empire.qa.testcases.ShiftsPageTest" time="0.432">
    <system-out><![CDATA[Navigated to:'http://empirehome.myprojectsonline.co.in/'
Trying to find Element By : By.name: emailid
Found Element By : By.name: emailid
Trying to find Element By : By.id: pword
Found Element By : By.id: pword
Trying to find Element By : By.xpath: //button[text()='Login']
Found Element By : By.xpath: //button[text()='Login']
Trying to click on: [[ChromeDriver: chrome on windows (f8a81019faea2f64a4cb03e69f3ae9cb)] -> xpath: //button[text()='Login']]
Clicked on: [[ChromeDriver: chrome on windows (f8a81019faea2f64a4cb03e69f3ae9cb)] -> xpath: //button[text()='Login']]
Trying to find Element By : By.xpath: //i[@class='fa fa-database']
Found Element By : By.xpath: //i[@class='fa fa-database']
Trying to click on: [[ChromeDriver: chrome on windows (f8a81019faea2f64a4cb03e69f3ae9cb)] -> xpath: //i[@class='fa fa-database']]
Clicked on: [[ChromeDriver: chrome on windows (f8a81019faea2f64a4cb03e69f3ae9cb)] -> xpath: //i[@class='fa fa-database']]
Trying to find Element By : By.xpath: //a[text()='Shifts']
Found Element By : By.xpath: //a[text()='Shifts']
Trying to click on: [[ChromeDriver: chrome on windows (f8a81019faea2f64a4cb03e69f3ae9cb)] -> xpath: //a[text()='Shifts']]
Clicked on: [[ChromeDriver: chrome on windows (f8a81019faea2f64a4cb03e69f3ae9cb)] -> xpath: //a[text()='Shifts']]
Trying to find Element By : By.xpath: //a[normalize-space()='Next']
Found Element By : By.xpath: //a[normalize-space()='Next']
Trying to click on: [[ChromeDriver: chrome on windows (f8a81019faea2f64a4cb03e69f3ae9cb)] -> xpath: //a[normalize-space()='Next']]
Clicked on: [[ChromeDriver: chrome on windows (f8a81019faea2f64a4cb03e69f3ae9cb)] -> xpath: //a[normalize-space()='Next']]
]]></system-out>
    <system-err><![CDATA[Nov 03, 2023 2:11:10 PM org.openqa.selenium.devtools.CdpVersionFinder findNearestMatch
WARNING: Unable to find an exact match for CDP version 118, so returning the closest version found: 115
]]></system-err>
  </testcase>
  <testcase name="setup" classname="com.empire.qa.testcases.ShiftsPageTest" time="23.39">
    <failure message="element not interactable&#10;  (Session info: chrome=118.0.5993.120)&#10;Build info: version: &apos;4.11.0&apos;, revision: &apos;040bc5406b&apos;&#10;System info: os.name: &apos;Windows 11&apos;, os.arch: &apos;amd64&apos;, os.version: &apos;10.0&apos;, java.version: &apos;20.0.1&apos;&#10;Driver info: org.openqa.selenium.chrome.ChromeDriver&#10;Command: [465719377ac8d1ef77b506e014fcd5d2, clickElement {id=60DA60E96EACC8D5DCD6B14F9CFE8A60_element_23}]&#10;Capabilities {acceptInsecureCerts: false, browserName: chrome, browserVersion: 118.0.5993.120, chrome: {chromedriverVersion: 118.0.5993.70 (e52f33f30b91..., userDataDir: C:\Users\Admin\AppData\Loca...}, fedcm:accounts: true, goog:chromeOptions: {debuggerAddress: localhost:61656}, networkConnectionEnabled: false, pageLoadStrategy: normal, platformName: windows, proxy: Proxy(), se:cdp: ws://localhost:61656/devtoo..., se:cdpVersion: 118.0.5993.120, setWindowRect: true, strictFileInteractability: false, timeouts: {implicit: 0, pageLoad: 300000, script: 30000}, unhandledPromptBehavior: dismiss and notify, webauthn:extension:credBlob: true, webauthn:extension:largeBlob: true, webauthn:extension:minPinLength: true, webauthn:extension:prf: true, webauthn:virtualAuthenticators: true}&#10;Element: [[ChromeDriver: chrome on windows (465719377ac8d1ef77b506e014fcd5d2)] -&gt; xpath: //a[text()=&apos;Shifts&apos;]]&#10;Session ID: 465719377ac8d1ef77b506e014fcd5d2" type="org.openqa.selenium.ElementNotInteractableException"><![CDATA[org.openqa.selenium.ElementNotInteractableException: 
element not interactable
  (Session info: chrome=118.0.5993.120)
Build info: version: '4.11.0', revision: '040bc5406b'
System info: os.name: 'Windows 11', os.arch: 'amd64', os.version: '10.0', java.version: '20.0.1'
Driver info: org.openqa.selenium.chrome.ChromeDriver
Command: [465719377ac8d1ef77b506e014fcd5d2, clickElement {id=60DA60E96EACC8D5DCD6B14F9CFE8A60_element_23}]
Capabilities {acceptInsecureCerts: false, browserName: chrome, browserVersion: 118.0.5993.120, chrome: {chromedriverVersion: 118.0.5993.70 (e52f33f30b91..., userDataDir: C:\Users\Admin\AppData\Loca...}, fedcm:accounts: true, goog:chromeOptions: {debuggerAddress: localhost:61656}, networkConnectionEnabled: false, pageLoadStrategy: normal, platformName: windows, proxy: Proxy(), se:cdp: ws://localhost:61656/devtoo..., se:cdpVersion: 118.0.5993.120, setWindowRect: true, strictFileInteractability: false, timeouts: {implicit: 0, pageLoad: 300000, script: 30000}, unhandledPromptBehavior: dismiss and notify, webauthn:extension:credBlob: true, webauthn:extension:largeBlob: true, webauthn:extension:minPinLength: true, webauthn:extension:prf: true, webauthn:virtualAuthenticators: true}
Element: [[ChromeDriver: chrome on windows (465719377ac8d1ef77b506e014fcd5d2)] -> xpath: //a[text()='Shifts']]
Session ID: 465719377ac8d1ef77b506e014fcd5d2
	at java.base/jdk.internal.reflect.DirectConstructorHandleAccessor.newInstance(DirectConstructorHandleAccessor.java:67)
	at java.base/java.lang.reflect.Constructor.newInstanceWithCaller(Constructor.java:500)
	at java.base/java.lang.reflect.Constructor.newInstance(Constructor.java:484)
	at org.openqa.selenium.remote.codec.w3c.W3CHttpResponseCodec.createException(W3CHttpResponseCodec.java:200)
	at org.openqa.selenium.remote.codec.w3c.W3CHttpResponseCodec.decode(W3CHttpResponseCodec.java:133)
	at org.openqa.selenium.remote.codec.w3c.W3CHttpResponseCodec.decode(W3CHttpResponseCodec.java:52)
	at org.openqa.selenium.remote.HttpCommandExecutor.execute(HttpCommandExecutor.java:191)
	at org.openqa.selenium.remote.service.DriverCommandExecutor.invokeExecute(DriverCommandExecutor.java:196)
	at org.openqa.selenium.remote.service.DriverCommandExecutor.execute(DriverCommandExecutor.java:171)
	at org.openqa.selenium.remote.RemoteWebDriver.execute(RemoteWebDriver.java:518)
	at org.openqa.selenium.remote.RemoteWebElement.execute(RemoteWebElement.java:224)
	at org.openqa.selenium.remote.RemoteWebElement.click(RemoteWebElement.java:77)
	at java.base/jdk.internal.reflect.DirectMethodHandleAccessor.invoke(DirectMethodHandleAccessor.java:104)
	at java.base/java.lang.reflect.Method.invoke(Method.java:578)
	at org.openqa.selenium.support.events.EventFiringWebDriver$EventFiringWebElement.lambda$new$0(EventFiringWebDriver.java:375)
	at jdk.proxy2/jdk.proxy2.$Proxy20.click(Unknown Source)
	at org.openqa.selenium.support.events.EventFiringWebDriver$EventFiringWebElement.click(EventFiringWebDriver.java:387)
	at java.base/jdk.internal.reflect.DirectMethodHandleAccessor.invoke(DirectMethodHandleAccessor.java:104)
	at java.base/java.lang.reflect.Method.invoke(Method.java:578)
	at org.openqa.selenium.support.pagefactory.internal.LocatingElementHandler.invoke(LocatingElementHandler.java:51)
	at jdk.proxy2/jdk.proxy2.$Proxy19.click(Unknown Source)
	at com.empire.qa.pages.HomePage.verifyShiftsPage(HomePage.java:142)
	at com.empire.qa.testcases.ShiftsPageTest.setup(ShiftsPageTest.java:32)
	at java.base/jdk.internal.reflect.DirectMethodHandleAccessor.invoke(DirectMethodHandleAccessor.java:104)
	at java.base/java.lang.reflect.Method.invoke(Method.java:578)
	at org.testng.internal.MethodInvocationHelper.invokeMethod(MethodInvocationHelper.java:133)
	at org.testng.internal.MethodInvocationHelper.invokeMethodConsideringTimeout(MethodInvocationHelper.java:62)
	at org.testng.internal.ConfigInvoker.invokeConfigurationMethod(ConfigInvoker.java:385)
	at org.testng.internal.ConfigInvoker.invokeConfigurations(ConfigInvoker.java:321)
	at org.testng.internal.TestInvoker.runConfigMethods(TestInvoker.java:700)
	at org.testng.internal.TestInvoker.invokeMethod(TestInvoker.java:527)
	at org.testng.internal.TestInvoker.invokeTestMethod(TestInvoker.java:173)
	at org.testng.internal.MethodRunner.runInSequence(MethodRunner.java:46)
	at org.testng.internal.TestInvoker$MethodInvocationAgent.invoke(TestInvoker.java:824)
	at org.testng.internal.TestInvoker.invokeTestMethods(TestInvoker.java:146)
	at org.testng.internal.TestMethodWorker.invokeTestMethods(TestMethodWorker.java:146)
	at org.testng.internal.TestMethodWorker.run(TestMethodWorker.java:128)
	at java.base/java.util.ArrayList.forEach(ArrayList.java:1511)
	at org.testng.TestRunner.privateRun(TestRunner.java:794)
	at org.testng.TestRunner.run(TestRunner.java:596)
	at org.testng.SuiteRunner.runTest(SuiteRunner.java:377)
	at org.testng.SuiteRunner.runSequentially(SuiteRunner.java:371)
	at org.testng.SuiteRunner.privateRun(SuiteRunner.java:332)
	at org.testng.SuiteRunner.run(SuiteRunner.java:276)
	at org.testng.SuiteRunnerWorker.runSuite(SuiteRunnerWorker.java:53)
	at org.testng.SuiteRunnerWorker.run(SuiteRunnerWorker.java:96)
	at org.testng.TestNG.runSuitesSequentially(TestNG.java:1212)
	at org.testng.TestNG.runSuitesLocally(TestNG.java:1134)
	at org.testng.TestNG.runSuites(TestNG.java:1063)
	at org.testng.TestNG.run(TestNG.java:1031)
	at org.apache.maven.surefire.testng.TestNGExecutor.run(TestNGExecutor.java:308)
	at org.apache.maven.surefire.testng.TestNGXmlTestSuite.execute(TestNGXmlTestSuite.java:71)
	at org.apache.maven.surefire.testng.TestNGProvider.invoke(TestNGProvider.java:113)
	at org.apache.maven.surefire.booter.ForkedBooter.runSuitesInProcess(ForkedBooter.java:385)
	at org.apache.maven.surefire.booter.ForkedBooter.execute(ForkedBooter.java:162)
	at org.apache.maven.surefire.booter.ForkedBooter.run(ForkedBooter.java:507)
	at org.apache.maven.surefire.booter.ForkedBooter.main(ForkedBooter.java:495)
]]></failure>
    <system-out><![CDATA[Navigated to:'http://empirehome.myprojectsonline.co.in/'
Trying to find Element By : By.name: emailid
Found Element By : By.name: emailid
Trying to find Element By : By.id: pword
Found Element By : By.id: pword
Trying to find Element By : By.xpath: //button[text()='Login']
Found Element By : By.xpath: //button[text()='Login']
Trying to click on: [[ChromeDriver: chrome on windows (465719377ac8d1ef77b506e014fcd5d2)] -> xpath: //button[text()='Login']]
Clicked on: [[ChromeDriver: chrome on windows (465719377ac8d1ef77b506e014fcd5d2)] -> xpath: //button[text()='Login']]
Trying to find Element By : By.xpath: //i[@class='fa fa-database']
Found Element By : By.xpath: //i[@class='fa fa-database']
Trying to click on: [[ChromeDriver: chrome on windows (465719377ac8d1ef77b506e014fcd5d2)] -> xpath: //i[@class='fa fa-database']]
Clicked on: [[ChromeDriver: chrome on windows (465719377ac8d1ef77b506e014fcd5d2)] -> xpath: //i[@class='fa fa-database']]
Trying to find Element By : By.xpath: //a[text()='Shifts']
Found Element By : By.xpath: //a[text()='Shifts']
Trying to click on: [[ChromeDriver: chrome on windows (465719377ac8d1ef77b506e014fcd5d2)] -> xpath: //a[text()='Shifts']]
Exception occured: org.openqa.selenium.ElementNotInteractableException: element not interactable
  (Session info: chrome=118.0.5993.120)
Build info: version: '4.11.0', revision: '040bc5406b'
System info: os.name: 'Windows 11', os.arch: 'amd64', os.version: '10.0', java.version: '20.0.1'
Driver info: org.openqa.selenium.chrome.ChromeDriver
Command: [465719377ac8d1ef77b506e014fcd5d2, clickElement {id=60DA60E96EACC8D5DCD6B14F9CFE8A60_element_23}]
Capabilities {acceptInsecureCerts: false, browserName: chrome, browserVersion: 118.0.5993.120, chrome: {chromedriverVersion: 118.0.5993.70 (e52f33f30b91..., userDataDir: C:\Users\Admin\AppData\Loca...}, fedcm:accounts: true, goog:chromeOptions: {debuggerAddress: localhost:61656}, networkConnectionEnabled: false, pageLoadStrategy: normal, platformName: windows, proxy: Proxy(), se:cdp: ws://localhost:61656/devtoo..., se:cdpVersion: 118.0.5993.120, setWindowRect: true, strictFileInteractability: false, timeouts: {implicit: 0, pageLoad: 300000, script: 30000}, unhandledPromptBehavior: dismiss and notify, webauthn:extension:credBlob: true, webauthn:extension:largeBlob: true, webauthn:extension:minPinLength: true, webauthn:extension:prf: true, webauthn:virtualAuthenticators: true}
Element: [[ChromeDriver: chrome on windows (465719377ac8d1ef77b506e014fcd5d2)] -> xpath: //a[text()='Shifts']]
Session ID: 465719377ac8d1ef77b506e014fcd5d2
]]></system-out>
    <system-err><![CDATA[Nov 03, 2023 2:11:20 PM org.openqa.selenium.devtools.CdpVersionFinder findNearestMatch
WARNING: Unable to find an exact match for CDP version 118, so returning the closest version found: 115
]]></system-err>
  </testcase>
  <testcase name="setup" classname="com.empire.qa.testcases.ShiftsPageTest" time="0.0">
    <skipped/>
  </testcase>
  <testcase name="setup" classname="com.empire.qa.testcases.ShiftsPageTest" time="0.0">
    <skipped/>
  </testcase>
  <testcase name="setup" classname="com.empire.qa.testcases.ShiftsPageTest" time="0.0">
    <skipped/>
  </testcase>
  <testcase name="setup" classname="com.empire.qa.testcases.ShiftsPageTest" time="0.0">
    <skipped/>
  </testcase>
  <testcase name="setup" classname="com.empire.qa.testcases.ShiftsPageTest" time="0.0">
    <skipped/>
  </testcase>
  <testcase name="setup" classname="com.empire.qa.testcases.ShiftsPageTest" time="0.0">
    <skipped/>
  </testcase>
  <testcase name="setup" classname="com.empire.qa.testcases.ShiftsPageTest" time="0.0">
    <skipped/>
  </testcase>
  <testcase name="setup" classname="com.empire.qa.testcases.ShiftsPageTest" time="0.0">
    <skipped/>
  </testcase>
  <testcase name="setup" classname="com.empire.qa.testcases.ShiftsPageTest" time="0.0">
    <skipped/>
  </testcase>
  <testcase name="setup" classname="com.empire.qa.testcases.ShiftsPageTest" time="0.0">
    <skipped/>
  </testcase>
  <testcase name="setup" classname="com.empire.qa.testcases.ShiftsPageTest" time="0.0">
    <skipped/>
  </testcase>
  <testcase name="setup" classname="com.empire.qa.testcases.ShiftsPageTest" time="0.0">
    <skipped/>
  </testcase>
  <testcase name="setup" classname="com.empire.qa.testcases.ShiftsPageTest" time="0.0">
    <skipped/>
  </testcase>
  <testcase name="setup" classname="com.empire.qa.testcases.ShiftsPageTest" time="0.0">
    <skipped/>
  </testcase>
  <testcase name="VerifyPage3BtnTest" classname="com.empire.qa.testcases.ShiftsPageTest" time="0.0">
    <skipped message="element not interactable&#10;  (Session info: chrome=118.0.5993.120)&#10;Build info: version: &apos;4.11.0&apos;, revision: &apos;040bc5406b&apos;&#10;System info: os.name: &apos;Windows 11&apos;, os.arch: &apos;amd64&apos;, os.version: &apos;10.0&apos;, java.version: &apos;20.0.1&apos;&#10;Driver info: org.openqa.selenium.chrome.ChromeDriver&#10;Command: [465719377ac8d1ef77b506e014fcd5d2, clickElement {id=60DA60E96EACC8D5DCD6B14F9CFE8A60_element_23}]&#10;Capabilities {acceptInsecureCerts: false, browserName: chrome, browserVersion: 118.0.5993.120, chrome: {chromedriverVersion: 118.0.5993.70 (e52f33f30b91..., userDataDir: C:\Users\Admin\AppData\Loca...}, fedcm:accounts: true, goog:chromeOptions: {debuggerAddress: localhost:61656}, networkConnectionEnabled: false, pageLoadStrategy: normal, platformName: windows, proxy: Proxy(), se:cdp: ws://localhost:61656/devtoo..., se:cdpVersion: 118.0.5993.120, setWindowRect: true, strictFileInteractability: false, timeouts: {implicit: 0, pageLoad: 300000, script: 30000}, unhandledPromptBehavior: dismiss and notify, webauthn:extension:credBlob: true, webauthn:extension:largeBlob: true, webauthn:extension:minPinLength: true, webauthn:extension:prf: true, webauthn:virtualAuthenticators: true}&#10;Element: [[ChromeDriver: chrome on windows (465719377ac8d1ef77b506e014fcd5d2)] -&gt; xpath: //a[text()=&apos;Shifts&apos;]]&#10;Session ID: 465719377ac8d1ef77b506e014fcd5d2"/>
  </testcase>
  <testcase name="teardown" classname="com.empire.qa.testcases.ShiftsPageTest" time="0.0">
    <skipped/>
  </testcase>
  <testcase name="teardown" classname="com.empire.qa.testcases.ShiftsPageTest" time="0.0">
    <skipped/>
  </testcase>
  <testcase name="teardown" classname="com.empire.qa.testcases.ShiftsPageTest" time="0.0">
    <skipped/>
  </testcase>
  <testcase name="teardown" classname="com.empire.qa.testcases.ShiftsPageTest" time="0.0">
    <skipped/>
  </testcase>
  <testcase name="teardown" classname="com.empire.qa.testcases.ShiftsPageTest" time="0.0">
    <skipped/>
  </testcase>
  <testcase name="teardown" classname="com.empire.qa.testcases.ShiftsPageTest" time="0.0">
    <skipped/>
  </testcase>
  <testcase name="teardown" classname="com.empire.qa.testcases.ShiftsPageTest" time="0.0">
    <skipped/>
  </testcase>
  <testcase name="teardown" classname="com.empire.qa.testcases.ShiftsPageTest" time="0.0">
    <skipped/>
  </testcase>
  <testcase name="teardown" classname="com.empire.qa.testcases.ShiftsPageTest" time="0.0">
    <skipped/>
  </testcase>
  <testcase name="teardown" classname="com.empire.qa.testcases.ShiftsPageTest" time="0.0">
    <skipped/>
  </testcase>
  <testcase name="teardown" classname="com.empire.qa.testcases.ShiftsPageTest" time="0.0">
    <skipped/>
  </testcase>
  <testcase name="teardown" classname="com.empire.qa.testcases.ShiftsPageTest" time="0.0">
    <skipped/>
  </testcase>
  <testcase name="teardown" classname="com.empire.qa.testcases.ShiftsPageTest" time="0.0">
    <skipped/>
  </testcase>
  <testcase name="teardown" classname="com.empire.qa.testcases.ShiftsPageTest" time="0.0">
    <skipped/>
  </testcase>
  <testcase name="teardown" classname="com.empire.qa.testcases.ShiftsPageTest" time="0.0">
    <skipped/>
  </testcase>
  <testcase name="VerifyPreviousPageBtnTest" classname="com.empire.qa.testcases.ShiftsPageTest" time="0.0">
    <skipped message="element not interactable&#10;  (Session info: chrome=118.0.5993.120)&#10;Build info: version: &apos;4.11.0&apos;, revision: &apos;040bc5406b&apos;&#10;System info: os.name: &apos;Windows 11&apos;, os.arch: &apos;amd64&apos;, os.version: &apos;10.0&apos;, java.version: &apos;20.0.1&apos;&#10;Driver info: org.openqa.selenium.chrome.ChromeDriver&#10;Command: [465719377ac8d1ef77b506e014fcd5d2, clickElement {id=60DA60E96EACC8D5DCD6B14F9CFE8A60_element_23}]&#10;Capabilities {acceptInsecureCerts: false, browserName: chrome, browserVersion: 118.0.5993.120, chrome: {chromedriverVersion: 118.0.5993.70 (e52f33f30b91..., userDataDir: C:\Users\Admin\AppData\Loca...}, fedcm:accounts: true, goog:chromeOptions: {debuggerAddress: localhost:61656}, networkConnectionEnabled: false, pageLoadStrategy: normal, platformName: windows, proxy: Proxy(), se:cdp: ws://localhost:61656/devtoo..., se:cdpVersion: 118.0.5993.120, setWindowRect: true, strictFileInteractability: false, timeouts: {implicit: 0, pageLoad: 300000, script: 30000}, unhandledPromptBehavior: dismiss and notify, webauthn:extension:credBlob: true, webauthn:extension:largeBlob: true, webauthn:extension:minPinLength: true, webauthn:extension:prf: true, webauthn:virtualAuthenticators: true}&#10;Element: [[ChromeDriver: chrome on windows (465719377ac8d1ef77b506e014fcd5d2)] -&gt; xpath: //a[text()=&apos;Shifts&apos;]]&#10;Session ID: 465719377ac8d1ef77b506e014fcd5d2"/>
  </testcase>
  <testcase name="VerifySearchTextFieldTest" classname="com.empire.qa.testcases.ShiftsPageTest" time="0.0">
    <skipped message="element not interactable&#10;  (Session info: chrome=118.0.5993.120)&#10;Build info: version: &apos;4.11.0&apos;, revision: &apos;040bc5406b&apos;&#10;System info: os.name: &apos;Windows 11&apos;, os.arch: &apos;amd64&apos;, os.version: &apos;10.0&apos;, java.version: &apos;20.0.1&apos;&#10;Driver info: org.openqa.selenium.chrome.ChromeDriver&#10;Command: [465719377ac8d1ef77b506e014fcd5d2, clickElement {id=60DA60E96EACC8D5DCD6B14F9CFE8A60_element_23}]&#10;Capabilities {acceptInsecureCerts: false, browserName: chrome, browserVersion: 118.0.5993.120, chrome: {chromedriverVersion: 118.0.5993.70 (e52f33f30b91..., userDataDir: C:\Users\Admin\AppData\Loca...}, fedcm:accounts: true, goog:chromeOptions: {debuggerAddress: localhost:61656}, networkConnectionEnabled: false, pageLoadStrategy: normal, platformName: windows, proxy: Proxy(), se:cdp: ws://localhost:61656/devtoo..., se:cdpVersion: 118.0.5993.120, setWindowRect: true, strictFileInteractability: false, timeouts: {implicit: 0, pageLoad: 300000, script: 30000}, unhandledPromptBehavior: dismiss and notify, webauthn:extension:credBlob: true, webauthn:extension:largeBlob: true, webauthn:extension:minPinLength: true, webauthn:extension:prf: true, webauthn:virtualAuthenticators: true}&#10;Element: [[ChromeDriver: chrome on windows (465719377ac8d1ef77b506e014fcd5d2)] -&gt; xpath: //a[text()=&apos;Shifts&apos;]]&#10;Session ID: 465719377ac8d1ef77b506e014fcd5d2"/>
  </testcase>
  <testcase name="VerifySearchTextFieldWithInvalidDataTest" classname="com.empire.qa.testcases.ShiftsPageTest" time="0.0">
    <skipped message="element not interactable&#10;  (Session info: chrome=118.0.5993.120)&#10;Build info: version: &apos;4.11.0&apos;, revision: &apos;040bc5406b&apos;&#10;System info: os.name: &apos;Windows 11&apos;, os.arch: &apos;amd64&apos;, os.version: &apos;10.0&apos;, java.version: &apos;20.0.1&apos;&#10;Driver info: org.openqa.selenium.chrome.ChromeDriver&#10;Command: [465719377ac8d1ef77b506e014fcd5d2, clickElement {id=60DA60E96EACC8D5DCD6B14F9CFE8A60_element_23}]&#10;Capabilities {acceptInsecureCerts: false, browserName: chrome, browserVersion: 118.0.5993.120, chrome: {chromedriverVersion: 118.0.5993.70 (e52f33f30b91..., userDataDir: C:\Users\Admin\AppData\Loca...}, fedcm:accounts: true, goog:chromeOptions: {debuggerAddress: localhost:61656}, networkConnectionEnabled: false, pageLoadStrategy: normal, platformName: windows, proxy: Proxy(), se:cdp: ws://localhost:61656/devtoo..., se:cdpVersion: 118.0.5993.120, setWindowRect: true, strictFileInteractability: false, timeouts: {implicit: 0, pageLoad: 300000, script: 30000}, unhandledPromptBehavior: dismiss and notify, webauthn:extension:credBlob: true, webauthn:extension:largeBlob: true, webauthn:extension:minPinLength: true, webauthn:extension:prf: true, webauthn:virtualAuthenticators: true}&#10;Element: [[ChromeDriver: chrome on windows (465719377ac8d1ef77b506e014fcd5d2)] -&gt; xpath: //a[text()=&apos;Shifts&apos;]]&#10;Session ID: 465719377ac8d1ef77b506e014fcd5d2"/>
  </testcase>
  <testcase name="VerifyShiftNameSortingTest" classname="com.empire.qa.testcases.ShiftsPageTest" time="0.0">
    <skipped message="element not interactable&#10;  (Session info: chrome=118.0.5993.120)&#10;Build info: version: &apos;4.11.0&apos;, revision: &apos;040bc5406b&apos;&#10;System info: os.name: &apos;Windows 11&apos;, os.arch: &apos;amd64&apos;, os.version: &apos;10.0&apos;, java.version: &apos;20.0.1&apos;&#10;Driver info: org.openqa.selenium.chrome.ChromeDriver&#10;Command: [465719377ac8d1ef77b506e014fcd5d2, clickElement {id=60DA60E96EACC8D5DCD6B14F9CFE8A60_element_23}]&#10;Capabilities {acceptInsecureCerts: false, browserName: chrome, browserVersion: 118.0.5993.120, chrome: {chromedriverVersion: 118.0.5993.70 (e52f33f30b91..., userDataDir: C:\Users\Admin\AppData\Loca...}, fedcm:accounts: true, goog:chromeOptions: {debuggerAddress: localhost:61656}, networkConnectionEnabled: false, pageLoadStrategy: normal, platformName: windows, proxy: Proxy(), se:cdp: ws://localhost:61656/devtoo..., se:cdpVersion: 118.0.5993.120, setWindowRect: true, strictFileInteractability: false, timeouts: {implicit: 0, pageLoad: 300000, script: 30000}, unhandledPromptBehavior: dismiss and notify, webauthn:extension:credBlob: true, webauthn:extension:largeBlob: true, webauthn:extension:minPinLength: true, webauthn:extension:prf: true, webauthn:virtualAuthenticators: true}&#10;Element: [[ChromeDriver: chrome on windows (465719377ac8d1ef77b506e014fcd5d2)] -&gt; xpath: //a[text()=&apos;Shifts&apos;]]&#10;Session ID: 465719377ac8d1ef77b506e014fcd5d2"/>
  </testcase>
  <testcase name="VerifyShowEntriesDropdownTest" classname="com.empire.qa.testcases.ShiftsPageTest" time="0.0">
    <skipped message="element not interactable&#10;  (Session info: chrome=118.0.5993.120)&#10;Build info: version: &apos;4.11.0&apos;, revision: &apos;040bc5406b&apos;&#10;System info: os.name: &apos;Windows 11&apos;, os.arch: &apos;amd64&apos;, os.version: &apos;10.0&apos;, java.version: &apos;20.0.1&apos;&#10;Driver info: org.openqa.selenium.chrome.ChromeDriver&#10;Command: [465719377ac8d1ef77b506e014fcd5d2, clickElement {id=60DA60E96EACC8D5DCD6B14F9CFE8A60_element_23}]&#10;Capabilities {acceptInsecureCerts: false, browserName: chrome, browserVersion: 118.0.5993.120, chrome: {chromedriverVersion: 118.0.5993.70 (e52f33f30b91..., userDataDir: C:\Users\Admin\AppData\Loca...}, fedcm:accounts: true, goog:chromeOptions: {debuggerAddress: localhost:61656}, networkConnectionEnabled: false, pageLoadStrategy: normal, platformName: windows, proxy: Proxy(), se:cdp: ws://localhost:61656/devtoo..., se:cdpVersion: 118.0.5993.120, setWindowRect: true, strictFileInteractability: false, timeouts: {implicit: 0, pageLoad: 300000, script: 30000}, unhandledPromptBehavior: dismiss and notify, webauthn:extension:credBlob: true, webauthn:extension:largeBlob: true, webauthn:extension:minPinLength: true, webauthn:extension:prf: true, webauthn:virtualAuthenticators: true}&#10;Element: [[ChromeDriver: chrome on windows (465719377ac8d1ef77b506e014fcd5d2)] -&gt; xpath: //a[text()=&apos;Shifts&apos;]]&#10;Session ID: 465719377ac8d1ef77b506e014fcd5d2"/>
  </testcase>
  <testcase name="VerifySnoSortingTest" classname="com.empire.qa.testcases.ShiftsPageTest" time="0.0">
    <skipped message="element not interactable&#10;  (Session info: chrome=118.0.5993.120)&#10;Build info: version: &apos;4.11.0&apos;, revision: &apos;040bc5406b&apos;&#10;System info: os.name: &apos;Windows 11&apos;, os.arch: &apos;amd64&apos;, os.version: &apos;10.0&apos;, java.version: &apos;20.0.1&apos;&#10;Driver info: org.openqa.selenium.chrome.ChromeDriver&#10;Command: [465719377ac8d1ef77b506e014fcd5d2, clickElement {id=60DA60E96EACC8D5DCD6B14F9CFE8A60_element_23}]&#10;Capabilities {acceptInsecureCerts: false, browserName: chrome, browserVersion: 118.0.5993.120, chrome: {chromedriverVersion: 118.0.5993.70 (e52f33f30b91..., userDataDir: C:\Users\Admin\AppData\Loca...}, fedcm:accounts: true, goog:chromeOptions: {debuggerAddress: localhost:61656}, networkConnectionEnabled: false, pageLoadStrategy: normal, platformName: windows, proxy: Proxy(), se:cdp: ws://localhost:61656/devtoo..., se:cdpVersion: 118.0.5993.120, setWindowRect: true, strictFileInteractability: false, timeouts: {implicit: 0, pageLoad: 300000, script: 30000}, unhandledPromptBehavior: dismiss and notify, webauthn:extension:credBlob: true, webauthn:extension:largeBlob: true, webauthn:extension:minPinLength: true, webauthn:extension:prf: true, webauthn:virtualAuthenticators: true}&#10;Element: [[ChromeDriver: chrome on windows (465719377ac8d1ef77b506e014fcd5d2)] -&gt; xpath: //a[text()=&apos;Shifts&apos;]]&#10;Session ID: 465719377ac8d1ef77b506e014fcd5d2"/>
  </testcase>
  <testcase name="VerifyToTopArrowBtnTest" classname="com.empire.qa.testcases.ShiftsPageTest" time="0.0">
    <skipped message="element not interactable&#10;  (Session info: chrome=118.0.5993.120)&#10;Build info: version: &apos;4.11.0&apos;, revision: &apos;040bc5406b&apos;&#10;System info: os.name: &apos;Windows 11&apos;, os.arch: &apos;amd64&apos;, os.version: &apos;10.0&apos;, java.version: &apos;20.0.1&apos;&#10;Driver info: org.openqa.selenium.chrome.ChromeDriver&#10;Command: [465719377ac8d1ef77b506e014fcd5d2, clickElement {id=60DA60E96EACC8D5DCD6B14F9CFE8A60_element_23}]&#10;Capabilities {acceptInsecureCerts: false, browserName: chrome, browserVersion: 118.0.5993.120, chrome: {chromedriverVersion: 118.0.5993.70 (e52f33f30b91..., userDataDir: C:\Users\Admin\AppData\Loca...}, fedcm:accounts: true, goog:chromeOptions: {debuggerAddress: localhost:61656}, networkConnectionEnabled: false, pageLoadStrategy: normal, platformName: windows, proxy: Proxy(), se:cdp: ws://localhost:61656/devtoo..., se:cdpVersion: 118.0.5993.120, setWindowRect: true, strictFileInteractability: false, timeouts: {implicit: 0, pageLoad: 300000, script: 30000}, unhandledPromptBehavior: dismiss and notify, webauthn:extension:credBlob: true, webauthn:extension:largeBlob: true, webauthn:extension:minPinLength: true, webauthn:extension:prf: true, webauthn:virtualAuthenticators: true}&#10;Element: [[ChromeDriver: chrome on windows (465719377ac8d1ef77b506e014fcd5d2)] -&gt; xpath: //a[text()=&apos;Shifts&apos;]]&#10;Session ID: 465719377ac8d1ef77b506e014fcd5d2"/>
  </testcase>
  <testcase name="VerifyaddNewShiftwithInvalidShiftNameTest" classname="com.empire.qa.testcases.ShiftsPageTest" time="0.0">
    <skipped message="element not interactable&#10;  (Session info: chrome=118.0.5993.120)&#10;Build info: version: &apos;4.11.0&apos;, revision: &apos;040bc5406b&apos;&#10;System info: os.name: &apos;Windows 11&apos;, os.arch: &apos;amd64&apos;, os.version: &apos;10.0&apos;, java.version: &apos;20.0.1&apos;&#10;Driver info: org.openqa.selenium.chrome.ChromeDriver&#10;Command: [465719377ac8d1ef77b506e014fcd5d2, clickElement {id=60DA60E96EACC8D5DCD6B14F9CFE8A60_element_23}]&#10;Capabilities {acceptInsecureCerts: false, browserName: chrome, browserVersion: 118.0.5993.120, chrome: {chromedriverVersion: 118.0.5993.70 (e52f33f30b91..., userDataDir: C:\Users\Admin\AppData\Loca...}, fedcm:accounts: true, goog:chromeOptions: {debuggerAddress: localhost:61656}, networkConnectionEnabled: false, pageLoadStrategy: normal, platformName: windows, proxy: Proxy(), se:cdp: ws://localhost:61656/devtoo..., se:cdpVersion: 118.0.5993.120, setWindowRect: true, strictFileInteractability: false, timeouts: {implicit: 0, pageLoad: 300000, script: 30000}, unhandledPromptBehavior: dismiss and notify, webauthn:extension:credBlob: true, webauthn:extension:largeBlob: true, webauthn:extension:minPinLength: true, webauthn:extension:prf: true, webauthn:virtualAuthenticators: true}&#10;Element: [[ChromeDriver: chrome on windows (465719377ac8d1ef77b506e014fcd5d2)] -&gt; xpath: //a[text()=&apos;Shifts&apos;]]&#10;Session ID: 465719377ac8d1ef77b506e014fcd5d2"/>
  </testcase>
  <testcase name="VerifyaddNewShiftwithoutDataTest" classname="com.empire.qa.testcases.ShiftsPageTest" time="0.0">
    <skipped message="element not interactable&#10;  (Session info: chrome=118.0.5993.120)&#10;Build info: version: &apos;4.11.0&apos;, revision: &apos;040bc5406b&apos;&#10;System info: os.name: &apos;Windows 11&apos;, os.arch: &apos;amd64&apos;, os.version: &apos;10.0&apos;, java.version: &apos;20.0.1&apos;&#10;Driver info: org.openqa.selenium.chrome.ChromeDriver&#10;Command: [465719377ac8d1ef77b506e014fcd5d2, clickElement {id=60DA60E96EACC8D5DCD6B14F9CFE8A60_element_23}]&#10;Capabilities {acceptInsecureCerts: false, browserName: chrome, browserVersion: 118.0.5993.120, chrome: {chromedriverVersion: 118.0.5993.70 (e52f33f30b91..., userDataDir: C:\Users\Admin\AppData\Loca...}, fedcm:accounts: true, goog:chromeOptions: {debuggerAddress: localhost:61656}, networkConnectionEnabled: false, pageLoadStrategy: normal, platformName: windows, proxy: Proxy(), se:cdp: ws://localhost:61656/devtoo..., se:cdpVersion: 118.0.5993.120, setWindowRect: true, strictFileInteractability: false, timeouts: {implicit: 0, pageLoad: 300000, script: 30000}, unhandledPromptBehavior: dismiss and notify, webauthn:extension:credBlob: true, webauthn:extension:largeBlob: true, webauthn:extension:minPinLength: true, webauthn:extension:prf: true, webauthn:virtualAuthenticators: true}&#10;Element: [[ChromeDriver: chrome on windows (465719377ac8d1ef77b506e014fcd5d2)] -&gt; xpath: //a[text()=&apos;Shifts&apos;]]&#10;Session ID: 465719377ac8d1ef77b506e014fcd5d2"/>
  </testcase>
  <testcase name="VerifyshiftspageTitleTest" classname="com.empire.qa.testcases.ShiftsPageTest" time="0.0">
    <skipped message="element not interactable&#10;  (Session info: chrome=118.0.5993.120)&#10;Build info: version: &apos;4.11.0&apos;, revision: &apos;040bc5406b&apos;&#10;System info: os.name: &apos;Windows 11&apos;, os.arch: &apos;amd64&apos;, os.version: &apos;10.0&apos;, java.version: &apos;20.0.1&apos;&#10;Driver info: org.openqa.selenium.chrome.ChromeDriver&#10;Command: [465719377ac8d1ef77b506e014fcd5d2, clickElement {id=60DA60E96EACC8D5DCD6B14F9CFE8A60_element_23}]&#10;Capabilities {acceptInsecureCerts: false, browserName: chrome, browserVersion: 118.0.5993.120, chrome: {chromedriverVersion: 118.0.5993.70 (e52f33f30b91..., userDataDir: C:\Users\Admin\AppData\Loca...}, fedcm:accounts: true, goog:chromeOptions: {debuggerAddress: localhost:61656}, networkConnectionEnabled: false, pageLoadStrategy: normal, platformName: windows, proxy: Proxy(), se:cdp: ws://localhost:61656/devtoo..., se:cdpVersion: 118.0.5993.120, setWindowRect: true, strictFileInteractability: false, timeouts: {implicit: 0, pageLoad: 300000, script: 30000}, unhandledPromptBehavior: dismiss and notify, webauthn:extension:credBlob: true, webauthn:extension:largeBlob: true, webauthn:extension:minPinLength: true, webauthn:extension:prf: true, webauthn:virtualAuthenticators: true}&#10;Element: [[ChromeDriver: chrome on windows (465719377ac8d1ef77b506e014fcd5d2)] -&gt; xpath: //a[text()=&apos;Shifts&apos;]]&#10;Session ID: 465719377ac8d1ef77b506e014fcd5d2"/>
  </testcase>
  <testcase name="VerifyaddNewShiftwithValidDataTest" classname="com.empire.qa.testcases.ShiftsPageTest" time="0.0">
    <skipped message="element not interactable&#10;  (Session info: chrome=118.0.5993.120)&#10;Build info: version: &apos;4.11.0&apos;, revision: &apos;040bc5406b&apos;&#10;System info: os.name: &apos;Windows 11&apos;, os.arch: &apos;amd64&apos;, os.version: &apos;10.0&apos;, java.version: &apos;20.0.1&apos;&#10;Driver info: org.openqa.selenium.chrome.ChromeDriver&#10;Command: [465719377ac8d1ef77b506e014fcd5d2, clickElement {id=60DA60E96EACC8D5DCD6B14F9CFE8A60_element_23}]&#10;Capabilities {acceptInsecureCerts: false, browserName: chrome, browserVersion: 118.0.5993.120, chrome: {chromedriverVersion: 118.0.5993.70 (e52f33f30b91..., userDataDir: C:\Users\Admin\AppData\Loca...}, fedcm:accounts: true, goog:chromeOptions: {debuggerAddress: localhost:61656}, networkConnectionEnabled: false, pageLoadStrategy: normal, platformName: windows, proxy: Proxy(), se:cdp: ws://localhost:61656/devtoo..., se:cdpVersion: 118.0.5993.120, setWindowRect: true, strictFileInteractability: false, timeouts: {implicit: 0, pageLoad: 300000, script: 30000}, unhandledPromptBehavior: dismiss and notify, webauthn:extension:credBlob: true, webauthn:extension:largeBlob: true, webauthn:extension:minPinLength: true, webauthn:extension:prf: true, webauthn:virtualAuthenticators: true}&#10;Element: [[ChromeDriver: chrome on windows (465719377ac8d1ef77b506e014fcd5d2)] -&gt; xpath: //a[text()=&apos;Shifts&apos;]]&#10;Session ID: 465719377ac8d1ef77b506e014fcd5d2"/>
  </testcase>
  <testcase name="VerifyEditButtonBySearchShiftNameTest" classname="com.empire.qa.testcases.ShiftsPageTest" time="0.0">
    <skipped message="element not interactable&#10;  (Session info: chrome=118.0.5993.120)&#10;Build info: version: &apos;4.11.0&apos;, revision: &apos;040bc5406b&apos;&#10;System info: os.name: &apos;Windows 11&apos;, os.arch: &apos;amd64&apos;, os.version: &apos;10.0&apos;, java.version: &apos;20.0.1&apos;&#10;Driver info: org.openqa.selenium.chrome.ChromeDriver&#10;Command: [465719377ac8d1ef77b506e014fcd5d2, clickElement {id=60DA60E96EACC8D5DCD6B14F9CFE8A60_element_23}]&#10;Capabilities {acceptInsecureCerts: false, browserName: chrome, browserVersion: 118.0.5993.120, chrome: {chromedriverVersion: 118.0.5993.70 (e52f33f30b91..., userDataDir: C:\Users\Admin\AppData\Loca...}, fedcm:accounts: true, goog:chromeOptions: {debuggerAddress: localhost:61656}, networkConnectionEnabled: false, pageLoadStrategy: normal, platformName: windows, proxy: Proxy(), se:cdp: ws://localhost:61656/devtoo..., se:cdpVersion: 118.0.5993.120, setWindowRect: true, strictFileInteractability: false, timeouts: {implicit: 0, pageLoad: 300000, script: 30000}, unhandledPromptBehavior: dismiss and notify, webauthn:extension:credBlob: true, webauthn:extension:largeBlob: true, webauthn:extension:minPinLength: true, webauthn:extension:prf: true, webauthn:virtualAuthenticators: true}&#10;Element: [[ChromeDriver: chrome on windows (465719377ac8d1ef77b506e014fcd5d2)] -&gt; xpath: //a[text()=&apos;Shifts&apos;]]&#10;Session ID: 465719377ac8d1ef77b506e014fcd5d2"/>
  </testcase>
  <testcase name="VerifyDeleteButtonBySearchShiftNameTest" classname="com.empire.qa.testcases.ShiftsPageTest" time="0.0">
    <skipped message="element not interactable&#10;  (Session info: chrome=118.0.5993.120)&#10;Build info: version: &apos;4.11.0&apos;, revision: &apos;040bc5406b&apos;&#10;System info: os.name: &apos;Windows 11&apos;, os.arch: &apos;amd64&apos;, os.version: &apos;10.0&apos;, java.version: &apos;20.0.1&apos;&#10;Driver info: org.openqa.selenium.chrome.ChromeDriver&#10;Command: [465719377ac8d1ef77b506e014fcd5d2, clickElement {id=60DA60E96EACC8D5DCD6B14F9CFE8A60_element_23}]&#10;Capabilities {acceptInsecureCerts: false, browserName: chrome, browserVersion: 118.0.5993.120, chrome: {chromedriverVersion: 118.0.5993.70 (e52f33f30b91..., userDataDir: C:\Users\Admin\AppData\Loca...}, fedcm:accounts: true, goog:chromeOptions: {debuggerAddress: localhost:61656}, networkConnectionEnabled: false, pageLoadStrategy: normal, platformName: windows, proxy: Proxy(), se:cdp: ws://localhost:61656/devtoo..., se:cdpVersion: 118.0.5993.120, setWindowRect: true, strictFileInteractability: false, timeouts: {implicit: 0, pageLoad: 300000, script: 30000}, unhandledPromptBehavior: dismiss and notify, webauthn:extension:credBlob: true, webauthn:extension:largeBlob: true, webauthn:extension:minPinLength: true, webauthn:extension:prf: true, webauthn:virtualAuthenticators: true}&#10;Element: [[ChromeDriver: chrome on windows (465719377ac8d1ef77b506e014fcd5d2)] -&gt; xpath: //a[text()=&apos;Shifts&apos;]]&#10;Session ID: 465719377ac8d1ef77b506e014fcd5d2"/>
  </testcase>
  <testcase name="VerifyDeleteButtonByClickingYesTest" classname="com.empire.qa.testcases.ShiftsPageTest" time="0.0">
    <skipped message="element not interactable&#10;  (Session info: chrome=118.0.5993.120)&#10;Build info: version: &apos;4.11.0&apos;, revision: &apos;040bc5406b&apos;&#10;System info: os.name: &apos;Windows 11&apos;, os.arch: &apos;amd64&apos;, os.version: &apos;10.0&apos;, java.version: &apos;20.0.1&apos;&#10;Driver info: org.openqa.selenium.chrome.ChromeDriver&#10;Command: [465719377ac8d1ef77b506e014fcd5d2, clickElement {id=60DA60E96EACC8D5DCD6B14F9CFE8A60_element_23}]&#10;Capabilities {acceptInsecureCerts: false, browserName: chrome, browserVersion: 118.0.5993.120, chrome: {chromedriverVersion: 118.0.5993.70 (e52f33f30b91..., userDataDir: C:\Users\Admin\AppData\Loca...}, fedcm:accounts: true, goog:chromeOptions: {debuggerAddress: localhost:61656}, networkConnectionEnabled: false, pageLoadStrategy: normal, platformName: windows, proxy: Proxy(), se:cdp: ws://localhost:61656/devtoo..., se:cdpVersion: 118.0.5993.120, setWindowRect: true, strictFileInteractability: false, timeouts: {implicit: 0, pageLoad: 300000, script: 30000}, unhandledPromptBehavior: dismiss and notify, webauthn:extension:credBlob: true, webauthn:extension:largeBlob: true, webauthn:extension:minPinLength: true, webauthn:extension:prf: true, webauthn:virtualAuthenticators: true}&#10;Element: [[ChromeDriver: chrome on windows (465719377ac8d1ef77b506e014fcd5d2)] -&gt; xpath: //a[text()=&apos;Shifts&apos;]]&#10;Session ID: 465719377ac8d1ef77b506e014fcd5d2"/>
  </testcase>
  <testcase name="VerifyBackBtnTest" classname="com.empire.qa.testcases.CategoryTypesPageTest" time="0.68">
    <system-out><![CDATA[Navigated to:'http://empirehome.myprojectsonline.co.in/'
Trying to find Element By : By.name: emailid
Found Element By : By.name: emailid
Trying to find Element By : By.id: pword
Found Element By : By.id: pword
Trying to find Element By : By.xpath: //button[text()='Login']
Found Element By : By.xpath: //button[text()='Login']
Trying to click on: [[ChromeDriver: chrome on windows (6fca1db96cc167a9e176a45f100e0729)] -> xpath: //button[text()='Login']]
Clicked on: [[ChromeDriver: chrome on windows (6fca1db96cc167a9e176a45f100e0729)] -> xpath: //button[text()='Login']]
Trying to find Element By : By.xpath: //i[@class='fa fa-database']
Found Element By : By.xpath: //i[@class='fa fa-database']
Trying to click on: [[ChromeDriver: chrome on windows (6fca1db96cc167a9e176a45f100e0729)] -> xpath: //i[@class='fa fa-database']]
Clicked on: [[ChromeDriver: chrome on windows (6fca1db96cc167a9e176a45f100e0729)] -> xpath: //i[@class='fa fa-database']]
Trying to find Element By : By.xpath: //a[text()='Categories']
Found Element By : By.xpath: //a[text()='Categories']
Trying to click on: [[ChromeDriver: chrome on windows (6fca1db96cc167a9e176a45f100e0729)] -> xpath: //a[text()='Categories']]
Clicked on: [[ChromeDriver: chrome on windows (6fca1db96cc167a9e176a45f100e0729)] -> xpath: //a[text()='Categories']]
Trying to find Element By : By.xpath: //i[@class='fa fa-reply mr-2']
Found Element By : By.xpath: //i[@class='fa fa-reply mr-2']
Trying to click on: [[ChromeDriver: chrome on windows (6fca1db96cc167a9e176a45f100e0729)] -> xpath: //i[@class='fa fa-reply mr-2']]
Clicked on: [[ChromeDriver: chrome on windows (6fca1db96cc167a9e176a45f100e0729)] -> xpath: //i[@class='fa fa-reply mr-2']]
]]></system-out>
    <system-err><![CDATA[Nov 03, 2023 2:11:42 PM org.openqa.selenium.devtools.CdpVersionFinder findNearestMatch
WARNING: Unable to find an exact match for CDP version 118, so returning the closest version found: 115
]]></system-err>
  </testcase>
  <testcase name="VerifyCategoryNameSortingTest" classname="com.empire.qa.testcases.CategoryTypesPageTest" time="0.471">
    <system-out><![CDATA[Navigated to:'http://empirehome.myprojectsonline.co.in/'
Trying to find Element By : By.name: emailid
Found Element By : By.name: emailid
Trying to find Element By : By.id: pword
Found Element By : By.id: pword
Trying to find Element By : By.xpath: //button[text()='Login']
Found Element By : By.xpath: //button[text()='Login']
Trying to click on: [[ChromeDriver: chrome on windows (c4add03f8d0919693ce2ff1229355fcd)] -> xpath: //button[text()='Login']]
Clicked on: [[ChromeDriver: chrome on windows (c4add03f8d0919693ce2ff1229355fcd)] -> xpath: //button[text()='Login']]
Trying to find Element By : By.xpath: //i[@class='fa fa-database']
Found Element By : By.xpath: //i[@class='fa fa-database']
Trying to click on: [[ChromeDriver: chrome on windows (c4add03f8d0919693ce2ff1229355fcd)] -> xpath: //i[@class='fa fa-database']]
Clicked on: [[ChromeDriver: chrome on windows (c4add03f8d0919693ce2ff1229355fcd)] -> xpath: //i[@class='fa fa-database']]
Trying to find Element By : By.xpath: //a[text()='Categories']
Found Element By : By.xpath: //a[text()='Categories']
Trying to click on: [[ChromeDriver: chrome on windows (c4add03f8d0919693ce2ff1229355fcd)] -> xpath: //a[text()='Categories']]
Clicked on: [[ChromeDriver: chrome on windows (c4add03f8d0919693ce2ff1229355fcd)] -> xpath: //a[text()='Categories']]
Trying to find Element By : By.xpath: //th[@aria-label='Category Name: activate to sort column ascending']
Found Element By : By.xpath: //th[@aria-label='Category Name: activate to sort column ascending']
Trying to click on: [[ChromeDriver: chrome on windows (c4add03f8d0919693ce2ff1229355fcd)] -> xpath: //th[@aria-label='Category Name: activate to sort column ascending']]
Clicked on: [[ChromeDriver: chrome on windows (c4add03f8d0919693ce2ff1229355fcd)] -> xpath: //th[@aria-label='Category Name: activate to sort column ascending']]
]]></system-out>
    <system-err><![CDATA[Nov 03, 2023 2:11:52 PM org.openqa.selenium.devtools.CdpVersionFinder findNearestMatch
WARNING: Unable to find an exact match for CDP version 118, so returning the closest version found: 115
]]></system-err>
  </testcase>
  <testcase name="VerifyCategoryTypesPageTitleTest" classname="com.empire.qa.testcases.CategoryTypesPageTest" time="0.021">
    <system-out><![CDATA[Navigated to:'http://empirehome.myprojectsonline.co.in/'
Trying to find Element By : By.name: emailid
Found Element By : By.name: emailid
Trying to find Element By : By.id: pword
Found Element By : By.id: pword
Trying to find Element By : By.xpath: //button[text()='Login']
Found Element By : By.xpath: //button[text()='Login']
Trying to click on: [[ChromeDriver: chrome on windows (186602dfdcf95524db644b68d9b54d8b)] -> xpath: //button[text()='Login']]
Clicked on: [[ChromeDriver: chrome on windows (186602dfdcf95524db644b68d9b54d8b)] -> xpath: //button[text()='Login']]
Trying to find Element By : By.xpath: //i[@class='fa fa-database']
Found Element By : By.xpath: //i[@class='fa fa-database']
Trying to click on: [[ChromeDriver: chrome on windows (186602dfdcf95524db644b68d9b54d8b)] -> xpath: //i[@class='fa fa-database']]
Clicked on: [[ChromeDriver: chrome on windows (186602dfdcf95524db644b68d9b54d8b)] -> xpath: //i[@class='fa fa-database']]
Trying to find Element By : By.xpath: //a[text()='Categories']
Found Element By : By.xpath: //a[text()='Categories']
Trying to click on: [[ChromeDriver: chrome on windows (186602dfdcf95524db644b68d9b54d8b)] -> xpath: //a[text()='Categories']]
Clicked on: [[ChromeDriver: chrome on windows (186602dfdcf95524db644b68d9b54d8b)] -> xpath: //a[text()='Categories']]
]]></system-out>
    <system-err><![CDATA[Nov 03, 2023 2:12:02 PM org.openqa.selenium.devtools.CdpVersionFinder findNearestMatch
WARNING: Unable to find an exact match for CDP version 118, so returning the closest version found: 115
]]></system-err>
  </testcase>
  <testcase name="VerifyNextPageBtnTest" classname="com.empire.qa.testcases.CategoryTypesPageTest" time="0.5">
    <system-out><![CDATA[Navigated to:'http://empirehome.myprojectsonline.co.in/'
Trying to find Element By : By.name: emailid
Found Element By : By.name: emailid
Trying to find Element By : By.id: pword
Found Element By : By.id: pword
Trying to find Element By : By.xpath: //button[text()='Login']
Found Element By : By.xpath: //button[text()='Login']
Trying to click on: [[ChromeDriver: chrome on windows (ae33b174500096238a1c50be0363c401)] -> xpath: //button[text()='Login']]
Clicked on: [[ChromeDriver: chrome on windows (ae33b174500096238a1c50be0363c401)] -> xpath: //button[text()='Login']]
Trying to find Element By : By.xpath: //i[@class='fa fa-database']
Found Element By : By.xpath: //i[@class='fa fa-database']
Trying to click on: [[ChromeDriver: chrome on windows (ae33b174500096238a1c50be0363c401)] -> xpath: //i[@class='fa fa-database']]
Clicked on: [[ChromeDriver: chrome on windows (ae33b174500096238a1c50be0363c401)] -> xpath: //i[@class='fa fa-database']]
Trying to find Element By : By.xpath: //a[text()='Categories']
Found Element By : By.xpath: //a[text()='Categories']
Trying to click on: [[ChromeDriver: chrome on windows (ae33b174500096238a1c50be0363c401)] -> xpath: //a[text()='Categories']]
Clicked on: [[ChromeDriver: chrome on windows (ae33b174500096238a1c50be0363c401)] -> xpath: //a[text()='Categories']]
Trying to find Element By : By.xpath: //a[normalize-space()='Next']
Found Element By : By.xpath: //a[normalize-space()='Next']
Trying to click on: [[ChromeDriver: chrome on windows (ae33b174500096238a1c50be0363c401)] -> xpath: //a[normalize-space()='Next']]
Clicked on: [[ChromeDriver: chrome on windows (ae33b174500096238a1c50be0363c401)] -> xpath: //a[normalize-space()='Next']]
]]></system-out>
    <system-err><![CDATA[Nov 03, 2023 2:12:12 PM org.openqa.selenium.devtools.CdpVersionFinder findNearestMatch
WARNING: Unable to find an exact match for CDP version 118, so returning the closest version found: 115
]]></system-err>
  </testcase>
  <testcase name="VerifyPreviousPageBtnTest" classname="com.empire.qa.testcases.CategoryTypesPageTest" time="0.534">
    <system-out><![CDATA[Navigated to:'http://empirehome.myprojectsonline.co.in/'
Trying to find Element By : By.name: emailid
Found Element By : By.name: emailid
Trying to find Element By : By.id: pword
Found Element By : By.id: pword
Trying to find Element By : By.xpath: //button[text()='Login']
Found Element By : By.xpath: //button[text()='Login']
Trying to click on: [[ChromeDriver: chrome on windows (1bf8500619bcc94e6895ae2b237db09f)] -> xpath: //button[text()='Login']]
Clicked on: [[ChromeDriver: chrome on windows (1bf8500619bcc94e6895ae2b237db09f)] -> xpath: //button[text()='Login']]
Trying to find Element By : By.xpath: //i[@class='fa fa-database']
Found Element By : By.xpath: //i[@class='fa fa-database']
Trying to click on: [[ChromeDriver: chrome on windows (1bf8500619bcc94e6895ae2b237db09f)] -> xpath: //i[@class='fa fa-database']]
Clicked on: [[ChromeDriver: chrome on windows (1bf8500619bcc94e6895ae2b237db09f)] -> xpath: //i[@class='fa fa-database']]
Trying to find Element By : By.xpath: //a[text()='Categories']
Found Element By : By.xpath: //a[text()='Categories']
Trying to click on: [[ChromeDriver: chrome on windows (1bf8500619bcc94e6895ae2b237db09f)] -> xpath: //a[text()='Categories']]
Clicked on: [[ChromeDriver: chrome on windows (1bf8500619bcc94e6895ae2b237db09f)] -> xpath: //a[text()='Categories']]
Trying to find Element By : By.xpath: //a[normalize-space()='Next']
Found Element By : By.xpath: //a[normalize-space()='Next']
Trying to click on: [[ChromeDriver: chrome on windows (1bf8500619bcc94e6895ae2b237db09f)] -> xpath: //a[normalize-space()='Next']]
Clicked on: [[ChromeDriver: chrome on windows (1bf8500619bcc94e6895ae2b237db09f)] -> xpath: //a[normalize-space()='Next']]
Trying to find Element By : By.xpath: //a[normalize-space()='Previous']
Found Element By : By.xpath: //a[normalize-space()='Previous']
Trying to click on: [[ChromeDriver: chrome on windows (1bf8500619bcc94e6895ae2b237db09f)] -> xpath: //a[normalize-space()='Previous']]
Clicked on: [[ChromeDriver: chrome on windows (1bf8500619bcc94e6895ae2b237db09f)] -> xpath: //a[normalize-space()='Previous']]
]]></system-out>
    <system-err><![CDATA[Nov 03, 2023 2:12:21 PM org.openqa.selenium.devtools.CdpVersionFinder findNearestMatch
WARNING: Unable to find an exact match for CDP version 118, so returning the closest version found: 115
]]></system-err>
  </testcase>
  <testcase name="VerifySearchTextFieldTest" classname="com.empire.qa.testcases.CategoryTypesPageTest" time="15.268">
    <system-out><![CDATA[Navigated to:'http://empirehome.myprojectsonline.co.in/'
Trying to find Element By : By.name: emailid
Found Element By : By.name: emailid
Trying to find Element By : By.id: pword
Found Element By : By.id: pword
Trying to find Element By : By.xpath: //button[text()='Login']
Found Element By : By.xpath: //button[text()='Login']
Trying to click on: [[ChromeDriver: chrome on windows (8471be5c554080777537765e0d99d65e)] -> xpath: //button[text()='Login']]
Clicked on: [[ChromeDriver: chrome on windows (8471be5c554080777537765e0d99d65e)] -> xpath: //button[text()='Login']]
Trying to find Element By : By.xpath: //i[@class='fa fa-database']
Found Element By : By.xpath: //i[@class='fa fa-database']
Trying to click on: [[ChromeDriver: chrome on windows (8471be5c554080777537765e0d99d65e)] -> xpath: //i[@class='fa fa-database']]
Clicked on: [[ChromeDriver: chrome on windows (8471be5c554080777537765e0d99d65e)] -> xpath: //i[@class='fa fa-database']]
Trying to find Element By : By.xpath: //a[text()='Categories']
Found Element By : By.xpath: //a[text()='Categories']
Trying to click on: [[ChromeDriver: chrome on windows (8471be5c554080777537765e0d99d65e)] -> xpath: //a[text()='Categories']]
Clicked on: [[ChromeDriver: chrome on windows (8471be5c554080777537765e0d99d65e)] -> xpath: //a[text()='Categories']]
Trying to find Element By : By.xpath: //input[@class='form-control form-control-sm']
Found Element By : By.xpath: //input[@class='form-control form-control-sm']
Trying to find Element By : By.xpath: //table[@id='mydatatable']
Found Element By : By.xpath: //table[@id='mydatatable']
Trying to find Element By : By.tagName: tr
Found Element By : By.tagName: tr
Trying to find Element By : By.tagName: td
Found Element By : By.tagName: td
Trying to find Element By : By.tagName: td
Found Element By : By.tagName: td
1	Store Room		]]></system-out>
    <system-err><![CDATA[Nov 03, 2023 2:12:31 PM org.openqa.selenium.devtools.CdpVersionFinder findNearestMatch
WARNING: Unable to find an exact match for CDP version 118, so returning the closest version found: 115


]]></system-err>
  </testcase>
  <testcase name="VerifySearchTextFieldWithInvalidDataTest" classname="com.empire.qa.testcases.CategoryTypesPageTest" time="0.226">
    <system-out><![CDATA[Navigated to:'http://empirehome.myprojectsonline.co.in/'
Trying to find Element By : By.name: emailid
Found Element By : By.name: emailid
Trying to find Element By : By.id: pword
Found Element By : By.id: pword
Trying to find Element By : By.xpath: //button[text()='Login']
Found Element By : By.xpath: //button[text()='Login']
Trying to click on: [[ChromeDriver: chrome on windows (432d2016488f50cc8f5bd49e4a302926)] -> xpath: //button[text()='Login']]
Clicked on: [[ChromeDriver: chrome on windows (432d2016488f50cc8f5bd49e4a302926)] -> xpath: //button[text()='Login']]
Trying to find Element By : By.xpath: //i[@class='fa fa-database']
Found Element By : By.xpath: //i[@class='fa fa-database']
Trying to click on: [[ChromeDriver: chrome on windows (432d2016488f50cc8f5bd49e4a302926)] -> xpath: //i[@class='fa fa-database']]
Clicked on: [[ChromeDriver: chrome on windows (432d2016488f50cc8f5bd49e4a302926)] -> xpath: //i[@class='fa fa-database']]
Trying to find Element By : By.xpath: //a[text()='Categories']
Found Element By : By.xpath: //a[text()='Categories']
Trying to click on: [[ChromeDriver: chrome on windows (432d2016488f50cc8f5bd49e4a302926)] -> xpath: //a[text()='Categories']]
Clicked on: [[ChromeDriver: chrome on windows (432d2016488f50cc8f5bd49e4a302926)] -> xpath: //a[text()='Categories']]
Trying to find Element By : By.xpath: //input[@class='form-control form-control-sm']
Found Element By : By.xpath: //input[@class='form-control form-control-sm']
Trying to find Element By : By.xpath: //td[text()='No matching records found']
Found Element By : By.xpath: //td[text()='No matching records found']
No matching records found
]]></system-out>
    <system-err><![CDATA[Nov 03, 2023 2:12:55 PM org.openqa.selenium.devtools.CdpVersionFinder findNearestMatch
WARNING: Unable to find an exact match for CDP version 118, so returning the closest version found: 115
]]></system-err>
  </testcase>
  <testcase name="VerifyShowEntriesDropdownTest" classname="com.empire.qa.testcases.CategoryTypesPageTest" time="0.153">
    <system-out><![CDATA[Navigated to:'http://empirehome.myprojectsonline.co.in/'
Trying to find Element By : By.name: emailid
Found Element By : By.name: emailid
Trying to find Element By : By.id: pword
Found Element By : By.id: pword
Trying to find Element By : By.xpath: //button[text()='Login']
Found Element By : By.xpath: //button[text()='Login']
Trying to click on: [[ChromeDriver: chrome on windows (fb83e24b291dbbd690ca9f8362c67dbf)] -> xpath: //button[text()='Login']]
Clicked on: [[ChromeDriver: chrome on windows (fb83e24b291dbbd690ca9f8362c67dbf)] -> xpath: //button[text()='Login']]
Trying to find Element By : By.xpath: //i[@class='fa fa-database']
Found Element By : By.xpath: //i[@class='fa fa-database']
Trying to click on: [[ChromeDriver: chrome on windows (fb83e24b291dbbd690ca9f8362c67dbf)] -> xpath: //i[@class='fa fa-database']]
Clicked on: [[ChromeDriver: chrome on windows (fb83e24b291dbbd690ca9f8362c67dbf)] -> xpath: //i[@class='fa fa-database']]
Trying to find Element By : By.xpath: //a[text()='Categories']
Found Element By : By.xpath: //a[text()='Categories']
Trying to click on: [[ChromeDriver: chrome on windows (fb83e24b291dbbd690ca9f8362c67dbf)] -> xpath: //a[text()='Categories']]
Clicked on: [[ChromeDriver: chrome on windows (fb83e24b291dbbd690ca9f8362c67dbf)] -> xpath: //a[text()='Categories']]
Trying to find Element By : By.xpath: //select[@name='mydatatable_length']
Found Element By : By.xpath: //select[@name='mydatatable_length']
Trying to find Element By : By.xpath: //select[@name='mydatatable_length']
Found Element By : By.xpath: //select[@name='mydatatable_length']
Trying to find Element By : By.xpath: //select[@name='mydatatable_length']
Found Element By : By.xpath: //select[@name='mydatatable_length']
Trying to find Element By : By.xpath: //select[@name='mydatatable_length']
Found Element By : By.xpath: //select[@name='mydatatable_length']
Trying to find Element By : By.xpath: .//option[normalize-space(.) = "10"]
Found Element By : By.xpath: .//option[normalize-space(.) = "10"]
]]></system-out>
    <system-err><![CDATA[Nov 03, 2023 2:13:05 PM org.openqa.selenium.devtools.CdpVersionFinder findNearestMatch
WARNING: Unable to find an exact match for CDP version 118, so returning the closest version found: 115
]]></system-err>
  </testcase>
  <testcase name="VerifySnoSortingTest" classname="com.empire.qa.testcases.CategoryTypesPageTest" time="0.448">
    <system-out><![CDATA[Navigated to:'http://empirehome.myprojectsonline.co.in/'
Trying to find Element By : By.name: emailid
Found Element By : By.name: emailid
Trying to find Element By : By.id: pword
Found Element By : By.id: pword
Trying to find Element By : By.xpath: //button[text()='Login']
Found Element By : By.xpath: //button[text()='Login']
Trying to click on: [[ChromeDriver: chrome on windows (bc6be533be48b0946a81a7f9ce1de2e9)] -> xpath: //button[text()='Login']]
Clicked on: [[ChromeDriver: chrome on windows (bc6be533be48b0946a81a7f9ce1de2e9)] -> xpath: //button[text()='Login']]
Trying to find Element By : By.xpath: //i[@class='fa fa-database']
Found Element By : By.xpath: //i[@class='fa fa-database']
Trying to click on: [[ChromeDriver: chrome on windows (bc6be533be48b0946a81a7f9ce1de2e9)] -> xpath: //i[@class='fa fa-database']]
Clicked on: [[ChromeDriver: chrome on windows (bc6be533be48b0946a81a7f9ce1de2e9)] -> xpath: //i[@class='fa fa-database']]
Trying to find Element By : By.xpath: //a[text()='Categories']
Found Element By : By.xpath: //a[text()='Categories']
Trying to click on: [[ChromeDriver: chrome on windows (bc6be533be48b0946a81a7f9ce1de2e9)] -> xpath: //a[text()='Categories']]
Clicked on: [[ChromeDriver: chrome on windows (bc6be533be48b0946a81a7f9ce1de2e9)] -> xpath: //a[text()='Categories']]
Trying to find Element By : By.xpath: //th[@aria-label='#.: activate to sort column descending']
Found Element By : By.xpath: //th[@aria-label='#.: activate to sort column descending']
Trying to click on: [[ChromeDriver: chrome on windows (bc6be533be48b0946a81a7f9ce1de2e9)] -> xpath: //th[@aria-label='#.: activate to sort column descending']]
Clicked on: [[ChromeDriver: chrome on windows (bc6be533be48b0946a81a7f9ce1de2e9)] -> xpath: //th[@aria-label='#.: activate to sort column descending']]
]]></system-out>
    <system-err><![CDATA[Nov 03, 2023 2:13:14 PM org.openqa.selenium.devtools.CdpVersionFinder findNearestMatch
WARNING: Unable to find an exact match for CDP version 118, so returning the closest version found: 115
]]></system-err>
  </testcase>
  <testcase name="VerifyToTopArrowBtnTest" classname="com.empire.qa.testcases.CategoryTypesPageTest" time="0.434">
    <system-out><![CDATA[Navigated to:'http://empirehome.myprojectsonline.co.in/'
Trying to find Element By : By.name: emailid
Found Element By : By.name: emailid
Trying to find Element By : By.id: pword
Found Element By : By.id: pword
Trying to find Element By : By.xpath: //button[text()='Login']
Found Element By : By.xpath: //button[text()='Login']
Trying to click on: [[ChromeDriver: chrome on windows (b5486c1c132f02389de48344e571d230)] -> xpath: //button[text()='Login']]
Clicked on: [[ChromeDriver: chrome on windows (b5486c1c132f02389de48344e571d230)] -> xpath: //button[text()='Login']]
Trying to find Element By : By.xpath: //i[@class='fa fa-database']
Found Element By : By.xpath: //i[@class='fa fa-database']
Trying to click on: [[ChromeDriver: chrome on windows (b5486c1c132f02389de48344e571d230)] -> xpath: //i[@class='fa fa-database']]
Clicked on: [[ChromeDriver: chrome on windows (b5486c1c132f02389de48344e571d230)] -> xpath: //i[@class='fa fa-database']]
Trying to find Element By : By.xpath: //a[text()='Categories']
Found Element By : By.xpath: //a[text()='Categories']
Trying to click on: [[ChromeDriver: chrome on windows (b5486c1c132f02389de48344e571d230)] -> xpath: //a[text()='Categories']]
Clicked on: [[ChromeDriver: chrome on windows (b5486c1c132f02389de48344e571d230)] -> xpath: //a[text()='Categories']]
Trying to find Element By : By.xpath: //span[@class='ti-arrow-up']
Found Element By : By.xpath: //span[@class='ti-arrow-up']
Trying to click on: [[ChromeDriver: chrome on windows (b5486c1c132f02389de48344e571d230)] -> xpath: //span[@class='ti-arrow-up']]
Clicked on: [[ChromeDriver: chrome on windows (b5486c1c132f02389de48344e571d230)] -> xpath: //span[@class='ti-arrow-up']]
]]></system-out>
    <system-err><![CDATA[Nov 03, 2023 2:13:24 PM org.openqa.selenium.devtools.CdpVersionFinder findNearestMatch
WARNING: Unable to find an exact match for CDP version 118, so returning the closest version found: 115
]]></system-err>
  </testcase>
  <testcase name="VerifyaddNewCategoryPagewithInvalidCategoryNameTest" classname="com.empire.qa.testcases.CategoryTypesPageTest" time="2.564">
    <system-out><![CDATA[Navigated to:'http://empirehome.myprojectsonline.co.in/'
Trying to find Element By : By.name: emailid
Found Element By : By.name: emailid
Trying to find Element By : By.id: pword
Found Element By : By.id: pword
Trying to find Element By : By.xpath: //button[text()='Login']
Found Element By : By.xpath: //button[text()='Login']
Trying to click on: [[ChromeDriver: chrome on windows (6e9160b7225fbac58970512011a49277)] -> xpath: //button[text()='Login']]
Clicked on: [[ChromeDriver: chrome on windows (6e9160b7225fbac58970512011a49277)] -> xpath: //button[text()='Login']]
Trying to find Element By : By.xpath: //i[@class='fa fa-database']
Found Element By : By.xpath: //i[@class='fa fa-database']
Trying to click on: [[ChromeDriver: chrome on windows (6e9160b7225fbac58970512011a49277)] -> xpath: //i[@class='fa fa-database']]
Clicked on: [[ChromeDriver: chrome on windows (6e9160b7225fbac58970512011a49277)] -> xpath: //i[@class='fa fa-database']]
Trying to find Element By : By.xpath: //a[text()='Categories']
Found Element By : By.xpath: //a[text()='Categories']
Trying to click on: [[ChromeDriver: chrome on windows (6e9160b7225fbac58970512011a49277)] -> xpath: //a[text()='Categories']]
Clicked on: [[ChromeDriver: chrome on windows (6e9160b7225fbac58970512011a49277)] -> xpath: //a[text()='Categories']]
Trying to find Element By : By.xpath: //i[@class='fa fa-plus']
Found Element By : By.xpath: //i[@class='fa fa-plus']
Trying to click on: [[ChromeDriver: chrome on windows (6e9160b7225fbac58970512011a49277)] -> xpath: //i[@class='fa fa-plus']]
Clicked on: [[ChromeDriver: chrome on windows (6e9160b7225fbac58970512011a49277)] -> xpath: //i[@class='fa fa-plus']]
Trying to find Element By : By.xpath: //input[@id='CategoryName']
Found Element By : By.xpath: //input[@id='CategoryName']
Trying to find Element By : By.xpath: //button[text()=' Save']
Found Element By : By.xpath: //button[text()=' Save']
Trying to click on: [[ChromeDriver: chrome on windows (6e9160b7225fbac58970512011a49277)] -> xpath: //button[text()=' Save']]
Clicked on: [[ChromeDriver: chrome on windows (6e9160b7225fbac58970512011a49277)] -> xpath: //button[text()=' Save']]
]]></system-out>
    <system-err><![CDATA[Nov 03, 2023 2:13:33 PM org.openqa.selenium.devtools.CdpVersionFinder findNearestMatch
WARNING: Unable to find an exact match for CDP version 118, so returning the closest version found: 115
]]></system-err>
  </testcase>
  <testcase name="VerifyaddNewCategoryPagewithoutDataTest" classname="com.empire.qa.testcases.CategoryTypesPageTest" time="2.376">
    <system-out><![CDATA[Navigated to:'http://empirehome.myprojectsonline.co.in/'
Trying to find Element By : By.name: emailid
Found Element By : By.name: emailid
Trying to find Element By : By.id: pword
Found Element By : By.id: pword
Trying to find Element By : By.xpath: //button[text()='Login']
Found Element By : By.xpath: //button[text()='Login']
Trying to click on: [[ChromeDriver: chrome on windows (3f312a867f0a189cae9cf4f68cc64471)] -> xpath: //button[text()='Login']]
Clicked on: [[ChromeDriver: chrome on windows (3f312a867f0a189cae9cf4f68cc64471)] -> xpath: //button[text()='Login']]
Trying to find Element By : By.xpath: //i[@class='fa fa-database']
Found Element By : By.xpath: //i[@class='fa fa-database']
Trying to click on: [[ChromeDriver: chrome on windows (3f312a867f0a189cae9cf4f68cc64471)] -> xpath: //i[@class='fa fa-database']]
Clicked on: [[ChromeDriver: chrome on windows (3f312a867f0a189cae9cf4f68cc64471)] -> xpath: //i[@class='fa fa-database']]
Trying to find Element By : By.xpath: //a[text()='Categories']
Found Element By : By.xpath: //a[text()='Categories']
Trying to click on: [[ChromeDriver: chrome on windows (3f312a867f0a189cae9cf4f68cc64471)] -> xpath: //a[text()='Categories']]
Clicked on: [[ChromeDriver: chrome on windows (3f312a867f0a189cae9cf4f68cc64471)] -> xpath: //a[text()='Categories']]
Trying to find Element By : By.xpath: //i[@class='fa fa-plus']
Found Element By : By.xpath: //i[@class='fa fa-plus']
Trying to click on: [[ChromeDriver: chrome on windows (3f312a867f0a189cae9cf4f68cc64471)] -> xpath: //i[@class='fa fa-plus']]
Clicked on: [[ChromeDriver: chrome on windows (3f312a867f0a189cae9cf4f68cc64471)] -> xpath: //i[@class='fa fa-plus']]
Trying to find Element By : By.xpath: //button[text()=' Save']
Found Element By : By.xpath: //button[text()=' Save']
Trying to click on: [[ChromeDriver: chrome on windows (3f312a867f0a189cae9cf4f68cc64471)] -> xpath: //button[text()=' Save']]
Clicked on: [[ChromeDriver: chrome on windows (3f312a867f0a189cae9cf4f68cc64471)] -> xpath: //button[text()=' Save']]
]]></system-out>
    <system-err><![CDATA[Nov 03, 2023 2:13:45 PM org.openqa.selenium.devtools.CdpVersionFinder findNearestMatch
WARNING: Unable to find an exact match for CDP version 118, so returning the closest version found: 115
]]></system-err>
  </testcase>
  <testcase name="VerifyaddNewCategoryPagewithValidDataTest" classname="com.empire.qa.testcases.CategoryTypesPageTest" time="2.56">
    <system-out><![CDATA[Navigated to:'http://empirehome.myprojectsonline.co.in/'
Trying to find Element By : By.name: emailid
Found Element By : By.name: emailid
Trying to find Element By : By.id: pword
Found Element By : By.id: pword
Trying to find Element By : By.xpath: //button[text()='Login']
Found Element By : By.xpath: //button[text()='Login']
Trying to click on: [[ChromeDriver: chrome on windows (f1db91cca3bc7ff05fdf5c69b30ad2ba)] -> xpath: //button[text()='Login']]
Clicked on: [[ChromeDriver: chrome on windows (f1db91cca3bc7ff05fdf5c69b30ad2ba)] -> xpath: //button[text()='Login']]
Trying to find Element By : By.xpath: //i[@class='fa fa-database']
Found Element By : By.xpath: //i[@class='fa fa-database']
Trying to click on: [[ChromeDriver: chrome on windows (f1db91cca3bc7ff05fdf5c69b30ad2ba)] -> xpath: //i[@class='fa fa-database']]
Clicked on: [[ChromeDriver: chrome on windows (f1db91cca3bc7ff05fdf5c69b30ad2ba)] -> xpath: //i[@class='fa fa-database']]
Trying to find Element By : By.xpath: //a[text()='Categories']
Found Element By : By.xpath: //a[text()='Categories']
Trying to click on: [[ChromeDriver: chrome on windows (f1db91cca3bc7ff05fdf5c69b30ad2ba)] -> xpath: //a[text()='Categories']]
Clicked on: [[ChromeDriver: chrome on windows (f1db91cca3bc7ff05fdf5c69b30ad2ba)] -> xpath: //a[text()='Categories']]
Trying to find Element By : By.xpath: //i[@class='fa fa-plus']
Found Element By : By.xpath: //i[@class='fa fa-plus']
Trying to click on: [[ChromeDriver: chrome on windows (f1db91cca3bc7ff05fdf5c69b30ad2ba)] -> xpath: //i[@class='fa fa-plus']]
Clicked on: [[ChromeDriver: chrome on windows (f1db91cca3bc7ff05fdf5c69b30ad2ba)] -> xpath: //i[@class='fa fa-plus']]
Trying to find Element By : By.xpath: //input[@id='CategoryName']
Found Element By : By.xpath: //input[@id='CategoryName']
Trying to find Element By : By.xpath: //button[text()=' Save']
Found Element By : By.xpath: //button[text()=' Save']
Trying to click on: [[ChromeDriver: chrome on windows (f1db91cca3bc7ff05fdf5c69b30ad2ba)] -> xpath: //button[text()=' Save']]
Clicked on: [[ChromeDriver: chrome on windows (f1db91cca3bc7ff05fdf5c69b30ad2ba)] -> xpath: //button[text()=' Save']]
]]></system-out>
    <system-err><![CDATA[Nov 03, 2023 2:13:57 PM org.openqa.selenium.devtools.CdpVersionFinder findNearestMatch
WARNING: Unable to find an exact match for CDP version 118, so returning the closest version found: 115
]]></system-err>
  </testcase>
  <testcase name="VerifyEditButtonBySearch_CategoryNameTest" classname="com.empire.qa.testcases.CategoryTypesPageTest" time="3.326">
    <system-out><![CDATA[Navigated to:'http://empirehome.myprojectsonline.co.in/'
Trying to find Element By : By.name: emailid
Found Element By : By.name: emailid
Trying to find Element By : By.id: pword
Found Element By : By.id: pword
Trying to find Element By : By.xpath: //button[text()='Login']
Found Element By : By.xpath: //button[text()='Login']
Trying to click on: [[ChromeDriver: chrome on windows (593705de36921e11a575f014d163633c)] -> xpath: //button[text()='Login']]
Clicked on: [[ChromeDriver: chrome on windows (593705de36921e11a575f014d163633c)] -> xpath: //button[text()='Login']]
Trying to find Element By : By.xpath: //i[@class='fa fa-database']
Found Element By : By.xpath: //i[@class='fa fa-database']
Trying to click on: [[ChromeDriver: chrome on windows (593705de36921e11a575f014d163633c)] -> xpath: //i[@class='fa fa-database']]
Clicked on: [[ChromeDriver: chrome on windows (593705de36921e11a575f014d163633c)] -> xpath: //i[@class='fa fa-database']]
Trying to find Element By : By.xpath: //a[text()='Categories']
Found Element By : By.xpath: //a[text()='Categories']
Trying to click on: [[ChromeDriver: chrome on windows (593705de36921e11a575f014d163633c)] -> xpath: //a[text()='Categories']]
Clicked on: [[ChromeDriver: chrome on windows (593705de36921e11a575f014d163633c)] -> xpath: //a[text()='Categories']]
Trying to find Element By : By.xpath: //input[@class='form-control form-control-sm']
Found Element By : By.xpath: //input[@class='form-control form-control-sm']
Trying to find Element By : By.xpath: //i[@class='fa fa-pencil']
Found Element By : By.xpath: //i[@class='fa fa-pencil']
Trying to click on: [[ChromeDriver: chrome on windows (593705de36921e11a575f014d163633c)] -> xpath: //i[@class='fa fa-pencil']]
Clicked on: [[ChromeDriver: chrome on windows (593705de36921e11a575f014d163633c)] -> xpath: //i[@class='fa fa-pencil']]
Trying to find Element By : By.xpath: //input[@id='CategoryName']
Found Element By : By.xpath: //input[@id='CategoryName']
Trying to find Element By : By.xpath: //input[@id='CategoryName']
Found Element By : By.xpath: //input[@id='CategoryName']
Trying to find Element By : By.xpath: //button[text()=' Save']
Found Element By : By.xpath: //button[text()=' Save']
Trying to click on: [[ChromeDriver: chrome on windows (593705de36921e11a575f014d163633c)] -> xpath: //button[text()=' Save']]
Clicked on: [[ChromeDriver: chrome on windows (593705de36921e11a575f014d163633c)] -> xpath: //button[text()=' Save']]
]]></system-out>
    <system-err><![CDATA[Nov 03, 2023 2:14:08 PM org.openqa.selenium.devtools.CdpVersionFinder findNearestMatch
WARNING: Unable to find an exact match for CDP version 118, so returning the closest version found: 115
]]></system-err>
  </testcase>
  <testcase name="VerifyDeleteButtonBySearch_TypeNameTest" classname="com.empire.qa.testcases.CategoryTypesPageTest" time="2.392">
    <system-out><![CDATA[Navigated to:'http://empirehome.myprojectsonline.co.in/'
Trying to find Element By : By.name: emailid
Found Element By : By.name: emailid
Trying to find Element By : By.id: pword
Found Element By : By.id: pword
Trying to find Element By : By.xpath: //button[text()='Login']
Found Element By : By.xpath: //button[text()='Login']
Trying to click on: [[ChromeDriver: chrome on windows (4c070ed63f287f23bc51f5f88ba02b76)] -> xpath: //button[text()='Login']]
Clicked on: [[ChromeDriver: chrome on windows (4c070ed63f287f23bc51f5f88ba02b76)] -> xpath: //button[text()='Login']]
Trying to find Element By : By.xpath: //i[@class='fa fa-database']
Found Element By : By.xpath: //i[@class='fa fa-database']
Trying to click on: [[ChromeDriver: chrome on windows (4c070ed63f287f23bc51f5f88ba02b76)] -> xpath: //i[@class='fa fa-database']]
Clicked on: [[ChromeDriver: chrome on windows (4c070ed63f287f23bc51f5f88ba02b76)] -> xpath: //i[@class='fa fa-database']]
Trying to find Element By : By.xpath: //a[text()='Categories']
Found Element By : By.xpath: //a[text()='Categories']
Trying to click on: [[ChromeDriver: chrome on windows (4c070ed63f287f23bc51f5f88ba02b76)] -> xpath: //a[text()='Categories']]
Clicked on: [[ChromeDriver: chrome on windows (4c070ed63f287f23bc51f5f88ba02b76)] -> xpath: //a[text()='Categories']]
Trying to find Element By : By.xpath: //input[@class='form-control form-control-sm']
Found Element By : By.xpath: //input[@class='form-control form-control-sm']
Trying to find Element By : By.xpath: //i[@class='fa fa-trash-o']
Found Element By : By.xpath: //i[@class='fa fa-trash-o']
Trying to click on: [[ChromeDriver: chrome on windows (4c070ed63f287f23bc51f5f88ba02b76)] -> xpath: //i[@class='fa fa-trash-o']]
Clicked on: [[ChromeDriver: chrome on windows (4c070ed63f287f23bc51f5f88ba02b76)] -> xpath: //i[@class='fa fa-trash-o']]
Trying to find Element By : By.xpath: //button[@class='swal-button swal-button--no']
Found Element By : By.xpath: //button[@class='swal-button swal-button--no']
Trying to click on: [[ChromeDriver: chrome on windows (4c070ed63f287f23bc51f5f88ba02b76)] -> xpath: //button[@class='swal-button swal-button--no']]
Clicked on: [[ChromeDriver: chrome on windows (4c070ed63f287f23bc51f5f88ba02b76)] -> xpath: //button[@class='swal-button swal-button--no']]
Trying to find Element By : By.xpath: //div[@class='toast toast-error']
Found Element By : By.xpath: //div[@class='toast toast-error']
]]></system-out>
    <system-err><![CDATA[Nov 03, 2023 2:14:21 PM org.openqa.selenium.devtools.CdpVersionFinder findNearestMatch
WARNING: Unable to find an exact match for CDP version 118, so returning the closest version found: 115
]]></system-err>
  </testcase>
  <testcase name="VerifyDeleteButtonByClickingYesTest" classname="com.empire.qa.testcases.CategoryTypesPageTest" time="2.35">
    <system-out><![CDATA[Navigated to:'http://empirehome.myprojectsonline.co.in/'
Trying to find Element By : By.name: emailid
Found Element By : By.name: emailid
Trying to find Element By : By.id: pword
Found Element By : By.id: pword
Trying to find Element By : By.xpath: //button[text()='Login']
Found Element By : By.xpath: //button[text()='Login']
Trying to click on: [[ChromeDriver: chrome on windows (38dd4d567d13ca0a24d8a67669c88631)] -> xpath: //button[text()='Login']]
Clicked on: [[ChromeDriver: chrome on windows (38dd4d567d13ca0a24d8a67669c88631)] -> xpath: //button[text()='Login']]
Trying to find Element By : By.xpath: //i[@class='fa fa-database']
Found Element By : By.xpath: //i[@class='fa fa-database']
Trying to click on: [[ChromeDriver: chrome on windows (38dd4d567d13ca0a24d8a67669c88631)] -> xpath: //i[@class='fa fa-database']]
Clicked on: [[ChromeDriver: chrome on windows (38dd4d567d13ca0a24d8a67669c88631)] -> xpath: //i[@class='fa fa-database']]
Trying to find Element By : By.xpath: //a[text()='Categories']
Found Element By : By.xpath: //a[text()='Categories']
Trying to click on: [[ChromeDriver: chrome on windows (38dd4d567d13ca0a24d8a67669c88631)] -> xpath: //a[text()='Categories']]
Clicked on: [[ChromeDriver: chrome on windows (38dd4d567d13ca0a24d8a67669c88631)] -> xpath: //a[text()='Categories']]
Trying to find Element By : By.xpath: //input[@class='form-control form-control-sm']
Found Element By : By.xpath: //input[@class='form-control form-control-sm']
Trying to find Element By : By.xpath: //i[@class='fa fa-trash-o']
Found Element By : By.xpath: //i[@class='fa fa-trash-o']
Trying to click on: [[ChromeDriver: chrome on windows (38dd4d567d13ca0a24d8a67669c88631)] -> xpath: //i[@class='fa fa-trash-o']]
Clicked on: [[ChromeDriver: chrome on windows (38dd4d567d13ca0a24d8a67669c88631)] -> xpath: //i[@class='fa fa-trash-o']]
Trying to find Element By : By.xpath: //button[@class='swal-button swal-button--yes']
Found Element By : By.xpath: //button[@class='swal-button swal-button--yes']
Trying to click on: [[ChromeDriver: chrome on windows (38dd4d567d13ca0a24d8a67669c88631)] -> xpath: //button[@class='swal-button swal-button--yes']]
Clicked on: [[ChromeDriver: chrome on windows (38dd4d567d13ca0a24d8a67669c88631)] -> xpath: //button[@class='swal-button swal-button--yes']]
]]></system-out>
    <system-err><![CDATA[Nov 03, 2023 2:14:33 PM org.openqa.selenium.devtools.CdpVersionFinder findNearestMatch
WARNING: Unable to find an exact match for CDP version 118, so returning the closest version found: 115
]]></system-err>
  </testcase>
  <testcase name="verifyEhomepageTitleTest" classname="com.empire.qa.testcases.HomePageTest" time="0.0">
    <system-out><![CDATA[Navigated to:'http://empirehome.myprojectsonline.co.in/'
Trying to find Element By : By.name: emailid
Found Element By : By.name: emailid
Trying to find Element By : By.id: pword
Found Element By : By.id: pword
Trying to find Element By : By.xpath: //button[text()='Login']
Found Element By : By.xpath: //button[text()='Login']
Trying to click on: [[ChromeDriver: chrome on windows (a22e7da404c60e0661d8dacd94864c49)] -> xpath: //button[text()='Login']]
Clicked on: [[ChromeDriver: chrome on windows (a22e7da404c60e0661d8dacd94864c49)] -> xpath: //button[text()='Login']]
]]></system-out>
    <system-err><![CDATA[Nov 03, 2023 2:14:44 PM org.openqa.selenium.devtools.CdpVersionFinder findNearestMatch
WARNING: Unable to find an exact match for CDP version 118, so returning the closest version found: 115
]]></system-err>
  </testcase>
  <testcase name="verifyEhomepageTest" classname="com.empire.qa.testcases.HomePageTest" time="9.587">
    <system-out><![CDATA[Navigated to:'http://empirehome.myprojectsonline.co.in/'
Trying to find Element By : By.name: emailid
Found Element By : By.name: emailid
Trying to find Element By : By.id: pword
Found Element By : By.id: pword
Trying to find Element By : By.xpath: //button[text()='Login']
Found Element By : By.xpath: //button[text()='Login']
Trying to click on: [[ChromeDriver: chrome on windows (38293e51eae7c008d0397a784b8517a6)] -> xpath: //button[text()='Login']]
Clicked on: [[ChromeDriver: chrome on windows (38293e51eae7c008d0397a784b8517a6)] -> xpath: //button[text()='Login']]
Trying to find Element By : By.xpath: //span[@class='pe-7s-keypad']
Found Element By : By.xpath: //span[@class='pe-7s-keypad']
Trying to click on: [[ChromeDriver: chrome on windows (38293e51eae7c008d0397a784b8517a6)] -> xpath: //span[@class='pe-7s-keypad']]
Clicked on: [[ChromeDriver: chrome on windows (38293e51eae7c008d0397a784b8517a6)] -> xpath: //span[@class='pe-7s-keypad']]
Trying to find Element By : By.xpath: //span[text()='Inventory']
Found Element By : By.xpath: //span[text()='Inventory']
Trying to click on: [[ChromeDriver: chrome on windows (38293e51eae7c008d0397a784b8517a6)] -> xpath: //span[text()='Inventory']]
Clicked on: [[ChromeDriver: chrome on windows (38293e51eae7c008d0397a784b8517a6)] -> xpath: //span[text()='Inventory']]
Trying to find Element By : By.xpath: //a[text()='Add Inventory']
Found Element By : By.xpath: //a[text()='Add Inventory']
Trying to click on: [[ChromeDriver: chrome on windows (38293e51eae7c008d0397a784b8517a6)] -> xpath: //a[text()='Add Inventory']]
Clicked on: [[ChromeDriver: chrome on windows (38293e51eae7c008d0397a784b8517a6)] -> xpath: //a[text()='Add Inventory']]
]]></system-out>
    <system-err><![CDATA[Nov 03, 2023 2:14:49 PM org.openqa.selenium.devtools.CdpVersionFinder findNearestMatch
WARNING: Unable to find an exact match for CDP version 118, so returning the closest version found: 115
]]></system-err>
  </testcase>
  <testcase name="VerifyAddInventoryPageTest[SKP001, Good Bed, Happy Sleep, Ikea, 3.8, 4.3, 4.5, Brown, 13500, B120, U201, Sanjay Enterprises, IK123454, 2](1)" classname="com.empire.qa.testcases.AddInventoryTest" time="6.173">
    <system-out><![CDATA[Navigated to:'http://empirehome.myprojectsonline.co.in/'
Trying to find Element By : By.name: emailid
Found Element By : By.name: emailid
Trying to find Element By : By.id: pword
Found Element By : By.id: pword
Trying to find Element By : By.xpath: //button[text()='Login']
Found Element By : By.xpath: //button[text()='Login']
Trying to click on: [[ChromeDriver: chrome on windows (f9f6ab57884eb4527374367d8c0790ac)] -> xpath: //button[text()='Login']]
Clicked on: [[ChromeDriver: chrome on windows (f9f6ab57884eb4527374367d8c0790ac)] -> xpath: //button[text()='Login']]
Trying to find Element By : By.xpath: //span[@class='pe-7s-keypad']
Found Element By : By.xpath: //span[@class='pe-7s-keypad']
Trying to click on: [[ChromeDriver: chrome on windows (f9f6ab57884eb4527374367d8c0790ac)] -> xpath: //span[@class='pe-7s-keypad']]
Clicked on: [[ChromeDriver: chrome on windows (f9f6ab57884eb4527374367d8c0790ac)] -> xpath: //span[@class='pe-7s-keypad']]
Trying to find Element By : By.xpath: //span[text()='Inventory']
Found Element By : By.xpath: //span[text()='Inventory']
Trying to click on: [[ChromeDriver: chrome on windows (f9f6ab57884eb4527374367d8c0790ac)] -> xpath: //span[text()='Inventory']]
Clicked on: [[ChromeDriver: chrome on windows (f9f6ab57884eb4527374367d8c0790ac)] -> xpath: //span[text()='Inventory']]
Trying to find Element By : By.xpath: //a[text()='Add Inventory']
Found Element By : By.xpath: //a[text()='Add Inventory']
Trying to click on: [[ChromeDriver: chrome on windows (f9f6ab57884eb4527374367d8c0790ac)] -> xpath: //a[text()='Add Inventory']]
Clicked on: [[ChromeDriver: chrome on windows (f9f6ab57884eb4527374367d8c0790ac)] -> xpath: //a[text()='Add Inventory']]
Trying to find Element By : By.name: ModelNumber
Found Element By : By.name: ModelNumber
Trying to find Element By : By.name: Title
Found Element By : By.name: Title
Trying to find Element By : By.name: ItemDescription
Found Element By : By.name: ItemDescription
Trying to find Element By : By.name: Brand
Found Element By : By.name: Brand
Trying to find Element By : By.name: Height
Found Element By : By.name: Height
Trying to find Element By : By.name: Width
Found Element By : By.name: Width
Trying to find Element By : By.name: Breadth
Found Element By : By.name: Breadth
Trying to find Element By : By.name: ColorName
Found Element By : By.name: ColorName
Trying to find Element By : By.name: ColorImageUploaded
Found Element By : By.name: ColorImageUploaded
Trying to find Element By : By.xpath: //select[@id='InventoryStatusId']
Found Element By : By.xpath: //select[@id='InventoryStatusId']
Trying to find Element By : By.xpath: //select[@id='InventoryStatusId']
Found Element By : By.xpath: //select[@id='InventoryStatusId']
Trying to find Element By : By.xpath: //select[@id='InventoryStatusId']
Found Element By : By.xpath: //select[@id='InventoryStatusId']
Trying to find Element By : By.xpath: //select[@id='InventoryStatusId']
Found Element By : By.xpath: //select[@id='InventoryStatusId']
Trying to find Element By : By.xpath: .//option[normalize-space(.) = "In Transit"]
Found Element By : By.xpath: .//option[normalize-space(.) = "In Transit"]
Trying to click on: [[[[ChromeDriver: chrome on windows (f9f6ab57884eb4527374367d8c0790ac)] -> xpath: //select[@id='InventoryStatusId']]] -> xpath: .//option[normalize-space(.) = "In Transit"]]
Clicked on: [[[[ChromeDriver: chrome on windows (f9f6ab57884eb4527374367d8c0790ac)] -> xpath: //select[@id='InventoryStatusId']]] -> xpath: .//option[normalize-space(.) = "In Transit"]]
Trying to find Element By : By.xpath: //select[@id='InventoryConditonId']
Found Element By : By.xpath: //select[@id='InventoryConditonId']
Trying to find Element By : By.xpath: //select[@id='InventoryConditonId']
Found Element By : By.xpath: //select[@id='InventoryConditonId']
Trying to find Element By : By.xpath: //select[@id='InventoryConditonId']
Found Element By : By.xpath: //select[@id='InventoryConditonId']
Trying to find Element By : By.xpath: //select[@id='InventoryConditonId']
Found Element By : By.xpath: //select[@id='InventoryConditonId']
Trying to find Element By : By.xpath: .//option[normalize-space(.) = "Good"]
Found Element By : By.xpath: .//option[normalize-space(.) = "Good"]
Trying to click on: [[[[ChromeDriver: chrome on windows (f9f6ab57884eb4527374367d8c0790ac)] -> xpath: //select[@id='InventoryConditonId']]] -> xpath: .//option[normalize-space(.) = "Good"]]
Clicked on: [[[[ChromeDriver: chrome on windows (f9f6ab57884eb4527374367d8c0790ac)] -> xpath: //select[@id='InventoryConditonId']]] -> xpath: .//option[normalize-space(.) = "Good"]]
Trying to find Element By : By.xpath: //select[@id='InventoryLocationId']
Found Element By : By.xpath: //select[@id='InventoryLocationId']
Trying to find Element By : By.xpath: //select[@id='InventoryLocationId']
Found Element By : By.xpath: //select[@id='InventoryLocationId']
Trying to find Element By : By.xpath: //select[@id='InventoryLocationId']
Found Element By : By.xpath: //select[@id='InventoryLocationId']
Trying to find Element By : By.xpath: //select[@id='InventoryLocationId']
Found Element By : By.xpath: //select[@id='InventoryLocationId']
Trying to find Element By : By.xpath: .//option[normalize-space(.) = "chennai"]
Found Element By : By.xpath: .//option[normalize-space(.) = "chennai"]
Trying to click on: [[[[ChromeDriver: chrome on windows (f9f6ab57884eb4527374367d8c0790ac)] -> xpath: //select[@id='InventoryLocationId']]] -> xpath: .//option[normalize-space(.) = "chennai"]]
Clicked on: [[[[ChromeDriver: chrome on windows (f9f6ab57884eb4527374367d8c0790ac)] -> xpath: //select[@id='InventoryLocationId']]] -> xpath: .//option[normalize-space(.) = "chennai"]]
Trying to find Element By : By.id: RecievedDate
Found Element By : By.id: RecievedDate
Trying to find Element By : By.name: ActualPrice
Found Element By : By.name: ActualPrice
Trying to find Element By : By.xpath: //select[@id='factor']
Found Element By : By.xpath: //select[@id='factor']
Trying to find Element By : By.xpath: //select[@id='factor']
Found Element By : By.xpath: //select[@id='factor']
Trying to find Element By : By.xpath: //select[@id='factor']
Found Element By : By.xpath: //select[@id='factor']
Trying to find Element By : By.xpath: //select[@id='factor']
Found Element By : By.xpath: //select[@id='factor']
Trying to find Element By : By.xpath: .//option[normalize-space(.) = "3.00"]
Found Element By : By.xpath: .//option[normalize-space(.) = "3.00"]
Trying to click on: [[[[ChromeDriver: chrome on windows (f9f6ab57884eb4527374367d8c0790ac)] -> xpath: //select[@id='factor']]] -> xpath: .//option[normalize-space(.) = "3.00"]]
Clicked on: [[[[ChromeDriver: chrome on windows (f9f6ab57884eb4527374367d8c0790ac)] -> xpath: //select[@id='factor']]] -> xpath: .//option[normalize-space(.) = "3.00"]]
Trying to find Element By : By.name: HSNCode
Found Element By : By.name: HSNCode
Trying to find Element By : By.name: RackName
Found Element By : By.name: RackName
Trying to find Element By : By.name: PODetails
Found Element By : By.name: PODetails
Trying to find Element By : By.name: InvoiceNumber
Found Element By : By.name: InvoiceNumber
Trying to find Element By : By.name: Qty
Found Element By : By.name: Qty
Trying to find Element By : By.name: Qty
Found Element By : By.name: Qty
Trying to find Element By : By.name: ProductMainImageUploaded
Found Element By : By.name: ProductMainImageUploaded
]]></system-out>
    <system-err><![CDATA[Nov 03, 2023 2:15:05 PM org.openqa.selenium.devtools.CdpVersionFinder findNearestMatch
WARNING: Unable to find an exact match for CDP version 118, so returning the closest version found: 115
]]></system-err>
  </testcase>
  <testcase name="VerifyAddInventoryPageTest[SKP002, Good Bed, Happy Sleep, Ikea, 1.8, 2, 3.1, White, 22000, B128, U202, Sanjay Enterprises, IK124657, 2](2)" classname="com.empire.qa.testcases.AddInventoryTest" time="6.08">
    <system-out><![CDATA[Navigated to:'http://empirehome.myprojectsonline.co.in/'
Trying to find Element By : By.name: emailid
Found Element By : By.name: emailid
Trying to find Element By : By.id: pword
Found Element By : By.id: pword
Trying to find Element By : By.xpath: //button[text()='Login']
Found Element By : By.xpath: //button[text()='Login']
Trying to click on: [[ChromeDriver: chrome on windows (28feb03d4386472a91055bc9e5502e6e)] -> xpath: //button[text()='Login']]
Clicked on: [[ChromeDriver: chrome on windows (28feb03d4386472a91055bc9e5502e6e)] -> xpath: //button[text()='Login']]
Trying to find Element By : By.xpath: //span[@class='pe-7s-keypad']
Found Element By : By.xpath: //span[@class='pe-7s-keypad']
Trying to click on: [[ChromeDriver: chrome on windows (28feb03d4386472a91055bc9e5502e6e)] -> xpath: //span[@class='pe-7s-keypad']]
Clicked on: [[ChromeDriver: chrome on windows (28feb03d4386472a91055bc9e5502e6e)] -> xpath: //span[@class='pe-7s-keypad']]
Trying to find Element By : By.xpath: //span[text()='Inventory']
Found Element By : By.xpath: //span[text()='Inventory']
Trying to click on: [[ChromeDriver: chrome on windows (28feb03d4386472a91055bc9e5502e6e)] -> xpath: //span[text()='Inventory']]
Clicked on: [[ChromeDriver: chrome on windows (28feb03d4386472a91055bc9e5502e6e)] -> xpath: //span[text()='Inventory']]
Trying to find Element By : By.xpath: //a[text()='Add Inventory']
Found Element By : By.xpath: //a[text()='Add Inventory']
Trying to click on: [[ChromeDriver: chrome on windows (28feb03d4386472a91055bc9e5502e6e)] -> xpath: //a[text()='Add Inventory']]
Clicked on: [[ChromeDriver: chrome on windows (28feb03d4386472a91055bc9e5502e6e)] -> xpath: //a[text()='Add Inventory']]
Trying to find Element By : By.name: ModelNumber
Found Element By : By.name: ModelNumber
Trying to find Element By : By.name: Title
Found Element By : By.name: Title
Trying to find Element By : By.name: ItemDescription
Found Element By : By.name: ItemDescription
Trying to find Element By : By.name: Brand
Found Element By : By.name: Brand
Trying to find Element By : By.name: Height
Found Element By : By.name: Height
Trying to find Element By : By.name: Width
Found Element By : By.name: Width
Trying to find Element By : By.name: Breadth
Found Element By : By.name: Breadth
Trying to find Element By : By.name: ColorName
Found Element By : By.name: ColorName
Trying to find Element By : By.name: ColorImageUploaded
Found Element By : By.name: ColorImageUploaded
Trying to find Element By : By.xpath: //select[@id='InventoryStatusId']
Found Element By : By.xpath: //select[@id='InventoryStatusId']
Trying to find Element By : By.xpath: //select[@id='InventoryStatusId']
Found Element By : By.xpath: //select[@id='InventoryStatusId']
Trying to find Element By : By.xpath: //select[@id='InventoryStatusId']
Found Element By : By.xpath: //select[@id='InventoryStatusId']
Trying to find Element By : By.xpath: //select[@id='InventoryStatusId']
Found Element By : By.xpath: //select[@id='InventoryStatusId']
Trying to find Element By : By.xpath: .//option[normalize-space(.) = "In Transit"]
Found Element By : By.xpath: .//option[normalize-space(.) = "In Transit"]
Trying to click on: [[[[ChromeDriver: chrome on windows (28feb03d4386472a91055bc9e5502e6e)] -> xpath: //select[@id='InventoryStatusId']]] -> xpath: .//option[normalize-space(.) = "In Transit"]]
Clicked on: [[[[ChromeDriver: chrome on windows (28feb03d4386472a91055bc9e5502e6e)] -> xpath: //select[@id='InventoryStatusId']]] -> xpath: .//option[normalize-space(.) = "In Transit"]]
Trying to find Element By : By.xpath: //select[@id='InventoryConditonId']
Found Element By : By.xpath: //select[@id='InventoryConditonId']
Trying to find Element By : By.xpath: //select[@id='InventoryConditonId']
Found Element By : By.xpath: //select[@id='InventoryConditonId']
Trying to find Element By : By.xpath: //select[@id='InventoryConditonId']
Found Element By : By.xpath: //select[@id='InventoryConditonId']
Trying to find Element By : By.xpath: //select[@id='InventoryConditonId']
Found Element By : By.xpath: //select[@id='InventoryConditonId']
Trying to find Element By : By.xpath: .//option[normalize-space(.) = "Good"]
Found Element By : By.xpath: .//option[normalize-space(.) = "Good"]
Trying to click on: [[[[ChromeDriver: chrome on windows (28feb03d4386472a91055bc9e5502e6e)] -> xpath: //select[@id='InventoryConditonId']]] -> xpath: .//option[normalize-space(.) = "Good"]]
Clicked on: [[[[ChromeDriver: chrome on windows (28feb03d4386472a91055bc9e5502e6e)] -> xpath: //select[@id='InventoryConditonId']]] -> xpath: .//option[normalize-space(.) = "Good"]]
Trying to find Element By : By.xpath: //select[@id='InventoryLocationId']
Found Element By : By.xpath: //select[@id='InventoryLocationId']
Trying to find Element By : By.xpath: //select[@id='InventoryLocationId']
Found Element By : By.xpath: //select[@id='InventoryLocationId']
Trying to find Element By : By.xpath: //select[@id='InventoryLocationId']
Found Element By : By.xpath: //select[@id='InventoryLocationId']
Trying to find Element By : By.xpath: //select[@id='InventoryLocationId']
Found Element By : By.xpath: //select[@id='InventoryLocationId']
Trying to find Element By : By.xpath: .//option[normalize-space(.) = "chennai"]
Found Element By : By.xpath: .//option[normalize-space(.) = "chennai"]
Trying to click on: [[[[ChromeDriver: chrome on windows (28feb03d4386472a91055bc9e5502e6e)] -> xpath: //select[@id='InventoryLocationId']]] -> xpath: .//option[normalize-space(.) = "chennai"]]
Clicked on: [[[[ChromeDriver: chrome on windows (28feb03d4386472a91055bc9e5502e6e)] -> xpath: //select[@id='InventoryLocationId']]] -> xpath: .//option[normalize-space(.) = "chennai"]]
Trying to find Element By : By.id: RecievedDate
Found Element By : By.id: RecievedDate
Trying to find Element By : By.name: ActualPrice
Found Element By : By.name: ActualPrice
Trying to find Element By : By.xpath: //select[@id='factor']
Found Element By : By.xpath: //select[@id='factor']
Trying to find Element By : By.xpath: //select[@id='factor']
Found Element By : By.xpath: //select[@id='factor']
Trying to find Element By : By.xpath: //select[@id='factor']
Found Element By : By.xpath: //select[@id='factor']
Trying to find Element By : By.xpath: //select[@id='factor']
Found Element By : By.xpath: //select[@id='factor']
Trying to find Element By : By.xpath: .//option[normalize-space(.) = "3.00"]
Found Element By : By.xpath: .//option[normalize-space(.) = "3.00"]
Trying to click on: [[[[ChromeDriver: chrome on windows (28feb03d4386472a91055bc9e5502e6e)] -> xpath: //select[@id='factor']]] -> xpath: .//option[normalize-space(.) = "3.00"]]
Clicked on: [[[[ChromeDriver: chrome on windows (28feb03d4386472a91055bc9e5502e6e)] -> xpath: //select[@id='factor']]] -> xpath: .//option[normalize-space(.) = "3.00"]]
Trying to find Element By : By.name: HSNCode
Found Element By : By.name: HSNCode
Trying to find Element By : By.name: RackName
Found Element By : By.name: RackName
Trying to find Element By : By.name: PODetails
Found Element By : By.name: PODetails
Trying to find Element By : By.name: InvoiceNumber
Found Element By : By.name: InvoiceNumber
Trying to find Element By : By.name: Qty
Found Element By : By.name: Qty
Trying to find Element By : By.name: Qty
Found Element By : By.name: Qty
Trying to find Element By : By.name: ProductMainImageUploaded
Found Element By : By.name: ProductMainImageUploaded
]]></system-out>
    <system-err><![CDATA[Nov 03, 2023 2:15:26 PM org.openqa.selenium.devtools.CdpVersionFinder findNearestMatch
WARNING: Unable to find an exact match for CDP version 118, so returning the closest version found: 115
]]></system-err>
  </testcase>
  <testcase name="VerifyAddInventoryPageTitleTest" classname="com.empire.qa.testcases.AddInventoryTest" time="0.012">
    <system-out><![CDATA[Navigated to:'http://empirehome.myprojectsonline.co.in/'
Trying to find Element By : By.name: emailid
Found Element By : By.name: emailid
Trying to find Element By : By.id: pword
Found Element By : By.id: pword
Trying to find Element By : By.xpath: //button[text()='Login']
Found Element By : By.xpath: //button[text()='Login']
Trying to click on: [[ChromeDriver: chrome on windows (1f8bcfe4932f9ebbe7e64e875e6da7d0)] -> xpath: //button[text()='Login']]
Clicked on: [[ChromeDriver: chrome on windows (1f8bcfe4932f9ebbe7e64e875e6da7d0)] -> xpath: //button[text()='Login']]
Trying to find Element By : By.xpath: //span[@class='pe-7s-keypad']
Found Element By : By.xpath: //span[@class='pe-7s-keypad']
Trying to click on: [[ChromeDriver: chrome on windows (1f8bcfe4932f9ebbe7e64e875e6da7d0)] -> xpath: //span[@class='pe-7s-keypad']]
Clicked on: [[ChromeDriver: chrome on windows (1f8bcfe4932f9ebbe7e64e875e6da7d0)] -> xpath: //span[@class='pe-7s-keypad']]
Trying to find Element By : By.xpath: //span[text()='Inventory']
Found Element By : By.xpath: //span[text()='Inventory']
Trying to click on: [[ChromeDriver: chrome on windows (1f8bcfe4932f9ebbe7e64e875e6da7d0)] -> xpath: //span[text()='Inventory']]
Clicked on: [[ChromeDriver: chrome on windows (1f8bcfe4932f9ebbe7e64e875e6da7d0)] -> xpath: //span[text()='Inventory']]
Trying to find Element By : By.xpath: //a[text()='Add Inventory']
Found Element By : By.xpath: //a[text()='Add Inventory']
Trying to click on: [[ChromeDriver: chrome on windows (1f8bcfe4932f9ebbe7e64e875e6da7d0)] -> xpath: //a[text()='Add Inventory']]
Clicked on: [[ChromeDriver: chrome on windows (1f8bcfe4932f9ebbe7e64e875e6da7d0)] -> xpath: //a[text()='Add Inventory']]
]]></system-out>
    <system-err><![CDATA[Nov 03, 2023 2:15:47 PM org.openqa.selenium.devtools.CdpVersionFinder findNearestMatch
WARNING: Unable to find an exact match for CDP version 118, so returning the closest version found: 115
]]></system-err>
  </testcase>
  <testcase name="VerifyEhomeTitleTest" classname="com.empire.qa.testcases.LoginPageTest" time="0.015">
    <system-out><![CDATA[Navigated to:'http://empirehome.myprojectsonline.co.in/'
]]></system-out>
    <system-err><![CDATA[Nov 03, 2023 2:16:03 PM org.openqa.selenium.devtools.CdpVersionFinder findNearestMatch
WARNING: Unable to find an exact match for CDP version 118, so returning the closest version found: 115
]]></system-err>
  </testcase>
  <testcase name="VerifyEhomeImageTest" classname="com.empire.qa.testcases.LoginPageTest" time="0.064">
    <system-out><![CDATA[Navigated to:'http://empirehome.myprojectsonline.co.in/'
Trying to find Element By : By.xpath: //img[@src="/WebApp/assets/dist/img/logo.png"]
Found Element By : By.xpath: //img[@src="/WebApp/assets/dist/img/logo.png"]
]]></system-out>
    <system-err><![CDATA[Nov 03, 2023 2:16:06 PM org.openqa.selenium.devtools.CdpVersionFinder findNearestMatch
WARNING: Unable to find an exact match for CDP version 118, so returning the closest version found: 115
]]></system-err>
  </testcase>
  <testcase name="VerifyLoginPageTest" classname="com.empire.qa.testcases.LoginPageTest" time="1.847">
    <system-out><![CDATA[Navigated to:'http://empirehome.myprojectsonline.co.in/'
Trying to find Element By : By.name: emailid
Found Element By : By.name: emailid
Trying to find Element By : By.id: pword
Found Element By : By.id: pword
Trying to find Element By : By.xpath: //button[text()='Login']
Found Element By : By.xpath: //button[text()='Login']
Trying to click on: [[ChromeDriver: chrome on windows (c83e4681c55c87a8af5322c34690d504)] -> xpath: //button[text()='Login']]
Clicked on: [[ChromeDriver: chrome on windows (c83e4681c55c87a8af5322c34690d504)] -> xpath: //button[text()='Login']]
]]></system-out>
    <system-err><![CDATA[Nov 03, 2023 2:16:09 PM org.openqa.selenium.devtools.CdpVersionFinder findNearestMatch
WARNING: Unable to find an exact match for CDP version 118, so returning the closest version found: 115
]]></system-err>
  </testcase>
  <testcase name="VerifyBackBtnTest" classname="com.empire.qa.testcases.LocationTypesPageTest" time="0.696">
    <system-out><![CDATA[Navigated to:'http://empirehome.myprojectsonline.co.in/'
Trying to find Element By : By.name: emailid
Found Element By : By.name: emailid
Trying to find Element By : By.id: pword
Found Element By : By.id: pword
Trying to find Element By : By.xpath: //button[text()='Login']
Found Element By : By.xpath: //button[text()='Login']
Trying to click on: [[ChromeDriver: chrome on windows (f52fc4199ba617701be16272095e0284)] -> xpath: //button[text()='Login']]
Clicked on: [[ChromeDriver: chrome on windows (f52fc4199ba617701be16272095e0284)] -> xpath: //button[text()='Login']]
Trying to find Element By : By.xpath: //i[@class='fa fa-database']
Found Element By : By.xpath: //i[@class='fa fa-database']
Trying to click on: [[ChromeDriver: chrome on windows (f52fc4199ba617701be16272095e0284)] -> xpath: //i[@class='fa fa-database']]
Clicked on: [[ChromeDriver: chrome on windows (f52fc4199ba617701be16272095e0284)] -> xpath: //i[@class='fa fa-database']]
Trying to find Element By : By.xpath: //a[text()='Location ']
Found Element By : By.xpath: //a[text()='Location ']
Trying to click on: [[ChromeDriver: chrome on windows (f52fc4199ba617701be16272095e0284)] -> xpath: //a[text()='Location ']]
Clicked on: [[ChromeDriver: chrome on windows (f52fc4199ba617701be16272095e0284)] -> xpath: //a[text()='Location ']]
Trying to find Element By : By.xpath: //i[@class='fa fa-reply mr-2']
Found Element By : By.xpath: //i[@class='fa fa-reply mr-2']
Trying to click on: [[ChromeDriver: chrome on windows (f52fc4199ba617701be16272095e0284)] -> xpath: //i[@class='fa fa-reply mr-2']]
Clicked on: [[ChromeDriver: chrome on windows (f52fc4199ba617701be16272095e0284)] -> xpath: //i[@class='fa fa-reply mr-2']]
]]></system-out>
    <system-err><![CDATA[Nov 03, 2023 2:16:14 PM org.openqa.selenium.devtools.CdpVersionFinder findNearestMatch
WARNING: Unable to find an exact match for CDP version 118, so returning the closest version found: 115
]]></system-err>
  </testcase>
  <testcase name="setup" classname="com.empire.qa.testcases.LocationTypesPageTest" time="23.549">
    <failure message="element not interactable&#10;  (Session info: chrome=118.0.5993.120)&#10;Build info: version: &apos;4.11.0&apos;, revision: &apos;040bc5406b&apos;&#10;System info: os.name: &apos;Windows 11&apos;, os.arch: &apos;amd64&apos;, os.version: &apos;10.0&apos;, java.version: &apos;20.0.1&apos;&#10;Driver info: org.openqa.selenium.chrome.ChromeDriver&#10;Command: [c68878f48fe8c3d20b18395dbffc097e, clickElement {id=520347696280655EF434EE1781D666B0_element_23}]&#10;Capabilities {acceptInsecureCerts: false, browserName: chrome, browserVersion: 118.0.5993.120, chrome: {chromedriverVersion: 118.0.5993.70 (e52f33f30b91..., userDataDir: C:\Users\Admin\AppData\Loca...}, fedcm:accounts: true, goog:chromeOptions: {debuggerAddress: localhost:62820}, networkConnectionEnabled: false, pageLoadStrategy: normal, platformName: windows, proxy: Proxy(), se:cdp: ws://localhost:62820/devtoo..., se:cdpVersion: 118.0.5993.120, setWindowRect: true, strictFileInteractability: false, timeouts: {implicit: 0, pageLoad: 300000, script: 30000}, unhandledPromptBehavior: dismiss and notify, webauthn:extension:credBlob: true, webauthn:extension:largeBlob: true, webauthn:extension:minPinLength: true, webauthn:extension:prf: true, webauthn:virtualAuthenticators: true}&#10;Element: [[ChromeDriver: chrome on windows (c68878f48fe8c3d20b18395dbffc097e)] -&gt; xpath: //a[text()=&apos;Location &apos;]]&#10;Session ID: c68878f48fe8c3d20b18395dbffc097e" type="org.openqa.selenium.ElementNotInteractableException"><![CDATA[org.openqa.selenium.ElementNotInteractableException: 
element not interactable
  (Session info: chrome=118.0.5993.120)
Build info: version: '4.11.0', revision: '040bc5406b'
System info: os.name: 'Windows 11', os.arch: 'amd64', os.version: '10.0', java.version: '20.0.1'
Driver info: org.openqa.selenium.chrome.ChromeDriver
Command: [c68878f48fe8c3d20b18395dbffc097e, clickElement {id=520347696280655EF434EE1781D666B0_element_23}]
Capabilities {acceptInsecureCerts: false, browserName: chrome, browserVersion: 118.0.5993.120, chrome: {chromedriverVersion: 118.0.5993.70 (e52f33f30b91..., userDataDir: C:\Users\Admin\AppData\Loca...}, fedcm:accounts: true, goog:chromeOptions: {debuggerAddress: localhost:62820}, networkConnectionEnabled: false, pageLoadStrategy: normal, platformName: windows, proxy: Proxy(), se:cdp: ws://localhost:62820/devtoo..., se:cdpVersion: 118.0.5993.120, setWindowRect: true, strictFileInteractability: false, timeouts: {implicit: 0, pageLoad: 300000, script: 30000}, unhandledPromptBehavior: dismiss and notify, webauthn:extension:credBlob: true, webauthn:extension:largeBlob: true, webauthn:extension:minPinLength: true, webauthn:extension:prf: true, webauthn:virtualAuthenticators: true}
Element: [[ChromeDriver: chrome on windows (c68878f48fe8c3d20b18395dbffc097e)] -> xpath: //a[text()='Location ']]
Session ID: c68878f48fe8c3d20b18395dbffc097e
	at java.base/jdk.internal.reflect.DirectConstructorHandleAccessor.newInstance(DirectConstructorHandleAccessor.java:67)
	at java.base/java.lang.reflect.Constructor.newInstanceWithCaller(Constructor.java:500)
	at java.base/java.lang.reflect.Constructor.newInstance(Constructor.java:484)
	at org.openqa.selenium.remote.codec.w3c.W3CHttpResponseCodec.createException(W3CHttpResponseCodec.java:200)
	at org.openqa.selenium.remote.codec.w3c.W3CHttpResponseCodec.decode(W3CHttpResponseCodec.java:133)
	at org.openqa.selenium.remote.codec.w3c.W3CHttpResponseCodec.decode(W3CHttpResponseCodec.java:52)
	at org.openqa.selenium.remote.HttpCommandExecutor.execute(HttpCommandExecutor.java:191)
	at org.openqa.selenium.remote.service.DriverCommandExecutor.invokeExecute(DriverCommandExecutor.java:196)
	at org.openqa.selenium.remote.service.DriverCommandExecutor.execute(DriverCommandExecutor.java:171)
	at org.openqa.selenium.remote.RemoteWebDriver.execute(RemoteWebDriver.java:518)
	at org.openqa.selenium.remote.RemoteWebElement.execute(RemoteWebElement.java:224)
	at org.openqa.selenium.remote.RemoteWebElement.click(RemoteWebElement.java:77)
	at java.base/jdk.internal.reflect.DirectMethodHandleAccessor.invoke(DirectMethodHandleAccessor.java:104)
	at java.base/java.lang.reflect.Method.invoke(Method.java:578)
	at org.openqa.selenium.support.events.EventFiringWebDriver$EventFiringWebElement.lambda$new$0(EventFiringWebDriver.java:375)
	at jdk.proxy2/jdk.proxy2.$Proxy20.click(Unknown Source)
	at org.openqa.selenium.support.events.EventFiringWebDriver$EventFiringWebElement.click(EventFiringWebDriver.java:387)
	at java.base/jdk.internal.reflect.DirectMethodHandleAccessor.invoke(DirectMethodHandleAccessor.java:104)
	at java.base/java.lang.reflect.Method.invoke(Method.java:578)
	at org.openqa.selenium.support.pagefactory.internal.LocatingElementHandler.invoke(LocatingElementHandler.java:51)
	at jdk.proxy2/jdk.proxy2.$Proxy19.click(Unknown Source)
	at com.empire.qa.pages.HomePage.verifyLocationTypesPage(HomePage.java:110)
	at com.empire.qa.testcases.LocationTypesPageTest.setup(LocationTypesPageTest.java:32)
	at java.base/jdk.internal.reflect.DirectMethodHandleAccessor.invoke(DirectMethodHandleAccessor.java:104)
	at java.base/java.lang.reflect.Method.invoke(Method.java:578)
	at org.testng.internal.MethodInvocationHelper.invokeMethod(MethodInvocationHelper.java:133)
	at org.testng.internal.MethodInvocationHelper.invokeMethodConsideringTimeout(MethodInvocationHelper.java:62)
	at org.testng.internal.ConfigInvoker.invokeConfigurationMethod(ConfigInvoker.java:385)
	at org.testng.internal.ConfigInvoker.invokeConfigurations(ConfigInvoker.java:321)
	at org.testng.internal.TestInvoker.runConfigMethods(TestInvoker.java:700)
	at org.testng.internal.TestInvoker.invokeMethod(TestInvoker.java:527)
	at org.testng.internal.TestInvoker.invokeTestMethod(TestInvoker.java:173)
	at org.testng.internal.MethodRunner.runInSequence(MethodRunner.java:46)
	at org.testng.internal.TestInvoker$MethodInvocationAgent.invoke(TestInvoker.java:824)
	at org.testng.internal.TestInvoker.invokeTestMethods(TestInvoker.java:146)
	at org.testng.internal.TestMethodWorker.invokeTestMethods(TestMethodWorker.java:146)
	at org.testng.internal.TestMethodWorker.run(TestMethodWorker.java:128)
	at java.base/java.util.ArrayList.forEach(ArrayList.java:1511)
	at org.testng.TestRunner.privateRun(TestRunner.java:794)
	at org.testng.TestRunner.run(TestRunner.java:596)
	at org.testng.SuiteRunner.runTest(SuiteRunner.java:377)
	at org.testng.SuiteRunner.runSequentially(SuiteRunner.java:371)
	at org.testng.SuiteRunner.privateRun(SuiteRunner.java:332)
	at org.testng.SuiteRunner.run(SuiteRunner.java:276)
	at org.testng.SuiteRunnerWorker.runSuite(SuiteRunnerWorker.java:53)
	at org.testng.SuiteRunnerWorker.run(SuiteRunnerWorker.java:96)
	at org.testng.TestNG.runSuitesSequentially(TestNG.java:1212)
	at org.testng.TestNG.runSuitesLocally(TestNG.java:1134)
	at org.testng.TestNG.runSuites(TestNG.java:1063)
	at org.testng.TestNG.run(TestNG.java:1031)
	at org.apache.maven.surefire.testng.TestNGExecutor.run(TestNGExecutor.java:308)
	at org.apache.maven.surefire.testng.TestNGXmlTestSuite.execute(TestNGXmlTestSuite.java:71)
	at org.apache.maven.surefire.testng.TestNGProvider.invoke(TestNGProvider.java:113)
	at org.apache.maven.surefire.booter.ForkedBooter.runSuitesInProcess(ForkedBooter.java:385)
	at org.apache.maven.surefire.booter.ForkedBooter.execute(ForkedBooter.java:162)
	at org.apache.maven.surefire.booter.ForkedBooter.run(ForkedBooter.java:507)
	at org.apache.maven.surefire.booter.ForkedBooter.main(ForkedBooter.java:495)
]]></failure>
    <system-out><![CDATA[Navigated to:'http://empirehome.myprojectsonline.co.in/'
Trying to find Element By : By.name: emailid
Found Element By : By.name: emailid
Trying to find Element By : By.id: pword
Found Element By : By.id: pword
Trying to find Element By : By.xpath: //button[text()='Login']
Found Element By : By.xpath: //button[text()='Login']
Trying to click on: [[ChromeDriver: chrome on windows (c68878f48fe8c3d20b18395dbffc097e)] -> xpath: //button[text()='Login']]
Clicked on: [[ChromeDriver: chrome on windows (c68878f48fe8c3d20b18395dbffc097e)] -> xpath: //button[text()='Login']]
Trying to find Element By : By.xpath: //i[@class='fa fa-database']
Found Element By : By.xpath: //i[@class='fa fa-database']
Trying to click on: [[ChromeDriver: chrome on windows (c68878f48fe8c3d20b18395dbffc097e)] -> xpath: //i[@class='fa fa-database']]
Clicked on: [[ChromeDriver: chrome on windows (c68878f48fe8c3d20b18395dbffc097e)] -> xpath: //i[@class='fa fa-database']]
Trying to find Element By : By.xpath: //a[text()='Location ']
Found Element By : By.xpath: //a[text()='Location ']
Trying to click on: [[ChromeDriver: chrome on windows (c68878f48fe8c3d20b18395dbffc097e)] -> xpath: //a[text()='Location ']]
Exception occured: org.openqa.selenium.ElementNotInteractableException: element not interactable
  (Session info: chrome=118.0.5993.120)
Build info: version: '4.11.0', revision: '040bc5406b'
System info: os.name: 'Windows 11', os.arch: 'amd64', os.version: '10.0', java.version: '20.0.1'
Driver info: org.openqa.selenium.chrome.ChromeDriver
Command: [c68878f48fe8c3d20b18395dbffc097e, clickElement {id=520347696280655EF434EE1781D666B0_element_23}]
Capabilities {acceptInsecureCerts: false, browserName: chrome, browserVersion: 118.0.5993.120, chrome: {chromedriverVersion: 118.0.5993.70 (e52f33f30b91..., userDataDir: C:\Users\Admin\AppData\Loca...}, fedcm:accounts: true, goog:chromeOptions: {debuggerAddress: localhost:62820}, networkConnectionEnabled: false, pageLoadStrategy: normal, platformName: windows, proxy: Proxy(), se:cdp: ws://localhost:62820/devtoo..., se:cdpVersion: 118.0.5993.120, setWindowRect: true, strictFileInteractability: false, timeouts: {implicit: 0, pageLoad: 300000, script: 30000}, unhandledPromptBehavior: dismiss and notify, webauthn:extension:credBlob: true, webauthn:extension:largeBlob: true, webauthn:extension:minPinLength: true, webauthn:extension:prf: true, webauthn:virtualAuthenticators: true}
Element: [[ChromeDriver: chrome on windows (c68878f48fe8c3d20b18395dbffc097e)] -> xpath: //a[text()='Location ']]
Session ID: c68878f48fe8c3d20b18395dbffc097e
]]></system-out>
    <system-err><![CDATA[Nov 03, 2023 2:16:24 PM org.openqa.selenium.devtools.CdpVersionFinder findNearestMatch
WARNING: Unable to find an exact match for CDP version 118, so returning the closest version found: 115
]]></system-err>
  </testcase>
  <testcase name="setup" classname="com.empire.qa.testcases.LocationTypesPageTest" time="0.0">
    <skipped/>
  </testcase>
  <testcase name="setup" classname="com.empire.qa.testcases.LocationTypesPageTest" time="0.0">
    <skipped/>
  </testcase>
  <testcase name="setup" classname="com.empire.qa.testcases.LocationTypesPageTest" time="0.0">
    <skipped/>
  </testcase>
  <testcase name="setup" classname="com.empire.qa.testcases.LocationTypesPageTest" time="0.0">
    <skipped/>
  </testcase>
  <testcase name="setup" classname="com.empire.qa.testcases.LocationTypesPageTest" time="0.0">
    <skipped/>
  </testcase>
  <testcase name="setup" classname="com.empire.qa.testcases.LocationTypesPageTest" time="0.0">
    <skipped/>
  </testcase>
  <testcase name="setup" classname="com.empire.qa.testcases.LocationTypesPageTest" time="0.0">
    <skipped/>
  </testcase>
  <testcase name="setup" classname="com.empire.qa.testcases.LocationTypesPageTest" time="0.0">
    <skipped/>
  </testcase>
  <testcase name="setup" classname="com.empire.qa.testcases.LocationTypesPageTest" time="0.0">
    <skipped/>
  </testcase>
  <testcase name="setup" classname="com.empire.qa.testcases.LocationTypesPageTest" time="0.0">
    <skipped/>
  </testcase>
  <testcase name="setup" classname="com.empire.qa.testcases.LocationTypesPageTest" time="0.0">
    <skipped/>
  </testcase>
  <testcase name="setup" classname="com.empire.qa.testcases.LocationTypesPageTest" time="0.0">
    <skipped/>
  </testcase>
  <testcase name="setup" classname="com.empire.qa.testcases.LocationTypesPageTest" time="0.0">
    <skipped/>
  </testcase>
  <testcase name="setup" classname="com.empire.qa.testcases.LocationTypesPageTest" time="0.0">
    <skipped/>
  </testcase>
  <testcase name="setup" classname="com.empire.qa.testcases.LocationTypesPageTest" time="0.0">
    <skipped/>
  </testcase>
  <testcase name="VerifyLocationNameSortingTest" classname="com.empire.qa.testcases.LocationTypesPageTest" time="0.0">
    <skipped message="element not interactable&#10;  (Session info: chrome=118.0.5993.120)&#10;Build info: version: &apos;4.11.0&apos;, revision: &apos;040bc5406b&apos;&#10;System info: os.name: &apos;Windows 11&apos;, os.arch: &apos;amd64&apos;, os.version: &apos;10.0&apos;, java.version: &apos;20.0.1&apos;&#10;Driver info: org.openqa.selenium.chrome.ChromeDriver&#10;Command: [c68878f48fe8c3d20b18395dbffc097e, clickElement {id=520347696280655EF434EE1781D666B0_element_23}]&#10;Capabilities {acceptInsecureCerts: false, browserName: chrome, browserVersion: 118.0.5993.120, chrome: {chromedriverVersion: 118.0.5993.70 (e52f33f30b91..., userDataDir: C:\Users\Admin\AppData\Loca...}, fedcm:accounts: true, goog:chromeOptions: {debuggerAddress: localhost:62820}, networkConnectionEnabled: false, pageLoadStrategy: normal, platformName: windows, proxy: Proxy(), se:cdp: ws://localhost:62820/devtoo..., se:cdpVersion: 118.0.5993.120, setWindowRect: true, strictFileInteractability: false, timeouts: {implicit: 0, pageLoad: 300000, script: 30000}, unhandledPromptBehavior: dismiss and notify, webauthn:extension:credBlob: true, webauthn:extension:largeBlob: true, webauthn:extension:minPinLength: true, webauthn:extension:prf: true, webauthn:virtualAuthenticators: true}&#10;Element: [[ChromeDriver: chrome on windows (c68878f48fe8c3d20b18395dbffc097e)] -&gt; xpath: //a[text()=&apos;Location &apos;]]&#10;Session ID: c68878f48fe8c3d20b18395dbffc097e"/>
  </testcase>
  <testcase name="teardown" classname="com.empire.qa.testcases.LocationTypesPageTest" time="0.0">
    <skipped/>
  </testcase>
  <testcase name="teardown" classname="com.empire.qa.testcases.LocationTypesPageTest" time="0.0">
    <skipped/>
  </testcase>
  <testcase name="teardown" classname="com.empire.qa.testcases.LocationTypesPageTest" time="0.0">
    <skipped/>
  </testcase>
  <testcase name="teardown" classname="com.empire.qa.testcases.LocationTypesPageTest" time="0.0">
    <skipped/>
  </testcase>
  <testcase name="teardown" classname="com.empire.qa.testcases.LocationTypesPageTest" time="0.0">
    <skipped/>
  </testcase>
  <testcase name="teardown" classname="com.empire.qa.testcases.LocationTypesPageTest" time="0.0">
    <skipped/>
  </testcase>
  <testcase name="teardown" classname="com.empire.qa.testcases.LocationTypesPageTest" time="0.0">
    <skipped/>
  </testcase>
  <testcase name="teardown" classname="com.empire.qa.testcases.LocationTypesPageTest" time="0.0">
    <skipped/>
  </testcase>
  <testcase name="teardown" classname="com.empire.qa.testcases.LocationTypesPageTest" time="0.0">
    <skipped/>
  </testcase>
  <testcase name="teardown" classname="com.empire.qa.testcases.LocationTypesPageTest" time="0.0">
    <skipped/>
  </testcase>
  <testcase name="teardown" classname="com.empire.qa.testcases.LocationTypesPageTest" time="0.0">
    <skipped/>
  </testcase>
  <testcase name="teardown" classname="com.empire.qa.testcases.LocationTypesPageTest" time="0.0">
    <skipped/>
  </testcase>
  <testcase name="teardown" classname="com.empire.qa.testcases.LocationTypesPageTest" time="0.0">
    <skipped/>
  </testcase>
  <testcase name="teardown" classname="com.empire.qa.testcases.LocationTypesPageTest" time="0.0">
    <skipped/>
  </testcase>
  <testcase name="teardown" classname="com.empire.qa.testcases.LocationTypesPageTest" time="0.0">
    <skipped/>
  </testcase>
  <testcase name="teardown" classname="com.empire.qa.testcases.LocationTypesPageTest" time="0.0">
    <skipped/>
  </testcase>
  <testcase name="VerifyNextPageBtnTest" classname="com.empire.qa.testcases.LocationTypesPageTest" time="0.0">
    <skipped message="element not interactable&#10;  (Session info: chrome=118.0.5993.120)&#10;Build info: version: &apos;4.11.0&apos;, revision: &apos;040bc5406b&apos;&#10;System info: os.name: &apos;Windows 11&apos;, os.arch: &apos;amd64&apos;, os.version: &apos;10.0&apos;, java.version: &apos;20.0.1&apos;&#10;Driver info: org.openqa.selenium.chrome.ChromeDriver&#10;Command: [c68878f48fe8c3d20b18395dbffc097e, clickElement {id=520347696280655EF434EE1781D666B0_element_23}]&#10;Capabilities {acceptInsecureCerts: false, browserName: chrome, browserVersion: 118.0.5993.120, chrome: {chromedriverVersion: 118.0.5993.70 (e52f33f30b91..., userDataDir: C:\Users\Admin\AppData\Loca...}, fedcm:accounts: true, goog:chromeOptions: {debuggerAddress: localhost:62820}, networkConnectionEnabled: false, pageLoadStrategy: normal, platformName: windows, proxy: Proxy(), se:cdp: ws://localhost:62820/devtoo..., se:cdpVersion: 118.0.5993.120, setWindowRect: true, strictFileInteractability: false, timeouts: {implicit: 0, pageLoad: 300000, script: 30000}, unhandledPromptBehavior: dismiss and notify, webauthn:extension:credBlob: true, webauthn:extension:largeBlob: true, webauthn:extension:minPinLength: true, webauthn:extension:prf: true, webauthn:virtualAuthenticators: true}&#10;Element: [[ChromeDriver: chrome on windows (c68878f48fe8c3d20b18395dbffc097e)] -&gt; xpath: //a[text()=&apos;Location &apos;]]&#10;Session ID: c68878f48fe8c3d20b18395dbffc097e"/>
  </testcase>
  <testcase name="VerifyPage3BtnTest" classname="com.empire.qa.testcases.LocationTypesPageTest" time="0.0">
    <skipped message="element not interactable&#10;  (Session info: chrome=118.0.5993.120)&#10;Build info: version: &apos;4.11.0&apos;, revision: &apos;040bc5406b&apos;&#10;System info: os.name: &apos;Windows 11&apos;, os.arch: &apos;amd64&apos;, os.version: &apos;10.0&apos;, java.version: &apos;20.0.1&apos;&#10;Driver info: org.openqa.selenium.chrome.ChromeDriver&#10;Command: [c68878f48fe8c3d20b18395dbffc097e, clickElement {id=520347696280655EF434EE1781D666B0_element_23}]&#10;Capabilities {acceptInsecureCerts: false, browserName: chrome, browserVersion: 118.0.5993.120, chrome: {chromedriverVersion: 118.0.5993.70 (e52f33f30b91..., userDataDir: C:\Users\Admin\AppData\Loca...}, fedcm:accounts: true, goog:chromeOptions: {debuggerAddress: localhost:62820}, networkConnectionEnabled: false, pageLoadStrategy: normal, platformName: windows, proxy: Proxy(), se:cdp: ws://localhost:62820/devtoo..., se:cdpVersion: 118.0.5993.120, setWindowRect: true, strictFileInteractability: false, timeouts: {implicit: 0, pageLoad: 300000, script: 30000}, unhandledPromptBehavior: dismiss and notify, webauthn:extension:credBlob: true, webauthn:extension:largeBlob: true, webauthn:extension:minPinLength: true, webauthn:extension:prf: true, webauthn:virtualAuthenticators: true}&#10;Element: [[ChromeDriver: chrome on windows (c68878f48fe8c3d20b18395dbffc097e)] -&gt; xpath: //a[text()=&apos;Location &apos;]]&#10;Session ID: c68878f48fe8c3d20b18395dbffc097e"/>
  </testcase>
  <testcase name="VerifyPreviousPageBtnTest" classname="com.empire.qa.testcases.LocationTypesPageTest" time="0.0">
    <skipped message="element not interactable&#10;  (Session info: chrome=118.0.5993.120)&#10;Build info: version: &apos;4.11.0&apos;, revision: &apos;040bc5406b&apos;&#10;System info: os.name: &apos;Windows 11&apos;, os.arch: &apos;amd64&apos;, os.version: &apos;10.0&apos;, java.version: &apos;20.0.1&apos;&#10;Driver info: org.openqa.selenium.chrome.ChromeDriver&#10;Command: [c68878f48fe8c3d20b18395dbffc097e, clickElement {id=520347696280655EF434EE1781D666B0_element_23}]&#10;Capabilities {acceptInsecureCerts: false, browserName: chrome, browserVersion: 118.0.5993.120, chrome: {chromedriverVersion: 118.0.5993.70 (e52f33f30b91..., userDataDir: C:\Users\Admin\AppData\Loca...}, fedcm:accounts: true, goog:chromeOptions: {debuggerAddress: localhost:62820}, networkConnectionEnabled: false, pageLoadStrategy: normal, platformName: windows, proxy: Proxy(), se:cdp: ws://localhost:62820/devtoo..., se:cdpVersion: 118.0.5993.120, setWindowRect: true, strictFileInteractability: false, timeouts: {implicit: 0, pageLoad: 300000, script: 30000}, unhandledPromptBehavior: dismiss and notify, webauthn:extension:credBlob: true, webauthn:extension:largeBlob: true, webauthn:extension:minPinLength: true, webauthn:extension:prf: true, webauthn:virtualAuthenticators: true}&#10;Element: [[ChromeDriver: chrome on windows (c68878f48fe8c3d20b18395dbffc097e)] -&gt; xpath: //a[text()=&apos;Location &apos;]]&#10;Session ID: c68878f48fe8c3d20b18395dbffc097e"/>
  </testcase>
  <testcase name="VerifySearchTextFieldTest" classname="com.empire.qa.testcases.LocationTypesPageTest" time="0.0">
    <skipped message="element not interactable&#10;  (Session info: chrome=118.0.5993.120)&#10;Build info: version: &apos;4.11.0&apos;, revision: &apos;040bc5406b&apos;&#10;System info: os.name: &apos;Windows 11&apos;, os.arch: &apos;amd64&apos;, os.version: &apos;10.0&apos;, java.version: &apos;20.0.1&apos;&#10;Driver info: org.openqa.selenium.chrome.ChromeDriver&#10;Command: [c68878f48fe8c3d20b18395dbffc097e, clickElement {id=520347696280655EF434EE1781D666B0_element_23}]&#10;Capabilities {acceptInsecureCerts: false, browserName: chrome, browserVersion: 118.0.5993.120, chrome: {chromedriverVersion: 118.0.5993.70 (e52f33f30b91..., userDataDir: C:\Users\Admin\AppData\Loca...}, fedcm:accounts: true, goog:chromeOptions: {debuggerAddress: localhost:62820}, networkConnectionEnabled: false, pageLoadStrategy: normal, platformName: windows, proxy: Proxy(), se:cdp: ws://localhost:62820/devtoo..., se:cdpVersion: 118.0.5993.120, setWindowRect: true, strictFileInteractability: false, timeouts: {implicit: 0, pageLoad: 300000, script: 30000}, unhandledPromptBehavior: dismiss and notify, webauthn:extension:credBlob: true, webauthn:extension:largeBlob: true, webauthn:extension:minPinLength: true, webauthn:extension:prf: true, webauthn:virtualAuthenticators: true}&#10;Element: [[ChromeDriver: chrome on windows (c68878f48fe8c3d20b18395dbffc097e)] -&gt; xpath: //a[text()=&apos;Location &apos;]]&#10;Session ID: c68878f48fe8c3d20b18395dbffc097e"/>
  </testcase>
  <testcase name="VerifySearchTextFieldWithInvalidDataTest" classname="com.empire.qa.testcases.LocationTypesPageTest" time="0.0">
    <skipped message="element not interactable&#10;  (Session info: chrome=118.0.5993.120)&#10;Build info: version: &apos;4.11.0&apos;, revision: &apos;040bc5406b&apos;&#10;System info: os.name: &apos;Windows 11&apos;, os.arch: &apos;amd64&apos;, os.version: &apos;10.0&apos;, java.version: &apos;20.0.1&apos;&#10;Driver info: org.openqa.selenium.chrome.ChromeDriver&#10;Command: [c68878f48fe8c3d20b18395dbffc097e, clickElement {id=520347696280655EF434EE1781D666B0_element_23}]&#10;Capabilities {acceptInsecureCerts: false, browserName: chrome, browserVersion: 118.0.5993.120, chrome: {chromedriverVersion: 118.0.5993.70 (e52f33f30b91..., userDataDir: C:\Users\Admin\AppData\Loca...}, fedcm:accounts: true, goog:chromeOptions: {debuggerAddress: localhost:62820}, networkConnectionEnabled: false, pageLoadStrategy: normal, platformName: windows, proxy: Proxy(), se:cdp: ws://localhost:62820/devtoo..., se:cdpVersion: 118.0.5993.120, setWindowRect: true, strictFileInteractability: false, timeouts: {implicit: 0, pageLoad: 300000, script: 30000}, unhandledPromptBehavior: dismiss and notify, webauthn:extension:credBlob: true, webauthn:extension:largeBlob: true, webauthn:extension:minPinLength: true, webauthn:extension:prf: true, webauthn:virtualAuthenticators: true}&#10;Element: [[ChromeDriver: chrome on windows (c68878f48fe8c3d20b18395dbffc097e)] -&gt; xpath: //a[text()=&apos;Location &apos;]]&#10;Session ID: c68878f48fe8c3d20b18395dbffc097e"/>
  </testcase>
  <testcase name="VerifyShowEntriesDropdownTest" classname="com.empire.qa.testcases.LocationTypesPageTest" time="0.0">
    <skipped message="element not interactable&#10;  (Session info: chrome=118.0.5993.120)&#10;Build info: version: &apos;4.11.0&apos;, revision: &apos;040bc5406b&apos;&#10;System info: os.name: &apos;Windows 11&apos;, os.arch: &apos;amd64&apos;, os.version: &apos;10.0&apos;, java.version: &apos;20.0.1&apos;&#10;Driver info: org.openqa.selenium.chrome.ChromeDriver&#10;Command: [c68878f48fe8c3d20b18395dbffc097e, clickElement {id=520347696280655EF434EE1781D666B0_element_23}]&#10;Capabilities {acceptInsecureCerts: false, browserName: chrome, browserVersion: 118.0.5993.120, chrome: {chromedriverVersion: 118.0.5993.70 (e52f33f30b91..., userDataDir: C:\Users\Admin\AppData\Loca...}, fedcm:accounts: true, goog:chromeOptions: {debuggerAddress: localhost:62820}, networkConnectionEnabled: false, pageLoadStrategy: normal, platformName: windows, proxy: Proxy(), se:cdp: ws://localhost:62820/devtoo..., se:cdpVersion: 118.0.5993.120, setWindowRect: true, strictFileInteractability: false, timeouts: {implicit: 0, pageLoad: 300000, script: 30000}, unhandledPromptBehavior: dismiss and notify, webauthn:extension:credBlob: true, webauthn:extension:largeBlob: true, webauthn:extension:minPinLength: true, webauthn:extension:prf: true, webauthn:virtualAuthenticators: true}&#10;Element: [[ChromeDriver: chrome on windows (c68878f48fe8c3d20b18395dbffc097e)] -&gt; xpath: //a[text()=&apos;Location &apos;]]&#10;Session ID: c68878f48fe8c3d20b18395dbffc097e"/>
  </testcase>
  <testcase name="VerifySnoSortingTest" classname="com.empire.qa.testcases.LocationTypesPageTest" time="0.0">
    <skipped message="element not interactable&#10;  (Session info: chrome=118.0.5993.120)&#10;Build info: version: &apos;4.11.0&apos;, revision: &apos;040bc5406b&apos;&#10;System info: os.name: &apos;Windows 11&apos;, os.arch: &apos;amd64&apos;, os.version: &apos;10.0&apos;, java.version: &apos;20.0.1&apos;&#10;Driver info: org.openqa.selenium.chrome.ChromeDriver&#10;Command: [c68878f48fe8c3d20b18395dbffc097e, clickElement {id=520347696280655EF434EE1781D666B0_element_23}]&#10;Capabilities {acceptInsecureCerts: false, browserName: chrome, browserVersion: 118.0.5993.120, chrome: {chromedriverVersion: 118.0.5993.70 (e52f33f30b91..., userDataDir: C:\Users\Admin\AppData\Loca...}, fedcm:accounts: true, goog:chromeOptions: {debuggerAddress: localhost:62820}, networkConnectionEnabled: false, pageLoadStrategy: normal, platformName: windows, proxy: Proxy(), se:cdp: ws://localhost:62820/devtoo..., se:cdpVersion: 118.0.5993.120, setWindowRect: true, strictFileInteractability: false, timeouts: {implicit: 0, pageLoad: 300000, script: 30000}, unhandledPromptBehavior: dismiss and notify, webauthn:extension:credBlob: true, webauthn:extension:largeBlob: true, webauthn:extension:minPinLength: true, webauthn:extension:prf: true, webauthn:virtualAuthenticators: true}&#10;Element: [[ChromeDriver: chrome on windows (c68878f48fe8c3d20b18395dbffc097e)] -&gt; xpath: //a[text()=&apos;Location &apos;]]&#10;Session ID: c68878f48fe8c3d20b18395dbffc097e"/>
  </testcase>
  <testcase name="VerifyToTopArrowBtnTest" classname="com.empire.qa.testcases.LocationTypesPageTest" time="0.0">
    <skipped message="element not interactable&#10;  (Session info: chrome=118.0.5993.120)&#10;Build info: version: &apos;4.11.0&apos;, revision: &apos;040bc5406b&apos;&#10;System info: os.name: &apos;Windows 11&apos;, os.arch: &apos;amd64&apos;, os.version: &apos;10.0&apos;, java.version: &apos;20.0.1&apos;&#10;Driver info: org.openqa.selenium.chrome.ChromeDriver&#10;Command: [c68878f48fe8c3d20b18395dbffc097e, clickElement {id=520347696280655EF434EE1781D666B0_element_23}]&#10;Capabilities {acceptInsecureCerts: false, browserName: chrome, browserVersion: 118.0.5993.120, chrome: {chromedriverVersion: 118.0.5993.70 (e52f33f30b91..., userDataDir: C:\Users\Admin\AppData\Loca...}, fedcm:accounts: true, goog:chromeOptions: {debuggerAddress: localhost:62820}, networkConnectionEnabled: false, pageLoadStrategy: normal, platformName: windows, proxy: Proxy(), se:cdp: ws://localhost:62820/devtoo..., se:cdpVersion: 118.0.5993.120, setWindowRect: true, strictFileInteractability: false, timeouts: {implicit: 0, pageLoad: 300000, script: 30000}, unhandledPromptBehavior: dismiss and notify, webauthn:extension:credBlob: true, webauthn:extension:largeBlob: true, webauthn:extension:minPinLength: true, webauthn:extension:prf: true, webauthn:virtualAuthenticators: true}&#10;Element: [[ChromeDriver: chrome on windows (c68878f48fe8c3d20b18395dbffc097e)] -&gt; xpath: //a[text()=&apos;Location &apos;]]&#10;Session ID: c68878f48fe8c3d20b18395dbffc097e"/>
  </testcase>
  <testcase name="VerifyaddNewLocationwithInvalidLocationNameTest" classname="com.empire.qa.testcases.LocationTypesPageTest" time="0.0">
    <skipped message="element not interactable&#10;  (Session info: chrome=118.0.5993.120)&#10;Build info: version: &apos;4.11.0&apos;, revision: &apos;040bc5406b&apos;&#10;System info: os.name: &apos;Windows 11&apos;, os.arch: &apos;amd64&apos;, os.version: &apos;10.0&apos;, java.version: &apos;20.0.1&apos;&#10;Driver info: org.openqa.selenium.chrome.ChromeDriver&#10;Command: [c68878f48fe8c3d20b18395dbffc097e, clickElement {id=520347696280655EF434EE1781D666B0_element_23}]&#10;Capabilities {acceptInsecureCerts: false, browserName: chrome, browserVersion: 118.0.5993.120, chrome: {chromedriverVersion: 118.0.5993.70 (e52f33f30b91..., userDataDir: C:\Users\Admin\AppData\Loca...}, fedcm:accounts: true, goog:chromeOptions: {debuggerAddress: localhost:62820}, networkConnectionEnabled: false, pageLoadStrategy: normal, platformName: windows, proxy: Proxy(), se:cdp: ws://localhost:62820/devtoo..., se:cdpVersion: 118.0.5993.120, setWindowRect: true, strictFileInteractability: false, timeouts: {implicit: 0, pageLoad: 300000, script: 30000}, unhandledPromptBehavior: dismiss and notify, webauthn:extension:credBlob: true, webauthn:extension:largeBlob: true, webauthn:extension:minPinLength: true, webauthn:extension:prf: true, webauthn:virtualAuthenticators: true}&#10;Element: [[ChromeDriver: chrome on windows (c68878f48fe8c3d20b18395dbffc097e)] -&gt; xpath: //a[text()=&apos;Location &apos;]]&#10;Session ID: c68878f48fe8c3d20b18395dbffc097e"/>
  </testcase>
  <testcase name="VerifyaddNewLocationwithoutDataTest" classname="com.empire.qa.testcases.LocationTypesPageTest" time="0.0">
    <skipped message="element not interactable&#10;  (Session info: chrome=118.0.5993.120)&#10;Build info: version: &apos;4.11.0&apos;, revision: &apos;040bc5406b&apos;&#10;System info: os.name: &apos;Windows 11&apos;, os.arch: &apos;amd64&apos;, os.version: &apos;10.0&apos;, java.version: &apos;20.0.1&apos;&#10;Driver info: org.openqa.selenium.chrome.ChromeDriver&#10;Command: [c68878f48fe8c3d20b18395dbffc097e, clickElement {id=520347696280655EF434EE1781D666B0_element_23}]&#10;Capabilities {acceptInsecureCerts: false, browserName: chrome, browserVersion: 118.0.5993.120, chrome: {chromedriverVersion: 118.0.5993.70 (e52f33f30b91..., userDataDir: C:\Users\Admin\AppData\Loca...}, fedcm:accounts: true, goog:chromeOptions: {debuggerAddress: localhost:62820}, networkConnectionEnabled: false, pageLoadStrategy: normal, platformName: windows, proxy: Proxy(), se:cdp: ws://localhost:62820/devtoo..., se:cdpVersion: 118.0.5993.120, setWindowRect: true, strictFileInteractability: false, timeouts: {implicit: 0, pageLoad: 300000, script: 30000}, unhandledPromptBehavior: dismiss and notify, webauthn:extension:credBlob: true, webauthn:extension:largeBlob: true, webauthn:extension:minPinLength: true, webauthn:extension:prf: true, webauthn:virtualAuthenticators: true}&#10;Element: [[ChromeDriver: chrome on windows (c68878f48fe8c3d20b18395dbffc097e)] -&gt; xpath: //a[text()=&apos;Location &apos;]]&#10;Session ID: c68878f48fe8c3d20b18395dbffc097e"/>
  </testcase>
  <testcase name="VerifylocationtypespageTitleTest" classname="com.empire.qa.testcases.LocationTypesPageTest" time="0.0">
    <skipped message="element not interactable&#10;  (Session info: chrome=118.0.5993.120)&#10;Build info: version: &apos;4.11.0&apos;, revision: &apos;040bc5406b&apos;&#10;System info: os.name: &apos;Windows 11&apos;, os.arch: &apos;amd64&apos;, os.version: &apos;10.0&apos;, java.version: &apos;20.0.1&apos;&#10;Driver info: org.openqa.selenium.chrome.ChromeDriver&#10;Command: [c68878f48fe8c3d20b18395dbffc097e, clickElement {id=520347696280655EF434EE1781D666B0_element_23}]&#10;Capabilities {acceptInsecureCerts: false, browserName: chrome, browserVersion: 118.0.5993.120, chrome: {chromedriverVersion: 118.0.5993.70 (e52f33f30b91..., userDataDir: C:\Users\Admin\AppData\Loca...}, fedcm:accounts: true, goog:chromeOptions: {debuggerAddress: localhost:62820}, networkConnectionEnabled: false, pageLoadStrategy: normal, platformName: windows, proxy: Proxy(), se:cdp: ws://localhost:62820/devtoo..., se:cdpVersion: 118.0.5993.120, setWindowRect: true, strictFileInteractability: false, timeouts: {implicit: 0, pageLoad: 300000, script: 30000}, unhandledPromptBehavior: dismiss and notify, webauthn:extension:credBlob: true, webauthn:extension:largeBlob: true, webauthn:extension:minPinLength: true, webauthn:extension:prf: true, webauthn:virtualAuthenticators: true}&#10;Element: [[ChromeDriver: chrome on windows (c68878f48fe8c3d20b18395dbffc097e)] -&gt; xpath: //a[text()=&apos;Location &apos;]]&#10;Session ID: c68878f48fe8c3d20b18395dbffc097e"/>
  </testcase>
  <testcase name="VerifyaddNewLocationwithValidDataTest" classname="com.empire.qa.testcases.LocationTypesPageTest" time="0.0">
    <skipped message="element not interactable&#10;  (Session info: chrome=118.0.5993.120)&#10;Build info: version: &apos;4.11.0&apos;, revision: &apos;040bc5406b&apos;&#10;System info: os.name: &apos;Windows 11&apos;, os.arch: &apos;amd64&apos;, os.version: &apos;10.0&apos;, java.version: &apos;20.0.1&apos;&#10;Driver info: org.openqa.selenium.chrome.ChromeDriver&#10;Command: [c68878f48fe8c3d20b18395dbffc097e, clickElement {id=520347696280655EF434EE1781D666B0_element_23}]&#10;Capabilities {acceptInsecureCerts: false, browserName: chrome, browserVersion: 118.0.5993.120, chrome: {chromedriverVersion: 118.0.5993.70 (e52f33f30b91..., userDataDir: C:\Users\Admin\AppData\Loca...}, fedcm:accounts: true, goog:chromeOptions: {debuggerAddress: localhost:62820}, networkConnectionEnabled: false, pageLoadStrategy: normal, platformName: windows, proxy: Proxy(), se:cdp: ws://localhost:62820/devtoo..., se:cdpVersion: 118.0.5993.120, setWindowRect: true, strictFileInteractability: false, timeouts: {implicit: 0, pageLoad: 300000, script: 30000}, unhandledPromptBehavior: dismiss and notify, webauthn:extension:credBlob: true, webauthn:extension:largeBlob: true, webauthn:extension:minPinLength: true, webauthn:extension:prf: true, webauthn:virtualAuthenticators: true}&#10;Element: [[ChromeDriver: chrome on windows (c68878f48fe8c3d20b18395dbffc097e)] -&gt; xpath: //a[text()=&apos;Location &apos;]]&#10;Session ID: c68878f48fe8c3d20b18395dbffc097e"/>
  </testcase>
  <testcase name="VerifyEditButtonBySearchLocationNameTest" classname="com.empire.qa.testcases.LocationTypesPageTest" time="0.0">
    <skipped message="element not interactable&#10;  (Session info: chrome=118.0.5993.120)&#10;Build info: version: &apos;4.11.0&apos;, revision: &apos;040bc5406b&apos;&#10;System info: os.name: &apos;Windows 11&apos;, os.arch: &apos;amd64&apos;, os.version: &apos;10.0&apos;, java.version: &apos;20.0.1&apos;&#10;Driver info: org.openqa.selenium.chrome.ChromeDriver&#10;Command: [c68878f48fe8c3d20b18395dbffc097e, clickElement {id=520347696280655EF434EE1781D666B0_element_23}]&#10;Capabilities {acceptInsecureCerts: false, browserName: chrome, browserVersion: 118.0.5993.120, chrome: {chromedriverVersion: 118.0.5993.70 (e52f33f30b91..., userDataDir: C:\Users\Admin\AppData\Loca...}, fedcm:accounts: true, goog:chromeOptions: {debuggerAddress: localhost:62820}, networkConnectionEnabled: false, pageLoadStrategy: normal, platformName: windows, proxy: Proxy(), se:cdp: ws://localhost:62820/devtoo..., se:cdpVersion: 118.0.5993.120, setWindowRect: true, strictFileInteractability: false, timeouts: {implicit: 0, pageLoad: 300000, script: 30000}, unhandledPromptBehavior: dismiss and notify, webauthn:extension:credBlob: true, webauthn:extension:largeBlob: true, webauthn:extension:minPinLength: true, webauthn:extension:prf: true, webauthn:virtualAuthenticators: true}&#10;Element: [[ChromeDriver: chrome on windows (c68878f48fe8c3d20b18395dbffc097e)] -&gt; xpath: //a[text()=&apos;Location &apos;]]&#10;Session ID: c68878f48fe8c3d20b18395dbffc097e"/>
  </testcase>
  <testcase name="VerifyDeleteButtonBySearchLocationNameTest" classname="com.empire.qa.testcases.LocationTypesPageTest" time="0.0">
    <skipped message="element not interactable&#10;  (Session info: chrome=118.0.5993.120)&#10;Build info: version: &apos;4.11.0&apos;, revision: &apos;040bc5406b&apos;&#10;System info: os.name: &apos;Windows 11&apos;, os.arch: &apos;amd64&apos;, os.version: &apos;10.0&apos;, java.version: &apos;20.0.1&apos;&#10;Driver info: org.openqa.selenium.chrome.ChromeDriver&#10;Command: [c68878f48fe8c3d20b18395dbffc097e, clickElement {id=520347696280655EF434EE1781D666B0_element_23}]&#10;Capabilities {acceptInsecureCerts: false, browserName: chrome, browserVersion: 118.0.5993.120, chrome: {chromedriverVersion: 118.0.5993.70 (e52f33f30b91..., userDataDir: C:\Users\Admin\AppData\Loca...}, fedcm:accounts: true, goog:chromeOptions: {debuggerAddress: localhost:62820}, networkConnectionEnabled: false, pageLoadStrategy: normal, platformName: windows, proxy: Proxy(), se:cdp: ws://localhost:62820/devtoo..., se:cdpVersion: 118.0.5993.120, setWindowRect: true, strictFileInteractability: false, timeouts: {implicit: 0, pageLoad: 300000, script: 30000}, unhandledPromptBehavior: dismiss and notify, webauthn:extension:credBlob: true, webauthn:extension:largeBlob: true, webauthn:extension:minPinLength: true, webauthn:extension:prf: true, webauthn:virtualAuthenticators: true}&#10;Element: [[ChromeDriver: chrome on windows (c68878f48fe8c3d20b18395dbffc097e)] -&gt; xpath: //a[text()=&apos;Location &apos;]]&#10;Session ID: c68878f48fe8c3d20b18395dbffc097e"/>
  </testcase>
  <testcase name="VerifyDeleteButtonByClickingYesTest" classname="com.empire.qa.testcases.LocationTypesPageTest" time="0.0">
    <skipped message="element not interactable&#10;  (Session info: chrome=118.0.5993.120)&#10;Build info: version: &apos;4.11.0&apos;, revision: &apos;040bc5406b&apos;&#10;System info: os.name: &apos;Windows 11&apos;, os.arch: &apos;amd64&apos;, os.version: &apos;10.0&apos;, java.version: &apos;20.0.1&apos;&#10;Driver info: org.openqa.selenium.chrome.ChromeDriver&#10;Command: [c68878f48fe8c3d20b18395dbffc097e, clickElement {id=520347696280655EF434EE1781D666B0_element_23}]&#10;Capabilities {acceptInsecureCerts: false, browserName: chrome, browserVersion: 118.0.5993.120, chrome: {chromedriverVersion: 118.0.5993.70 (e52f33f30b91..., userDataDir: C:\Users\Admin\AppData\Loca...}, fedcm:accounts: true, goog:chromeOptions: {debuggerAddress: localhost:62820}, networkConnectionEnabled: false, pageLoadStrategy: normal, platformName: windows, proxy: Proxy(), se:cdp: ws://localhost:62820/devtoo..., se:cdpVersion: 118.0.5993.120, setWindowRect: true, strictFileInteractability: false, timeouts: {implicit: 0, pageLoad: 300000, script: 30000}, unhandledPromptBehavior: dismiss and notify, webauthn:extension:credBlob: true, webauthn:extension:largeBlob: true, webauthn:extension:minPinLength: true, webauthn:extension:prf: true, webauthn:virtualAuthenticators: true}&#10;Element: [[ChromeDriver: chrome on windows (c68878f48fe8c3d20b18395dbffc097e)] -&gt; xpath: //a[text()=&apos;Location &apos;]]&#10;Session ID: c68878f48fe8c3d20b18395dbffc097e"/>
  </testcase>
</testsuite>