<?xml version="1.0" encoding="UTF-8"?>
<!-- Generated by org.testng.reporters.JUnitReportReporter -->
<testsuite hostname="DESKTOP-8BJQT84" failures="0" tests="17" name="com.empire.qa.testcases.CategoryTypesPageTest" time="191.826" errors="0" timestamp="2023-11-06T16:22:15 IST" skipped="0">
  <testcase classname="com.empire.qa.testcases.CategoryTypesPageTest" name="VerifyBackBtnTest" time="9.798"/>
  <testcase classname="com.empire.qa.testcases.CategoryTypesPageTest" name="VerifySearchTextFieldTest" time="24.915"/>
  <testcase classname="com.empire.qa.testcases.CategoryTypesPageTest" name="VerifySnoSortingTest" time="9.704"/>
  <testcase classname="com.empire.qa.testcases.CategoryTypesPageTest" name="VerifybackBtnAddCategoryTypePg" time="11.701"/>
  <testcase classname="com.empire.qa.testcases.CategoryTypesPageTest" name="VerifySearchTextFieldWithInvalidDataTest" time="9.448"/>
  <testcase classname="com.empire.qa.testcases.CategoryTypesPageTest" name="VerifyPreviousPageBtnTest" time="9.602"/>
  <testcase classname="com.empire.qa.testcases.CategoryTypesPageTest" name="VerifyNextPageBtnTest" time="9.484"/>
  <testcase classname="com.empire.qa.testcases.CategoryTypesPageTest" name="VerifyToTopArrowBtnTest" time="9.333"/>
  <testcase classname="com.empire.qa.testcases.CategoryTypesPageTest" name="VerifyaddNewCategoryPagewithoutDataTest" time="11.432"/>
  <testcase classname="com.empire.qa.testcases.CategoryTypesPageTest" name="VerifyCategoryTypesPageTitleTest" time="9.141"/>
  <testcase classname="com.empire.qa.testcases.CategoryTypesPageTest" name="VerifyCategoryNameSortingTest" time="9.551"/>
  <testcase classname="com.empire.qa.testcases.CategoryTypesPageTest" name="VerifyaddNewCategoryPagewithInvalidCategoryNameTest" time="11.533"/>
  <testcase classname="com.empire.qa.testcases.CategoryTypesPageTest" name="VerifyShowEntriesDropdownTest" time="9.213"/>
  <testcase classname="com.empire.qa.testcases.CategoryTypesPageTest" name="VerifyaddNewCategoryPagewithValidDataTest" time="11.619"/>
  <testcase classname="com.empire.qa.testcases.CategoryTypesPageTest" name="VerifyEditButtonBySearch_CategoryNameTest" time="12.470"/>
  <testcase classname="com.empire.qa.testcases.CategoryTypesPageTest" name="VerifyDeleteButtonBySearch_TypeNameTest" time="11.366"/>
  <testcase classname="com.empire.qa.testcases.CategoryTypesPageTest" name="VerifyDeleteButtonByClickingYesTest" time="11.516"/>
</testsuite> <!-- com.empire.qa.testcases.CategoryTypesPageTest -->
