<?xml version="1.0" encoding="UTF-8"?>
<!-- Generated by org.testng.reporters.JUnitReportReporter -->
<testsuite hostname="DESKTOP-8BJQT84" failures="0" tests="18" name="com.empire.qa.testcases.MrpFactorsPageTest" time="203.468" errors="0" timestamp="2023-11-04T18:52:22 IST" skipped="0">
  <testcase classname="com.empire.qa.testcases.MrpFactorsPageTest" name="VerifyBackBtnTest" time="10.384"/>
  <testcase classname="com.empire.qa.testcases.MrpFactorsPageTest" name="VerifyFactorValueSortingTest" time="9.872"/>
  <testcase classname="com.empire.qa.testcases.MrpFactorsPageTest" name="VerifyFactorNameSortingTest" time="9.761"/>
  <testcase classname="com.empire.qa.testcases.MrpFactorsPageTest" name="VerifySnoSortingTest" time="9.487"/>
  <testcase classname="com.empire.qa.testcases.MrpFactorsPageTest" name="VerifySearchTextFieldTest" time="24.836"/>
  <testcase classname="com.empire.qa.testcases.MrpFactorsPageTest" name="VerifyaddNewMrpFactorwithoutDataTest" time="11.493"/>
  <testcase classname="com.empire.qa.testcases.MrpFactorsPageTest" name="VerifyShowEntriesDropdownTest" time="9.283"/>
  <testcase classname="com.empire.qa.testcases.MrpFactorsPageTest" name="VerifySearchTextFieldWithInvalidDataTest" time="9.258"/>
  <testcase classname="com.empire.qa.testcases.MrpFactorsPageTest" name="VerifyaddNewMrpFactorwithInvalidFactorValueTest" time="12.371"/>
  <testcase classname="com.empire.qa.testcases.MrpFactorsPageTest" name="VerifyNextPageBtnTest" time="9.881"/>
  <testcase classname="com.empire.qa.testcases.MrpFactorsPageTest" name="VerifyPreviousPageBtnTest" time="9.712"/>
  <testcase classname="com.empire.qa.testcases.MrpFactorsPageTest" name="VerifyToTopArrowBtnTest" time="9.541"/>
  <testcase classname="com.empire.qa.testcases.MrpFactorsPageTest" name="VerifyPage2BtnTest" time="9.563"/>
  <testcase classname="com.empire.qa.testcases.MrpFactorsPageTest" name="VerifymrpfactorspageTitleTest" time="9.191"/>
  <testcase classname="com.empire.qa.testcases.MrpFactorsPageTest" name="VerifyaddNewMrpFactorwithValidDataTest" time="12.644"/>
  <testcase classname="com.empire.qa.testcases.MrpFactorsPageTest" name="VerifyEditButtonBySearchFactorNameTest" time="13.301"/>
  <testcase classname="com.empire.qa.testcases.MrpFactorsPageTest" name="VerifyDeleteButtonBySearchFactorNameTest" time="11.589"/>
  <testcase classname="com.empire.qa.testcases.MrpFactorsPageTest" name="VerifyDeleteButtonByClickingYesTest" time="11.301"/>
</testsuite> <!-- com.empire.qa.testcases.MrpFactorsPageTest -->
