<?xml version="1.0" encoding="UTF-8"?>
<!-- Generated by org.testng.reporters.JUnitReportReporter -->
<testsuite hostname="Sanjay" failures="0" tests="2" name="com.empire.qa.testcases.HomePageTest" time="27.027" errors="0" timestamp="2023-12-24T15:27:02 IST" skipped="0">
  <testcase classname="com.empire.qa.testcases.HomePageTest" name="verifyEhomepageTitleTest" time="8.636"/>
  <system-out/>
  <testcase classname="com.empire.qa.testcases.HomePageTest" name="verifyEhomepageTest" time="18.391"/>
  <system-out/>
</testsuite> <!-- com.empire.qa.testcases.HomePageTest -->
