<?xml version="1.0" encoding="UTF-8"?>
<!-- Generated by org.testng.reporters.JUnitReportReporter -->
<testsuite hostname="DESKTOP-8BJQT84" failures="0" tests="3" name="com.empire.qa.testcases.AddInventoryTest" time="60.411" errors="0" timestamp="2023-11-04T18:52:22 IST" skipped="0">
  <testcase classname="com.empire.qa.testcases.AddInventoryTest" name="VerifyAddInventoryPageTest" time="21.316"/>
  <testcase classname="com.empire.qa.testcases.AddInventoryTest" name="VerifyAddInventoryPageTest" time="23.453"/>
  <testcase classname="com.empire.qa.testcases.AddInventoryTest" name="VerifyAddInventoryPageTitleTest" time="15.642"/>
</testsuite> <!-- com.empire.qa.testcases.AddInventoryTest -->
