<?xml version="1.0" encoding="UTF-8"?>
<!-- Generated by org.testng.reporters.JUnitReportReporter -->
<testsuite hostname="DESKTOP-8BJQT84" failures="0" tests="3" name="com.empire.qa.testcases.LoginPageTest" time="11.321" errors="0" timestamp="2023-11-06T16:22:15 IST" skipped="0">
  <testcase classname="com.empire.qa.testcases.LoginPageTest" name="VerifyEhomeTitleTest" time="3.129"/>
  <testcase classname="com.empire.qa.testcases.LoginPageTest" name="VerifyEhomeImageTest" time="3.084"/>
  <testcase classname="com.empire.qa.testcases.LoginPageTest" name="VerifyLoginPageTest" time="5.108"/>
</testsuite> <!-- com.empire.qa.testcases.LoginPageTest -->
