<?xml version="1.0" encoding="UTF-8"?>
<!-- Generated by org.testng.reporters.JUnitReportReporter -->
<testsuite hostname="DESKTOP-8BJQT84" failures="0" tests="1" name="com.empire.qa.testcases.ShiftsPageTest" time="10.247" errors="0" timestamp="2023-11-03T12:16:18 IST" skipped="0">
  <testcase classname="com.empire.qa.testcases.ShiftsPageTest" name="VerifySearchTextFieldWithInvalidDataTest" time="10.247"/>
</testsuite> <!-- com.empire.qa.testcases.ShiftsPageTest -->
