<?xml version="1.0" encoding="UTF-8"?>
<!-- Generated by org.testng.reporters.JUnitReportReporter -->
<testsuite hostname="DESKTOP-8BJQT84" failures="0" tests="3" name="com.empire.qa.testcases.AddInventoryTest" time="58.030" errors="0" timestamp="2023-11-02T10:56:17 IST" skipped="0">
  <testcase classname="com.empire.qa.testcases.AddInventoryTest" name="VerifyAddInventoryPageTest" time="21.202"/>
  <testcase classname="com.empire.qa.testcases.AddInventoryTest" name="VerifyAddInventoryPageTest" time="21.525"/>
  <testcase classname="com.empire.qa.testcases.AddInventoryTest" name="VerifyAddInventoryPageTitleTest" time="15.303"/>
</testsuite> <!-- com.empire.qa.testcases.AddInventoryTest -->
