<?xml version="1.0" encoding="UTF-8"?>
<!-- Generated by org.testng.reporters.JUnitReportReporter -->
<testsuite hostname="DESKTOP-8BJQT84" failures="0" tests="17" name="com.empire.qa.testcases.InventoryStatusPageTest" time="189.849" errors="0" timestamp="2023-11-02T10:56:17 IST" skipped="0">
  <testcase classname="com.empire.qa.testcases.InventoryStatusPageTest" name="VerifySearchTextFieldWithInvalidDataTest" time="9.266"/>
  <testcase classname="com.empire.qa.testcases.InventoryStatusPageTest" name="VerifyStatusNameSortingTest" time="9.430"/>
  <testcase classname="com.empire.qa.testcases.InventoryStatusPageTest" name="VerifyToTopArrowBtnTest" time="9.826"/>
  <testcase classname="com.empire.qa.testcases.InventoryStatusPageTest" name="VerifySearchTextFieldTest" time="24.514"/>
  <testcase classname="com.empire.qa.testcases.InventoryStatusPageTest" name="VerifyPreviousPageBtnTest" time="9.562"/>
  <testcase classname="com.empire.qa.testcases.InventoryStatusPageTest" name="VerifyinventorystatuspageTitleTest" time="9.130"/>
  <testcase classname="com.empire.qa.testcases.InventoryStatusPageTest" name="VerifyBackBtnTest" time="9.736"/>
  <testcase classname="com.empire.qa.testcases.InventoryStatusPageTest" name="VerifyNextPageBtnTest" time="9.482"/>
  <testcase classname="com.empire.qa.testcases.InventoryStatusPageTest" name="VerifyShowEntriesDropdownTest" time="9.146"/>
  <testcase classname="com.empire.qa.testcases.InventoryStatusPageTest" name="VerifyaddStatusTypewithoutDataTest" time="11.602"/>
  <testcase classname="com.empire.qa.testcases.InventoryStatusPageTest" name="VerifyPage3BtnTest" time="9.458"/>
  <testcase classname="com.empire.qa.testcases.InventoryStatusPageTest" name="VerifySnoSortingTest" time="9.435"/>
  <testcase classname="com.empire.qa.testcases.InventoryStatusPageTest" name="VerifyaddNewStatusTypewithInvalidLocationNameTest" time="11.659"/>
  <testcase classname="com.empire.qa.testcases.InventoryStatusPageTest" name="VerifyaddStatusTypewithValidDataTest" time="11.753"/>
  <testcase classname="com.empire.qa.testcases.InventoryStatusPageTest" name="VerifyEditButtonBySearchStatusNameTest" time="12.736"/>
  <testcase classname="com.empire.qa.testcases.InventoryStatusPageTest" name="VerifyDeleteButtonBySearchStatusNameTest" time="11.747"/>
  <testcase classname="com.empire.qa.testcases.InventoryStatusPageTest" name="VerifyDeleteButtonByClickingYesTest" time="11.367"/>
</testsuite> <!-- com.empire.qa.testcases.InventoryStatusPageTest -->
