<?xml version="1.0" encoding="UTF-8"?>
<!-- Generated by org.testng.reporters.JUnitReportReporter -->
<testsuite hostname="DESKTOP-8BJQT84" failures="0" tests="3" name="com.empire.qa.testcases.AddInventoryTest" time="58.305" errors="0" timestamp="2023-11-06T16:22:15 IST" skipped="0">
  <testcase classname="com.empire.qa.testcases.AddInventoryTest" name="VerifyAddInventoryPageTest" time="21.710"/>
  <testcase classname="com.empire.qa.testcases.AddInventoryTest" name="VerifyAddInventoryPageTest" time="21.493"/>
  <testcase classname="com.empire.qa.testcases.AddInventoryTest" name="VerifyAddInventoryPageTitleTest" time="15.102"/>
</testsuite> <!-- com.empire.qa.testcases.AddInventoryTest -->
