<?xml version="1.0" encoding="UTF-8"?>
<!-- Generated by org.testng.reporters.JUnitReportReporter -->
<testsuite hostname="Sanjay" failures="0" tests="3" name="com.empire.qa.testcases.LoginPageTest" time="36.253" errors="0" timestamp="2023-12-25T01:53:24 IST" skipped="0">
  <testcase classname="com.empire.qa.testcases.LoginPageTest" name="VerifyEhomeTitleTest" time="17.827"/>
  <system-out/>
  <testcase classname="com.empire.qa.testcases.LoginPageTest" name="VerifyEhomeImageTest" time="7.092"/>
  <system-out/>
  <testcase classname="com.empire.qa.testcases.LoginPageTest" name="VerifyLoginPageTest" time="11.334"/>
  <system-out/>
</testsuite> <!-- com.empire.qa.testcases.LoginPageTest -->
