<?xml version="1.0" encoding="UTF-8"?>
<!-- Generated by org.testng.reporters.JUnitReportReporter -->
<testsuite hostname="DESKTOP-974JGB3" failures="0" tests="3" name="com.empire.qa.testcases.LoginPageTest" time="54.223" errors="0" timestamp="2023-12-14T03:22:04 IST" skipped="0">
  <testcase classname="com.empire.qa.testcases.LoginPageTest" name="VerifyEhomeTitleTest" time="29.659"/>
  <testcase classname="com.empire.qa.testcases.LoginPageTest" name="VerifyEhomeImageTest" time="10.274"/>
  <testcase classname="com.empire.qa.testcases.LoginPageTest" name="VerifyLoginPageTest" time="14.290"/>
</testsuite> <!-- com.empire.qa.testcases.LoginPageTest -->
