<?xml version="1.0" encoding="UTF-8"?>
<!-- Generated by org.testng.reporters.JUnitReportReporter -->
<testsuite hostname="DESKTOP-8BJQT84" failures="0" tests="17" name="com.empire.qa.testcases.ConditionTypesPageTest" time="193.427" errors="0" timestamp="2023-11-04T18:52:22 IST" skipped="0">
  <testcase classname="com.empire.qa.testcases.ConditionTypesPageTest" name="VerifyToTopArrowBtnTest" time="9.443"/>
  <testcase classname="com.empire.qa.testcases.ConditionTypesPageTest" name="VerifyPreviousPageBtnTest" time="10.258"/>
  <testcase classname="com.empire.qa.testcases.ConditionTypesPageTest" name="VerifyConditionNameSortingTest" time="9.592"/>
  <testcase classname="com.empire.qa.testcases.ConditionTypesPageTest" name="VerifyConditionTypesPageTitleTest" time="9.237"/>
  <testcase classname="com.empire.qa.testcases.ConditionTypesPageTest" name="VerifyPage3BtnTest" time="10.446"/>
  <testcase classname="com.empire.qa.testcases.ConditionTypesPageTest" name="VerifyaddNewConditionwithInvalidLocationNameTest" time="11.541"/>
  <testcase classname="com.empire.qa.testcases.ConditionTypesPageTest" name="VerifyaddNewConditionwithoutDataTest" time="11.837"/>
  <testcase classname="com.empire.qa.testcases.ConditionTypesPageTest" name="VerifySearchTextFieldWithInvalidDataTest" time="9.502"/>
  <testcase classname="com.empire.qa.testcases.ConditionTypesPageTest" name="VerifyShowEntriesDropdownTest" time="9.746"/>
  <testcase classname="com.empire.qa.testcases.ConditionTypesPageTest" name="VerifyNextPageBtnTest" time="10.164"/>
  <testcase classname="com.empire.qa.testcases.ConditionTypesPageTest" name="VerifySearchTextFieldTest" time="25.190"/>
  <testcase classname="com.empire.qa.testcases.ConditionTypesPageTest" name="VerifySnoSortingTest" time="9.645"/>
  <testcase classname="com.empire.qa.testcases.ConditionTypesPageTest" name="VerifyBackBtnTest" time="9.824"/>
  <testcase classname="com.empire.qa.testcases.ConditionTypesPageTest" name="VerifyaddNewConditionwithValidDataTest" time="11.901"/>
  <testcase classname="com.empire.qa.testcases.ConditionTypesPageTest" name="VerifyEditButtonBySearchConditionNameTest" time="12.329"/>
  <testcase classname="com.empire.qa.testcases.ConditionTypesPageTest" name="VerifyDeleteButtonBySearchConditionNameTest" time="11.316"/>
  <testcase classname="com.empire.qa.testcases.ConditionTypesPageTest" name="VerifyDeleteButtonByClickingYesTest" time="11.456"/>
</testsuite> <!-- com.empire.qa.testcases.ConditionTypesPageTest -->
