<?xml version="1.0" encoding="UTF-8"?>
<!-- Generated by org.testng.reporters.JUnitReportReporter -->
<testsuite hostname="DESKTOP-8BJQT84" failures="0" tests="3" name="com.empire.qa.testcases.AddInventoryTest" time="61.744" errors="0" timestamp="2023-11-03T13:33:44 IST" skipped="0">
  <testcase classname="com.empire.qa.testcases.AddInventoryTest" name="VerifyAddInventoryPageTest" time="24.235"/>
  <testcase classname="com.empire.qa.testcases.AddInventoryTest" name="VerifyAddInventoryPageTest" time="21.879"/>
  <testcase classname="com.empire.qa.testcases.AddInventoryTest" name="VerifyAddInventoryPageTitleTest" time="15.630"/>
</testsuite> <!-- com.empire.qa.testcases.AddInventoryTest -->
