<?xml version="1.0" encoding="UTF-8"?>
<!-- Generated by org.testng.reporters.JUnitReportReporter -->
<testsuite hostname="Sanjay" failures="0" tests="18" name="com.empire.qa.testcases.LocationTypesPageTest" time="276.833" errors="0" timestamp="2023-12-24T15:27:02 IST" skipped="0">
  <testcase classname="com.empire.qa.testcases.LocationTypesPageTest" name="VerifyToTopArrowBtnTest" time="13.850"/>
  <system-out/>
  <testcase classname="com.empire.qa.testcases.LocationTypesPageTest" name="VerifyLocationNameSortingTest" time="13.441"/>
  <system-out/>
  <testcase classname="com.empire.qa.testcases.LocationTypesPageTest" name="VerifySearchTextFieldWithInvalidDataTest" time="13.699"/>
  <system-out/>
  <testcase classname="com.empire.qa.testcases.LocationTypesPageTest" name="VerifyPage3BtnTest" time="13.573"/>
  <system-out/>
  <testcase classname="com.empire.qa.testcases.LocationTypesPageTest" name="VerifybackBtnAddLocationTypePgTest" time="15.563"/>
  <system-out/>
  <testcase classname="com.empire.qa.testcases.LocationTypesPageTest" name="VerifyShowEntriesDropdownTest" time="13.868"/>
  <system-out/>
  <testcase classname="com.empire.qa.testcases.LocationTypesPageTest" name="VerifylocationtypespageTitleTest" time="13.573"/>
  <system-out/>
  <testcase classname="com.empire.qa.testcases.LocationTypesPageTest" name="VerifyPreviousPageBtnTest" time="13.762"/>
  <system-out/>
  <testcase classname="com.empire.qa.testcases.LocationTypesPageTest" name="VerifySearchTextFieldTest" time="28.600"/>
  <system-out/>
  <testcase classname="com.empire.qa.testcases.LocationTypesPageTest" name="VerifySnoSortingTest" time="13.694"/>
  <system-out/>
  <testcase classname="com.empire.qa.testcases.LocationTypesPageTest" name="VerifyaddNewLocationwithInvalidLocationNameTest" time="15.608"/>
  <system-out/>
  <testcase classname="com.empire.qa.testcases.LocationTypesPageTest" name="VerifyaddNewLocationwithoutDataTest" time="15.880"/>
  <system-out/>
  <testcase classname="com.empire.qa.testcases.LocationTypesPageTest" name="VerifyNextPageBtnTest" time="13.613"/>
  <system-out/>
  <testcase classname="com.empire.qa.testcases.LocationTypesPageTest" name="VerifyBackBtnTest" time="13.834"/>
  <system-out/>
  <testcase classname="com.empire.qa.testcases.LocationTypesPageTest" name="VerifyaddNewLocationwithValidDataTest" time="15.812"/>
  <system-out/>
  <testcase classname="com.empire.qa.testcases.LocationTypesPageTest" name="VerifyEditButtonBySearchLocationNameTest" time="16.803"/>
  <system-out/>
  <testcase classname="com.empire.qa.testcases.LocationTypesPageTest" name="VerifyDeleteButtonBySearchLocationNameTest" time="15.985"/>
  <system-out/>
  <testcase classname="com.empire.qa.testcases.LocationTypesPageTest" name="VerifyDeleteButtonByClickingYesTest" time="15.675"/>
  <system-out/>
</testsuite> <!-- com.empire.qa.testcases.LocationTypesPageTest -->
