<?xml version="1.0" encoding="UTF-8"?>
<!-- Generated by org.testng.reporters.JUnitReportReporter -->
<testsuite hostname="DESKTOP-8BJQT84" failures="0" tests="18" name="com.empire.qa.testcases.InventoryStatusPageTest" time="203.331" errors="0" timestamp="2023-11-06T16:22:15 IST" skipped="0">
  <testcase classname="com.empire.qa.testcases.InventoryStatusPageTest" name="VerifyaddStatusTypewithoutDataTest" time="11.598"/>
  <testcase classname="com.empire.qa.testcases.InventoryStatusPageTest" name="VerifyToTopArrowBtnTest" time="9.726"/>
  <testcase classname="com.empire.qa.testcases.InventoryStatusPageTest" name="VerifyaddNewStatusTypewithInvalidLocationNameTest" time="12.176"/>
  <testcase classname="com.empire.qa.testcases.InventoryStatusPageTest" name="VerifyBackBtnTest" time="9.781"/>
  <testcase classname="com.empire.qa.testcases.InventoryStatusPageTest" name="VerifyPage3BtnTest" time="9.482"/>
  <testcase classname="com.empire.qa.testcases.InventoryStatusPageTest" name="VerifySearchTextFieldTest" time="24.398"/>
  <testcase classname="com.empire.qa.testcases.InventoryStatusPageTest" name="VerifyStatusNameSortingTest" time="9.649"/>
  <testcase classname="com.empire.qa.testcases.InventoryStatusPageTest" name="VerifybackBtnAddStatusPg" time="11.666"/>
  <testcase classname="com.empire.qa.testcases.InventoryStatusPageTest" name="VerifyShowEntriesDropdownTest" time="9.275"/>
  <testcase classname="com.empire.qa.testcases.InventoryStatusPageTest" name="VerifyPreviousPageBtnTest" time="9.839"/>
  <testcase classname="com.empire.qa.testcases.InventoryStatusPageTest" name="VerifyNextPageBtnTest" time="9.643"/>
  <testcase classname="com.empire.qa.testcases.InventoryStatusPageTest" name="VerifyinventorystatuspageTitleTest" time="9.314"/>
  <testcase classname="com.empire.qa.testcases.InventoryStatusPageTest" name="VerifySearchTextFieldWithInvalidDataTest" time="9.371"/>
  <testcase classname="com.empire.qa.testcases.InventoryStatusPageTest" name="VerifySnoSortingTest" time="9.674"/>
  <testcase classname="com.empire.qa.testcases.InventoryStatusPageTest" name="VerifyaddStatusTypewithValidDataTest" time="11.703"/>
  <testcase classname="com.empire.qa.testcases.InventoryStatusPageTest" name="VerifyEditButtonBySearchStatusNameTest" time="12.715"/>
  <testcase classname="com.empire.qa.testcases.InventoryStatusPageTest" name="VerifyDeleteButtonBySearchStatusNameTest" time="11.691"/>
  <testcase classname="com.empire.qa.testcases.InventoryStatusPageTest" name="VerifyDeleteButtonByClickingYesTest" time="11.630"/>
</testsuite> <!-- com.empire.qa.testcases.InventoryStatusPageTest -->
