<?xml version="1.0" encoding="UTF-8"?>
<!-- Generated by org.testng.reporters.JUnitReportReporter -->
<testsuite hostname="DESKTOP-8BJQT84" failures="0" tests="18" name="com.empire.qa.testcases.ConditionTypesPageTest" time="211.178" errors="0" timestamp="2023-11-06T16:22:15 IST" skipped="0">
  <testcase classname="com.empire.qa.testcases.ConditionTypesPageTest" name="VerifyNextPageBtnTest" time="10.156"/>
  <testcase classname="com.empire.qa.testcases.ConditionTypesPageTest" name="VerifySnoSortingTest" time="9.661"/>
  <testcase classname="com.empire.qa.testcases.ConditionTypesPageTest" name="VerifyToTopArrowBtnTest" time="9.551"/>
  <testcase classname="com.empire.qa.testcases.ConditionTypesPageTest" name="VerifySearchTextFieldWithInvalidDataTest" time="9.262"/>
  <testcase classname="com.empire.qa.testcases.ConditionTypesPageTest" name="VerifyShowEntriesDropdownTest" time="10.709"/>
  <testcase classname="com.empire.qa.testcases.ConditionTypesPageTest" name="VerifyPreviousPageBtnTest" time="10.382"/>
  <testcase classname="com.empire.qa.testcases.ConditionTypesPageTest" name="VerifyaddNewConditionwithoutDataTest" time="11.435"/>
  <testcase classname="com.empire.qa.testcases.ConditionTypesPageTest" name="VerifyPage3BtnTest" time="10.408"/>
  <testcase classname="com.empire.qa.testcases.ConditionTypesPageTest" name="VerifyConditionTypesPageTitleTest" time="8.983"/>
  <testcase classname="com.empire.qa.testcases.ConditionTypesPageTest" name="VerifyBackBtnTest" time="9.900"/>
  <testcase classname="com.empire.qa.testcases.ConditionTypesPageTest" name="VerifybackBtnAddConditionTypePgTest" time="11.855"/>
  <testcase classname="com.empire.qa.testcases.ConditionTypesPageTest" name="VerifySearchTextFieldTest" time="25.028"/>
  <testcase classname="com.empire.qa.testcases.ConditionTypesPageTest" name="VerifyaddNewConditionwithInvalidLocationNameTest" time="17.055"/>
  <testcase classname="com.empire.qa.testcases.ConditionTypesPageTest" name="VerifyConditionNameSortingTest" time="9.529"/>
  <testcase classname="com.empire.qa.testcases.ConditionTypesPageTest" name="VerifyaddNewConditionwithValidDataTest" time="11.603"/>
  <testcase classname="com.empire.qa.testcases.ConditionTypesPageTest" name="VerifyEditButtonBySearchConditionNameTest" time="12.482"/>
  <testcase classname="com.empire.qa.testcases.ConditionTypesPageTest" name="VerifyDeleteButtonBySearchConditionNameTest" time="11.849"/>
  <testcase classname="com.empire.qa.testcases.ConditionTypesPageTest" name="VerifyDeleteButtonByClickingYesTest" time="11.330"/>
</testsuite> <!-- com.empire.qa.testcases.ConditionTypesPageTest -->
