<?xml version="1.0" encoding="UTF-8"?>
<!-- Generated by org.testng.reporters.JUnitReportReporter -->
<testsuite hostname="DESKTOP-8BJQT84" failures="0" tests="16" name="com.empire.qa.testcases.CategoryTypesPageTest" time="179.488" errors="0" timestamp="2023-11-02T10:56:17 IST" skipped="0">
  <testcase classname="com.empire.qa.testcases.CategoryTypesPageTest" name="VerifyaddNewCategoryPagewithoutDataTest" time="11.637"/>
  <testcase classname="com.empire.qa.testcases.CategoryTypesPageTest" name="VerifyShowEntriesDropdownTest" time="9.235"/>
  <testcase classname="com.empire.qa.testcases.CategoryTypesPageTest" name="VerifySearchTextFieldWithInvalidDataTest" time="9.298"/>
  <testcase classname="com.empire.qa.testcases.CategoryTypesPageTest" name="VerifyCategoryTypesPageTitleTest" time="9.124"/>
  <testcase classname="com.empire.qa.testcases.CategoryTypesPageTest" name="VerifySearchTextFieldTest" time="24.211"/>
  <testcase classname="com.empire.qa.testcases.CategoryTypesPageTest" name="VerifyBackBtnTest" time="9.865"/>
  <testcase classname="com.empire.qa.testcases.CategoryTypesPageTest" name="VerifyCategoryNameSortingTest" time="9.577"/>
  <testcase classname="com.empire.qa.testcases.CategoryTypesPageTest" name="VerifyaddNewCategoryPagewithInvalidCategoryNameTest" time="11.759"/>
  <testcase classname="com.empire.qa.testcases.CategoryTypesPageTest" name="VerifySnoSortingTest" time="9.456"/>
  <testcase classname="com.empire.qa.testcases.CategoryTypesPageTest" name="VerifyNextPageBtnTest" time="9.401"/>
  <testcase classname="com.empire.qa.testcases.CategoryTypesPageTest" name="VerifyToTopArrowBtnTest" time="9.616"/>
  <testcase classname="com.empire.qa.testcases.CategoryTypesPageTest" name="VerifyPreviousPageBtnTest" time="9.473"/>
  <testcase classname="com.empire.qa.testcases.CategoryTypesPageTest" name="VerifyaddNewCategoryPagewithValidDataTest" time="11.514"/>
  <testcase classname="com.empire.qa.testcases.CategoryTypesPageTest" name="VerifyEditButtonBySearch_CategoryNameTest" time="12.245"/>
  <testcase classname="com.empire.qa.testcases.CategoryTypesPageTest" name="VerifyDeleteButtonBySearch_TypeNameTest" time="11.691"/>
  <testcase classname="com.empire.qa.testcases.CategoryTypesPageTest" name="VerifyDeleteButtonByClickingYesTest" time="11.386"/>
</testsuite> <!-- com.empire.qa.testcases.CategoryTypesPageTest -->
