<?xml version="1.0" encoding="UTF-8"?>
<!-- Generated by org.testng.reporters.JUnitReportReporter -->
<testsuite hostname="Sanjay" failures="0" tests="17" name="com.empire.qa.testcases.CategoryTypesPageTest" time="253.764" errors="0" timestamp="2023-12-24T15:27:02 IST" skipped="0">
  <testcase classname="com.empire.qa.testcases.CategoryTypesPageTest" name="VerifyToTopArrowBtnTest" time="13.351"/>
  <system-out/>
  <testcase classname="com.empire.qa.testcases.CategoryTypesPageTest" name="VerifyCategoryNameSortingTest" time="14.069"/>
  <system-out/>
  <testcase classname="com.empire.qa.testcases.CategoryTypesPageTest" name="VerifyBackBtnTest" time="13.378"/>
  <system-out/>
  <testcase classname="com.empire.qa.testcases.CategoryTypesPageTest" name="VerifybackBtnAddCategoryTypePg" time="15.367"/>
  <system-out/>
  <testcase classname="com.empire.qa.testcases.CategoryTypesPageTest" name="VerifySnoSortingTest" time="12.991"/>
  <system-out/>
  <testcase classname="com.empire.qa.testcases.CategoryTypesPageTest" name="VerifyaddNewCategoryPagewithoutDataTest" time="15.030"/>
  <system-out/>
  <testcase classname="com.empire.qa.testcases.CategoryTypesPageTest" name="VerifyPreviousPageBtnTest" time="13.416"/>
  <system-out/>
  <testcase classname="com.empire.qa.testcases.CategoryTypesPageTest" name="VerifyCategoryTypesPageTitleTest" time="12.632"/>
  <system-out/>
  <testcase classname="com.empire.qa.testcases.CategoryTypesPageTest" name="VerifyShowEntriesDropdownTest" time="12.869"/>
  <system-out/>
  <testcase classname="com.empire.qa.testcases.CategoryTypesPageTest" name="VerifySearchTextFieldWithInvalidDataTest" time="12.717"/>
  <system-out/>
  <testcase classname="com.empire.qa.testcases.CategoryTypesPageTest" name="VerifyaddNewCategoryPagewithInvalidCategoryNameTest" time="15.370"/>
  <system-out/>
  <testcase classname="com.empire.qa.testcases.CategoryTypesPageTest" name="VerifyNextPageBtnTest" time="12.867"/>
  <system-out/>
  <testcase classname="com.empire.qa.testcases.CategoryTypesPageTest" name="VerifySearchTextFieldTest" time="28.007"/>
  <system-out/>
  <testcase classname="com.empire.qa.testcases.CategoryTypesPageTest" name="VerifyaddNewCategoryPagewithValidDataTest" time="15.445"/>
  <system-out/>
  <testcase classname="com.empire.qa.testcases.CategoryTypesPageTest" name="VerifyEditButtonBySearch_CategoryNameTest" time="16.303"/>
  <system-out/>
  <testcase classname="com.empire.qa.testcases.CategoryTypesPageTest" name="VerifyDeleteButtonBySearch_TypeNameTest" time="15.137"/>
  <system-out/>
  <testcase classname="com.empire.qa.testcases.CategoryTypesPageTest" name="VerifyDeleteButtonByClickingYesTest" time="14.815"/>
  <system-out/>
</testsuite> <!-- com.empire.qa.testcases.CategoryTypesPageTest -->
