<?xml version="1.0" encoding="UTF-8"?>
<!-- Generated by org.testng.reporters.JUnitReportReporter -->
<testsuite hostname="DESKTOP-8BJQT84" failures="0" tests="16" name="com.empire.qa.testcases.CategoryTypesPageTest" time="180.992" errors="0" timestamp="2023-11-04T18:52:22 IST" skipped="0">
  <testcase classname="com.empire.qa.testcases.CategoryTypesPageTest" name="VerifySnoSortingTest" time="9.469"/>
  <testcase classname="com.empire.qa.testcases.CategoryTypesPageTest" name="VerifyaddNewCategoryPagewithInvalidCategoryNameTest" time="11.475"/>
  <testcase classname="com.empire.qa.testcases.CategoryTypesPageTest" name="VerifyPreviousPageBtnTest" time="9.529"/>
  <testcase classname="com.empire.qa.testcases.CategoryTypesPageTest" name="VerifySearchTextFieldWithInvalidDataTest" time="9.298"/>
  <testcase classname="com.empire.qa.testcases.CategoryTypesPageTest" name="VerifyShowEntriesDropdownTest" time="9.473"/>
  <testcase classname="com.empire.qa.testcases.CategoryTypesPageTest" name="VerifyCategoryNameSortingTest" time="9.757"/>
  <testcase classname="com.empire.qa.testcases.CategoryTypesPageTest" name="VerifySearchTextFieldTest" time="24.434"/>
  <testcase classname="com.empire.qa.testcases.CategoryTypesPageTest" name="VerifyBackBtnTest" time="10.057"/>
  <testcase classname="com.empire.qa.testcases.CategoryTypesPageTest" name="VerifyNextPageBtnTest" time="9.744"/>
  <testcase classname="com.empire.qa.testcases.CategoryTypesPageTest" name="VerifyCategoryTypesPageTitleTest" time="9.152"/>
  <testcase classname="com.empire.qa.testcases.CategoryTypesPageTest" name="VerifyaddNewCategoryPagewithoutDataTest" time="11.631"/>
  <testcase classname="com.empire.qa.testcases.CategoryTypesPageTest" name="VerifyToTopArrowBtnTest" time="9.715"/>
  <testcase classname="com.empire.qa.testcases.CategoryTypesPageTest" name="VerifyaddNewCategoryPagewithValidDataTest" time="11.736"/>
  <testcase classname="com.empire.qa.testcases.CategoryTypesPageTest" name="VerifyEditButtonBySearch_CategoryNameTest" time="12.498"/>
  <testcase classname="com.empire.qa.testcases.CategoryTypesPageTest" name="VerifyDeleteButtonBySearch_TypeNameTest" time="11.683"/>
  <testcase classname="com.empire.qa.testcases.CategoryTypesPageTest" name="VerifyDeleteButtonByClickingYesTest" time="11.341"/>
</testsuite> <!-- com.empire.qa.testcases.CategoryTypesPageTest -->
