<?xml version="1.0" encoding="UTF-8"?>
<!-- Generated by org.testng.reporters.JUnitReportReporter -->
<testsuite hostname="DESKTOP-8BJQT84" failures="0" tests="17" name="com.empire.qa.testcases.InventoryStatusPageTest" time="192.132" errors="0" timestamp="2023-11-04T18:52:22 IST" skipped="0">
  <testcase classname="com.empire.qa.testcases.InventoryStatusPageTest" name="VerifyShowEntriesDropdownTest" time="9.414"/>
  <testcase classname="com.empire.qa.testcases.InventoryStatusPageTest" name="VerifyNextPageBtnTest" time="9.671"/>
  <testcase classname="com.empire.qa.testcases.InventoryStatusPageTest" name="VerifySearchTextFieldWithInvalidDataTest" time="9.367"/>
  <testcase classname="com.empire.qa.testcases.InventoryStatusPageTest" name="VerifyPreviousPageBtnTest" time="9.628"/>
  <testcase classname="com.empire.qa.testcases.InventoryStatusPageTest" name="VerifyToTopArrowBtnTest" time="10.054"/>
  <testcase classname="com.empire.qa.testcases.InventoryStatusPageTest" name="VerifyBackBtnTest" time="10.328"/>
  <testcase classname="com.empire.qa.testcases.InventoryStatusPageTest" name="VerifyStatusNameSortingTest" time="9.673"/>
  <testcase classname="com.empire.qa.testcases.InventoryStatusPageTest" name="VerifySearchTextFieldTest" time="24.570"/>
  <testcase classname="com.empire.qa.testcases.InventoryStatusPageTest" name="VerifyPage3BtnTest" time="9.513"/>
  <testcase classname="com.empire.qa.testcases.InventoryStatusPageTest" name="VerifyinventorystatuspageTitleTest" time="9.260"/>
  <testcase classname="com.empire.qa.testcases.InventoryStatusPageTest" name="VerifyaddStatusTypewithoutDataTest" time="11.415"/>
  <testcase classname="com.empire.qa.testcases.InventoryStatusPageTest" name="VerifyaddNewStatusTypewithInvalidLocationNameTest" time="11.871"/>
  <testcase classname="com.empire.qa.testcases.InventoryStatusPageTest" name="VerifySnoSortingTest" time="9.458"/>
  <testcase classname="com.empire.qa.testcases.InventoryStatusPageTest" name="VerifyaddStatusTypewithValidDataTest" time="12.190"/>
  <testcase classname="com.empire.qa.testcases.InventoryStatusPageTest" name="VerifyEditButtonBySearchStatusNameTest" time="12.628"/>
  <testcase classname="com.empire.qa.testcases.InventoryStatusPageTest" name="VerifyDeleteButtonBySearchStatusNameTest" time="11.531"/>
  <testcase classname="com.empire.qa.testcases.InventoryStatusPageTest" name="VerifyDeleteButtonByClickingYesTest" time="11.561"/>
</testsuite> <!-- com.empire.qa.testcases.InventoryStatusPageTest -->
