<?xml version="1.0" encoding="UTF-8"?>
<!-- Generated by org.testng.reporters.JUnitReportReporter -->
<testsuite hostname="Sanjay" failures="0" tests="2" name="com.empire.qa.testcases.AddInventoryTest" time="19.051" errors="0" timestamp="2023-12-24T15:27:02 IST" skipped="1">
  <testcase classname="com.empire.qa.testcases.AddInventoryTest" name="VerifyAddInventoryPageTest" time="19.042">
    <skipped/>
  </testcase> <!-- VerifyAddInventoryPageTest -->
  <system-out/>
  <testcase classname="com.empire.qa.testcases.AddInventoryTest" name="VerifyAddInventoryPageTitleTest" time="0.009"/>
  <system-out/>
</testsuite> <!-- com.empire.qa.testcases.AddInventoryTest -->
