<?xml version="1.0" encoding="UTF-8"?>
<!-- Generated by org.testng.reporters.JUnitReportReporter -->
<testsuite hostname="Sanjay" failures="0" tests="3" name="com.empire.qa.testcases.LoginPageTest" time="26.175" errors="0" timestamp="2023-12-29T03:53:21 IST" skipped="0">
  <testcase classname="com.empire.qa.testcases.LoginPageTest" name="VerifyEhomeTitleTest" time="7.378"/>
  <system-out/>
  <testcase classname="com.empire.qa.testcases.LoginPageTest" name="VerifyEhomeImageTest" time="9.924"/>
  <system-out/>
  <testcase classname="com.empire.qa.testcases.LoginPageTest" name="VerifyLoginPageTest" time="8.873"/>
  <system-out/>
</testsuite> <!-- com.empire.qa.testcases.LoginPageTest -->
