<?xml version="1.0" encoding="UTF-8"?>
<!-- Generated by org.testng.reporters.JUnitReportReporter -->
<testsuite hostname="DESKTOP-8BJQT84" failures="0" tests="3" name="com.empire.qa.testcases.LoginPageTest" time="11.628" errors="0" timestamp="2023-11-03T14:16:47 IST" skipped="0">
  <testcase classname="com.empire.qa.testcases.LoginPageTest" name="VerifyEhomeTitleTest" time="3.250"/>
  <system-out/>
  <testcase classname="com.empire.qa.testcases.LoginPageTest" name="VerifyEhomeImageTest" time="3.296"/>
  <system-out/>
  <testcase classname="com.empire.qa.testcases.LoginPageTest" name="VerifyLoginPageTest" time="5.082"/>
  <system-out/>
</testsuite> <!-- com.empire.qa.testcases.LoginPageTest -->
