<?xml version="1.0" encoding="UTF-8"?>
<!-- Generated by org.testng.reporters.JUnitReportReporter -->
<testsuite hostname="DESKTOP-8BJQT84" failures="0" tests="2" name="com.empire.qa.testcases.HomePageTest" time="19.763" errors="0" timestamp="2023-11-03T14:16:47 IST" skipped="0">
  <testcase classname="com.empire.qa.testcases.HomePageTest" name="verifyEhomepageTitleTest" time="5.078"/>
  <system-out/>
  <testcase classname="com.empire.qa.testcases.HomePageTest" name="verifyEhomepageTest" time="14.685"/>
  <system-out/>
</testsuite> <!-- com.empire.qa.testcases.HomePageTest -->
