<?xml version="1.0" encoding="UTF-8"?>
<!-- Generated by org.testng.reporters.JUnitReportReporter -->
<testsuite hostname="DESKTOP-974JGB3" failures="0" tests="3" name="com.empire.qa.testcases.LoginPageTest" time="33.395" errors="0" timestamp="2023-12-14T23:44:33 IST" skipped="0">
  <testcase classname="com.empire.qa.testcases.LoginPageTest" name="VerifyEhomeTitleTest" time="12.448"/>
  <system-out/>
  <testcase classname="com.empire.qa.testcases.LoginPageTest" name="VerifyEhomeImageTest" time="9.352"/>
  <system-out/>
  <testcase classname="com.empire.qa.testcases.LoginPageTest" name="VerifyLoginPageTest" time="11.595"/>
  <system-out/>
</testsuite> <!-- com.empire.qa.testcases.LoginPageTest -->
