<?xml version="1.0" encoding="UTF-8"?>
<!-- Generated by org.testng.reporters.JUnitReportReporter -->
<testsuite hostname="Sanjay" failures="0" tests="3" name="com.empire.qa.testcases.LoginPageTest" time="23.569" errors="0" timestamp="2023-12-24T14:00:56 IST" skipped="0">
  <testcase classname="com.empire.qa.testcases.LoginPageTest" name="VerifyEhomeTitleTest" time="8.584"/>
  <system-out/>
  <testcase classname="com.empire.qa.testcases.LoginPageTest" name="VerifyEhomeImageTest" time="6.693"/>
  <system-out/>
  <testcase classname="com.empire.qa.testcases.LoginPageTest" name="VerifyLoginPageTest" time="8.292"/>
  <system-out/>
</testsuite> <!-- com.empire.qa.testcases.LoginPageTest -->
