<?xml version="1.0" encoding="UTF-8"?>
<!-- Generated by org.testng.reporters.JUnitReportReporter -->
<testsuite hostname="DESKTOP-8BJQT84" failures="0" tests="3" name="com.empire.qa.testcases.AddInventoryTest" time="57.913" errors="0" timestamp="2023-11-03T14:16:47 IST" skipped="0">
  <testcase classname="com.empire.qa.testcases.AddInventoryTest" name="VerifyAddInventoryPageTest" time="21.309"/>
  <system-out/>
  <testcase classname="com.empire.qa.testcases.AddInventoryTest" name="VerifyAddInventoryPageTest" time="21.422"/>
  <system-out/>
  <testcase classname="com.empire.qa.testcases.AddInventoryTest" name="VerifyAddInventoryPageTitleTest" time="15.182"/>
  <system-out/>
</testsuite> <!-- com.empire.qa.testcases.AddInventoryTest -->
